v ATLAS
# This file was created by ATLAS version 5.28.1.R on Sun Jul 27 21:34:58 2025.
#SSF 2.0 generic
##############################################################################
#                    Copyright (c) 1984 - 2019                               #
#                    Silvaco Inc. All rights reserved                        #
#                                                                            #
# This file format and the following Key are copyright Silvaco Inc.          #
# You may not use, this format or key without reproducing this message in    #
# full and obtaining express written permission from Silvaco Inc.            #
#                                                                            #
# To obtain such permission please contact: Silvaco Inc.                     #
#                                           support@silvaco.com              #
#                                                                            #
# KEY=SVC86hn7562asdx                       PROD=345                         #
##############################################################################
y 3 700 711 15
z 0 1e+41 300
f 3 "source" "drain" "gate" 
p 9 2 601 20 3 602 21 4 603 22 
d 0.000000000e+00 0.000000000e+00 -9.093544498e-22 0.000000000e+00 0.000000000e+00 -1.601038531e-24 -5.500000000e-01 -5.500000000e-01 0.000000000e+00 
d 0.000000000e+00 0.000000000e+00 -4.897340296e-07 1.000000000e-01 1.000000000e-01 4.897340296e-07 -5.500000000e-01 -5.500000000e-01 0.000000000e+00 
d 0.000000000e+00 0.000000000e+00 -3.841500201e-07 9.000000000e-02 9.000000000e-02 3.841500201e-07 -5.500000000e-01 -5.500000000e-01 0.000000000e+00 
d 0.000000000e+00 0.000000000e+00 -2.946459234e-07 8.000000000e-02 8.000000000e-02 2.946459234e-07 -5.500000000e-01 -5.500000000e-01 0.000000000e+00 
d 0.000000000e+00 0.000000000e+00 -2.203951638e-07 7.000000000e-02 7.000000000e-02 2.203951638e-07 -5.500000000e-01 -5.500000000e-01 0.000000000e+00 
d 0.000000000e+00 0.000000000e+00 -1.601641688e-07 6.000000000e-02 6.000000000e-02 1.601641688e-07 -5.500000000e-01 -5.500000000e-01 0.000000000e+00 
d 0.000000000e+00 0.000000000e+00 -1.124098202e-07 5.000000000e-02 5.000000000e-02 1.124098202e-07 -5.500000000e-01 -5.500000000e-01 0.000000000e+00 
d 0.000000000e+00 0.000000000e+00 -7.538984085e-08 4.000000000e-02 4.000000000e-02 7.538984085e-08 -5.500000000e-01 -5.500000000e-01 0.000000000e+00 
d 0.000000000e+00 0.000000000e+00 -4.729196638e-08 3.000000000e-02 3.000000000e-02 4.729196638e-08 -5.500000000e-01 -5.500000000e-01 0.000000000e+00 
d 0.000000000e+00 0.000000000e+00 -2.637436796e-08 2.000000000e-02 2.000000000e-02 2.637436796e-08 -5.500000000e-01 -5.500000000e-01 0.000000000e+00 
d 0.000000000e+00 0.000000000e+00 -1.105944978e-08 1.000000000e-02 1.000000000e-02 1.105944978e-08 -5.500000000e-01 -5.500000000e-01 0.000000000e+00 
d 0.000000000e+00 0.000000000e+00 2.142690536e-22 -2.583138497e-17 -2.583138497e-17 -4.535016409e-23 -5.500000000e-01 -5.500000000e-01 0.000000000e+00 
d 0.000000000e+00 0.000000000e+00 7.900767620e-09 -1.000000000e-02 -1.000000000e-02 -7.900767620e-09 -5.500000000e-01 -5.500000000e-01 0.000000000e+00 
d 0.000000000e+00 0.000000000e+00 1.350091621e-08 -2.000000000e-02 -2.000000000e-02 -1.350091621e-08 -5.500000000e-01 -5.500000000e-01 0.000000000e+00 
d 0.000000000e+00 0.000000000e+00 1.745044372e-08 -3.000000000e-02 -3.000000000e-02 -1.745044372e-08 -5.500000000e-01 -5.500000000e-01 0.000000000e+00 
d 0.000000000e+00 0.000000000e+00 2.022937467e-08 -4.000000000e-02 -4.000000000e-02 -2.022937467e-08 -5.500000000e-01 -5.500000000e-01 0.000000000e+00 
d 0.000000000e+00 0.000000000e+00 2.218530942e-08 -5.000000000e-02 -5.000000000e-02 -2.218530942e-08 -5.500000000e-01 -5.500000000e-01 0.000000000e+00 
d 0.000000000e+00 0.000000000e+00 2.356625925e-08 -6.000000000e-02 -6.000000000e-02 -2.356625925e-08 -5.500000000e-01 -5.500000000e-01 0.000000000e+00 
d 0.000000000e+00 0.000000000e+00 2.454722480e-08 -7.000000000e-02 -7.000000000e-02 -2.454722480e-08 -5.500000000e-01 -5.500000000e-01 0.000000000e+00 
d 0.000000000e+00 0.000000000e+00 2.525069871e-08 -8.000000000e-02 -8.000000000e-02 -2.525069871e-08 -5.500000000e-01 -5.500000000e-01 0.000000000e+00 
d 0.000000000e+00 0.000000000e+00 2.576193101e-08 -9.000000000e-02 -9.000000000e-02 -2.576193102e-08 -5.500000000e-01 -5.500000000e-01 0.000000000e+00 
d 0.000000000e+00 0.000000000e+00 2.614001231e-08 -1.000000000e-01 -1.000000000e-01 -2.614001231e-08 -5.500000000e-01 -5.500000000e-01 0.000000000e+00 
d 0.000000000e+00 0.000000000e+00 2.642577080e-08 -1.100000000e-01 -1.100000000e-01 -2.642577080e-08 -5.500000000e-01 -5.500000000e-01 0.000000000e+00 
d 0.000000000e+00 0.000000000e+00 2.664736479e-08 -1.200000000e-01 -1.200000000e-01 -2.664736479e-08 -5.500000000e-01 -5.500000000e-01 0.000000000e+00 
d 0.000000000e+00 0.000000000e+00 2.682422979e-08 -1.300000000e-01 -1.300000000e-01 -2.682422979e-08 -5.500000000e-01 -5.500000000e-01 0.000000000e+00 
d 0.000000000e+00 0.000000000e+00 2.696977061e-08 -1.400000000e-01 -1.400000000e-01 -2.696977061e-08 -5.500000000e-01 -5.500000000e-01 0.000000000e+00 
d 0.000000000e+00 0.000000000e+00 2.709318222e-08 -1.500000000e-01 -1.500000000e-01 -2.709318222e-08 -5.500000000e-01 -5.500000000e-01 0.000000000e+00 
d 0.000000000e+00 0.000000000e+00 2.720088914e-08 -1.600000000e-01 -1.600000000e-01 -2.720088914e-08 -5.500000000e-01 -5.500000000e-01 0.000000000e+00 
d 0.000000000e+00 0.000000000e+00 2.729726990e-08 -1.700000000e-01 -1.700000000e-01 -2.729726990e-08 -5.500000000e-01 -5.500000000e-01 0.000000000e+00 
d 0.000000000e+00 0.000000000e+00 2.738538537e-08 -1.800000000e-01 -1.800000000e-01 -2.738538537e-08 -5.500000000e-01 -5.500000000e-01 0.000000000e+00 
d 0.000000000e+00 0.000000000e+00 2.746738305e-08 -1.900000000e-01 -1.900000000e-01 -2.746738305e-08 -5.500000000e-01 -5.500000000e-01 0.000000000e+00 
d 0.000000000e+00 0.000000000e+00 2.754472261e-08 -2.000000000e-01 -2.000000000e-01 -2.754472261e-08 -5.500000000e-01 -5.500000000e-01 0.000000000e+00 
d 0.000000000e+00 0.000000000e+00 2.761846749e-08 -2.100000000e-01 -2.100000000e-01 -2.761846749e-08 -5.500000000e-01 -5.500000000e-01 0.000000000e+00 
d 0.000000000e+00 0.000000000e+00 2.768933864e-08 -2.200000000e-01 -2.200000000e-01 -2.768933864e-08 -5.500000000e-01 -5.500000000e-01 0.000000000e+00 
d 0.000000000e+00 0.000000000e+00 2.775788764e-08 -2.300000000e-01 -2.300000000e-01 -2.775788764e-08 -5.500000000e-01 -5.500000000e-01 0.000000000e+00 
d 0.000000000e+00 0.000000000e+00 2.782449342e-08 -2.400000000e-01 -2.400000000e-01 -2.782449342e-08 -5.500000000e-01 -5.500000000e-01 0.000000000e+00 
d 0.000000000e+00 0.000000000e+00 2.788943715e-08 -2.500000000e-01 -2.500000000e-01 -2.788943715e-08 -5.500000000e-01 -5.500000000e-01 0.000000000e+00 
d 0.000000000e+00 0.000000000e+00 2.795294518e-08 -2.600000000e-01 -2.600000000e-01 -2.795294518e-08 -5.500000000e-01 -5.500000000e-01 0.000000000e+00 
d 0.000000000e+00 0.000000000e+00 2.801518751e-08 -2.700000000e-01 -2.700000000e-01 -2.801518751e-08 -5.500000000e-01 -5.500000000e-01 0.000000000e+00 
d 0.000000000e+00 0.000000000e+00 2.807626036e-08 -2.800000000e-01 -2.800000000e-01 -2.807626036e-08 -5.500000000e-01 -5.500000000e-01 0.000000000e+00 
d 0.000000000e+00 0.000000000e+00 2.813629347e-08 -2.900000000e-01 -2.900000000e-01 -2.813629347e-08 -5.500000000e-01 -5.500000000e-01 0.000000000e+00 
d 0.000000000e+00 0.000000000e+00 2.819536717e-08 -3.000000000e-01 -3.000000000e-01 -2.819536717e-08 -5.500000000e-01 -5.500000000e-01 0.000000000e+00 
d 0.000000000e+00 0.000000000e+00 2.825354382e-08 -3.100000000e-01 -3.100000000e-01 -2.825354382e-08 -5.500000000e-01 -5.500000000e-01 0.000000000e+00 
d 0.000000000e+00 0.000000000e+00 2.831089210e-08 -3.200000000e-01 -3.200000000e-01 -2.831089210e-08 -5.500000000e-01 -5.500000000e-01 0.000000000e+00 
d 0.000000000e+00 0.000000000e+00 2.836744901e-08 -3.300000000e-01 -3.300000000e-01 -2.836744901e-08 -5.500000000e-01 -5.500000000e-01 0.000000000e+00 
d 0.000000000e+00 0.000000000e+00 2.842324043e-08 -3.400000000e-01 -3.400000000e-01 -2.842324043e-08 -5.500000000e-01 -5.500000000e-01 0.000000000e+00 
d 0.000000000e+00 0.000000000e+00 2.847831666e-08 -3.500000000e-01 -3.500000000e-01 -2.847831666e-08 -5.500000000e-01 -5.500000000e-01 0.000000000e+00 
d 0.000000000e+00 0.000000000e+00 2.853274449e-08 -3.600000000e-01 -3.600000000e-01 -2.853274449e-08 -5.500000000e-01 -5.500000000e-01 0.000000000e+00 
d 0.000000000e+00 0.000000000e+00 2.858648442e-08 -3.700000000e-01 -3.700000000e-01 -2.858648442e-08 -5.500000000e-01 -5.500000000e-01 0.000000000e+00 
d 0.000000000e+00 0.000000000e+00 2.863964830e-08 -3.800000000e-01 -3.800000000e-01 -2.863964830e-08 -5.500000000e-01 -5.500000000e-01 0.000000000e+00 
d 0.000000000e+00 0.000000000e+00 2.869218814e-08 -3.900000000e-01 -3.900000000e-01 -2.869218814e-08 -5.500000000e-01 -5.500000000e-01 0.000000000e+00 
d 0.000000000e+00 0.000000000e+00 2.874416943e-08 -4.000000000e-01 -4.000000000e-01 -2.874416943e-08 -5.500000000e-01 -5.500000000e-01 0.000000000e+00 
d 0.000000000e+00 0.000000000e+00 2.879561693e-08 -4.100000000e-01 -4.100000000e-01 -2.879561693e-08 -5.500000000e-01 -5.500000000e-01 0.000000000e+00 
d 0.000000000e+00 0.000000000e+00 2.884653626e-08 -4.200000000e-01 -4.200000000e-01 -2.884653626e-08 -5.500000000e-01 -5.500000000e-01 0.000000000e+00 
d 0.000000000e+00 0.000000000e+00 2.889693825e-08 -4.300000000e-01 -4.300000000e-01 -2.889693825e-08 -5.500000000e-01 -5.500000000e-01 0.000000000e+00 
d 0.000000000e+00 0.000000000e+00 2.894685433e-08 -4.400000000e-01 -4.400000000e-01 -2.894685433e-08 -5.500000000e-01 -5.500000000e-01 0.000000000e+00 
d 0.000000000e+00 0.000000000e+00 2.899628833e-08 -4.500000000e-01 -4.500000000e-01 -2.899628833e-08 -5.500000000e-01 -5.500000000e-01 0.000000000e+00 
d 0.000000000e+00 0.000000000e+00 2.904525270e-08 -4.600000000e-01 -4.600000000e-01 -2.904525270e-08 -5.500000000e-01 -5.500000000e-01 0.000000000e+00 
d 0.000000000e+00 0.000000000e+00 2.909378971e-08 -4.700000000e-01 -4.700000000e-01 -2.909378971e-08 -5.500000000e-01 -5.500000000e-01 0.000000000e+00 
d 0.000000000e+00 0.000000000e+00 2.914189586e-08 -4.800000000e-01 -4.800000000e-01 -2.914189586e-08 -5.500000000e-01 -5.500000000e-01 0.000000000e+00 
d 0.000000000e+00 0.000000000e+00 2.918954046e-08 -4.900000000e-01 -4.900000000e-01 -2.918954046e-08 -5.500000000e-01 -5.500000000e-01 0.000000000e+00 
d 0.000000000e+00 0.000000000e+00 2.923682680e-08 -5.000000000e-01 -5.000000000e-01 -2.923682680e-08 -5.500000000e-01 -5.500000000e-01 0.000000000e+00 
d 0.000000000e+00 0.000000000e+00 2.928366532e-08 -5.100000000e-01 -5.100000000e-01 -2.928366532e-08 -5.500000000e-01 -5.500000000e-01 0.000000000e+00 
d 0.000000000e+00 0.000000000e+00 2.933014708e-08 -5.200000000e-01 -5.200000000e-01 -2.933014708e-08 -5.500000000e-01 -5.500000000e-01 0.000000000e+00 
d 0.000000000e+00 0.000000000e+00 2.937621446e-08 -5.300000000e-01 -5.300000000e-01 -2.937621446e-08 -5.500000000e-01 -5.500000000e-01 0.000000000e+00 
d 0.000000000e+00 0.000000000e+00 2.942192415e-08 -5.400000000e-01 -5.400000000e-01 -2.942192415e-08 -5.500000000e-01 -5.500000000e-01 0.000000000e+00 
d 0.000000000e+00 0.000000000e+00 2.946729010e-08 -5.500000000e-01 -5.500000000e-01 -2.946729010e-08 -5.500000000e-01 -5.500000000e-01 0.000000000e+00 
d 0.000000000e+00 0.000000000e+00 2.951229411e-08 -5.600000000e-01 -5.600000000e-01 -2.951229411e-08 -5.500000000e-01 -5.500000000e-01 0.000000000e+00 
d 0.000000000e+00 0.000000000e+00 2.955695845e-08 -5.700000000e-01 -5.700000000e-01 -2.955695845e-08 -5.500000000e-01 -5.500000000e-01 0.000000000e+00 
d 0.000000000e+00 0.000000000e+00 2.960126473e-08 -5.800000000e-01 -5.800000000e-01 -2.960126473e-08 -5.500000000e-01 -5.500000000e-01 0.000000000e+00 
d 0.000000000e+00 0.000000000e+00 2.964525018e-08 -5.900000000e-01 -5.900000000e-01 -2.964525018e-08 -5.500000000e-01 -5.500000000e-01 0.000000000e+00 
d 0.000000000e+00 0.000000000e+00 2.968891540e-08 -6.000000000e-01 -6.000000000e-01 -2.968891540e-08 -5.500000000e-01 -5.500000000e-01 0.000000000e+00 
d 0.000000000e+00 0.000000000e+00 2.973226069e-08 -6.100000000e-01 -6.100000000e-01 -2.973226069e-08 -5.500000000e-01 -5.500000000e-01 0.000000000e+00 
d 0.000000000e+00 0.000000000e+00 2.977528023e-08 -6.200000000e-01 -6.200000000e-01 -2.977528023e-08 -5.500000000e-01 -5.500000000e-01 0.000000000e+00 
d 0.000000000e+00 0.000000000e+00 2.981799318e-08 -6.300000000e-01 -6.300000000e-01 -2.981799318e-08 -5.500000000e-01 -5.500000000e-01 0.000000000e+00 
d 0.000000000e+00 0.000000000e+00 2.986042890e-08 -6.400000000e-01 -6.400000000e-01 -2.986042890e-08 -5.500000000e-01 -5.500000000e-01 0.000000000e+00 
d 0.000000000e+00 0.000000000e+00 2.990258901e-08 -6.500000000e-01 -6.500000000e-01 -2.990258901e-08 -5.500000000e-01 -5.500000000e-01 0.000000000e+00 
d 0.000000000e+00 0.000000000e+00 2.994442620e-08 -6.600000000e-01 -6.600000000e-01 -2.994442620e-08 -5.500000000e-01 -5.500000000e-01 0.000000000e+00 
d 0.000000000e+00 0.000000000e+00 2.998597702e-08 -6.700000000e-01 -6.700000000e-01 -2.998597702e-08 -5.500000000e-01 -5.500000000e-01 0.000000000e+00 
d 0.000000000e+00 0.000000000e+00 3.002728332e-08 -6.800000000e-01 -6.800000000e-01 -3.002728332e-08 -5.500000000e-01 -5.500000000e-01 0.000000000e+00 
d 0.000000000e+00 0.000000000e+00 3.006827252e-08 -6.900000000e-01 -6.900000000e-01 -3.006827252e-08 -5.500000000e-01 -5.500000000e-01 0.000000000e+00 
d 0.000000000e+00 0.000000000e+00 3.010902779e-08 -7.000000000e-01 -7.000000000e-01 -3.010902779e-08 -5.500000000e-01 -5.500000000e-01 0.000000000e+00 
d 0.000000000e+00 0.000000000e+00 3.014949667e-08 -7.100000000e-01 -7.100000000e-01 -3.014949667e-08 -5.500000000e-01 -5.500000000e-01 0.000000000e+00 
d 0.000000000e+00 0.000000000e+00 3.018970206e-08 -7.200000000e-01 -7.200000000e-01 -3.018970206e-08 -5.500000000e-01 -5.500000000e-01 0.000000000e+00 
d 0.000000000e+00 0.000000000e+00 3.022967571e-08 -7.300000000e-01 -7.300000000e-01 -3.022967571e-08 -5.500000000e-01 -5.500000000e-01 0.000000000e+00 
d 0.000000000e+00 0.000000000e+00 3.026935961e-08 -7.400000000e-01 -7.400000000e-01 -3.026935961e-08 -5.500000000e-01 -5.500000000e-01 0.000000000e+00 
d 0.000000000e+00 0.000000000e+00 3.030880670e-08 -7.500000000e-01 -7.500000000e-01 -3.030880670e-08 -5.500000000e-01 -5.500000000e-01 0.000000000e+00 
d 0.000000000e+00 0.000000000e+00 3.034803197e-08 -7.600000000e-01 -7.600000000e-01 -3.034803197e-08 -5.500000000e-01 -5.500000000e-01 0.000000000e+00 
d 0.000000000e+00 0.000000000e+00 3.038701630e-08 -7.700000000e-01 -7.700000000e-01 -3.038701630e-08 -5.500000000e-01 -5.500000000e-01 0.000000000e+00 
d 0.000000000e+00 0.000000000e+00 3.042574888e-08 -7.800000000e-01 -7.800000000e-01 -3.042574888e-08 -5.500000000e-01 -5.500000000e-01 0.000000000e+00 
d 0.000000000e+00 0.000000000e+00 3.046423721e-08 -7.900000000e-01 -7.900000000e-01 -3.046423721e-08 -5.500000000e-01 -5.500000000e-01 0.000000000e+00 
d 0.000000000e+00 0.000000000e+00 3.050250940e-08 -8.000000000e-01 -8.000000000e-01 -3.050250940e-08 -5.500000000e-01 -5.500000000e-01 0.000000000e+00 
