v ATLAS
# This file was created by ATLAS version 5.28.1.R on Sun Jul 27 22:18:54 2025.
#SSF 2.0 generic
##############################################################################
#                    Copyright (c) 1984 - 2019                               #
#                    Silvaco Inc. All rights reserved                        #
#                                                                            #
# This file format and the following Key are copyright Silvaco Inc.          #
# You may not use, this format or key without reproducing this message in    #
# full and obtaining express written permission from Silvaco Inc.            #
#                                                                            #
# To obtain such permission please contact: Silvaco Inc.                     #
#                                           support@silvaco.com              #
#                                                                            #
# KEY=SVC86hn7562asdx                       PROD=345                         #
##############################################################################
y 3 700 711 15
z 0 1e+41 300
f 3 "source" "drain" "gate" 
p 9 2 601 20 3 602 21 4 603 22 
d 0.000000000e+00 0.000000000e+00 1.093869464e-21 0.000000000e+00 0.000000000e+00 3.202460338e-23 -5.500000000e-01 -5.500000000e-01 0.000000000e+00 
d 0.000000000e+00 0.000000000e+00 -2.184889745e-06 1.000000000e-01 1.000000000e-01 2.184889745e-06 -5.500000000e-01 -5.500000000e-01 0.000000000e+00 
d 0.000000000e+00 0.000000000e+00 -1.902360930e-06 9.000000000e-02 9.000000000e-02 1.902360930e-06 -5.500000000e-01 -5.500000000e-01 0.000000000e+00 
d 0.000000000e+00 0.000000000e+00 -1.631194771e-06 8.000000000e-02 8.000000000e-02 1.631194771e-06 -5.500000000e-01 -5.500000000e-01 0.000000000e+00 
d 0.000000000e+00 0.000000000e+00 -1.372375796e-06 7.000000000e-02 7.000000000e-02 1.372375796e-06 -5.500000000e-01 -5.500000000e-01 0.000000000e+00 
d 0.000000000e+00 0.000000000e+00 -1.126886505e-06 6.000000000e-02 6.000000000e-02 1.126886505e-06 -5.500000000e-01 -5.500000000e-01 0.000000000e+00 
d 0.000000000e+00 0.000000000e+00 -8.959862936e-07 5.000000000e-02 5.000000000e-02 8.959862936e-07 -5.500000000e-01 -5.500000000e-01 0.000000000e+00 
d 0.000000000e+00 0.000000000e+00 -6.809665258e-07 4.000000000e-02 4.000000000e-02 6.809665258e-07 -5.500000000e-01 -5.500000000e-01 0.000000000e+00 
d 0.000000000e+00 0.000000000e+00 -4.830383271e-07 3.000000000e-02 3.000000000e-02 4.830383271e-07 -5.500000000e-01 -5.500000000e-01 0.000000000e+00 
d 0.000000000e+00 0.000000000e+00 -3.032003203e-07 2.000000000e-02 2.000000000e-02 3.032003203e-07 -5.500000000e-01 -5.500000000e-01 0.000000000e+00 
d 0.000000000e+00 0.000000000e+00 -1.421134360e-07 1.000000000e-02 1.000000000e-02 1.421134360e-07 -5.500000000e-01 -5.500000000e-01 0.000000000e+00 
d 0.000000000e+00 0.000000000e+00 6.279876126e-22 -2.583138497e-17 -2.583138497e-17 -1.463241500e-22 -5.500000000e-01 -5.500000000e-01 0.000000000e+00 
d 0.000000000e+00 0.000000000e+00 1.234159200e-07 -1.000000000e-02 -1.000000000e-02 -1.234159200e-07 -5.500000000e-01 -5.500000000e-01 0.000000000e+00 
d 0.000000000e+00 0.000000000e+00 2.289158198e-07 -2.000000000e-02 -2.000000000e-02 -2.289158198e-07 -5.500000000e-01 -5.500000000e-01 0.000000000e+00 
d 0.000000000e+00 0.000000000e+00 3.177379461e-07 -3.000000000e-02 -3.000000000e-02 -3.177379461e-07 -5.500000000e-01 -5.500000000e-01 0.000000000e+00 
d 0.000000000e+00 0.000000000e+00 3.913917767e-07 -4.000000000e-02 -4.000000000e-02 -3.913917767e-07 -5.500000000e-01 -5.500000000e-01 0.000000000e+00 
d 0.000000000e+00 0.000000000e+00 4.518463275e-07 -5.000000000e-02 -5.000000000e-02 -4.518463275e-07 -5.500000000e-01 -5.500000000e-01 0.000000000e+00 
d 0.000000000e+00 0.000000000e+00 5.009784224e-07 -6.000000000e-02 -6.000000000e-02 -5.009784224e-07 -5.500000000e-01 -5.500000000e-01 0.000000000e+00 
d 0.000000000e+00 0.000000000e+00 5.406836713e-07 -7.000000000e-02 -7.000000000e-02 -5.406836713e-07 -5.500000000e-01 -5.500000000e-01 0.000000000e+00 
d 0.000000000e+00 0.000000000e+00 5.727186901e-07 -8.000000000e-02 -8.000000000e-02 -5.727186901e-07 -5.500000000e-01 -5.500000000e-01 0.000000000e+00 
d 0.000000000e+00 0.000000000e+00 5.986353613e-07 -9.000000000e-02 -9.000000000e-02 -5.986353613e-07 -5.500000000e-01 -5.500000000e-01 0.000000000e+00 
d 0.000000000e+00 0.000000000e+00 6.197504878e-07 -1.000000000e-01 -1.000000000e-01 -6.197504878e-07 -5.500000000e-01 -5.500000000e-01 0.000000000e+00 
d 0.000000000e+00 0.000000000e+00 6.371446219e-07 -1.100000000e-01 -1.100000000e-01 -6.371446219e-07 -5.500000000e-01 -5.500000000e-01 0.000000000e+00 
d 0.000000000e+00 0.000000000e+00 6.516809982e-07 -1.200000000e-01 -1.200000000e-01 -6.516809982e-07 -5.500000000e-01 -5.500000000e-01 0.000000000e+00 
d 0.000000000e+00 0.000000000e+00 6.640342562e-07 -1.300000000e-01 -1.300000000e-01 -6.640342562e-07 -5.500000000e-01 -5.500000000e-01 0.000000000e+00 
d 0.000000000e+00 0.000000000e+00 6.747232394e-07 -1.400000000e-01 -1.400000000e-01 -6.747232394e-07 -5.500000000e-01 -5.500000000e-01 0.000000000e+00 
d 0.000000000e+00 0.000000000e+00 6.841420141e-07 -1.500000000e-01 -1.500000000e-01 -6.841420141e-07 -5.500000000e-01 -5.500000000e-01 0.000000000e+00 
d 0.000000000e+00 0.000000000e+00 6.925871398e-07 -1.600000000e-01 -1.600000000e-01 -6.925871398e-07 -5.500000000e-01 -5.500000000e-01 0.000000000e+00 
d 0.000000000e+00 0.000000000e+00 7.002805472e-07 -1.700000000e-01 -1.700000000e-01 -7.002805472e-07 -5.500000000e-01 -5.500000000e-01 0.000000000e+00 
d 0.000000000e+00 0.000000000e+00 7.073881173e-07 -1.800000000e-01 -1.800000000e-01 -7.073881173e-07 -5.500000000e-01 -5.500000000e-01 0.000000000e+00 
d 0.000000000e+00 0.000000000e+00 7.141046489e-07 -1.900000000e-01 -1.900000000e-01 -7.141046489e-07 -5.500000000e-01 -5.500000000e-01 0.000000000e+00 
d 0.000000000e+00 0.000000000e+00 7.203773307e-07 -2.000000000e-01 -2.000000000e-01 -7.203773307e-07 -5.500000000e-01 -5.500000000e-01 0.000000000e+00 
d 0.000000000e+00 0.000000000e+00 7.263424038e-07 -2.100000000e-01 -2.100000000e-01 -7.263424038e-07 -5.500000000e-01 -5.500000000e-01 0.000000000e+00 
d 0.000000000e+00 0.000000000e+00 7.320633758e-07 -2.200000000e-01 -2.200000000e-01 -7.320633758e-07 -5.500000000e-01 -5.500000000e-01 0.000000000e+00 
d 0.000000000e+00 0.000000000e+00 7.375774745e-07 -2.300000000e-01 -2.300000000e-01 -7.375774745e-07 -5.500000000e-01 -5.500000000e-01 0.000000000e+00 
d 0.000000000e+00 0.000000000e+00 7.429150367e-07 -2.400000000e-01 -2.400000000e-01 -7.429150367e-07 -5.500000000e-01 -5.500000000e-01 0.000000000e+00 
d 0.000000000e+00 0.000000000e+00 7.481000156e-07 -2.500000000e-01 -2.500000000e-01 -7.481000156e-07 -5.500000000e-01 -5.500000000e-01 0.000000000e+00 
d 0.000000000e+00 0.000000000e+00 7.531507312e-07 -2.600000000e-01 -2.600000000e-01 -7.531507312e-07 -5.500000000e-01 -5.500000000e-01 0.000000000e+00 
d 0.000000000e+00 0.000000000e+00 7.580820760e-07 -2.700000000e-01 -2.700000000e-01 -7.580820760e-07 -5.500000000e-01 -5.500000000e-01 0.000000000e+00 
d 0.000000000e+00 0.000000000e+00 7.629064072e-07 -2.800000000e-01 -2.800000000e-01 -7.629064072e-07 -5.500000000e-01 -5.500000000e-01 0.000000000e+00 
d 0.000000000e+00 0.000000000e+00 7.676328113e-07 -2.900000000e-01 -2.900000000e-01 -7.676328113e-07 -5.500000000e-01 -5.500000000e-01 0.000000000e+00 
d 0.000000000e+00 0.000000000e+00 7.722700229e-07 -3.000000000e-01 -3.000000000e-01 -7.722700229e-07 -5.500000000e-01 -5.500000000e-01 0.000000000e+00 
d 0.000000000e+00 0.000000000e+00 7.768246147e-07 -3.100000000e-01 -3.100000000e-01 -7.768246147e-07 -5.500000000e-01 -5.500000000e-01 0.000000000e+00 
d 0.000000000e+00 0.000000000e+00 7.813022433e-07 -3.200000000e-01 -3.200000000e-01 -7.813022433e-07 -5.500000000e-01 -5.500000000e-01 0.000000000e+00 
d 0.000000000e+00 0.000000000e+00 7.857079420e-07 -3.300000000e-01 -3.300000000e-01 -7.857079420e-07 -5.500000000e-01 -5.500000000e-01 0.000000000e+00 
d 0.000000000e+00 0.000000000e+00 7.900461257e-07 -3.400000000e-01 -3.400000000e-01 -7.900461257e-07 -5.500000000e-01 -5.500000000e-01 0.000000000e+00 
d 0.000000000e+00 0.000000000e+00 7.943206343e-07 -3.500000000e-01 -3.500000000e-01 -7.943206343e-07 -5.500000000e-01 -5.500000000e-01 0.000000000e+00 
d 0.000000000e+00 0.000000000e+00 7.985352910e-07 -3.600000000e-01 -3.600000000e-01 -7.985352910e-07 -5.500000000e-01 -5.500000000e-01 0.000000000e+00 
d 0.000000000e+00 0.000000000e+00 8.026921838e-07 -3.700000000e-01 -3.700000000e-01 -8.026921838e-07 -5.500000000e-01 -5.500000000e-01 0.000000000e+00 
d 0.000000000e+00 0.000000000e+00 8.067951036e-07 -3.800000000e-01 -3.800000000e-01 -8.067951036e-07 -5.500000000e-01 -5.500000000e-01 0.000000000e+00 
d 0.000000000e+00 0.000000000e+00 8.108456894e-07 -3.900000000e-01 -3.900000000e-01 -8.108456894e-07 -5.500000000e-01 -5.500000000e-01 0.000000000e+00 
d 0.000000000e+00 0.000000000e+00 8.148466643e-07 -4.000000000e-01 -4.000000000e-01 -8.148466643e-07 -5.500000000e-01 -5.500000000e-01 0.000000000e+00 
d 0.000000000e+00 0.000000000e+00 8.188000329e-07 -4.100000000e-01 -4.100000000e-01 -8.188000329e-07 -5.500000000e-01 -5.500000000e-01 0.000000000e+00 
d 0.000000000e+00 0.000000000e+00 8.227076450e-07 -4.200000000e-01 -4.200000000e-01 -8.227076450e-07 -5.500000000e-01 -5.500000000e-01 0.000000000e+00 
d 0.000000000e+00 0.000000000e+00 8.265711119e-07 -4.300000000e-01 -4.300000000e-01 -8.265711119e-07 -5.500000000e-01 -5.500000000e-01 0.000000000e+00 
d 0.000000000e+00 0.000000000e+00 8.303921407e-07 -4.400000000e-01 -4.400000000e-01 -8.303921407e-07 -5.500000000e-01 -5.500000000e-01 0.000000000e+00 
d 0.000000000e+00 0.000000000e+00 8.341722712e-07 -4.500000000e-01 -4.500000000e-01 -8.341722712e-07 -5.500000000e-01 -5.500000000e-01 0.000000000e+00 
d 0.000000000e+00 0.000000000e+00 8.379124579e-07 -4.600000000e-01 -4.600000000e-01 -8.379124579e-07 -5.500000000e-01 -5.500000000e-01 0.000000000e+00 
d 0.000000000e+00 0.000000000e+00 8.416148545e-07 -4.700000000e-01 -4.700000000e-01 -8.416148545e-07 -5.500000000e-01 -5.500000000e-01 0.000000000e+00 
d 0.000000000e+00 0.000000000e+00 8.452795578e-07 -4.800000000e-01 -4.800000000e-01 -8.452795578e-07 -5.500000000e-01 -5.500000000e-01 0.000000000e+00 
d 0.000000000e+00 0.000000000e+00 8.489088685e-07 -4.900000000e-01 -4.900000000e-01 -8.489088685e-07 -5.500000000e-01 -5.500000000e-01 0.000000000e+00 
d 0.000000000e+00 0.000000000e+00 8.525030380e-07 -5.000000000e-01 -5.000000000e-01 -8.525030380e-07 -5.500000000e-01 -5.500000000e-01 0.000000000e+00 
d 0.000000000e+00 0.000000000e+00 8.560631599e-07 -5.100000000e-01 -5.100000000e-01 -8.560631599e-07 -5.500000000e-01 -5.500000000e-01 0.000000000e+00 
d 0.000000000e+00 0.000000000e+00 8.595904857e-07 -5.200000000e-01 -5.200000000e-01 -8.595904857e-07 -5.500000000e-01 -5.500000000e-01 0.000000000e+00 
d 0.000000000e+00 0.000000000e+00 8.630857530e-07 -5.300000000e-01 -5.300000000e-01 -8.630857530e-07 -5.500000000e-01 -5.500000000e-01 0.000000000e+00 
d 0.000000000e+00 0.000000000e+00 8.665498093e-07 -5.400000000e-01 -5.400000000e-01 -8.665498093e-07 -5.500000000e-01 -5.500000000e-01 0.000000000e+00 
d 0.000000000e+00 0.000000000e+00 8.699835520e-07 -5.500000000e-01 -5.500000000e-01 -8.699835520e-07 -5.500000000e-01 -5.500000000e-01 0.000000000e+00 
d 0.000000000e+00 0.000000000e+00 8.733877351e-07 -5.600000000e-01 -5.600000000e-01 -8.733877351e-07 -5.500000000e-01 -5.500000000e-01 0.000000000e+00 
d 0.000000000e+00 0.000000000e+00 8.767629118e-07 -5.700000000e-01 -5.700000000e-01 -8.767629118e-07 -5.500000000e-01 -5.500000000e-01 0.000000000e+00 
d 0.000000000e+00 0.000000000e+00 8.801095207e-07 -5.800000000e-01 -5.800000000e-01 -8.801095207e-07 -5.500000000e-01 -5.500000000e-01 0.000000000e+00 
d 0.000000000e+00 0.000000000e+00 8.834287029e-07 -5.900000000e-01 -5.900000000e-01 -8.834287029e-07 -5.500000000e-01 -5.500000000e-01 0.000000000e+00 
d 0.000000000e+00 0.000000000e+00 8.867210675e-07 -6.000000000e-01 -6.000000000e-01 -8.867210675e-07 -5.500000000e-01 -5.500000000e-01 0.000000000e+00 
d 0.000000000e+00 0.000000000e+00 8.899867471e-07 -6.100000000e-01 -6.100000000e-01 -8.899867471e-07 -5.500000000e-01 -5.500000000e-01 0.000000000e+00 
d 0.000000000e+00 0.000000000e+00 8.932266473e-07 -6.200000000e-01 -6.200000000e-01 -8.932266473e-07 -5.500000000e-01 -5.500000000e-01 0.000000000e+00 
d 0.000000000e+00 0.000000000e+00 8.964415568e-07 -6.300000000e-01 -6.300000000e-01 -8.964415568e-07 -5.500000000e-01 -5.500000000e-01 0.000000000e+00 
d 0.000000000e+00 0.000000000e+00 8.996312638e-07 -6.400000000e-01 -6.400000000e-01 -8.996312638e-07 -5.500000000e-01 -5.500000000e-01 0.000000000e+00 
d 0.000000000e+00 0.000000000e+00 9.027970139e-07 -6.500000000e-01 -6.500000000e-01 -9.027970139e-07 -5.500000000e-01 -5.500000000e-01 0.000000000e+00 
d 0.000000000e+00 0.000000000e+00 9.059390498e-07 -6.600000000e-01 -6.600000000e-01 -9.059390498e-07 -5.500000000e-01 -5.500000000e-01 0.000000000e+00 
d 0.000000000e+00 0.000000000e+00 9.090578140e-07 -6.700000000e-01 -6.700000000e-01 -9.090578140e-07 -5.500000000e-01 -5.500000000e-01 0.000000000e+00 
d 0.000000000e+00 0.000000000e+00 9.121537755e-07 -6.800000000e-01 -6.800000000e-01 -9.121537755e-07 -5.500000000e-01 -5.500000000e-01 0.000000000e+00 
d 0.000000000e+00 0.000000000e+00 9.152271444e-07 -6.900000000e-01 -6.900000000e-01 -9.152271444e-07 -5.500000000e-01 -5.500000000e-01 0.000000000e+00 
d 0.000000000e+00 0.000000000e+00 9.182786025e-07 -7.000000000e-01 -7.000000000e-01 -9.182786025e-07 -5.500000000e-01 -5.500000000e-01 0.000000000e+00 
d 0.000000000e+00 0.000000000e+00 9.213084244e-07 -7.100000000e-01 -7.100000000e-01 -9.213084244e-07 -5.500000000e-01 -5.500000000e-01 0.000000000e+00 
d 0.000000000e+00 0.000000000e+00 9.243171008e-07 -7.200000000e-01 -7.200000000e-01 -9.243171008e-07 -5.500000000e-01 -5.500000000e-01 0.000000000e+00 
d 0.000000000e+00 0.000000000e+00 9.273047299e-07 -7.300000000e-01 -7.300000000e-01 -9.273047299e-07 -5.500000000e-01 -5.500000000e-01 0.000000000e+00 
d 0.000000000e+00 0.000000000e+00 9.302725868e-07 -7.400000000e-01 -7.400000000e-01 -9.302725868e-07 -5.500000000e-01 -5.500000000e-01 0.000000000e+00 
d 0.000000000e+00 0.000000000e+00 9.332198519e-07 -7.500000000e-01 -7.500000000e-01 -9.332198519e-07 -5.500000000e-01 -5.500000000e-01 0.000000000e+00 
d 0.000000000e+00 0.000000000e+00 9.361471105e-07 -7.600000000e-01 -7.600000000e-01 -9.361471105e-07 -5.500000000e-01 -5.500000000e-01 0.000000000e+00 
d 0.000000000e+00 0.000000000e+00 9.390554313e-07 -7.700000000e-01 -7.700000000e-01 -9.390554313e-07 -5.500000000e-01 -5.500000000e-01 0.000000000e+00 
d 0.000000000e+00 0.000000000e+00 9.419444076e-07 -7.800000000e-01 -7.800000000e-01 -9.419444076e-07 -5.500000000e-01 -5.500000000e-01 0.000000000e+00 
d 0.000000000e+00 0.000000000e+00 9.448145180e-07 -7.900000000e-01 -7.900000000e-01 -9.448145180e-07 -5.500000000e-01 -5.500000000e-01 0.000000000e+00 
d 0.000000000e+00 0.000000000e+00 9.476664700e-07 -8.000000000e-01 -8.000000000e-01 -9.476664700e-07 -5.500000000e-01 -5.500000000e-01 0.000000000e+00 
