v ATLAS
# This file was created by ATLAS version 5.28.1.R on Sun Jul 27 22:59:36 2025.
#SSF 2.0 generic
##############################################################################
#                    Copyright (c) 1984 - 2019                               #
#                    Silvaco Inc. All rights reserved                        #
#                                                                            #
# This file format and the following Key are copyright Silvaco Inc.          #
# You may not use, this format or key without reproducing this message in    #
# full and obtaining express written permission from Silvaco Inc.            #
#                                                                            #
# To obtain such permission please contact: Silvaco Inc.                     #
#                                           support@silvaco.com              #
#                                                                            #
# KEY=SVC86hn7562asdx                       PROD=345                         #
##############################################################################
y 3 700 711 15
z 0 1e+41 300
f 3 "source" "drain" "gate" 
p 9 2 601 20 3 602 21 4 603 22 
d 0.000000000e+00 0.000000000e+00 1.699898231e-07 -8.000000000e-01 -8.000000000e-01 -1.699898231e-07 -5.000000000e-01 -5.000000000e-01 0.000000000e+00 
d 0.000000000e+00 0.000000000e+00 -1.132527834e-06 1.000000000e-01 1.000000000e-01 1.132527834e-06 -5.000000000e-01 -5.000000000e-01 0.000000000e+00 
d 0.000000000e+00 0.000000000e+00 -9.429140265e-07 9.000000000e-02 9.000000000e-02 9.429140265e-07 -5.000000000e-01 -5.000000000e-01 0.000000000e+00 
d 0.000000000e+00 0.000000000e+00 -7.699272202e-07 8.000000000e-02 8.000000000e-02 7.699272202e-07 -5.000000000e-01 -5.000000000e-01 0.000000000e+00 
d 0.000000000e+00 0.000000000e+00 -6.142490953e-07 7.000000000e-02 7.000000000e-02 6.142490953e-07 -5.000000000e-01 -5.000000000e-01 0.000000000e+00 
d 0.000000000e+00 0.000000000e+00 -4.764479973e-07 6.000000000e-02 6.000000000e-02 4.764479973e-07 -5.000000000e-01 -5.000000000e-01 0.000000000e+00 
d 0.000000000e+00 0.000000000e+00 -3.566437796e-07 5.000000000e-02 5.000000000e-02 3.566437796e-07 -5.000000000e-01 -5.000000000e-01 0.000000000e+00 
d 0.000000000e+00 0.000000000e+00 -2.545529341e-07 4.000000000e-02 4.000000000e-02 2.545529341e-07 -5.000000000e-01 -5.000000000e-01 0.000000000e+00 
d 0.000000000e+00 0.000000000e+00 -1.692346742e-07 3.000000000e-02 3.000000000e-02 1.692346742e-07 -5.000000000e-01 -5.000000000e-01 0.000000000e+00 
d 0.000000000e+00 0.000000000e+00 -9.950715482e-08 2.000000000e-02 2.000000000e-02 9.950715482e-08 -5.000000000e-01 -5.000000000e-01 0.000000000e+00 
d 0.000000000e+00 0.000000000e+00 -4.372473655e-08 1.000000000e-02 1.000000000e-02 4.372473655e-08 -5.000000000e-01 -5.000000000e-01 0.000000000e+00 
d 0.000000000e+00 0.000000000e+00 -8.077221378e-22 -2.583138497e-17 -2.583138497e-17 -1.847228883e-22 -5.000000000e-01 -5.000000000e-01 0.000000000e+00 
d 0.000000000e+00 0.000000000e+00 3.364245381e-08 -1.000000000e-02 -1.000000000e-02 -3.364245381e-08 -5.000000000e-01 -5.000000000e-01 0.000000000e+00 
d 0.000000000e+00 0.000000000e+00 5.911879615e-08 -2.000000000e-02 -2.000000000e-02 -5.911879615e-08 -5.000000000e-01 -5.000000000e-01 0.000000000e+00 
d 0.000000000e+00 0.000000000e+00 7.817124664e-08 -3.000000000e-02 -3.000000000e-02 -7.817124664e-08 -5.000000000e-01 -5.000000000e-01 0.000000000e+00 
d 0.000000000e+00 0.000000000e+00 9.228357157e-08 -4.000000000e-02 -4.000000000e-02 -9.228357157e-08 -5.000000000e-01 -5.000000000e-01 0.000000000e+00 
d 0.000000000e+00 0.000000000e+00 1.027145729e-07 -5.000000000e-02 -5.000000000e-02 -1.027145729e-07 -5.000000000e-01 -5.000000000e-01 0.000000000e+00 
d 0.000000000e+00 0.000000000e+00 1.104230631e-07 -6.000000000e-02 -6.000000000e-02 -1.104230631e-07 -5.000000000e-01 -5.000000000e-01 0.000000000e+00 
d 0.000000000e+00 0.000000000e+00 1.161520812e-07 -7.000000000e-02 -7.000000000e-02 -1.161520812e-07 -5.000000000e-01 -5.000000000e-01 0.000000000e+00 
d 0.000000000e+00 0.000000000e+00 1.204562977e-07 -8.000000000e-02 -8.000000000e-02 -1.204562977e-07 -5.000000000e-01 -5.000000000e-01 0.000000000e+00 
d 0.000000000e+00 0.000000000e+00 1.237421598e-07 -9.000000000e-02 -9.000000000e-02 -1.237421598e-07 -5.000000000e-01 -5.000000000e-01 0.000000000e+00 
d 0.000000000e+00 0.000000000e+00 1.263135053e-07 -1.000000000e-01 -1.000000000e-01 -1.263135053e-07 -5.000000000e-01 -5.000000000e-01 0.000000000e+00 
d 0.000000000e+00 0.000000000e+00 1.283582537e-07 -1.100000000e-01 -1.100000000e-01 -1.283582537e-07 -5.000000000e-01 -5.000000000e-01 0.000000000e+00 
d 0.000000000e+00 0.000000000e+00 1.300367011e-07 -1.200000000e-01 -1.200000000e-01 -1.300367011e-07 -5.000000000e-01 -5.000000000e-01 0.000000000e+00 
d 0.000000000e+00 0.000000000e+00 1.314541518e-07 -1.300000000e-01 -1.300000000e-01 -1.314541518e-07 -5.000000000e-01 -5.000000000e-01 0.000000000e+00 
d 0.000000000e+00 0.000000000e+00 1.326845027e-07 -1.400000000e-01 -1.400000000e-01 -1.326845027e-07 -5.000000000e-01 -5.000000000e-01 0.000000000e+00 
d 0.000000000e+00 0.000000000e+00 1.337795850e-07 -1.500000000e-01 -1.500000000e-01 -1.337795850e-07 -5.000000000e-01 -5.000000000e-01 0.000000000e+00 
d 0.000000000e+00 0.000000000e+00 1.347758526e-07 -1.600000000e-01 -1.600000000e-01 -1.347758526e-07 -5.000000000e-01 -5.000000000e-01 0.000000000e+00 
d 0.000000000e+00 0.000000000e+00 1.356989364e-07 -1.700000000e-01 -1.700000000e-01 -1.356989364e-07 -5.000000000e-01 -5.000000000e-01 0.000000000e+00 
d 0.000000000e+00 0.000000000e+00 1.365669700e-07 -1.800000000e-01 -1.800000000e-01 -1.365669700e-07 -5.000000000e-01 -5.000000000e-01 0.000000000e+00 
d 0.000000000e+00 0.000000000e+00 1.373927042e-07 -1.900000000e-01 -1.900000000e-01 -1.373927042e-07 -5.000000000e-01 -5.000000000e-01 0.000000000e+00 
d 0.000000000e+00 0.000000000e+00 1.381852609e-07 -2.000000000e-01 -2.000000000e-01 -1.381852609e-07 -5.000000000e-01 -5.000000000e-01 0.000000000e+00 
d 0.000000000e+00 0.000000000e+00 1.389511617e-07 -2.100000000e-01 -2.100000000e-01 -1.389511617e-07 -5.000000000e-01 -5.000000000e-01 0.000000000e+00 
d 0.000000000e+00 0.000000000e+00 1.396951171e-07 -2.200000000e-01 -2.200000000e-01 -1.396951171e-07 -5.000000000e-01 -5.000000000e-01 0.000000000e+00 
d 0.000000000e+00 0.000000000e+00 1.404205347e-07 -2.300000000e-01 -2.300000000e-01 -1.404205347e-07 -5.000000000e-01 -5.000000000e-01 0.000000000e+00 
d 0.000000000e+00 0.000000000e+00 1.411299024e-07 -2.400000000e-01 -2.400000000e-01 -1.411299024e-07 -5.000000000e-01 -5.000000000e-01 0.000000000e+00 
d 0.000000000e+00 0.000000000e+00 1.418251977e-07 -2.500000000e-01 -2.500000000e-01 -1.418251977e-07 -5.000000000e-01 -5.000000000e-01 0.000000000e+00 
d 0.000000000e+00 0.000000000e+00 1.425078270e-07 -2.600000000e-01 -2.600000000e-01 -1.425078270e-07 -5.000000000e-01 -5.000000000e-01 0.000000000e+00 
d 0.000000000e+00 0.000000000e+00 1.431788485e-07 -2.700000000e-01 -2.700000000e-01 -1.431788485e-07 -5.000000000e-01 -5.000000000e-01 0.000000000e+00 
d 0.000000000e+00 0.000000000e+00 1.438392636e-07 -2.800000000e-01 -2.800000000e-01 -1.438392636e-07 -5.000000000e-01 -5.000000000e-01 0.000000000e+00 
d 0.000000000e+00 0.000000000e+00 1.444897355e-07 -2.900000000e-01 -2.900000000e-01 -1.444897355e-07 -5.000000000e-01 -5.000000000e-01 0.000000000e+00 
d 0.000000000e+00 0.000000000e+00 1.451309057e-07 -3.000000000e-01 -3.000000000e-01 -1.451309057e-07 -5.000000000e-01 -5.000000000e-01 0.000000000e+00 
d 0.000000000e+00 0.000000000e+00 1.457633068e-07 -3.100000000e-01 -3.100000000e-01 -1.457633068e-07 -5.000000000e-01 -5.000000000e-01 0.000000000e+00 
d 0.000000000e+00 0.000000000e+00 1.463872329e-07 -3.200000000e-01 -3.200000000e-01 -1.463872329e-07 -5.000000000e-01 -5.000000000e-01 0.000000000e+00 
d 0.000000000e+00 0.000000000e+00 1.470031277e-07 -3.300000000e-01 -3.300000000e-01 -1.470031277e-07 -5.000000000e-01 -5.000000000e-01 0.000000000e+00 
d 0.000000000e+00 0.000000000e+00 1.476113705e-07 -3.400000000e-01 -3.400000000e-01 -1.476113705e-07 -5.000000000e-01 -5.000000000e-01 0.000000000e+00 
d 0.000000000e+00 0.000000000e+00 1.482120825e-07 -3.500000000e-01 -3.500000000e-01 -1.482120825e-07 -5.000000000e-01 -5.000000000e-01 0.000000000e+00 
d 0.000000000e+00 0.000000000e+00 1.488056804e-07 -3.600000000e-01 -3.600000000e-01 -1.488056804e-07 -5.000000000e-01 -5.000000000e-01 0.000000000e+00 
d 0.000000000e+00 0.000000000e+00 1.493923553e-07 -3.700000000e-01 -3.700000000e-01 -1.493923553e-07 -5.000000000e-01 -5.000000000e-01 0.000000000e+00 
d 0.000000000e+00 0.000000000e+00 1.499723287e-07 -3.800000000e-01 -3.800000000e-01 -1.499723287e-07 -5.000000000e-01 -5.000000000e-01 0.000000000e+00 
d 0.000000000e+00 0.000000000e+00 1.505457550e-07 -3.900000000e-01 -3.900000000e-01 -1.505457550e-07 -5.000000000e-01 -5.000000000e-01 0.000000000e+00 
d 0.000000000e+00 0.000000000e+00 1.511128422e-07 -4.000000000e-01 -4.000000000e-01 -1.511128422e-07 -5.000000000e-01 -5.000000000e-01 0.000000000e+00 
d 0.000000000e+00 0.000000000e+00 1.516737912e-07 -4.100000000e-01 -4.100000000e-01 -1.516737912e-07 -5.000000000e-01 -5.000000000e-01 0.000000000e+00 
d 0.000000000e+00 0.000000000e+00 1.522288149e-07 -4.200000000e-01 -4.200000000e-01 -1.522288149e-07 -5.000000000e-01 -5.000000000e-01 0.000000000e+00 
d 0.000000000e+00 0.000000000e+00 1.527780461e-07 -4.300000000e-01 -4.300000000e-01 -1.527780461e-07 -5.000000000e-01 -5.000000000e-01 0.000000000e+00 
d 0.000000000e+00 0.000000000e+00 1.533215105e-07 -4.400000000e-01 -4.400000000e-01 -1.533215105e-07 -5.000000000e-01 -5.000000000e-01 0.000000000e+00 
d 0.000000000e+00 0.000000000e+00 1.538595479e-07 -4.500000000e-01 -4.500000000e-01 -1.538595479e-07 -5.000000000e-01 -5.000000000e-01 0.000000000e+00 
d 0.000000000e+00 0.000000000e+00 1.543922047e-07 -4.600000000e-01 -4.600000000e-01 -1.543922047e-07 -5.000000000e-01 -5.000000000e-01 0.000000000e+00 
d 0.000000000e+00 0.000000000e+00 1.549194946e-07 -4.700000000e-01 -4.700000000e-01 -1.549194946e-07 -5.000000000e-01 -5.000000000e-01 0.000000000e+00 
d 0.000000000e+00 0.000000000e+00 1.554417167e-07 -4.800000000e-01 -4.800000000e-01 -1.554417167e-07 -5.000000000e-01 -5.000000000e-01 0.000000000e+00 
d 0.000000000e+00 0.000000000e+00 1.559589490e-07 -4.900000000e-01 -4.900000000e-01 -1.559589490e-07 -5.000000000e-01 -5.000000000e-01 0.000000000e+00 
d 0.000000000e+00 0.000000000e+00 1.564712330e-07 -5.000000000e-01 -5.000000000e-01 -1.564712330e-07 -5.000000000e-01 -5.000000000e-01 0.000000000e+00 
d 0.000000000e+00 0.000000000e+00 1.569786850e-07 -5.100000000e-01 -5.100000000e-01 -1.569786850e-07 -5.000000000e-01 -5.000000000e-01 0.000000000e+00 
d 0.000000000e+00 0.000000000e+00 1.574814691e-07 -5.200000000e-01 -5.200000000e-01 -1.574814691e-07 -5.000000000e-01 -5.000000000e-01 0.000000000e+00 
d 0.000000000e+00 0.000000000e+00 1.579796527e-07 -5.300000000e-01 -5.300000000e-01 -1.579796527e-07 -5.000000000e-01 -5.000000000e-01 0.000000000e+00 
d 0.000000000e+00 0.000000000e+00 1.584733637e-07 -5.400000000e-01 -5.400000000e-01 -1.584733637e-07 -5.000000000e-01 -5.000000000e-01 0.000000000e+00 
d 0.000000000e+00 0.000000000e+00 1.589626929e-07 -5.500000000e-01 -5.500000000e-01 -1.589626929e-07 -5.000000000e-01 -5.000000000e-01 0.000000000e+00 
d 0.000000000e+00 0.000000000e+00 1.594476034e-07 -5.600000000e-01 -5.600000000e-01 -1.594476034e-07 -5.000000000e-01 -5.000000000e-01 0.000000000e+00 
d 0.000000000e+00 0.000000000e+00 1.599284520e-07 -5.700000000e-01 -5.700000000e-01 -1.599284520e-07 -5.000000000e-01 -5.000000000e-01 0.000000000e+00 
d 0.000000000e+00 0.000000000e+00 1.604049726e-07 -5.800000000e-01 -5.800000000e-01 -1.604049726e-07 -5.000000000e-01 -5.000000000e-01 0.000000000e+00 
d 0.000000000e+00 0.000000000e+00 1.608776384e-07 -5.900000000e-01 -5.900000000e-01 -1.608776384e-07 -5.000000000e-01 -5.000000000e-01 0.000000000e+00 
d 0.000000000e+00 0.000000000e+00 1.613461741e-07 -6.000000000e-01 -6.000000000e-01 -1.613461741e-07 -5.000000000e-01 -5.000000000e-01 0.000000000e+00 
d 0.000000000e+00 0.000000000e+00 1.618109104e-07 -6.100000000e-01 -6.100000000e-01 -1.618109104e-07 -5.000000000e-01 -5.000000000e-01 0.000000000e+00 
d 0.000000000e+00 0.000000000e+00 1.622718601e-07 -6.200000000e-01 -6.200000000e-01 -1.622718601e-07 -5.000000000e-01 -5.000000000e-01 0.000000000e+00 
d 0.000000000e+00 0.000000000e+00 1.627290819e-07 -6.300000000e-01 -6.300000000e-01 -1.627290819e-07 -5.000000000e-01 -5.000000000e-01 0.000000000e+00 
d 0.000000000e+00 0.000000000e+00 1.631825458e-07 -6.400000000e-01 -6.400000000e-01 -1.631825458e-07 -5.000000000e-01 -5.000000000e-01 0.000000000e+00 
d 0.000000000e+00 0.000000000e+00 1.636323829e-07 -6.500000000e-01 -6.500000000e-01 -1.636323829e-07 -5.000000000e-01 -5.000000000e-01 0.000000000e+00 
d 0.000000000e+00 0.000000000e+00 1.640787229e-07 -6.600000000e-01 -6.600000000e-01 -1.640787229e-07 -5.000000000e-01 -5.000000000e-01 0.000000000e+00 
d 0.000000000e+00 0.000000000e+00 1.645216511e-07 -6.700000000e-01 -6.700000000e-01 -1.645216511e-07 -5.000000000e-01 -5.000000000e-01 0.000000000e+00 
d 0.000000000e+00 0.000000000e+00 1.649611911e-07 -6.800000000e-01 -6.800000000e-01 -1.649611911e-07 -5.000000000e-01 -5.000000000e-01 0.000000000e+00 
d 0.000000000e+00 0.000000000e+00 1.653973472e-07 -6.900000000e-01 -6.900000000e-01 -1.653973472e-07 -5.000000000e-01 -5.000000000e-01 0.000000000e+00 
d 0.000000000e+00 0.000000000e+00 1.658301893e-07 -7.000000000e-01 -7.000000000e-01 -1.658301893e-07 -5.000000000e-01 -5.000000000e-01 0.000000000e+00 
d 0.000000000e+00 0.000000000e+00 1.662597549e-07 -7.100000000e-01 -7.100000000e-01 -1.662597549e-07 -5.000000000e-01 -5.000000000e-01 0.000000000e+00 
d 0.000000000e+00 0.000000000e+00 1.666863459e-07 -7.200000000e-01 -7.200000000e-01 -1.666863459e-07 -5.000000000e-01 -5.000000000e-01 0.000000000e+00 
d 0.000000000e+00 0.000000000e+00 1.671097777e-07 -7.300000000e-01 -7.300000000e-01 -1.671097777e-07 -5.000000000e-01 -5.000000000e-01 0.000000000e+00 
d 0.000000000e+00 0.000000000e+00 1.675301021e-07 -7.400000000e-01 -7.400000000e-01 -1.675301021e-07 -5.000000000e-01 -5.000000000e-01 0.000000000e+00 
d 0.000000000e+00 0.000000000e+00 1.679475518e-07 -7.500000000e-01 -7.500000000e-01 -1.679475518e-07 -5.000000000e-01 -5.000000000e-01 0.000000000e+00 
d 0.000000000e+00 0.000000000e+00 1.683619450e-07 -7.600000000e-01 -7.600000000e-01 -1.683619450e-07 -5.000000000e-01 -5.000000000e-01 0.000000000e+00 
d 0.000000000e+00 0.000000000e+00 1.687736453e-07 -7.700000000e-01 -7.700000000e-01 -1.687736453e-07 -5.000000000e-01 -5.000000000e-01 0.000000000e+00 
d 0.000000000e+00 0.000000000e+00 1.691822496e-07 -7.800000000e-01 -7.800000000e-01 -1.691822496e-07 -5.000000000e-01 -5.000000000e-01 0.000000000e+00 
d 0.000000000e+00 0.000000000e+00 1.695883471e-07 -7.900000000e-01 -7.900000000e-01 -1.695883471e-07 -5.000000000e-01 -5.000000000e-01 0.000000000e+00 
d 0.000000000e+00 0.000000000e+00 1.699915627e-07 -8.000000000e-01 -8.000000000e-01 -1.699915627e-07 -5.000000000e-01 -5.000000000e-01 0.000000000e+00 
