v ATLAS
# This file was created by ATLAS version 5.28.1.R on Sun Jul 27 23:57:27 2025.
#SSF 2.0 generic
##############################################################################
#                    Copyright (c) 1984 - 2019                               #
#                    Silvaco Inc. All rights reserved                        #
#                                                                            #
# This file format and the following Key are copyright Silvaco Inc.          #
# You may not use, this format or key without reproducing this message in    #
# full and obtaining express written permission from Silvaco Inc.            #
#                                                                            #
# To obtain such permission please contact: Silvaco Inc.                     #
#                                           support@silvaco.com              #
#                                                                            #
# KEY=SVC86hn7562asdx                       PROD=345                         #
##############################################################################
y 3 700 711 15
z 0 1e+41 300
f 3 "source" "drain" "gate" 
p 9 2 601 20 3 602 21 4 603 22 
d 0.000000000e+00 0.000000000e+00 5.262217091e-21 0.000000000e+00 0.000000000e+00 2.356448735e-22 -6.000000000e-01 -6.000000000e-01 0.000000000e+00 
d 0.000000000e+00 0.000000000e+00 -5.265947612e-06 1.000000000e-01 1.000000000e-01 5.265947612e-06 -6.000000000e-01 -6.000000000e-01 0.000000000e+00 
d 0.000000000e+00 0.000000000e+00 -4.602395215e-06 9.000000000e-02 9.000000000e-02 4.602395215e-06 -6.000000000e-01 -6.000000000e-01 0.000000000e+00 
d 0.000000000e+00 0.000000000e+00 -3.971146829e-06 8.000000000e-02 8.000000000e-02 3.971146829e-06 -6.000000000e-01 -6.000000000e-01 0.000000000e+00 
d 0.000000000e+00 0.000000000e+00 -3.371871598e-06 7.000000000e-02 7.000000000e-02 3.371871598e-06 -6.000000000e-01 -6.000000000e-01 0.000000000e+00 
d 0.000000000e+00 0.000000000e+00 -2.804125542e-06 6.000000000e-02 6.000000000e-02 2.804125542e-06 -6.000000000e-01 -6.000000000e-01 0.000000000e+00 
d 0.000000000e+00 0.000000000e+00 -2.267006255e-06 5.000000000e-02 5.000000000e-02 2.267006255e-06 -6.000000000e-01 -6.000000000e-01 0.000000000e+00 
d 0.000000000e+00 0.000000000e+00 -1.759366078e-06 4.000000000e-02 4.000000000e-02 1.759366078e-06 -6.000000000e-01 -6.000000000e-01 0.000000000e+00 
d 0.000000000e+00 0.000000000e+00 -1.279947637e-06 3.000000000e-02 3.000000000e-02 1.279947637e-06 -6.000000000e-01 -6.000000000e-01 0.000000000e+00 
d 0.000000000e+00 0.000000000e+00 -8.275406360e-07 2.000000000e-02 2.000000000e-02 8.275406360e-07 -6.000000000e-01 -6.000000000e-01 0.000000000e+00 
d 0.000000000e+00 0.000000000e+00 -4.011285439e-07 1.000000000e-02 1.000000000e-02 4.011285439e-07 -6.000000000e-01 -6.000000000e-01 0.000000000e+00 
d 0.000000000e+00 0.000000000e+00 9.370482761e-22 -2.583138497e-17 -2.583138497e-17 -1.083841438e-21 -6.000000000e-01 -6.000000000e-01 0.000000000e+00 
d 0.000000000e+00 0.000000000e+00 3.761971038e-07 -1.000000000e-02 -1.000000000e-02 -3.761971038e-07 -6.000000000e-01 -6.000000000e-01 0.000000000e+00 
d 0.000000000e+00 0.000000000e+00 7.274699838e-07 -2.000000000e-02 -2.000000000e-02 -7.274699838e-07 -6.000000000e-01 -6.000000000e-01 0.000000000e+00 
d 0.000000000e+00 0.000000000e+00 1.053562751e-06 -3.000000000e-02 -3.000000000e-02 -1.053562751e-06 -6.000000000e-01 -6.000000000e-01 0.000000000e+00 
d 0.000000000e+00 0.000000000e+00 1.354092079e-06 -4.000000000e-02 -4.000000000e-02 -1.354092079e-06 -6.000000000e-01 -6.000000000e-01 0.000000000e+00 
d 0.000000000e+00 0.000000000e+00 1.628714205e-06 -5.000000000e-02 -5.000000000e-02 -1.628714205e-06 -6.000000000e-01 -6.000000000e-01 0.000000000e+00 
d 0.000000000e+00 0.000000000e+00 1.877294905e-06 -6.000000000e-02 -6.000000000e-02 -1.877294905e-06 -6.000000000e-01 -6.000000000e-01 0.000000000e+00 
d 0.000000000e+00 0.000000000e+00 2.100056678e-06 -7.000000000e-02 -7.000000000e-02 -2.100056678e-06 -6.000000000e-01 -6.000000000e-01 0.000000000e+00 
d 0.000000000e+00 0.000000000e+00 2.297677446e-06 -8.000000000e-02 -8.000000000e-02 -2.297677446e-06 -6.000000000e-01 -6.000000000e-01 0.000000000e+00 
d 0.000000000e+00 0.000000000e+00 2.471328228e-06 -9.000000000e-02 -9.000000000e-02 -2.471328228e-06 -6.000000000e-01 -6.000000000e-01 0.000000000e+00 
d 0.000000000e+00 0.000000000e+00 2.622641911e-06 -1.000000000e-01 -1.000000000e-01 -2.622641911e-06 -6.000000000e-01 -6.000000000e-01 0.000000000e+00 
d 0.000000000e+00 0.000000000e+00 2.753626485e-06 -1.100000000e-01 -1.100000000e-01 -2.753626485e-06 -6.000000000e-01 -6.000000000e-01 0.000000000e+00 
d 0.000000000e+00 0.000000000e+00 2.866537575e-06 -1.200000000e-01 -1.200000000e-01 -2.866537575e-06 -6.000000000e-01 -6.000000000e-01 0.000000000e+00 
d 0.000000000e+00 0.000000000e+00 2.963733365e-06 -1.300000000e-01 -1.300000000e-01 -2.963733365e-06 -6.000000000e-01 -6.000000000e-01 0.000000000e+00 
d 0.000000000e+00 0.000000000e+00 3.047539856e-06 -1.400000000e-01 -1.400000000e-01 -3.047539856e-06 -6.000000000e-01 -6.000000000e-01 0.000000000e+00 
d 0.000000000e+00 0.000000000e+00 3.120140421e-06 -1.500000000e-01 -1.500000000e-01 -3.120140421e-06 -6.000000000e-01 -6.000000000e-01 0.000000000e+00 
d 0.000000000e+00 0.000000000e+00 3.183499769e-06 -1.600000000e-01 -1.600000000e-01 -3.183499769e-06 -6.000000000e-01 -6.000000000e-01 0.000000000e+00 
d 0.000000000e+00 0.000000000e+00 3.239325012e-06 -1.700000000e-01 -1.700000000e-01 -3.239325012e-06 -6.000000000e-01 -6.000000000e-01 0.000000000e+00 
d 0.000000000e+00 0.000000000e+00 3.289056884e-06 -1.800000000e-01 -1.800000000e-01 -3.289056884e-06 -6.000000000e-01 -6.000000000e-01 0.000000000e+00 
d 0.000000000e+00 0.000000000e+00 3.333882508e-06 -1.900000000e-01 -1.900000000e-01 -3.333882508e-06 -6.000000000e-01 -6.000000000e-01 0.000000000e+00 
d 0.000000000e+00 0.000000000e+00 3.374762432e-06 -2.000000000e-01 -2.000000000e-01 -3.374762432e-06 -6.000000000e-01 -6.000000000e-01 0.000000000e+00 
d 0.000000000e+00 0.000000000e+00 3.412463476e-06 -2.100000000e-01 -2.100000000e-01 -3.412463476e-06 -6.000000000e-01 -6.000000000e-01 0.000000000e+00 
d 0.000000000e+00 0.000000000e+00 3.447590368e-06 -2.200000000e-01 -2.200000000e-01 -3.447590368e-06 -6.000000000e-01 -6.000000000e-01 0.000000000e+00 
d 0.000000000e+00 0.000000000e+00 3.480618462e-06 -2.300000000e-01 -2.300000000e-01 -3.480618462e-06 -6.000000000e-01 -6.000000000e-01 0.000000000e+00 
d 0.000000000e+00 0.000000000e+00 3.511919133e-06 -2.400000000e-01 -2.400000000e-01 -3.511919133e-06 -6.000000000e-01 -6.000000000e-01 0.000000000e+00 
d 0.000000000e+00 0.000000000e+00 3.541781607e-06 -2.500000000e-01 -2.500000000e-01 -3.541781607e-06 -6.000000000e-01 -6.000000000e-01 0.000000000e+00 
d 0.000000000e+00 0.000000000e+00 3.570432591e-06 -2.600000000e-01 -2.600000000e-01 -3.570432591e-06 -6.000000000e-01 -6.000000000e-01 0.000000000e+00 
d 0.000000000e+00 0.000000000e+00 3.598049431e-06 -2.700000000e-01 -2.700000000e-01 -3.598049431e-06 -6.000000000e-01 -6.000000000e-01 0.000000000e+00 
d 0.000000000e+00 0.000000000e+00 3.624771159e-06 -2.800000000e-01 -2.800000000e-01 -3.624771159e-06 -6.000000000e-01 -6.000000000e-01 0.000000000e+00 
d 0.000000000e+00 0.000000000e+00 3.650708213e-06 -2.900000000e-01 -2.900000000e-01 -3.650708213e-06 -6.000000000e-01 -6.000000000e-01 0.000000000e+00 
d 0.000000000e+00 0.000000000e+00 3.675948893e-06 -3.000000000e-01 -3.000000000e-01 -3.675948893e-06 -6.000000000e-01 -6.000000000e-01 0.000000000e+00 
d 0.000000000e+00 0.000000000e+00 3.700564019e-06 -3.100000000e-01 -3.100000000e-01 -3.700564019e-06 -6.000000000e-01 -6.000000000e-01 0.000000000e+00 
d 0.000000000e+00 0.000000000e+00 3.724610580e-06 -3.200000000e-01 -3.200000000e-01 -3.724610580e-06 -6.000000000e-01 -6.000000000e-01 0.000000000e+00 
d 0.000000000e+00 0.000000000e+00 3.748137159e-06 -3.300000000e-01 -3.300000000e-01 -3.748137159e-06 -6.000000000e-01 -6.000000000e-01 0.000000000e+00 
d 0.000000000e+00 0.000000000e+00 3.771183912e-06 -3.400000000e-01 -3.400000000e-01 -3.771183912e-06 -6.000000000e-01 -6.000000000e-01 0.000000000e+00 
d 0.000000000e+00 0.000000000e+00 3.793933384e-06 -3.500000000e-01 -3.500000000e-01 -3.793933384e-06 -6.000000000e-01 -6.000000000e-01 0.000000000e+00 
d 0.000000000e+00 0.000000000e+00 3.815995312e-06 -3.600000000e-01 -3.600000000e-01 -3.815995312e-06 -6.000000000e-01 -6.000000000e-01 0.000000000e+00 
d 0.000000000e+00 0.000000000e+00 3.837858945e-06 -3.700000000e-01 -3.700000000e-01 -3.837858945e-06 -6.000000000e-01 -6.000000000e-01 0.000000000e+00 
d 0.000000000e+00 0.000000000e+00 3.859367444e-06 -3.800000000e-01 -3.800000000e-01 -3.859367444e-06 -6.000000000e-01 -6.000000000e-01 0.000000000e+00 
d 0.000000000e+00 0.000000000e+00 3.880430095e-06 -3.900000000e-01 -3.900000000e-01 -3.880430095e-06 -6.000000000e-01 -6.000000000e-01 0.000000000e+00 
d 0.000000000e+00 0.000000000e+00 3.901154785e-06 -4.000000000e-01 -4.000000000e-01 -3.901154785e-06 -6.000000000e-01 -6.000000000e-01 0.000000000e+00 
d 0.000000000e+00 0.000000000e+00 3.921583720e-06 -4.100000000e-01 -4.100000000e-01 -3.921583720e-06 -6.000000000e-01 -6.000000000e-01 0.000000000e+00 
d 0.000000000e+00 0.000000000e+00 3.941717097e-06 -4.200000000e-01 -4.200000000e-01 -3.941717097e-06 -6.000000000e-01 -6.000000000e-01 0.000000000e+00 
d 0.000000000e+00 0.000000000e+00 3.961564442e-06 -4.300000000e-01 -4.300000000e-01 -3.961564442e-06 -6.000000000e-01 -6.000000000e-01 0.000000000e+00 
d 0.000000000e+00 0.000000000e+00 3.981140415e-06 -4.400000000e-01 -4.400000000e-01 -3.981140415e-06 -6.000000000e-01 -6.000000000e-01 0.000000000e+00 
d 0.000000000e+00 0.000000000e+00 4.000455271e-06 -4.500000000e-01 -4.500000000e-01 -4.000455271e-06 -6.000000000e-01 -6.000000000e-01 0.000000000e+00 
d 0.000000000e+00 0.000000000e+00 4.019519949e-06 -4.600000000e-01 -4.600000000e-01 -4.019519949e-06 -6.000000000e-01 -6.000000000e-01 0.000000000e+00 
d 0.000000000e+00 0.000000000e+00 4.038343628e-06 -4.700000000e-01 -4.700000000e-01 -4.038343628e-06 -6.000000000e-01 -6.000000000e-01 0.000000000e+00 
d 0.000000000e+00 0.000000000e+00 4.056935670e-06 -4.800000000e-01 -4.800000000e-01 -4.056935670e-06 -6.000000000e-01 -6.000000000e-01 0.000000000e+00 
d 0.000000000e+00 0.000000000e+00 4.075302268e-06 -4.900000000e-01 -4.900000000e-01 -4.075302268e-06 -6.000000000e-01 -6.000000000e-01 0.000000000e+00 
d 0.000000000e+00 0.000000000e+00 4.093453639e-06 -5.000000000e-01 -5.000000000e-01 -4.093453639e-06 -6.000000000e-01 -6.000000000e-01 0.000000000e+00 
d 0.000000000e+00 0.000000000e+00 4.111394653e-06 -5.100000000e-01 -5.100000000e-01 -4.111394653e-06 -6.000000000e-01 -6.000000000e-01 0.000000000e+00 
d 0.000000000e+00 0.000000000e+00 4.129132931e-06 -5.200000000e-01 -5.200000000e-01 -4.129132931e-06 -6.000000000e-01 -6.000000000e-01 0.000000000e+00 
d 0.000000000e+00 0.000000000e+00 4.146675428e-06 -5.300000000e-01 -5.300000000e-01 -4.146675428e-06 -6.000000000e-01 -6.000000000e-01 0.000000000e+00 
d 0.000000000e+00 0.000000000e+00 4.164026844e-06 -5.400000000e-01 -5.400000000e-01 -4.164026844e-06 -6.000000000e-01 -6.000000000e-01 0.000000000e+00 
d 0.000000000e+00 0.000000000e+00 4.181193376e-06 -5.500000000e-01 -5.500000000e-01 -4.181193376e-06 -6.000000000e-01 -6.000000000e-01 0.000000000e+00 
d 0.000000000e+00 0.000000000e+00 4.198180524e-06 -5.600000000e-01 -5.600000000e-01 -4.198180524e-06 -6.000000000e-01 -6.000000000e-01 0.000000000e+00 
d 0.000000000e+00 0.000000000e+00 4.214993653e-06 -5.700000000e-01 -5.700000000e-01 -4.214993653e-06 -6.000000000e-01 -6.000000000e-01 0.000000000e+00 
d 0.000000000e+00 0.000000000e+00 4.231637142e-06 -5.800000000e-01 -5.800000000e-01 -4.231637142e-06 -6.000000000e-01 -6.000000000e-01 0.000000000e+00 
d 0.000000000e+00 0.000000000e+00 4.248116508e-06 -5.900000000e-01 -5.900000000e-01 -4.248116508e-06 -6.000000000e-01 -6.000000000e-01 0.000000000e+00 
d 0.000000000e+00 0.000000000e+00 4.264436766e-06 -6.000000000e-01 -6.000000000e-01 -4.264436766e-06 -6.000000000e-01 -6.000000000e-01 0.000000000e+00 
d 0.000000000e+00 0.000000000e+00 4.280600806e-06 -6.100000000e-01 -6.100000000e-01 -4.280600806e-06 -6.000000000e-01 -6.000000000e-01 0.000000000e+00 
d 0.000000000e+00 0.000000000e+00 4.296614119e-06 -6.200000000e-01 -6.200000000e-01 -4.296614119e-06 -6.000000000e-01 -6.000000000e-01 0.000000000e+00 
d 0.000000000e+00 0.000000000e+00 4.312481090e-06 -6.300000000e-01 -6.300000000e-01 -4.312481090e-06 -6.000000000e-01 -6.000000000e-01 0.000000000e+00 
d 0.000000000e+00 0.000000000e+00 4.328204225e-06 -6.400000000e-01 -6.400000000e-01 -4.328204225e-06 -6.000000000e-01 -6.000000000e-01 0.000000000e+00 
d 0.000000000e+00 0.000000000e+00 4.343788968e-06 -6.500000000e-01 -6.500000000e-01 -4.343788968e-06 -6.000000000e-01 -6.000000000e-01 0.000000000e+00 
d 0.000000000e+00 0.000000000e+00 4.359238056e-06 -6.600000000e-01 -6.600000000e-01 -4.359238056e-06 -6.000000000e-01 -6.000000000e-01 0.000000000e+00 
d 0.000000000e+00 0.000000000e+00 4.374555147e-06 -6.700000000e-01 -6.700000000e-01 -4.374555147e-06 -6.000000000e-01 -6.000000000e-01 0.000000000e+00 
d 0.000000000e+00 0.000000000e+00 4.389743121e-06 -6.800000000e-01 -6.800000000e-01 -4.389743121e-06 -6.000000000e-01 -6.000000000e-01 0.000000000e+00 
d 0.000000000e+00 0.000000000e+00 4.404806037e-06 -6.900000000e-01 -6.900000000e-01 -4.404806037e-06 -6.000000000e-01 -6.000000000e-01 0.000000000e+00 
d 0.000000000e+00 0.000000000e+00 4.419746733e-06 -7.000000000e-01 -7.000000000e-01 -4.419746733e-06 -6.000000000e-01 -6.000000000e-01 0.000000000e+00 
d 0.000000000e+00 0.000000000e+00 4.434567879e-06 -7.100000000e-01 -7.100000000e-01 -4.434567879e-06 -6.000000000e-01 -6.000000000e-01 0.000000000e+00 
d 0.000000000e+00 0.000000000e+00 4.449272358e-06 -7.200000000e-01 -7.200000000e-01 -4.449272358e-06 -6.000000000e-01 -6.000000000e-01 0.000000000e+00 
d 0.000000000e+00 0.000000000e+00 4.463862888e-06 -7.300000000e-01 -7.300000000e-01 -4.463862888e-06 -6.000000000e-01 -6.000000000e-01 0.000000000e+00 
d 0.000000000e+00 0.000000000e+00 4.478341951e-06 -7.400000000e-01 -7.400000000e-01 -4.478341951e-06 -6.000000000e-01 -6.000000000e-01 0.000000000e+00 
d 0.000000000e+00 0.000000000e+00 4.492712531e-06 -7.500000000e-01 -7.500000000e-01 -4.492712531e-06 -6.000000000e-01 -6.000000000e-01 0.000000000e+00 
d 0.000000000e+00 0.000000000e+00 4.506977205e-06 -7.600000000e-01 -7.600000000e-01 -4.506977205e-06 -6.000000000e-01 -6.000000000e-01 0.000000000e+00 
d 0.000000000e+00 0.000000000e+00 4.521136384e-06 -7.700000000e-01 -7.700000000e-01 -4.521136384e-06 -6.000000000e-01 -6.000000000e-01 0.000000000e+00 
d 0.000000000e+00 0.000000000e+00 4.535195261e-06 -7.800000000e-01 -7.800000000e-01 -4.535195261e-06 -6.000000000e-01 -6.000000000e-01 0.000000000e+00 
d 0.000000000e+00 0.000000000e+00 4.549154478e-06 -7.900000000e-01 -7.900000000e-01 -4.549154478e-06 -6.000000000e-01 -6.000000000e-01 0.000000000e+00 
d 0.000000000e+00 0.000000000e+00 4.563015425e-06 -8.000000000e-01 -8.000000000e-01 -4.563015425e-06 -6.000000000e-01 -6.000000000e-01 0.000000000e+00 
