v ATLAS
# This file was created by ATLAS version 5.28.1.R on Sun Jul 27 22:22:51 2025.
#SSF 2.0 generic
##############################################################################
#                    Copyright (c) 1984 - 2019                               #
#                    Silvaco Inc. All rights reserved                        #
#                                                                            #
# This file format and the following Key are copyright Silvaco Inc.          #
# You may not use, this format or key without reproducing this message in    #
# full and obtaining express written permission from Silvaco Inc.            #
#                                                                            #
# To obtain such permission please contact: Silvaco Inc.                     #
#                                           support@silvaco.com              #
#                                                                            #
# KEY=SVC86hn7562asdx                       PROD=345                         #
##############################################################################
y 3 700 711 15
z 0 1e+41 300
f 3 "source" "drain" "gate" 
p 9 2 601 20 3 602 21 4 603 22 
d 0.000000000e+00 0.000000000e+00 5.519600227e-22 0.000000000e+00 0.000000000e+00 3.658839846e-22 -6.000000000e-01 -6.000000000e-01 0.000000000e+00 
d 0.000000000e+00 0.000000000e+00 -3.032937231e-06 1.000000000e-01 1.000000000e-01 3.032937231e-06 -6.000000000e-01 -6.000000000e-01 0.000000000e+00 
d 0.000000000e+00 0.000000000e+00 -2.674607072e-06 9.000000000e-02 9.000000000e-02 2.674607072e-06 -6.000000000e-01 -6.000000000e-01 0.000000000e+00 
d 0.000000000e+00 0.000000000e+00 -2.328124399e-06 8.000000000e-02 8.000000000e-02 2.328124399e-06 -6.000000000e-01 -6.000000000e-01 0.000000000e+00 
d 0.000000000e+00 0.000000000e+00 -1.992933056e-06 7.000000000e-02 7.000000000e-02 1.992933056e-06 -6.000000000e-01 -6.000000000e-01 0.000000000e+00 
d 0.000000000e+00 0.000000000e+00 -1.668878816e-06 6.000000000e-02 6.000000000e-02 1.668878816e-06 -6.000000000e-01 -6.000000000e-01 0.000000000e+00 
d 0.000000000e+00 0.000000000e+00 -1.356226885e-06 5.000000000e-02 5.000000000e-02 1.356226885e-06 -6.000000000e-01 -6.000000000e-01 0.000000000e+00 
d 0.000000000e+00 0.000000000e+00 -1.055709726e-06 4.000000000e-02 4.000000000e-02 1.055709726e-06 -6.000000000e-01 -6.000000000e-01 0.000000000e+00 
d 0.000000000e+00 0.000000000e+00 -7.684144074e-07 3.000000000e-02 3.000000000e-02 7.684144074e-07 -6.000000000e-01 -6.000000000e-01 0.000000000e+00 
d 0.000000000e+00 0.000000000e+00 -4.956952759e-07 2.000000000e-02 2.000000000e-02 4.956952759e-07 -6.000000000e-01 -6.000000000e-01 0.000000000e+00 
d 0.000000000e+00 0.000000000e+00 -2.390540873e-07 1.000000000e-02 1.000000000e-02 2.390540873e-07 -6.000000000e-01 -6.000000000e-01 0.000000000e+00 
d 0.000000000e+00 0.000000000e+00 3.242141766e-22 -2.583138497e-17 -2.583138497e-17 -6.327075058e-22 -6.000000000e-01 -6.000000000e-01 0.000000000e+00 
d 0.000000000e+00 0.000000000e+00 2.200995920e-07 -1.000000000e-02 -1.000000000e-02 -2.200995920e-07 -6.000000000e-01 -6.000000000e-01 0.000000000e+00 
d 0.000000000e+00 0.000000000e+00 4.201648982e-07 -2.000000000e-02 -2.000000000e-02 -4.201648982e-07 -6.000000000e-01 -6.000000000e-01 0.000000000e+00 
d 0.000000000e+00 0.000000000e+00 5.995292600e-07 -3.000000000e-02 -3.000000000e-02 -5.995292600e-07 -6.000000000e-01 -6.000000000e-01 0.000000000e+00 
d 0.000000000e+00 0.000000000e+00 7.579785641e-07 -4.000000000e-02 -4.000000000e-02 -7.579785641e-07 -6.000000000e-01 -6.000000000e-01 0.000000000e+00 
d 0.000000000e+00 0.000000000e+00 8.959251599e-07 -5.000000000e-02 -5.000000000e-02 -8.959251599e-07 -6.000000000e-01 -6.000000000e-01 0.000000000e+00 
d 0.000000000e+00 0.000000000e+00 1.014265729e-06 -6.000000000e-02 -6.000000000e-02 -1.014265729e-06 -6.000000000e-01 -6.000000000e-01 0.000000000e+00 
d 0.000000000e+00 0.000000000e+00 1.114394509e-06 -7.000000000e-02 -7.000000000e-02 -1.114394509e-06 -6.000000000e-01 -6.000000000e-01 0.000000000e+00 
d 0.000000000e+00 0.000000000e+00 1.198077578e-06 -8.000000000e-02 -8.000000000e-02 -1.198077578e-06 -6.000000000e-01 -6.000000000e-01 0.000000000e+00 
d 0.000000000e+00 0.000000000e+00 1.267314827e-06 -9.000000000e-02 -9.000000000e-02 -1.267314827e-06 -6.000000000e-01 -6.000000000e-01 0.000000000e+00 
d 0.000000000e+00 0.000000000e+00 1.324193557e-06 -1.000000000e-01 -1.000000000e-01 -1.324193557e-06 -6.000000000e-01 -6.000000000e-01 0.000000000e+00 
d 0.000000000e+00 0.000000000e+00 1.370754730e-06 -1.100000000e-01 -1.100000000e-01 -1.370754730e-06 -6.000000000e-01 -6.000000000e-01 0.000000000e+00 
d 0.000000000e+00 0.000000000e+00 1.408887657e-06 -1.200000000e-01 -1.200000000e-01 -1.408887657e-06 -6.000000000e-01 -6.000000000e-01 0.000000000e+00 
d 0.000000000e+00 0.000000000e+00 1.440262531e-06 -1.300000000e-01 -1.300000000e-01 -1.440262531e-06 -6.000000000e-01 -6.000000000e-01 0.000000000e+00 
d 0.000000000e+00 0.000000000e+00 1.466300872e-06 -1.400000000e-01 -1.400000000e-01 -1.466300872e-06 -6.000000000e-01 -6.000000000e-01 0.000000000e+00 
d 0.000000000e+00 0.000000000e+00 1.488173033e-06 -1.500000000e-01 -1.500000000e-01 -1.488173033e-06 -6.000000000e-01 -6.000000000e-01 0.000000000e+00 
d 0.000000000e+00 0.000000000e+00 1.506817855e-06 -1.600000000e-01 -1.600000000e-01 -1.506817855e-06 -6.000000000e-01 -6.000000000e-01 0.000000000e+00 
d 0.000000000e+00 0.000000000e+00 1.522973033e-06 -1.700000000e-01 -1.700000000e-01 -1.522973033e-06 -6.000000000e-01 -6.000000000e-01 0.000000000e+00 
d 0.000000000e+00 0.000000000e+00 1.537209547e-06 -1.800000000e-01 -1.800000000e-01 -1.537209547e-06 -6.000000000e-01 -6.000000000e-01 0.000000000e+00 
d 0.000000000e+00 0.000000000e+00 1.549963221e-06 -1.900000000e-01 -1.900000000e-01 -1.549963221e-06 -6.000000000e-01 -6.000000000e-01 0.000000000e+00 
d 0.000000000e+00 0.000000000e+00 1.561564468e-06 -2.000000000e-01 -2.000000000e-01 -1.561564468e-06 -6.000000000e-01 -6.000000000e-01 0.000000000e+00 
d 0.000000000e+00 0.000000000e+00 1.572262792e-06 -2.100000000e-01 -2.100000000e-01 -1.572262792e-06 -6.000000000e-01 -6.000000000e-01 0.000000000e+00 
d 0.000000000e+00 0.000000000e+00 1.582245270e-06 -2.200000000e-01 -2.200000000e-01 -1.582245270e-06 -6.000000000e-01 -6.000000000e-01 0.000000000e+00 
d 0.000000000e+00 0.000000000e+00 1.591653460e-06 -2.300000000e-01 -2.300000000e-01 -1.591653460e-06 -6.000000000e-01 -6.000000000e-01 0.000000000e+00 
d 0.000000000e+00 0.000000000e+00 1.600594015e-06 -2.400000000e-01 -2.400000000e-01 -1.600594015e-06 -6.000000000e-01 -6.000000000e-01 0.000000000e+00 
d 0.000000000e+00 0.000000000e+00 1.609147702e-06 -2.500000000e-01 -2.500000000e-01 -1.609147702e-06 -6.000000000e-01 -6.000000000e-01 0.000000000e+00 
d 0.000000000e+00 0.000000000e+00 1.617376071e-06 -2.600000000e-01 -2.600000000e-01 -1.617376071e-06 -6.000000000e-01 -6.000000000e-01 0.000000000e+00 
d 0.000000000e+00 0.000000000e+00 1.625409804e-06 -2.700000000e-01 -2.700000000e-01 -1.625409804e-06 -6.000000000e-01 -6.000000000e-01 0.000000000e+00 
d 0.000000000e+00 0.000000000e+00 1.633135070e-06 -2.800000000e-01 -2.800000000e-01 -1.633135070e-06 -6.000000000e-01 -6.000000000e-01 0.000000000e+00 
d 0.000000000e+00 0.000000000e+00 1.640615348e-06 -2.900000000e-01 -2.900000000e-01 -1.640615348e-06 -6.000000000e-01 -6.000000000e-01 0.000000000e+00 
d 0.000000000e+00 0.000000000e+00 1.647916447e-06 -3.000000000e-01 -3.000000000e-01 -1.647916447e-06 -6.000000000e-01 -6.000000000e-01 0.000000000e+00 
d 0.000000000e+00 0.000000000e+00 1.655051831e-06 -3.100000000e-01 -3.100000000e-01 -1.655051831e-06 -6.000000000e-01 -6.000000000e-01 0.000000000e+00 
d 0.000000000e+00 0.000000000e+00 1.662032732e-06 -3.200000000e-01 -3.200000000e-01 -1.662032732e-06 -6.000000000e-01 -6.000000000e-01 0.000000000e+00 
d 0.000000000e+00 0.000000000e+00 1.668872364e-06 -3.300000000e-01 -3.300000000e-01 -1.668872364e-06 -6.000000000e-01 -6.000000000e-01 0.000000000e+00 
d 0.000000000e+00 0.000000000e+00 1.675580622e-06 -3.400000000e-01 -3.400000000e-01 -1.675580622e-06 -6.000000000e-01 -6.000000000e-01 0.000000000e+00 
d 0.000000000e+00 0.000000000e+00 1.682166821e-06 -3.500000000e-01 -3.500000000e-01 -1.682166821e-06 -6.000000000e-01 -6.000000000e-01 0.000000000e+00 
d 0.000000000e+00 0.000000000e+00 1.688638361e-06 -3.600000000e-01 -3.600000000e-01 -1.688638361e-06 -6.000000000e-01 -6.000000000e-01 0.000000000e+00 
d 0.000000000e+00 0.000000000e+00 1.695002342e-06 -3.700000000e-01 -3.700000000e-01 -1.695002342e-06 -6.000000000e-01 -6.000000000e-01 0.000000000e+00 
d 0.000000000e+00 0.000000000e+00 1.701264267e-06 -3.800000000e-01 -3.800000000e-01 -1.701264267e-06 -6.000000000e-01 -6.000000000e-01 0.000000000e+00 
d 0.000000000e+00 0.000000000e+00 1.707429062e-06 -3.900000000e-01 -3.900000000e-01 -1.707429062e-06 -6.000000000e-01 -6.000000000e-01 0.000000000e+00 
d 0.000000000e+00 0.000000000e+00 1.713502514e-06 -4.000000000e-01 -4.000000000e-01 -1.713502514e-06 -6.000000000e-01 -6.000000000e-01 0.000000000e+00 
d 0.000000000e+00 0.000000000e+00 1.719487498e-06 -4.100000000e-01 -4.100000000e-01 -1.719487498e-06 -6.000000000e-01 -6.000000000e-01 0.000000000e+00 
d 0.000000000e+00 0.000000000e+00 1.725389058e-06 -4.200000000e-01 -4.200000000e-01 -1.725389058e-06 -6.000000000e-01 -6.000000000e-01 0.000000000e+00 
d 0.000000000e+00 0.000000000e+00 1.731210048e-06 -4.300000000e-01 -4.300000000e-01 -1.731210048e-06 -6.000000000e-01 -6.000000000e-01 0.000000000e+00 
d 0.000000000e+00 0.000000000e+00 1.736953598e-06 -4.400000000e-01 -4.400000000e-01 -1.736953598e-06 -6.000000000e-01 -6.000000000e-01 0.000000000e+00 
d 0.000000000e+00 0.000000000e+00 1.742622674e-06 -4.500000000e-01 -4.500000000e-01 -1.742622674e-06 -6.000000000e-01 -6.000000000e-01 0.000000000e+00 
d 0.000000000e+00 0.000000000e+00 1.748220176e-06 -4.600000000e-01 -4.600000000e-01 -1.748220176e-06 -6.000000000e-01 -6.000000000e-01 0.000000000e+00 
d 0.000000000e+00 0.000000000e+00 1.753748140e-06 -4.700000000e-01 -4.700000000e-01 -1.753748140e-06 -6.000000000e-01 -6.000000000e-01 0.000000000e+00 
d 0.000000000e+00 0.000000000e+00 1.759209391e-06 -4.800000000e-01 -4.800000000e-01 -1.759209391e-06 -6.000000000e-01 -6.000000000e-01 0.000000000e+00 
d 0.000000000e+00 0.000000000e+00 1.764606107e-06 -4.900000000e-01 -4.900000000e-01 -1.764606107e-06 -6.000000000e-01 -6.000000000e-01 0.000000000e+00 
d 0.000000000e+00 0.000000000e+00 1.769939991e-06 -5.000000000e-01 -5.000000000e-01 -1.769939991e-06 -6.000000000e-01 -6.000000000e-01 0.000000000e+00 
d 0.000000000e+00 0.000000000e+00 1.775213554e-06 -5.100000000e-01 -5.100000000e-01 -1.775213554e-06 -6.000000000e-01 -6.000000000e-01 0.000000000e+00 
d 0.000000000e+00 0.000000000e+00 1.780427432e-06 -5.200000000e-01 -5.200000000e-01 -1.780427432e-06 -6.000000000e-01 -6.000000000e-01 0.000000000e+00 
d 0.000000000e+00 0.000000000e+00 1.785584766e-06 -5.300000000e-01 -5.300000000e-01 -1.785584766e-06 -6.000000000e-01 -6.000000000e-01 0.000000000e+00 
d 0.000000000e+00 0.000000000e+00 1.790686495e-06 -5.400000000e-01 -5.400000000e-01 -1.790686495e-06 -6.000000000e-01 -6.000000000e-01 0.000000000e+00 
d 0.000000000e+00 0.000000000e+00 1.795734008e-06 -5.500000000e-01 -5.500000000e-01 -1.795734008e-06 -6.000000000e-01 -6.000000000e-01 0.000000000e+00 
d 0.000000000e+00 0.000000000e+00 1.800728717e-06 -5.600000000e-01 -5.600000000e-01 -1.800728717e-06 -6.000000000e-01 -6.000000000e-01 0.000000000e+00 
d 0.000000000e+00 0.000000000e+00 1.805672250e-06 -5.700000000e-01 -5.700000000e-01 -1.805672250e-06 -6.000000000e-01 -6.000000000e-01 0.000000000e+00 
d 0.000000000e+00 0.000000000e+00 1.810565824e-06 -5.800000000e-01 -5.800000000e-01 -1.810565824e-06 -6.000000000e-01 -6.000000000e-01 0.000000000e+00 
d 0.000000000e+00 0.000000000e+00 1.815410350e-06 -5.900000000e-01 -5.900000000e-01 -1.815410350e-06 -6.000000000e-01 -6.000000000e-01 0.000000000e+00 
d 0.000000000e+00 0.000000000e+00 1.820207246e-06 -6.000000000e-01 -6.000000000e-01 -1.820207246e-06 -6.000000000e-01 -6.000000000e-01 0.000000000e+00 
d 0.000000000e+00 0.000000000e+00 1.824957778e-06 -6.100000000e-01 -6.100000000e-01 -1.824957778e-06 -6.000000000e-01 -6.000000000e-01 0.000000000e+00 
d 0.000000000e+00 0.000000000e+00 1.829663499e-06 -6.200000000e-01 -6.200000000e-01 -1.829663499e-06 -6.000000000e-01 -6.000000000e-01 0.000000000e+00 
d 0.000000000e+00 0.000000000e+00 1.834323831e-06 -6.300000000e-01 -6.300000000e-01 -1.834323831e-06 -6.000000000e-01 -6.000000000e-01 0.000000000e+00 
d 0.000000000e+00 0.000000000e+00 1.838941808e-06 -6.400000000e-01 -6.400000000e-01 -1.838941808e-06 -6.000000000e-01 -6.000000000e-01 0.000000000e+00 
d 0.000000000e+00 0.000000000e+00 1.843516552e-06 -6.500000000e-01 -6.500000000e-01 -1.843516552e-06 -6.000000000e-01 -6.000000000e-01 0.000000000e+00 
d 0.000000000e+00 0.000000000e+00 1.848050885e-06 -6.600000000e-01 -6.600000000e-01 -1.848050885e-06 -6.000000000e-01 -6.000000000e-01 0.000000000e+00 
d 0.000000000e+00 0.000000000e+00 1.852543771e-06 -6.700000000e-01 -6.700000000e-01 -1.852543771e-06 -6.000000000e-01 -6.000000000e-01 0.000000000e+00 
d 0.000000000e+00 0.000000000e+00 1.856997068e-06 -6.800000000e-01 -6.800000000e-01 -1.856997068e-06 -6.000000000e-01 -6.000000000e-01 0.000000000e+00 
d 0.000000000e+00 0.000000000e+00 1.861411911e-06 -6.900000000e-01 -6.900000000e-01 -1.861411911e-06 -6.000000000e-01 -6.000000000e-01 0.000000000e+00 
d 0.000000000e+00 0.000000000e+00 1.865788754e-06 -7.000000000e-01 -7.000000000e-01 -1.865788754e-06 -6.000000000e-01 -6.000000000e-01 0.000000000e+00 
d 0.000000000e+00 0.000000000e+00 1.870128196e-06 -7.100000000e-01 -7.100000000e-01 -1.870128196e-06 -6.000000000e-01 -6.000000000e-01 0.000000000e+00 
d 0.000000000e+00 0.000000000e+00 1.874431343e-06 -7.200000000e-01 -7.200000000e-01 -1.874431343e-06 -6.000000000e-01 -6.000000000e-01 0.000000000e+00 
d 0.000000000e+00 0.000000000e+00 1.878698419e-06 -7.300000000e-01 -7.300000000e-01 -1.878698419e-06 -6.000000000e-01 -6.000000000e-01 0.000000000e+00 
d 0.000000000e+00 0.000000000e+00 1.882930314e-06 -7.400000000e-01 -7.400000000e-01 -1.882930314e-06 -6.000000000e-01 -6.000000000e-01 0.000000000e+00 
d 0.000000000e+00 0.000000000e+00 1.887127828e-06 -7.500000000e-01 -7.500000000e-01 -1.887127828e-06 -6.000000000e-01 -6.000000000e-01 0.000000000e+00 
d 0.000000000e+00 0.000000000e+00 1.891291654e-06 -7.600000000e-01 -7.600000000e-01 -1.891291654e-06 -6.000000000e-01 -6.000000000e-01 0.000000000e+00 
d 0.000000000e+00 0.000000000e+00 1.895422675e-06 -7.700000000e-01 -7.700000000e-01 -1.895422675e-06 -6.000000000e-01 -6.000000000e-01 0.000000000e+00 
d 0.000000000e+00 0.000000000e+00 1.899521334e-06 -7.800000000e-01 -7.800000000e-01 -1.899521334e-06 -6.000000000e-01 -6.000000000e-01 0.000000000e+00 
d 0.000000000e+00 0.000000000e+00 1.903587292e-06 -7.900000000e-01 -7.900000000e-01 -1.903587292e-06 -6.000000000e-01 -6.000000000e-01 0.000000000e+00 
d 0.000000000e+00 0.000000000e+00 1.907622630e-06 -8.000000000e-01 -8.000000000e-01 -1.907622630e-06 -6.000000000e-01 -6.000000000e-01 0.000000000e+00 
