v ATLAS
# This file was created by ATLAS version 5.28.1.R on Sun Jul 27 20:56:13 2025.
#SSF 2.0 generic
##############################################################################
#                    Copyright (c) 1984 - 2019                               #
#                    Silvaco Inc. All rights reserved                        #
#                                                                            #
# This file format and the following Key are copyright Silvaco Inc.          #
# You may not use, this format or key without reproducing this message in    #
# full and obtaining express written permission from Silvaco Inc.            #
#                                                                            #
# To obtain such permission please contact: Silvaco Inc.                     #
#                                           support@silvaco.com              #
#                                                                            #
# KEY=SVC86hn7562asdx                       PROD=345                         #
##############################################################################
y 3 700 711 15
z 0 1e+41 300
f 3 "source" "drain" "gate" 
p 9 2 601 20 3 602 21 4 603 22 
d 0.000000000e+00 0.000000000e+00 2.253280495e-22 0.000000000e+00 0.000000000e+00 1.263923681e-22 -6.000000000e-01 -6.000000000e-01 0.000000000e+00 
d 0.000000000e+00 0.000000000e+00 -1.246616821e-06 1.000000000e-01 1.000000000e-01 1.246616821e-06 -6.000000000e-01 -6.000000000e-01 0.000000000e+00 
d 0.000000000e+00 0.000000000e+00 -1.049913395e-06 9.000000000e-02 9.000000000e-02 1.049913395e-06 -6.000000000e-01 -6.000000000e-01 0.000000000e+00 
d 0.000000000e+00 0.000000000e+00 -8.680942075e-07 8.000000000e-02 8.000000000e-02 8.680942075e-07 -6.000000000e-01 -6.000000000e-01 0.000000000e+00 
d 0.000000000e+00 0.000000000e+00 -7.020484097e-07 7.000000000e-02 7.000000000e-02 7.020484097e-07 -6.000000000e-01 -6.000000000e-01 0.000000000e+00 
d 0.000000000e+00 0.000000000e+00 -5.525935924e-07 6.000000000e-02 6.000000000e-02 5.525935924e-07 -6.000000000e-01 -6.000000000e-01 0.000000000e+00 
d 0.000000000e+00 0.000000000e+00 -4.201612985e-07 5.000000000e-02 5.000000000e-02 4.201612985e-07 -6.000000000e-01 -6.000000000e-01 0.000000000e+00 
d 0.000000000e+00 0.000000000e+00 -3.047945081e-07 4.000000000e-02 4.000000000e-02 3.047945081e-07 -6.000000000e-01 -6.000000000e-01 0.000000000e+00 
d 0.000000000e+00 0.000000000e+00 -2.061066266e-07 3.000000000e-02 3.000000000e-02 2.061066266e-07 -6.000000000e-01 -6.000000000e-01 0.000000000e+00 
d 0.000000000e+00 0.000000000e+00 -1.232763944e-07 2.000000000e-02 2.000000000e-02 1.232763944e-07 -6.000000000e-01 -6.000000000e-01 0.000000000e+00 
d 0.000000000e+00 0.000000000e+00 -5.508547990e-08 1.000000000e-02 1.000000000e-02 5.508547990e-08 -6.000000000e-01 -6.000000000e-01 0.000000000e+00 
d 0.000000000e+00 0.000000000e+00 -1.335088292e-21 -2.583138497e-17 -2.583138497e-17 7.250843196e-23 -6.000000000e-01 -6.000000000e-01 0.000000000e+00 
d 0.000000000e+00 0.000000000e+00 4.371339342e-08 -1.000000000e-02 -1.000000000e-02 -4.371339342e-08 -6.000000000e-01 -6.000000000e-01 0.000000000e+00 
d 0.000000000e+00 0.000000000e+00 7.785644761e-08 -2.000000000e-02 -2.000000000e-02 -7.785644761e-08 -6.000000000e-01 -6.000000000e-01 0.000000000e+00 
d 0.000000000e+00 0.000000000e+00 1.041914671e-07 -3.000000000e-02 -3.000000000e-02 -1.041914671e-07 -6.000000000e-01 -6.000000000e-01 0.000000000e+00 
d 0.000000000e+00 0.000000000e+00 1.242886965e-07 -4.000000000e-02 -4.000000000e-02 -1.242886965e-07 -6.000000000e-01 -6.000000000e-01 0.000000000e+00 
d 0.000000000e+00 0.000000000e+00 1.395395502e-07 -5.000000000e-02 -5.000000000e-02 -1.395395502e-07 -6.000000000e-01 -6.000000000e-01 0.000000000e+00 
d 0.000000000e+00 0.000000000e+00 1.510934178e-07 -6.000000000e-02 -6.000000000e-02 -1.510934178e-07 -6.000000000e-01 -6.000000000e-01 0.000000000e+00 
d 0.000000000e+00 0.000000000e+00 1.598718453e-07 -7.000000000e-02 -7.000000000e-02 -1.598718453e-07 -6.000000000e-01 -6.000000000e-01 0.000000000e+00 
d 0.000000000e+00 0.000000000e+00 1.665920059e-07 -8.000000000e-02 -8.000000000e-02 -1.665920059e-07 -6.000000000e-01 -6.000000000e-01 0.000000000e+00 
d 0.000000000e+00 0.000000000e+00 1.717991220e-07 -9.000000000e-02 -9.000000000e-02 -1.717991220e-07 -6.000000000e-01 -6.000000000e-01 0.000000000e+00 
d 0.000000000e+00 0.000000000e+00 1.758999566e-07 -1.000000000e-01 -1.000000000e-01 -1.758999566e-07 -6.000000000e-01 -6.000000000e-01 0.000000000e+00 
d 0.000000000e+00 0.000000000e+00 1.791937305e-07 -1.100000000e-01 -1.100000000e-01 -1.791937305e-07 -6.000000000e-01 -6.000000000e-01 0.000000000e+00 
d 0.000000000e+00 0.000000000e+00 1.818986690e-07 -1.200000000e-01 -1.200000000e-01 -1.818986690e-07 -6.000000000e-01 -6.000000000e-01 0.000000000e+00 
d 0.000000000e+00 0.000000000e+00 1.841724086e-07 -1.300000000e-01 -1.300000000e-01 -1.841724086e-07 -6.000000000e-01 -6.000000000e-01 0.000000000e+00 
d 0.000000000e+00 0.000000000e+00 1.861286824e-07 -1.400000000e-01 -1.400000000e-01 -1.861286824e-07 -6.000000000e-01 -6.000000000e-01 0.000000000e+00 
d 0.000000000e+00 0.000000000e+00 1.878490604e-07 -1.500000000e-01 -1.500000000e-01 -1.878490604e-07 -6.000000000e-01 -6.000000000e-01 0.000000000e+00 
d 0.000000000e+00 0.000000000e+00 1.893922651e-07 -1.600000000e-01 -1.600000000e-01 -1.893922651e-07 -6.000000000e-01 -6.000000000e-01 0.000000000e+00 
d 0.000000000e+00 0.000000000e+00 1.908005887e-07 -1.700000000e-01 -1.700000000e-01 -1.908005887e-07 -6.000000000e-01 -6.000000000e-01 0.000000000e+00 
d 0.000000000e+00 0.000000000e+00 1.921044886e-07 -1.800000000e-01 -1.800000000e-01 -1.921044886e-07 -6.000000000e-01 -6.000000000e-01 0.000000000e+00 
d 0.000000000e+00 0.000000000e+00 1.933262989e-07 -1.900000000e-01 -1.900000000e-01 -1.933262989e-07 -6.000000000e-01 -6.000000000e-01 0.000000000e+00 
d 0.000000000e+00 0.000000000e+00 1.944823094e-07 -2.000000000e-01 -2.000000000e-01 -1.944823094e-07 -6.000000000e-01 -6.000000000e-01 0.000000000e+00 
d 0.000000000e+00 0.000000000e+00 1.955843267e-07 -2.100000000e-01 -2.100000000e-01 -1.955843267e-07 -6.000000000e-01 -6.000000000e-01 0.000000000e+00 
d 0.000000000e+00 0.000000000e+00 1.966416158e-07 -2.200000000e-01 -2.200000000e-01 -1.966416158e-07 -6.000000000e-01 -6.000000000e-01 0.000000000e+00 
d 0.000000000e+00 0.000000000e+00 1.976607878e-07 -2.300000000e-01 -2.300000000e-01 -1.976607878e-07 -6.000000000e-01 -6.000000000e-01 0.000000000e+00 
d 0.000000000e+00 0.000000000e+00 1.986470478e-07 -2.400000000e-01 -2.400000000e-01 -1.986470478e-07 -6.000000000e-01 -6.000000000e-01 0.000000000e+00 
d 0.000000000e+00 0.000000000e+00 1.996045477e-07 -2.500000000e-01 -2.500000000e-01 -1.996045477e-07 -6.000000000e-01 -6.000000000e-01 0.000000000e+00 
d 0.000000000e+00 0.000000000e+00 2.005363453e-07 -2.600000000e-01 -2.600000000e-01 -2.005363453e-07 -6.000000000e-01 -6.000000000e-01 0.000000000e+00 
d 0.000000000e+00 0.000000000e+00 2.014451016e-07 -2.700000000e-01 -2.700000000e-01 -2.014451016e-07 -6.000000000e-01 -6.000000000e-01 0.000000000e+00 
d 0.000000000e+00 0.000000000e+00 2.023327615e-07 -2.800000000e-01 -2.800000000e-01 -2.023327615e-07 -6.000000000e-01 -6.000000000e-01 0.000000000e+00 
d 0.000000000e+00 0.000000000e+00 2.032010795e-07 -2.900000000e-01 -2.900000000e-01 -2.032010795e-07 -6.000000000e-01 -6.000000000e-01 0.000000000e+00 
d 0.000000000e+00 0.000000000e+00 2.040517508e-07 -3.000000000e-01 -3.000000000e-01 -2.040517508e-07 -6.000000000e-01 -6.000000000e-01 0.000000000e+00 
d 0.000000000e+00 0.000000000e+00 2.048856999e-07 -3.100000000e-01 -3.100000000e-01 -2.048856999e-07 -6.000000000e-01 -6.000000000e-01 0.000000000e+00 
d 0.000000000e+00 0.000000000e+00 2.057043079e-07 -3.200000000e-01 -3.200000000e-01 -2.057043079e-07 -6.000000000e-01 -6.000000000e-01 0.000000000e+00 
d 0.000000000e+00 0.000000000e+00 2.065082950e-07 -3.300000000e-01 -3.300000000e-01 -2.065082950e-07 -6.000000000e-01 -6.000000000e-01 0.000000000e+00 
d 0.000000000e+00 0.000000000e+00 2.072987737e-07 -3.400000000e-01 -3.400000000e-01 -2.072987737e-07 -6.000000000e-01 -6.000000000e-01 0.000000000e+00 
d 0.000000000e+00 0.000000000e+00 2.080764272e-07 -3.500000000e-01 -3.500000000e-01 -2.080764272e-07 -6.000000000e-01 -6.000000000e-01 0.000000000e+00 
d 0.000000000e+00 0.000000000e+00 2.088419896e-07 -3.600000000e-01 -3.600000000e-01 -2.088419896e-07 -6.000000000e-01 -6.000000000e-01 0.000000000e+00 
d 0.000000000e+00 0.000000000e+00 2.095959902e-07 -3.700000000e-01 -3.700000000e-01 -2.095959902e-07 -6.000000000e-01 -6.000000000e-01 0.000000000e+00 
d 0.000000000e+00 0.000000000e+00 2.103390286e-07 -3.800000000e-01 -3.800000000e-01 -2.103390286e-07 -6.000000000e-01 -6.000000000e-01 0.000000000e+00 
d 0.000000000e+00 0.000000000e+00 2.110717624e-07 -3.900000000e-01 -3.900000000e-01 -2.110717624e-07 -6.000000000e-01 -6.000000000e-01 0.000000000e+00 
d 0.000000000e+00 0.000000000e+00 2.117945961e-07 -4.000000000e-01 -4.000000000e-01 -2.117945961e-07 -6.000000000e-01 -6.000000000e-01 0.000000000e+00 
d 0.000000000e+00 0.000000000e+00 2.125078358e-07 -4.100000000e-01 -4.100000000e-01 -2.125078358e-07 -6.000000000e-01 -6.000000000e-01 0.000000000e+00 
d 0.000000000e+00 0.000000000e+00 2.132121478e-07 -4.200000000e-01 -4.200000000e-01 -2.132121478e-07 -6.000000000e-01 -6.000000000e-01 0.000000000e+00 
d 0.000000000e+00 0.000000000e+00 2.139076121e-07 -4.300000000e-01 -4.300000000e-01 -2.139076121e-07 -6.000000000e-01 -6.000000000e-01 0.000000000e+00 
d 0.000000000e+00 0.000000000e+00 2.145949513e-07 -4.400000000e-01 -4.400000000e-01 -2.145949513e-07 -6.000000000e-01 -6.000000000e-01 0.000000000e+00 
d 0.000000000e+00 0.000000000e+00 2.152742382e-07 -4.500000000e-01 -4.500000000e-01 -2.152742382e-07 -6.000000000e-01 -6.000000000e-01 0.000000000e+00 
d 0.000000000e+00 0.000000000e+00 2.159458306e-07 -4.600000000e-01 -4.600000000e-01 -2.159458306e-07 -6.000000000e-01 -6.000000000e-01 0.000000000e+00 
d 0.000000000e+00 0.000000000e+00 2.166100637e-07 -4.700000000e-01 -4.700000000e-01 -2.166100637e-07 -6.000000000e-01 -6.000000000e-01 0.000000000e+00 
d 0.000000000e+00 0.000000000e+00 2.172672561e-07 -4.800000000e-01 -4.800000000e-01 -2.172672561e-07 -6.000000000e-01 -6.000000000e-01 0.000000000e+00 
d 0.000000000e+00 0.000000000e+00 2.179176366e-07 -4.900000000e-01 -4.900000000e-01 -2.179176366e-07 -6.000000000e-01 -6.000000000e-01 0.000000000e+00 
d 0.000000000e+00 0.000000000e+00 2.185615008e-07 -5.000000000e-01 -5.000000000e-01 -2.185615008e-07 -6.000000000e-01 -6.000000000e-01 0.000000000e+00 
d 0.000000000e+00 0.000000000e+00 2.191989976e-07 -5.100000000e-01 -5.100000000e-01 -2.191989976e-07 -6.000000000e-01 -6.000000000e-01 0.000000000e+00 
d 0.000000000e+00 0.000000000e+00 2.198302791e-07 -5.200000000e-01 -5.200000000e-01 -2.198302791e-07 -6.000000000e-01 -6.000000000e-01 0.000000000e+00 
d 0.000000000e+00 0.000000000e+00 2.204555438e-07 -5.300000000e-01 -5.300000000e-01 -2.204555438e-07 -6.000000000e-01 -6.000000000e-01 0.000000000e+00 
d 0.000000000e+00 0.000000000e+00 2.210753178e-07 -5.400000000e-01 -5.400000000e-01 -2.210753178e-07 -6.000000000e-01 -6.000000000e-01 0.000000000e+00 
d 0.000000000e+00 0.000000000e+00 2.216892244e-07 -5.500000000e-01 -5.500000000e-01 -2.216892244e-07 -6.000000000e-01 -6.000000000e-01 0.000000000e+00 
d 0.000000000e+00 0.000000000e+00 2.222979745e-07 -5.600000000e-01 -5.600000000e-01 -2.222979745e-07 -6.000000000e-01 -6.000000000e-01 0.000000000e+00 
d 0.000000000e+00 0.000000000e+00 2.229012677e-07 -5.700000000e-01 -5.700000000e-01 -2.229012677e-07 -6.000000000e-01 -6.000000000e-01 0.000000000e+00 
d 0.000000000e+00 0.000000000e+00 2.234996617e-07 -5.800000000e-01 -5.800000000e-01 -2.234996617e-07 -6.000000000e-01 -6.000000000e-01 0.000000000e+00 
d 0.000000000e+00 0.000000000e+00 2.240930080e-07 -5.900000000e-01 -5.900000000e-01 -2.240930080e-07 -6.000000000e-01 -6.000000000e-01 0.000000000e+00 
d 0.000000000e+00 0.000000000e+00 2.246814676e-07 -6.000000000e-01 -6.000000000e-01 -2.246814676e-07 -6.000000000e-01 -6.000000000e-01 0.000000000e+00 
d 0.000000000e+00 0.000000000e+00 2.252653775e-07 -6.100000000e-01 -6.100000000e-01 -2.252653775e-07 -6.000000000e-01 -6.000000000e-01 0.000000000e+00 
d 0.000000000e+00 0.000000000e+00 2.258447462e-07 -6.200000000e-01 -6.200000000e-01 -2.258447462e-07 -6.000000000e-01 -6.000000000e-01 0.000000000e+00 
d 0.000000000e+00 0.000000000e+00 2.264197222e-07 -6.300000000e-01 -6.300000000e-01 -2.264197222e-07 -6.000000000e-01 -6.000000000e-01 0.000000000e+00 
d 0.000000000e+00 0.000000000e+00 2.269903223e-07 -6.400000000e-01 -6.400000000e-01 -2.269903223e-07 -6.000000000e-01 -6.000000000e-01 0.000000000e+00 
d 0.000000000e+00 0.000000000e+00 2.275567376e-07 -6.500000000e-01 -6.500000000e-01 -2.275567376e-07 -6.000000000e-01 -6.000000000e-01 0.000000000e+00 
d 0.000000000e+00 0.000000000e+00 2.281190249e-07 -6.600000000e-01 -6.600000000e-01 -2.281190249e-07 -6.000000000e-01 -6.000000000e-01 0.000000000e+00 
d 0.000000000e+00 0.000000000e+00 2.286773292e-07 -6.700000000e-01 -6.700000000e-01 -2.286773292e-07 -6.000000000e-01 -6.000000000e-01 0.000000000e+00 
d 0.000000000e+00 0.000000000e+00 2.292318001e-07 -6.800000000e-01 -6.800000000e-01 -2.292318001e-07 -6.000000000e-01 -6.000000000e-01 0.000000000e+00 
d 0.000000000e+00 0.000000000e+00 2.297825789e-07 -6.900000000e-01 -6.900000000e-01 -2.297825789e-07 -6.000000000e-01 -6.000000000e-01 0.000000000e+00 
d 0.000000000e+00 0.000000000e+00 2.303293378e-07 -7.000000000e-01 -7.000000000e-01 -2.303293378e-07 -6.000000000e-01 -6.000000000e-01 0.000000000e+00 
d 0.000000000e+00 0.000000000e+00 2.308726187e-07 -7.100000000e-01 -7.100000000e-01 -2.308726187e-07 -6.000000000e-01 -6.000000000e-01 0.000000000e+00 
d 0.000000000e+00 0.000000000e+00 2.314124817e-07 -7.200000000e-01 -7.200000000e-01 -2.314124817e-07 -6.000000000e-01 -6.000000000e-01 0.000000000e+00 
d 0.000000000e+00 0.000000000e+00 2.319485898e-07 -7.300000000e-01 -7.300000000e-01 -2.319485898e-07 -6.000000000e-01 -6.000000000e-01 0.000000000e+00 
d 0.000000000e+00 0.000000000e+00 2.324815830e-07 -7.400000000e-01 -7.400000000e-01 -2.324815830e-07 -6.000000000e-01 -6.000000000e-01 0.000000000e+00 
d 0.000000000e+00 0.000000000e+00 2.330109094e-07 -7.500000000e-01 -7.500000000e-01 -2.330109094e-07 -6.000000000e-01 -6.000000000e-01 0.000000000e+00 
d 0.000000000e+00 0.000000000e+00 2.335373478e-07 -7.600000000e-01 -7.600000000e-01 -2.335373478e-07 -6.000000000e-01 -6.000000000e-01 0.000000000e+00 
d 0.000000000e+00 0.000000000e+00 2.340602287e-07 -7.700000000e-01 -7.700000000e-01 -2.340602287e-07 -6.000000000e-01 -6.000000000e-01 0.000000000e+00 
d 0.000000000e+00 0.000000000e+00 2.345800862e-07 -7.800000000e-01 -7.800000000e-01 -2.345800862e-07 -6.000000000e-01 -6.000000000e-01 0.000000000e+00 
d 0.000000000e+00 0.000000000e+00 2.350970086e-07 -7.900000000e-01 -7.900000000e-01 -2.350970086e-07 -6.000000000e-01 -6.000000000e-01 0.000000000e+00 
d 0.000000000e+00 0.000000000e+00 2.356106797e-07 -8.000000000e-01 -8.000000000e-01 -2.356106797e-07 -6.000000000e-01 -6.000000000e-01 0.000000000e+00 
