v ATLAS
# This file was created by ATLAS version 5.28.1.R on Sun Jul 27 21:38:57 2025.
#SSF 2.0 generic
##############################################################################
#                    Copyright (c) 1984 - 2019                               #
#                    Silvaco Inc. All rights reserved                        #
#                                                                            #
# This file format and the following Key are copyright Silvaco Inc.          #
# You may not use, this format or key without reproducing this message in    #
# full and obtaining express written permission from Silvaco Inc.            #
#                                                                            #
# To obtain such permission please contact: Silvaco Inc.                     #
#                                           support@silvaco.com              #
#                                                                            #
# KEY=SVC86hn7562asdx                       PROD=345                         #
##############################################################################
y 3 700 711 15
z 0 1e+41 300
f 3 "source" "drain" "gate" 
p 9 2 601 20 3 602 21 4 603 22 
d 0.000000000e+00 0.000000000e+00 6.665619548e-22 0.000000000e+00 0.000000000e+00 -1.018759875e-22 -6.000000000e-01 -6.000000000e-01 0.000000000e+00 
d 0.000000000e+00 0.000000000e+00 -1.164223848e-06 1.000000000e-01 1.000000000e-01 1.164223848e-06 -6.000000000e-01 -6.000000000e-01 0.000000000e+00 
d 0.000000000e+00 0.000000000e+00 -9.753178099e-07 9.000000000e-02 9.000000000e-02 9.753178099e-07 -6.000000000e-01 -6.000000000e-01 0.000000000e+00 
d 0.000000000e+00 0.000000000e+00 -8.016140128e-07 8.000000000e-02 8.000000000e-02 8.016140128e-07 -6.000000000e-01 -6.000000000e-01 0.000000000e+00 
d 0.000000000e+00 0.000000000e+00 -6.439439831e-07 7.000000000e-02 7.000000000e-02 6.439439831e-07 -6.000000000e-01 -6.000000000e-01 0.000000000e+00 
d 0.000000000e+00 0.000000000e+00 -5.030640644e-07 6.000000000e-02 6.000000000e-02 5.030640644e-07 -6.000000000e-01 -6.000000000e-01 0.000000000e+00 
d 0.000000000e+00 0.000000000e+00 -3.793128905e-07 5.000000000e-02 5.000000000e-02 3.793128905e-07 -6.000000000e-01 -6.000000000e-01 0.000000000e+00 
d 0.000000000e+00 0.000000000e+00 -2.726240272e-07 4.000000000e-02 4.000000000e-02 2.726240272e-07 -6.000000000e-01 -6.000000000e-01 0.000000000e+00 
d 0.000000000e+00 0.000000000e+00 -1.824885843e-07 3.000000000e-02 3.000000000e-02 1.824885843e-07 -6.000000000e-01 -6.000000000e-01 0.000000000e+00 
d 0.000000000e+00 0.000000000e+00 -1.079557923e-07 2.000000000e-02 2.000000000e-02 1.079557923e-07 -6.000000000e-01 -6.000000000e-01 0.000000000e+00 
d 0.000000000e+00 0.000000000e+00 -4.767778779e-08 1.000000000e-02 1.000000000e-02 4.767778779e-08 -6.000000000e-01 -6.000000000e-01 0.000000000e+00 
d 0.000000000e+00 0.000000000e+00 -9.971497552e-22 -2.583138497e-17 -2.583138497e-17 -7.663113935e-23 -6.000000000e-01 -6.000000000e-01 0.000000000e+00 
d 0.000000000e+00 0.000000000e+00 3.691224924e-08 -1.000000000e-02 -1.000000000e-02 -3.691224924e-08 -6.000000000e-01 -6.000000000e-01 0.000000000e+00 
d 0.000000000e+00 0.000000000e+00 6.493799749e-08 -2.000000000e-02 -2.000000000e-02 -6.493799749e-08 -6.000000000e-01 -6.000000000e-01 0.000000000e+00 
d 0.000000000e+00 0.000000000e+00 8.584981057e-08 -3.000000000e-02 -3.000000000e-02 -8.584981057e-08 -6.000000000e-01 -6.000000000e-01 0.000000000e+00 
d 0.000000000e+00 0.000000000e+00 1.012344194e-07 -4.000000000e-02 -4.000000000e-02 -1.012344194e-07 -6.000000000e-01 -6.000000000e-01 0.000000000e+00 
d 0.000000000e+00 0.000000000e+00 1.124324018e-07 -5.000000000e-02 -5.000000000e-02 -1.124324018e-07 -6.000000000e-01 -6.000000000e-01 0.000000000e+00 
d 0.000000000e+00 0.000000000e+00 1.205267211e-07 -6.000000000e-02 -6.000000000e-02 -1.205267211e-07 -6.000000000e-01 -6.000000000e-01 0.000000000e+00 
d 0.000000000e+00 0.000000000e+00 1.263598912e-07 -7.000000000e-02 -7.000000000e-02 -1.263598912e-07 -6.000000000e-01 -6.000000000e-01 0.000000000e+00 
d 0.000000000e+00 0.000000000e+00 1.305676599e-07 -8.000000000e-02 -8.000000000e-02 -1.305676599e-07 -6.000000000e-01 -6.000000000e-01 0.000000000e+00 
d 0.000000000e+00 0.000000000e+00 1.336185231e-07 -9.000000000e-02 -9.000000000e-02 -1.336185231e-07 -6.000000000e-01 -6.000000000e-01 0.000000000e+00 
d 0.000000000e+00 0.000000000e+00 1.358516066e-07 -1.000000000e-01 -1.000000000e-01 -1.358516066e-07 -6.000000000e-01 -6.000000000e-01 0.000000000e+00 
d 0.000000000e+00 0.000000000e+00 1.375089521e-07 -1.100000000e-01 -1.100000000e-01 -1.375089521e-07 -6.000000000e-01 -6.000000000e-01 0.000000000e+00 
d 0.000000000e+00 0.000000000e+00 1.387619078e-07 -1.200000000e-01 -1.200000000e-01 -1.387619078e-07 -6.000000000e-01 -6.000000000e-01 0.000000000e+00 
d 0.000000000e+00 0.000000000e+00 1.397307639e-07 -1.300000000e-01 -1.300000000e-01 -1.397307639e-07 -6.000000000e-01 -6.000000000e-01 0.000000000e+00 
d 0.000000000e+00 0.000000000e+00 1.404997112e-07 -1.400000000e-01 -1.400000000e-01 -1.404997112e-07 -6.000000000e-01 -6.000000000e-01 0.000000000e+00 
d 0.000000000e+00 0.000000000e+00 1.411273595e-07 -1.500000000e-01 -1.500000000e-01 -1.411273595e-07 -6.000000000e-01 -6.000000000e-01 0.000000000e+00 
d 0.000000000e+00 0.000000000e+00 1.416546152e-07 -1.600000000e-01 -1.600000000e-01 -1.416546152e-07 -6.000000000e-01 -6.000000000e-01 0.000000000e+00 
d 0.000000000e+00 0.000000000e+00 1.421099539e-07 -1.700000000e-01 -1.700000000e-01 -1.421099539e-07 -6.000000000e-01 -6.000000000e-01 0.000000000e+00 
d 0.000000000e+00 0.000000000e+00 1.425132916e-07 -1.800000000e-01 -1.800000000e-01 -1.425132916e-07 -6.000000000e-01 -6.000000000e-01 0.000000000e+00 
d 0.000000000e+00 0.000000000e+00 1.428785175e-07 -1.900000000e-01 -1.900000000e-01 -1.428785175e-07 -6.000000000e-01 -6.000000000e-01 0.000000000e+00 
d 0.000000000e+00 0.000000000e+00 1.432154875e-07 -2.000000000e-01 -2.000000000e-01 -1.432154875e-07 -6.000000000e-01 -6.000000000e-01 0.000000000e+00 
d 0.000000000e+00 0.000000000e+00 1.435309400e-07 -2.100000000e-01 -2.100000000e-01 -1.435309400e-07 -6.000000000e-01 -6.000000000e-01 0.000000000e+00 
d 0.000000000e+00 0.000000000e+00 1.438298316e-07 -2.200000000e-01 -2.200000000e-01 -1.438298316e-07 -6.000000000e-01 -6.000000000e-01 0.000000000e+00 
d 0.000000000e+00 0.000000000e+00 1.441156406e-07 -2.300000000e-01 -2.300000000e-01 -1.441156406e-07 -6.000000000e-01 -6.000000000e-01 0.000000000e+00 
d 0.000000000e+00 0.000000000e+00 1.443908286e-07 -2.400000000e-01 -2.400000000e-01 -1.443908286e-07 -6.000000000e-01 -6.000000000e-01 0.000000000e+00 
d 0.000000000e+00 0.000000000e+00 1.446571912e-07 -2.500000000e-01 -2.500000000e-01 -1.446571912e-07 -6.000000000e-01 -6.000000000e-01 0.000000000e+00 
d 0.000000000e+00 0.000000000e+00 1.449160982e-07 -2.600000000e-01 -2.600000000e-01 -1.449160982e-07 -6.000000000e-01 -6.000000000e-01 0.000000000e+00 
d 0.000000000e+00 0.000000000e+00 1.451685411e-07 -2.700000000e-01 -2.700000000e-01 -1.451685411e-07 -6.000000000e-01 -6.000000000e-01 0.000000000e+00 
d 0.000000000e+00 0.000000000e+00 1.454153662e-07 -2.800000000e-01 -2.800000000e-01 -1.454153662e-07 -6.000000000e-01 -6.000000000e-01 0.000000000e+00 
d 0.000000000e+00 0.000000000e+00 1.456570830e-07 -2.900000000e-01 -2.900000000e-01 -1.456570830e-07 -6.000000000e-01 -6.000000000e-01 0.000000000e+00 
d 0.000000000e+00 0.000000000e+00 1.458942254e-07 -3.000000000e-01 -3.000000000e-01 -1.458942254e-07 -6.000000000e-01 -6.000000000e-01 0.000000000e+00 
d 0.000000000e+00 0.000000000e+00 1.461272853e-07 -3.100000000e-01 -3.100000000e-01 -1.461272853e-07 -6.000000000e-01 -6.000000000e-01 0.000000000e+00 
d 0.000000000e+00 0.000000000e+00 1.463564571e-07 -3.200000000e-01 -3.200000000e-01 -1.463564571e-07 -6.000000000e-01 -6.000000000e-01 0.000000000e+00 
d 0.000000000e+00 0.000000000e+00 1.465820336e-07 -3.300000000e-01 -3.300000000e-01 -1.465820336e-07 -6.000000000e-01 -6.000000000e-01 0.000000000e+00 
d 0.000000000e+00 0.000000000e+00 1.468043284e-07 -3.400000000e-01 -3.400000000e-01 -1.468043284e-07 -6.000000000e-01 -6.000000000e-01 0.000000000e+00 
d 0.000000000e+00 0.000000000e+00 1.470235224e-07 -3.500000000e-01 -3.500000000e-01 -1.470235224e-07 -6.000000000e-01 -6.000000000e-01 0.000000000e+00 
d 0.000000000e+00 0.000000000e+00 1.472397027e-07 -3.600000000e-01 -3.600000000e-01 -1.472397027e-07 -6.000000000e-01 -6.000000000e-01 0.000000000e+00 
d 0.000000000e+00 0.000000000e+00 1.474530423e-07 -3.700000000e-01 -3.700000000e-01 -1.474530423e-07 -6.000000000e-01 -6.000000000e-01 0.000000000e+00 
d 0.000000000e+00 0.000000000e+00 1.476637719e-07 -3.800000000e-01 -3.800000000e-01 -1.476637719e-07 -6.000000000e-01 -6.000000000e-01 0.000000000e+00 
d 0.000000000e+00 0.000000000e+00 1.478719433e-07 -3.900000000e-01 -3.900000000e-01 -1.478719433e-07 -6.000000000e-01 -6.000000000e-01 0.000000000e+00 
d 0.000000000e+00 0.000000000e+00 1.480776371e-07 -4.000000000e-01 -4.000000000e-01 -1.480776371e-07 -6.000000000e-01 -6.000000000e-01 0.000000000e+00 
d 0.000000000e+00 0.000000000e+00 1.482809338e-07 -4.100000000e-01 -4.100000000e-01 -1.482809338e-07 -6.000000000e-01 -6.000000000e-01 0.000000000e+00 
d 0.000000000e+00 0.000000000e+00 1.484820366e-07 -4.200000000e-01 -4.200000000e-01 -1.484820366e-07 -6.000000000e-01 -6.000000000e-01 0.000000000e+00 
d 0.000000000e+00 0.000000000e+00 1.486810311e-07 -4.300000000e-01 -4.300000000e-01 -1.486810311e-07 -6.000000000e-01 -6.000000000e-01 0.000000000e+00 
d 0.000000000e+00 0.000000000e+00 1.488778111e-07 -4.400000000e-01 -4.400000000e-01 -1.488778111e-07 -6.000000000e-01 -6.000000000e-01 0.000000000e+00 
d 0.000000000e+00 0.000000000e+00 1.490726675e-07 -4.500000000e-01 -4.500000000e-01 -1.490726675e-07 -6.000000000e-01 -6.000000000e-01 0.000000000e+00 
d 0.000000000e+00 0.000000000e+00 1.492656172e-07 -4.600000000e-01 -4.600000000e-01 -1.492656172e-07 -6.000000000e-01 -6.000000000e-01 0.000000000e+00 
d 0.000000000e+00 0.000000000e+00 1.494566533e-07 -4.700000000e-01 -4.700000000e-01 -1.494566533e-07 -6.000000000e-01 -6.000000000e-01 0.000000000e+00 
d 0.000000000e+00 0.000000000e+00 1.496458253e-07 -4.800000000e-01 -4.800000000e-01 -1.496458253e-07 -6.000000000e-01 -6.000000000e-01 0.000000000e+00 
d 0.000000000e+00 0.000000000e+00 1.498332588e-07 -4.900000000e-01 -4.900000000e-01 -1.498332588e-07 -6.000000000e-01 -6.000000000e-01 0.000000000e+00 
d 0.000000000e+00 0.000000000e+00 1.500189334e-07 -5.000000000e-01 -5.000000000e-01 -1.500189334e-07 -6.000000000e-01 -6.000000000e-01 0.000000000e+00 
d 0.000000000e+00 0.000000000e+00 1.502029511e-07 -5.100000000e-01 -5.100000000e-01 -1.502029511e-07 -6.000000000e-01 -6.000000000e-01 0.000000000e+00 
d 0.000000000e+00 0.000000000e+00 1.503854108e-07 -5.200000000e-01 -5.200000000e-01 -1.503854108e-07 -6.000000000e-01 -6.000000000e-01 0.000000000e+00 
d 0.000000000e+00 0.000000000e+00 1.505660856e-07 -5.300000000e-01 -5.300000000e-01 -1.505660856e-07 -6.000000000e-01 -6.000000000e-01 0.000000000e+00 
d 0.000000000e+00 0.000000000e+00 1.507453537e-07 -5.400000000e-01 -5.400000000e-01 -1.507453537e-07 -6.000000000e-01 -6.000000000e-01 0.000000000e+00 
d 0.000000000e+00 0.000000000e+00 1.509229928e-07 -5.500000000e-01 -5.500000000e-01 -1.509229928e-07 -6.000000000e-01 -6.000000000e-01 0.000000000e+00 
d 0.000000000e+00 0.000000000e+00 1.510992464e-07 -5.600000000e-01 -5.600000000e-01 -1.510992464e-07 -6.000000000e-01 -6.000000000e-01 0.000000000e+00 
d 0.000000000e+00 0.000000000e+00 1.512739127e-07 -5.700000000e-01 -5.700000000e-01 -1.512739127e-07 -6.000000000e-01 -6.000000000e-01 0.000000000e+00 
d 0.000000000e+00 0.000000000e+00 1.514472815e-07 -5.800000000e-01 -5.800000000e-01 -1.514472815e-07 -6.000000000e-01 -6.000000000e-01 0.000000000e+00 
d 0.000000000e+00 0.000000000e+00 1.516192571e-07 -5.900000000e-01 -5.900000000e-01 -1.516192571e-07 -6.000000000e-01 -6.000000000e-01 0.000000000e+00 
d 0.000000000e+00 0.000000000e+00 1.517897535e-07 -6.000000000e-01 -6.000000000e-01 -1.517897535e-07 -6.000000000e-01 -6.000000000e-01 0.000000000e+00 
d 0.000000000e+00 0.000000000e+00 1.519589556e-07 -6.100000000e-01 -6.100000000e-01 -1.519589556e-07 -6.000000000e-01 -6.000000000e-01 0.000000000e+00 
d 0.000000000e+00 0.000000000e+00 1.521268316e-07 -6.200000000e-01 -6.200000000e-01 -1.521268316e-07 -6.000000000e-01 -6.000000000e-01 0.000000000e+00 
d 0.000000000e+00 0.000000000e+00 1.522934442e-07 -6.300000000e-01 -6.300000000e-01 -1.522934442e-07 -6.000000000e-01 -6.000000000e-01 0.000000000e+00 
d 0.000000000e+00 0.000000000e+00 1.524587950e-07 -6.400000000e-01 -6.400000000e-01 -1.524587950e-07 -6.000000000e-01 -6.000000000e-01 0.000000000e+00 
d 0.000000000e+00 0.000000000e+00 1.526229182e-07 -6.500000000e-01 -6.500000000e-01 -1.526229182e-07 -6.000000000e-01 -6.000000000e-01 0.000000000e+00 
d 0.000000000e+00 0.000000000e+00 1.527858688e-07 -6.600000000e-01 -6.600000000e-01 -1.527858688e-07 -6.000000000e-01 -6.000000000e-01 0.000000000e+00 
d 0.000000000e+00 0.000000000e+00 1.529476858e-07 -6.700000000e-01 -6.700000000e-01 -1.529476858e-07 -6.000000000e-01 -6.000000000e-01 0.000000000e+00 
d 0.000000000e+00 0.000000000e+00 1.531081339e-07 -6.800000000e-01 -6.800000000e-01 -1.531081339e-07 -6.000000000e-01 -6.000000000e-01 0.000000000e+00 
d 0.000000000e+00 0.000000000e+00 1.532674885e-07 -6.900000000e-01 -6.900000000e-01 -1.532674885e-07 -6.000000000e-01 -6.000000000e-01 0.000000000e+00 
d 0.000000000e+00 0.000000000e+00 1.534257910e-07 -7.000000000e-01 -7.000000000e-01 -1.534257910e-07 -6.000000000e-01 -6.000000000e-01 0.000000000e+00 
d 0.000000000e+00 0.000000000e+00 1.535828844e-07 -7.100000000e-01 -7.100000000e-01 -1.535828844e-07 -6.000000000e-01 -6.000000000e-01 0.000000000e+00 
d 0.000000000e+00 0.000000000e+00 1.537388442e-07 -7.200000000e-01 -7.200000000e-01 -1.537388442e-07 -6.000000000e-01 -6.000000000e-01 0.000000000e+00 
d 0.000000000e+00 0.000000000e+00 1.538938688e-07 -7.300000000e-01 -7.300000000e-01 -1.538938688e-07 -6.000000000e-01 -6.000000000e-01 0.000000000e+00 
d 0.000000000e+00 0.000000000e+00 1.540476005e-07 -7.400000000e-01 -7.400000000e-01 -1.540476005e-07 -6.000000000e-01 -6.000000000e-01 0.000000000e+00 
d 0.000000000e+00 0.000000000e+00 1.542004309e-07 -7.500000000e-01 -7.500000000e-01 -1.542004309e-07 -6.000000000e-01 -6.000000000e-01 0.000000000e+00 
d 0.000000000e+00 0.000000000e+00 1.543521942e-07 -7.600000000e-01 -7.600000000e-01 -1.543521942e-07 -6.000000000e-01 -6.000000000e-01 0.000000000e+00 
d 0.000000000e+00 0.000000000e+00 1.545028459e-07 -7.700000000e-01 -7.700000000e-01 -1.545028459e-07 -6.000000000e-01 -6.000000000e-01 0.000000000e+00 
d 0.000000000e+00 0.000000000e+00 1.546525990e-07 -7.800000000e-01 -7.800000000e-01 -1.546525990e-07 -6.000000000e-01 -6.000000000e-01 0.000000000e+00 
d 0.000000000e+00 0.000000000e+00 1.548013373e-07 -7.900000000e-01 -7.900000000e-01 -1.548013373e-07 -6.000000000e-01 -6.000000000e-01 0.000000000e+00 
d 0.000000000e+00 0.000000000e+00 1.549489905e-07 -8.000000000e-01 -8.000000000e-01 -1.549489905e-07 -6.000000000e-01 -6.000000000e-01 0.000000000e+00 
