v ATLAS
# This file was created by ATLAS version 5.28.1.R on Sun Jul 27 23:47:56 2025.
#SSF 2.0 generic
##############################################################################
#                    Copyright (c) 1984 - 2019                               #
#                    Silvaco Inc. All rights reserved                        #
#                                                                            #
# This file format and the following Key are copyright Silvaco Inc.          #
# You may not use, this format or key without reproducing this message in    #
# full and obtaining express written permission from Silvaco Inc.            #
#                                                                            #
# To obtain such permission please contact: Silvaco Inc.                     #
#                                           support@silvaco.com              #
#                                                                            #
# KEY=SVC86hn7562asdx                       PROD=345                         #
##############################################################################
y 3 700 711 15
z 0 1e+41 300
f 3 "source" "drain" "gate" 
p 9 2 601 20 3 602 21 4 603 22 
d 0.000000000e+00 0.000000000e+00 1.495569119e-06 -8.000000000e-01 -8.000000000e-01 -1.495569119e-06 -5.000000000e-01 -5.000000000e-01 0.000000000e+00 
d 0.000000000e+00 0.000000000e+00 -2.622547023e-06 1.000000000e-01 1.000000000e-01 2.622547023e-06 -5.000000000e-01 -5.000000000e-01 0.000000000e+00 
d 0.000000000e+00 0.000000000e+00 -2.264285162e-06 9.000000000e-02 9.000000000e-02 2.264285162e-06 -5.000000000e-01 -5.000000000e-01 0.000000000e+00 
d 0.000000000e+00 0.000000000e+00 -1.928320840e-06 8.000000000e-02 8.000000000e-02 1.928320840e-06 -5.000000000e-01 -5.000000000e-01 0.000000000e+00 
d 0.000000000e+00 0.000000000e+00 -1.613831232e-06 7.000000000e-02 7.000000000e-02 1.613831232e-06 -5.000000000e-01 -5.000000000e-01 0.000000000e+00 
d 0.000000000e+00 0.000000000e+00 -1.320478950e-06 6.000000000e-02 6.000000000e-02 1.320478950e-06 -5.000000000e-01 -5.000000000e-01 0.000000000e+00 
d 0.000000000e+00 0.000000000e+00 -1.047654028e-06 5.000000000e-02 5.000000000e-02 1.047654028e-06 -5.000000000e-01 -5.000000000e-01 0.000000000e+00 
d 0.000000000e+00 0.000000000e+00 -7.958746833e-07 4.000000000e-02 4.000000000e-02 7.958746833e-07 -5.000000000e-01 -5.000000000e-01 0.000000000e+00 
d 0.000000000e+00 0.000000000e+00 -5.649690303e-07 3.000000000e-02 3.000000000e-02 5.649690303e-07 -5.000000000e-01 -5.000000000e-01 0.000000000e+00 
d 0.000000000e+00 0.000000000e+00 -3.554149803e-07 2.000000000e-02 2.000000000e-02 3.554149803e-07 -5.000000000e-01 -5.000000000e-01 0.000000000e+00 
d 0.000000000e+00 0.000000000e+00 -1.671109249e-07 1.000000000e-02 1.000000000e-02 1.671109249e-07 -5.000000000e-01 -5.000000000e-01 0.000000000e+00 
d 0.000000000e+00 0.000000000e+00 2.795113013e-21 -2.583138497e-17 -2.583138497e-17 -7.664955202e-23 -5.000000000e-01 -5.000000000e-01 0.000000000e+00 
d 0.000000000e+00 0.000000000e+00 1.464858190e-07 -1.000000000e-02 -1.000000000e-02 -1.464858190e-07 -5.000000000e-01 -5.000000000e-01 0.000000000e+00 
d 0.000000000e+00 0.000000000e+00 2.733380152e-07 -2.000000000e-02 -2.000000000e-02 -2.733380152e-07 -5.000000000e-01 -5.000000000e-01 0.000000000e+00 
d 0.000000000e+00 0.000000000e+00 3.818374292e-07 -3.000000000e-02 -3.000000000e-02 -3.818374292e-07 -5.000000000e-01 -5.000000000e-01 0.000000000e+00 
d 0.000000000e+00 0.000000000e+00 4.735599841e-07 -4.000000000e-02 -4.000000000e-02 -4.735599841e-07 -5.000000000e-01 -5.000000000e-01 0.000000000e+00 
d 0.000000000e+00 0.000000000e+00 5.506313048e-07 -5.000000000e-02 -5.000000000e-02 -5.506313048e-07 -5.000000000e-01 -5.000000000e-01 0.000000000e+00 
d 0.000000000e+00 0.000000000e+00 6.149863213e-07 -6.000000000e-02 -6.000000000e-02 -6.149863213e-07 -5.000000000e-01 -5.000000000e-01 0.000000000e+00 
d 0.000000000e+00 0.000000000e+00 6.686253718e-07 -7.000000000e-02 -7.000000000e-02 -6.686253718e-07 -5.000000000e-01 -5.000000000e-01 0.000000000e+00 
d 0.000000000e+00 0.000000000e+00 7.134246313e-07 -8.000000000e-02 -8.000000000e-02 -7.134246313e-07 -5.000000000e-01 -5.000000000e-01 0.000000000e+00 
d 0.000000000e+00 0.000000000e+00 7.510642114e-07 -9.000000000e-02 -9.000000000e-02 -7.510642114e-07 -5.000000000e-01 -5.000000000e-01 0.000000000e+00 
d 0.000000000e+00 0.000000000e+00 7.829923389e-07 -1.000000000e-01 -1.000000000e-01 -7.829923389e-07 -5.000000000e-01 -5.000000000e-01 0.000000000e+00 
d 0.000000000e+00 0.000000000e+00 8.104167179e-07 -1.100000000e-01 -1.100000000e-01 -8.104167179e-07 -5.000000000e-01 -5.000000000e-01 0.000000000e+00 
d 0.000000000e+00 0.000000000e+00 8.343194731e-07 -1.200000000e-01 -1.200000000e-01 -8.343194731e-07 -5.000000000e-01 -5.000000000e-01 0.000000000e+00 
d 0.000000000e+00 0.000000000e+00 8.554812613e-07 -1.300000000e-01 -1.300000000e-01 -8.554812613e-07 -5.000000000e-01 -5.000000000e-01 0.000000000e+00 
d 0.000000000e+00 0.000000000e+00 8.745129004e-07 -1.400000000e-01 -1.400000000e-01 -8.745129004e-07 -5.000000000e-01 -5.000000000e-01 0.000000000e+00 
d 0.000000000e+00 0.000000000e+00 8.918866290e-07 -1.500000000e-01 -1.500000000e-01 -8.918866290e-07 -5.000000000e-01 -5.000000000e-01 0.000000000e+00 
d 0.000000000e+00 0.000000000e+00 9.079637177e-07 -1.600000000e-01 -1.600000000e-01 -9.079637177e-07 -5.000000000e-01 -5.000000000e-01 0.000000000e+00 
d 0.000000000e+00 0.000000000e+00 9.230193314e-07 -1.700000000e-01 -1.700000000e-01 -9.230193314e-07 -5.000000000e-01 -5.000000000e-01 0.000000000e+00 
d 0.000000000e+00 0.000000000e+00 9.372622998e-07 -1.800000000e-01 -1.800000000e-01 -9.372622998e-07 -5.000000000e-01 -5.000000000e-01 0.000000000e+00 
d 0.000000000e+00 0.000000000e+00 9.508511357e-07 -1.900000000e-01 -1.900000000e-01 -9.508511357e-07 -5.000000000e-01 -5.000000000e-01 0.000000000e+00 
d 0.000000000e+00 0.000000000e+00 9.639062721e-07 -2.000000000e-01 -2.000000000e-01 -9.639062721e-07 -5.000000000e-01 -5.000000000e-01 0.000000000e+00 
d 0.000000000e+00 0.000000000e+00 9.766122449e-07 -2.100000000e-01 -2.100000000e-01 -9.766122449e-07 -5.000000000e-01 -5.000000000e-01 0.000000000e+00 
d 0.000000000e+00 0.000000000e+00 9.888553609e-07 -2.200000000e-01 -2.200000000e-01 -9.888553609e-07 -5.000000000e-01 -5.000000000e-01 0.000000000e+00 
d 0.000000000e+00 0.000000000e+00 1.000768613e-06 -2.300000000e-01 -2.300000000e-01 -1.000768613e-06 -5.000000000e-01 -5.000000000e-01 0.000000000e+00 
d 0.000000000e+00 0.000000000e+00 1.012411440e-06 -2.400000000e-01 -2.400000000e-01 -1.012411440e-06 -5.000000000e-01 -5.000000000e-01 0.000000000e+00 
d 0.000000000e+00 0.000000000e+00 1.023813940e-06 -2.500000000e-01 -2.500000000e-01 -1.023813940e-06 -5.000000000e-01 -5.000000000e-01 0.000000000e+00 
d 0.000000000e+00 0.000000000e+00 1.035001363e-06 -2.600000000e-01 -2.600000000e-01 -1.035001363e-06 -5.000000000e-01 -5.000000000e-01 0.000000000e+00 
d 0.000000000e+00 0.000000000e+00 1.045994321e-06 -2.700000000e-01 -2.700000000e-01 -1.045994321e-06 -5.000000000e-01 -5.000000000e-01 0.000000000e+00 
d 0.000000000e+00 0.000000000e+00 1.056809823e-06 -2.800000000e-01 -2.800000000e-01 -1.056809823e-06 -5.000000000e-01 -5.000000000e-01 0.000000000e+00 
d 0.000000000e+00 0.000000000e+00 1.067461787e-06 -2.900000000e-01 -2.900000000e-01 -1.067461787e-06 -5.000000000e-01 -5.000000000e-01 0.000000000e+00 
d 0.000000000e+00 0.000000000e+00 1.077961610e-06 -3.000000000e-01 -3.000000000e-01 -1.077961610e-06 -5.000000000e-01 -5.000000000e-01 0.000000000e+00 
d 0.000000000e+00 0.000000000e+00 1.088319236e-06 -3.100000000e-01 -3.100000000e-01 -1.088319236e-06 -5.000000000e-01 -5.000000000e-01 0.000000000e+00 
d 0.000000000e+00 0.000000000e+00 1.098543300e-06 -3.200000000e-01 -3.200000000e-01 -1.098543300e-06 -5.000000000e-01 -5.000000000e-01 0.000000000e+00 
d 0.000000000e+00 0.000000000e+00 1.108640470e-06 -3.300000000e-01 -3.300000000e-01 -1.108640470e-06 -5.000000000e-01 -5.000000000e-01 0.000000000e+00 
d 0.000000000e+00 0.000000000e+00 1.118617646e-06 -3.400000000e-01 -3.400000000e-01 -1.118617646e-06 -5.000000000e-01 -5.000000000e-01 0.000000000e+00 
d 0.000000000e+00 0.000000000e+00 1.128480093e-06 -3.500000000e-01 -3.500000000e-01 -1.128480093e-06 -5.000000000e-01 -5.000000000e-01 0.000000000e+00 
d 0.000000000e+00 0.000000000e+00 1.138233397e-06 -3.600000000e-01 -3.600000000e-01 -1.138233397e-06 -5.000000000e-01 -5.000000000e-01 0.000000000e+00 
d 0.000000000e+00 0.000000000e+00 1.147881654e-06 -3.700000000e-01 -3.700000000e-01 -1.147881654e-06 -5.000000000e-01 -5.000000000e-01 0.000000000e+00 
d 0.000000000e+00 0.000000000e+00 1.157428980e-06 -3.800000000e-01 -3.800000000e-01 -1.157428980e-06 -5.000000000e-01 -5.000000000e-01 0.000000000e+00 
d 0.000000000e+00 0.000000000e+00 1.166879199e-06 -3.900000000e-01 -3.900000000e-01 -1.166879199e-06 -5.000000000e-01 -5.000000000e-01 0.000000000e+00 
d 0.000000000e+00 0.000000000e+00 1.176235390e-06 -4.000000000e-01 -4.000000000e-01 -1.176235390e-06 -5.000000000e-01 -5.000000000e-01 0.000000000e+00 
d 0.000000000e+00 0.000000000e+00 1.185500887e-06 -4.100000000e-01 -4.100000000e-01 -1.185500887e-06 -5.000000000e-01 -5.000000000e-01 0.000000000e+00 
d 0.000000000e+00 0.000000000e+00 1.194678634e-06 -4.200000000e-01 -4.200000000e-01 -1.194678634e-06 -5.000000000e-01 -5.000000000e-01 0.000000000e+00 
d 0.000000000e+00 0.000000000e+00 1.203771489e-06 -4.300000000e-01 -4.300000000e-01 -1.203771489e-06 -5.000000000e-01 -5.000000000e-01 0.000000000e+00 
d 0.000000000e+00 0.000000000e+00 1.212781264e-06 -4.400000000e-01 -4.400000000e-01 -1.212781264e-06 -5.000000000e-01 -5.000000000e-01 0.000000000e+00 
d 0.000000000e+00 0.000000000e+00 1.221711218e-06 -4.500000000e-01 -4.500000000e-01 -1.221711218e-06 -5.000000000e-01 -5.000000000e-01 0.000000000e+00 
d 0.000000000e+00 0.000000000e+00 1.230562663e-06 -4.600000000e-01 -4.600000000e-01 -1.230562663e-06 -5.000000000e-01 -5.000000000e-01 0.000000000e+00 
d 0.000000000e+00 0.000000000e+00 1.239338500e-06 -4.700000000e-01 -4.700000000e-01 -1.239338500e-06 -5.000000000e-01 -5.000000000e-01 0.000000000e+00 
d 0.000000000e+00 0.000000000e+00 1.248040129e-06 -4.800000000e-01 -4.800000000e-01 -1.248040129e-06 -5.000000000e-01 -5.000000000e-01 0.000000000e+00 
d 0.000000000e+00 0.000000000e+00 1.256669337e-06 -4.900000000e-01 -4.900000000e-01 -1.256669337e-06 -5.000000000e-01 -5.000000000e-01 0.000000000e+00 
d 0.000000000e+00 0.000000000e+00 1.265228144e-06 -5.000000000e-01 -5.000000000e-01 -1.265228144e-06 -5.000000000e-01 -5.000000000e-01 0.000000000e+00 
d 0.000000000e+00 0.000000000e+00 1.273717999e-06 -5.100000000e-01 -5.100000000e-01 -1.273717999e-06 -5.000000000e-01 -5.000000000e-01 0.000000000e+00 
d 0.000000000e+00 0.000000000e+00 1.282140705e-06 -5.200000000e-01 -5.200000000e-01 -1.282140705e-06 -5.000000000e-01 -5.000000000e-01 0.000000000e+00 
d 0.000000000e+00 0.000000000e+00 1.290497715e-06 -5.300000000e-01 -5.300000000e-01 -1.290497715e-06 -5.000000000e-01 -5.000000000e-01 0.000000000e+00 
d 0.000000000e+00 0.000000000e+00 1.298790116e-06 -5.400000000e-01 -5.400000000e-01 -1.298790116e-06 -5.000000000e-01 -5.000000000e-01 0.000000000e+00 
d 0.000000000e+00 0.000000000e+00 1.307019211e-06 -5.500000000e-01 -5.500000000e-01 -1.307019211e-06 -5.000000000e-01 -5.000000000e-01 0.000000000e+00 
d 0.000000000e+00 0.000000000e+00 1.315187125e-06 -5.600000000e-01 -5.600000000e-01 -1.315187125e-06 -5.000000000e-01 -5.000000000e-01 0.000000000e+00 
d 0.000000000e+00 0.000000000e+00 1.323294516e-06 -5.700000000e-01 -5.700000000e-01 -1.323294516e-06 -5.000000000e-01 -5.000000000e-01 0.000000000e+00 
d 0.000000000e+00 0.000000000e+00 1.331342786e-06 -5.800000000e-01 -5.800000000e-01 -1.331342786e-06 -5.000000000e-01 -5.000000000e-01 0.000000000e+00 
d 0.000000000e+00 0.000000000e+00 1.339333549e-06 -5.900000000e-01 -5.900000000e-01 -1.339333549e-06 -5.000000000e-01 -5.000000000e-01 0.000000000e+00 
d 0.000000000e+00 0.000000000e+00 1.347267264e-06 -6.000000000e-01 -6.000000000e-01 -1.347267264e-06 -5.000000000e-01 -5.000000000e-01 0.000000000e+00 
d 0.000000000e+00 0.000000000e+00 1.355145354e-06 -6.100000000e-01 -6.100000000e-01 -1.355145354e-06 -5.000000000e-01 -5.000000000e-01 0.000000000e+00 
d 0.000000000e+00 0.000000000e+00 1.362969575e-06 -6.200000000e-01 -6.200000000e-01 -1.362969575e-06 -5.000000000e-01 -5.000000000e-01 0.000000000e+00 
d 0.000000000e+00 0.000000000e+00 1.370740408e-06 -6.300000000e-01 -6.300000000e-01 -1.370740408e-06 -5.000000000e-01 -5.000000000e-01 0.000000000e+00 
d 0.000000000e+00 0.000000000e+00 1.378458661e-06 -6.400000000e-01 -6.400000000e-01 -1.378458661e-06 -5.000000000e-01 -5.000000000e-01 0.000000000e+00 
d 0.000000000e+00 0.000000000e+00 1.386125766e-06 -6.500000000e-01 -6.500000000e-01 -1.386125766e-06 -5.000000000e-01 -5.000000000e-01 0.000000000e+00 
d 0.000000000e+00 0.000000000e+00 1.393742694e-06 -6.600000000e-01 -6.600000000e-01 -1.393742694e-06 -5.000000000e-01 -5.000000000e-01 0.000000000e+00 
d 0.000000000e+00 0.000000000e+00 1.401310385e-06 -6.700000000e-01 -6.700000000e-01 -1.401310385e-06 -5.000000000e-01 -5.000000000e-01 0.000000000e+00 
d 0.000000000e+00 0.000000000e+00 1.408829875e-06 -6.800000000e-01 -6.800000000e-01 -1.408829875e-06 -5.000000000e-01 -5.000000000e-01 0.000000000e+00 
d 0.000000000e+00 0.000000000e+00 1.416301791e-06 -6.900000000e-01 -6.900000000e-01 -1.416301791e-06 -5.000000000e-01 -5.000000000e-01 0.000000000e+00 
d 0.000000000e+00 0.000000000e+00 1.423727247e-06 -7.000000000e-01 -7.000000000e-01 -1.423727247e-06 -5.000000000e-01 -5.000000000e-01 0.000000000e+00 
d 0.000000000e+00 0.000000000e+00 1.431106626e-06 -7.100000000e-01 -7.100000000e-01 -1.431106626e-06 -5.000000000e-01 -5.000000000e-01 0.000000000e+00 
d 0.000000000e+00 0.000000000e+00 1.438441363e-06 -7.200000000e-01 -7.200000000e-01 -1.438441363e-06 -5.000000000e-01 -5.000000000e-01 0.000000000e+00 
d 0.000000000e+00 0.000000000e+00 1.445731809e-06 -7.300000000e-01 -7.300000000e-01 -1.445731809e-06 -5.000000000e-01 -5.000000000e-01 0.000000000e+00 
d 0.000000000e+00 0.000000000e+00 1.452979691e-06 -7.400000000e-01 -7.400000000e-01 -1.452979691e-06 -5.000000000e-01 -5.000000000e-01 0.000000000e+00 
d 0.000000000e+00 0.000000000e+00 1.460184211e-06 -7.500000000e-01 -7.500000000e-01 -1.460184211e-06 -5.000000000e-01 -5.000000000e-01 0.000000000e+00 
d 0.000000000e+00 0.000000000e+00 1.467347976e-06 -7.600000000e-01 -7.600000000e-01 -1.467347976e-06 -5.000000000e-01 -5.000000000e-01 0.000000000e+00 
d 0.000000000e+00 0.000000000e+00 1.474469826e-06 -7.700000000e-01 -7.700000000e-01 -1.474469826e-06 -5.000000000e-01 -5.000000000e-01 0.000000000e+00 
d 0.000000000e+00 0.000000000e+00 1.481552429e-06 -7.800000000e-01 -7.800000000e-01 -1.481552429e-06 -5.000000000e-01 -5.000000000e-01 0.000000000e+00 
d 0.000000000e+00 0.000000000e+00 1.488594712e-06 -7.900000000e-01 -7.900000000e-01 -1.488594712e-06 -5.000000000e-01 -5.000000000e-01 0.000000000e+00 
d 0.000000000e+00 0.000000000e+00 1.495599010e-06 -8.000000000e-01 -8.000000000e-01 -1.495599010e-06 -5.000000000e-01 -5.000000000e-01 0.000000000e+00 
