v ATLAS
# This file was created by ATLAS version 5.28.1.R on Sun Jul 27 20:52:30 2025.
#SSF 2.0 generic
##############################################################################
#                    Copyright (c) 1984 - 2019                               #
#                    Silvaco Inc. All rights reserved                        #
#                                                                            #
# This file format and the following Key are copyright Silvaco Inc.          #
# You may not use, this format or key without reproducing this message in    #
# full and obtaining express written permission from Silvaco Inc.            #
#                                                                            #
# To obtain such permission please contact: Silvaco Inc.                     #
#                                           support@silvaco.com              #
#                                                                            #
# KEY=SVC86hn7562asdx                       PROD=345                         #
##############################################################################
y 3 700 711 15
z 0 1e+41 300
f 3 "source" "drain" "gate" 
p 9 2 601 20 3 602 21 4 603 22 
d 0.000000000e+00 0.000000000e+00 1.560584033e-22 0.000000000e+00 0.000000000e+00 -8.087804373e-23 -5.500000000e-01 -5.500000000e-01 0.000000000e+00 
d 0.000000000e+00 0.000000000e+00 -5.637534148e-07 1.000000000e-01 1.000000000e-01 5.637534148e-07 -5.500000000e-01 -5.500000000e-01 0.000000000e+00 
d 0.000000000e+00 0.000000000e+00 -4.479883829e-07 9.000000000e-02 9.000000000e-02 4.479883829e-07 -5.500000000e-01 -5.500000000e-01 0.000000000e+00 
d 0.000000000e+00 0.000000000e+00 -3.485154976e-07 8.000000000e-02 8.000000000e-02 3.485154976e-07 -5.500000000e-01 -5.500000000e-01 0.000000000e+00 
d 0.000000000e+00 0.000000000e+00 -2.646895129e-07 7.000000000e-02 7.000000000e-02 2.646895129e-07 -5.500000000e-01 -5.500000000e-01 0.000000000e+00 
d 0.000000000e+00 0.000000000e+00 -1.954792398e-07 6.000000000e-02 6.000000000e-02 1.954792398e-07 -5.500000000e-01 -5.500000000e-01 0.000000000e+00 
d 0.000000000e+00 0.000000000e+00 -1.395115911e-07 5.000000000e-02 5.000000000e-02 1.395115911e-07 -5.500000000e-01 -5.500000000e-01 0.000000000e+00 
d 0.000000000e+00 0.000000000e+00 -9.517081053e-08 4.000000000e-02 4.000000000e-02 9.517081053e-08 -5.500000000e-01 -5.500000000e-01 0.000000000e+00 
d 0.000000000e+00 0.000000000e+00 -6.072471517e-08 3.000000000e-02 3.000000000e-02 6.072471517e-08 -5.500000000e-01 -5.500000000e-01 0.000000000e+00 
d 0.000000000e+00 0.000000000e+00 -3.442754550e-08 2.000000000e-02 2.000000000e-02 3.442754550e-08 -5.500000000e-01 -5.500000000e-01 0.000000000e+00 
d 0.000000000e+00 0.000000000e+00 -1.466464034e-08 1.000000000e-02 1.000000000e-02 1.466464034e-08 -5.500000000e-01 -5.500000000e-01 0.000000000e+00 
d 0.000000000e+00 0.000000000e+00 2.892922230e-21 -2.583138497e-17 -2.583138497e-17 4.288998446e-23 -5.500000000e-01 -5.500000000e-01 0.000000000e+00 
d 0.000000000e+00 0.000000000e+00 1.077747059e-08 -1.000000000e-02 -1.000000000e-02 -1.077747059e-08 -5.500000000e-01 -5.500000000e-01 0.000000000e+00 
d 0.000000000e+00 0.000000000e+00 1.864853783e-08 -2.000000000e-02 -2.000000000e-02 -1.864853783e-08 -5.500000000e-01 -5.500000000e-01 0.000000000e+00 
d 0.000000000e+00 0.000000000e+00 2.438110810e-08 -3.000000000e-02 -3.000000000e-02 -2.438110810e-08 -5.500000000e-01 -5.500000000e-01 0.000000000e+00 
d 0.000000000e+00 0.000000000e+00 2.856009552e-08 -4.000000000e-02 -4.000000000e-02 -2.856009552e-08 -5.500000000e-01 -5.500000000e-01 0.000000000e+00 
d 0.000000000e+00 0.000000000e+00 3.162137889e-08 -5.000000000e-02 -5.000000000e-02 -3.162137889e-08 -5.500000000e-01 -5.500000000e-01 0.000000000e+00 
d 0.000000000e+00 0.000000000e+00 3.388421407e-08 -6.000000000e-02 -6.000000000e-02 -3.388421407e-08 -5.500000000e-01 -5.500000000e-01 0.000000000e+00 
d 0.000000000e+00 0.000000000e+00 3.557937800e-08 -7.000000000e-02 -7.000000000e-02 -3.557937800e-08 -5.500000000e-01 -5.500000000e-01 0.000000000e+00 
d 0.000000000e+00 0.000000000e+00 3.687198195e-08 -8.000000000e-02 -8.000000000e-02 -3.687198195e-08 -5.500000000e-01 -5.500000000e-01 0.000000000e+00 
d 0.000000000e+00 0.000000000e+00 3.787934444e-08 -9.000000000e-02 -9.000000000e-02 -3.787934444e-08 -5.500000000e-01 -5.500000000e-01 0.000000000e+00 
d 0.000000000e+00 0.000000000e+00 3.868432899e-08 -1.000000000e-01 -1.000000000e-01 -3.868432899e-08 -5.500000000e-01 -5.500000000e-01 0.000000000e+00 
d 0.000000000e+00 0.000000000e+00 3.934527669e-08 -1.100000000e-01 -1.100000000e-01 -3.934527669e-08 -5.500000000e-01 -5.500000000e-01 0.000000000e+00 
d 0.000000000e+00 0.000000000e+00 3.990318640e-08 -1.200000000e-01 -1.200000000e-01 -3.990318640e-08 -5.500000000e-01 -5.500000000e-01 0.000000000e+00 
d 0.000000000e+00 0.000000000e+00 4.038684602e-08 -1.300000000e-01 -1.300000000e-01 -4.038684602e-08 -5.500000000e-01 -5.500000000e-01 0.000000000e+00 
d 0.000000000e+00 0.000000000e+00 4.081642585e-08 -1.400000000e-01 -1.400000000e-01 -4.081642585e-08 -5.500000000e-01 -5.500000000e-01 0.000000000e+00 
d 0.000000000e+00 0.000000000e+00 4.120615174e-08 -1.500000000e-01 -1.500000000e-01 -4.120615174e-08 -5.500000000e-01 -5.500000000e-01 0.000000000e+00 
d 0.000000000e+00 0.000000000e+00 4.156607160e-08 -1.600000000e-01 -1.600000000e-01 -4.156607160e-08 -5.500000000e-01 -5.500000000e-01 0.000000000e+00 
d 0.000000000e+00 0.000000000e+00 4.190327053e-08 -1.700000000e-01 -1.700000000e-01 -4.190327053e-08 -5.500000000e-01 -5.500000000e-01 0.000000000e+00 
d 0.000000000e+00 0.000000000e+00 4.222280502e-08 -1.800000000e-01 -1.800000000e-01 -4.222280502e-08 -5.500000000e-01 -5.500000000e-01 0.000000000e+00 
d 0.000000000e+00 0.000000000e+00 4.252831373e-08 -1.900000000e-01 -1.900000000e-01 -4.252831373e-08 -5.500000000e-01 -5.500000000e-01 0.000000000e+00 
d 0.000000000e+00 0.000000000e+00 4.282244515e-08 -2.000000000e-01 -2.000000000e-01 -4.282244515e-08 -5.500000000e-01 -5.500000000e-01 0.000000000e+00 
d 0.000000000e+00 0.000000000e+00 4.310708104e-08 -2.100000000e-01 -2.100000000e-01 -4.310708104e-08 -5.500000000e-01 -5.500000000e-01 0.000000000e+00 
d 0.000000000e+00 0.000000000e+00 4.338366940e-08 -2.200000000e-01 -2.200000000e-01 -4.338366940e-08 -5.500000000e-01 -5.500000000e-01 0.000000000e+00 
d 0.000000000e+00 0.000000000e+00 4.365326325e-08 -2.300000000e-01 -2.300000000e-01 -4.365326325e-08 -5.500000000e-01 -5.500000000e-01 0.000000000e+00 
d 0.000000000e+00 0.000000000e+00 4.391671343e-08 -2.400000000e-01 -2.400000000e-01 -4.391671343e-08 -5.500000000e-01 -5.500000000e-01 0.000000000e+00 
d 0.000000000e+00 0.000000000e+00 4.417460425e-08 -2.500000000e-01 -2.500000000e-01 -4.417460425e-08 -5.500000000e-01 -5.500000000e-01 0.000000000e+00 
d 0.000000000e+00 0.000000000e+00 4.442750284e-08 -2.600000000e-01 -2.600000000e-01 -4.442750284e-08 -5.500000000e-01 -5.500000000e-01 0.000000000e+00 
d 0.000000000e+00 0.000000000e+00 4.467575611e-08 -2.700000000e-01 -2.700000000e-01 -4.467575611e-08 -5.500000000e-01 -5.500000000e-01 0.000000000e+00 
d 0.000000000e+00 0.000000000e+00 4.491976973e-08 -2.800000000e-01 -2.800000000e-01 -4.491976973e-08 -5.500000000e-01 -5.500000000e-01 0.000000000e+00 
d 0.000000000e+00 0.000000000e+00 4.515982311e-08 -2.900000000e-01 -2.900000000e-01 -4.515982311e-08 -5.500000000e-01 -5.500000000e-01 0.000000000e+00 
d 0.000000000e+00 0.000000000e+00 4.539615737e-08 -3.000000000e-01 -3.000000000e-01 -4.539615737e-08 -5.500000000e-01 -5.500000000e-01 0.000000000e+00 
d 0.000000000e+00 0.000000000e+00 4.562898167e-08 -3.100000000e-01 -3.100000000e-01 -4.562898167e-08 -5.500000000e-01 -5.500000000e-01 0.000000000e+00 
d 0.000000000e+00 0.000000000e+00 4.585851349e-08 -3.200000000e-01 -3.200000000e-01 -4.585851349e-08 -5.500000000e-01 -5.500000000e-01 0.000000000e+00 
d 0.000000000e+00 0.000000000e+00 4.608490919e-08 -3.300000000e-01 -3.300000000e-01 -4.608490919e-08 -5.500000000e-01 -5.500000000e-01 0.000000000e+00 
d 0.000000000e+00 0.000000000e+00 4.630831594e-08 -3.400000000e-01 -3.400000000e-01 -4.630831594e-08 -5.500000000e-01 -5.500000000e-01 0.000000000e+00 
d 0.000000000e+00 0.000000000e+00 4.652890683e-08 -3.500000000e-01 -3.500000000e-01 -4.652890683e-08 -5.500000000e-01 -5.500000000e-01 0.000000000e+00 
d 0.000000000e+00 0.000000000e+00 4.674681731e-08 -3.600000000e-01 -3.600000000e-01 -4.674681731e-08 -5.500000000e-01 -5.500000000e-01 0.000000000e+00 
d 0.000000000e+00 0.000000000e+00 4.696211104e-08 -3.700000000e-01 -3.700000000e-01 -4.696211104e-08 -5.500000000e-01 -5.500000000e-01 0.000000000e+00 
d 0.000000000e+00 0.000000000e+00 4.717496730e-08 -3.800000000e-01 -3.800000000e-01 -4.717496730e-08 -5.500000000e-01 -5.500000000e-01 0.000000000e+00 
d 0.000000000e+00 0.000000000e+00 4.738541654e-08 -3.900000000e-01 -3.900000000e-01 -4.738541654e-08 -5.500000000e-01 -5.500000000e-01 0.000000000e+00 
d 0.000000000e+00 0.000000000e+00 4.759362323e-08 -4.000000000e-01 -4.000000000e-01 -4.759362323e-08 -5.500000000e-01 -5.500000000e-01 0.000000000e+00 
d 0.000000000e+00 0.000000000e+00 4.779964319e-08 -4.100000000e-01 -4.100000000e-01 -4.779964319e-08 -5.500000000e-01 -5.500000000e-01 0.000000000e+00 
d 0.000000000e+00 0.000000000e+00 4.800353610e-08 -4.200000000e-01 -4.200000000e-01 -4.800353610e-08 -5.500000000e-01 -5.500000000e-01 0.000000000e+00 
d 0.000000000e+00 0.000000000e+00 4.820543028e-08 -4.300000000e-01 -4.300000000e-01 -4.820543028e-08 -5.500000000e-01 -5.500000000e-01 0.000000000e+00 
d 0.000000000e+00 0.000000000e+00 4.840539525e-08 -4.400000000e-01 -4.400000000e-01 -4.840539525e-08 -5.500000000e-01 -5.500000000e-01 0.000000000e+00 
d 0.000000000e+00 0.000000000e+00 4.860347792e-08 -4.500000000e-01 -4.500000000e-01 -4.860347792e-08 -5.500000000e-01 -5.500000000e-01 0.000000000e+00 
d 0.000000000e+00 0.000000000e+00 4.879975410e-08 -4.600000000e-01 -4.600000000e-01 -4.879975410e-08 -5.500000000e-01 -5.500000000e-01 0.000000000e+00 
d 0.000000000e+00 0.000000000e+00 4.899429111e-08 -4.700000000e-01 -4.700000000e-01 -4.899429111e-08 -5.500000000e-01 -5.500000000e-01 0.000000000e+00 
d 0.000000000e+00 0.000000000e+00 4.918710675e-08 -4.800000000e-01 -4.800000000e-01 -4.918710675e-08 -5.500000000e-01 -5.500000000e-01 0.000000000e+00 
d 0.000000000e+00 0.000000000e+00 4.937830130e-08 -4.900000000e-01 -4.900000000e-01 -4.937830130e-08 -5.500000000e-01 -5.500000000e-01 0.000000000e+00 
d 0.000000000e+00 0.000000000e+00 4.956794822e-08 -5.000000000e-01 -5.000000000e-01 -4.956794822e-08 -5.500000000e-01 -5.500000000e-01 0.000000000e+00 
d 0.000000000e+00 0.000000000e+00 4.975600880e-08 -5.100000000e-01 -5.100000000e-01 -4.975600880e-08 -5.500000000e-01 -5.500000000e-01 0.000000000e+00 
d 0.000000000e+00 0.000000000e+00 4.994263684e-08 -5.200000000e-01 -5.200000000e-01 -4.994263684e-08 -5.500000000e-01 -5.500000000e-01 0.000000000e+00 
d 0.000000000e+00 0.000000000e+00 5.012777444e-08 -5.300000000e-01 -5.300000000e-01 -5.012777444e-08 -5.500000000e-01 -5.500000000e-01 0.000000000e+00 
d 0.000000000e+00 0.000000000e+00 5.031154206e-08 -5.400000000e-01 -5.400000000e-01 -5.031154206e-08 -5.500000000e-01 -5.500000000e-01 0.000000000e+00 
d 0.000000000e+00 0.000000000e+00 5.049395869e-08 -5.500000000e-01 -5.500000000e-01 -5.049395869e-08 -5.500000000e-01 -5.500000000e-01 0.000000000e+00 
d 0.000000000e+00 0.000000000e+00 5.067503664e-08 -5.600000000e-01 -5.600000000e-01 -5.067503664e-08 -5.500000000e-01 -5.500000000e-01 0.000000000e+00 
d 0.000000000e+00 0.000000000e+00 5.085481239e-08 -5.700000000e-01 -5.700000000e-01 -5.085481239e-08 -5.500000000e-01 -5.500000000e-01 0.000000000e+00 
d 0.000000000e+00 0.000000000e+00 5.103333491e-08 -5.800000000e-01 -5.800000000e-01 -5.103333491e-08 -5.500000000e-01 -5.500000000e-01 0.000000000e+00 
d 0.000000000e+00 0.000000000e+00 5.121065828e-08 -5.900000000e-01 -5.900000000e-01 -5.121065828e-08 -5.500000000e-01 -5.500000000e-01 0.000000000e+00 
d 0.000000000e+00 0.000000000e+00 5.138678922e-08 -6.000000000e-01 -6.000000000e-01 -5.138678922e-08 -5.500000000e-01 -5.500000000e-01 0.000000000e+00 
d 0.000000000e+00 0.000000000e+00 5.156176709e-08 -6.100000000e-01 -6.100000000e-01 -5.156176709e-08 -5.500000000e-01 -5.500000000e-01 0.000000000e+00 
d 0.000000000e+00 0.000000000e+00 5.173563399e-08 -6.200000000e-01 -6.200000000e-01 -5.173563399e-08 -5.500000000e-01 -5.500000000e-01 0.000000000e+00 
d 0.000000000e+00 0.000000000e+00 5.190842043e-08 -6.300000000e-01 -6.300000000e-01 -5.190842043e-08 -5.500000000e-01 -5.500000000e-01 0.000000000e+00 
d 0.000000000e+00 0.000000000e+00 5.208010448e-08 -6.400000000e-01 -6.400000000e-01 -5.208010448e-08 -5.500000000e-01 -5.500000000e-01 0.000000000e+00 
d 0.000000000e+00 0.000000000e+00 5.225073041e-08 -6.500000000e-01 -6.500000000e-01 -5.225073041e-08 -5.500000000e-01 -5.500000000e-01 0.000000000e+00 
d 0.000000000e+00 0.000000000e+00 5.242035379e-08 -6.600000000e-01 -6.600000000e-01 -5.242035379e-08 -5.500000000e-01 -5.500000000e-01 0.000000000e+00 
d 0.000000000e+00 0.000000000e+00 5.258901095e-08 -6.700000000e-01 -6.700000000e-01 -5.258901095e-08 -5.500000000e-01 -5.500000000e-01 0.000000000e+00 
d 0.000000000e+00 0.000000000e+00 5.275664435e-08 -6.800000000e-01 -6.800000000e-01 -5.275664435e-08 -5.500000000e-01 -5.500000000e-01 0.000000000e+00 
d 0.000000000e+00 0.000000000e+00 5.292336196e-08 -6.900000000e-01 -6.900000000e-01 -5.292336196e-08 -5.500000000e-01 -5.500000000e-01 0.000000000e+00 
d 0.000000000e+00 0.000000000e+00 5.308911193e-08 -7.000000000e-01 -7.000000000e-01 -5.308911193e-08 -5.500000000e-01 -5.500000000e-01 0.000000000e+00 
d 0.000000000e+00 0.000000000e+00 5.325399884e-08 -7.100000000e-01 -7.100000000e-01 -5.325399884e-08 -5.500000000e-01 -5.500000000e-01 0.000000000e+00 
d 0.000000000e+00 0.000000000e+00 5.341793199e-08 -7.200000000e-01 -7.200000000e-01 -5.341793199e-08 -5.500000000e-01 -5.500000000e-01 0.000000000e+00 
d 0.000000000e+00 0.000000000e+00 5.358105407e-08 -7.300000000e-01 -7.300000000e-01 -5.358105407e-08 -5.500000000e-01 -5.500000000e-01 0.000000000e+00 
d 0.000000000e+00 0.000000000e+00 5.374324865e-08 -7.400000000e-01 -7.400000000e-01 -5.374324865e-08 -5.500000000e-01 -5.500000000e-01 0.000000000e+00 
d 0.000000000e+00 0.000000000e+00 5.390464055e-08 -7.500000000e-01 -7.500000000e-01 -5.390464055e-08 -5.500000000e-01 -5.500000000e-01 0.000000000e+00 
d 0.000000000e+00 0.000000000e+00 5.406523204e-08 -7.600000000e-01 -7.600000000e-01 -5.406523204e-08 -5.500000000e-01 -5.500000000e-01 0.000000000e+00 
d 0.000000000e+00 0.000000000e+00 5.422498595e-08 -7.700000000e-01 -7.700000000e-01 -5.422498595e-08 -5.500000000e-01 -5.500000000e-01 0.000000000e+00 
d 0.000000000e+00 0.000000000e+00 5.438391456e-08 -7.800000000e-01 -7.800000000e-01 -5.438391456e-08 -5.500000000e-01 -5.500000000e-01 0.000000000e+00 
d 0.000000000e+00 0.000000000e+00 5.454208193e-08 -7.900000000e-01 -7.900000000e-01 -5.454208193e-08 -5.500000000e-01 -5.500000000e-01 0.000000000e+00 
d 0.000000000e+00 0.000000000e+00 5.469949992e-08 -8.000000000e-01 -8.000000000e-01 -5.469949992e-08 -5.500000000e-01 -5.500000000e-01 0.000000000e+00 
