v ATLAS
# This file was created by ATLAS version 5.28.1.R on Sun Jul 27 22:15:05 2025.
#SSF 2.0 generic
##############################################################################
#                    Copyright (c) 1984 - 2019                               #
#                    Silvaco Inc. All rights reserved                        #
#                                                                            #
# This file format and the following Key are copyright Silvaco Inc.          #
# You may not use, this format or key without reproducing this message in    #
# full and obtaining express written permission from Silvaco Inc.            #
#                                                                            #
# To obtain such permission please contact: Silvaco Inc.                     #
#                                           support@silvaco.com              #
#                                                                            #
# KEY=SVC86hn7562asdx                       PROD=345                         #
##############################################################################
y 3 700 711 15
z 0 1e+41 300
f 3 "source" "drain" "gate" 
p 9 2 601 20 3 602 21 4 603 22 
d 0.000000000e+00 0.000000000e+00 3.564675451e-07 -8.000000000e-01 -8.000000000e-01 -3.564675451e-07 -5.000000000e-01 -5.000000000e-01 0.000000000e+00 
d 0.000000000e+00 0.000000000e+00 -1.324112383e-06 1.000000000e-01 1.000000000e-01 1.324112383e-06 -5.000000000e-01 -5.000000000e-01 0.000000000e+00 
d 0.000000000e+00 0.000000000e+00 -1.117132997e-06 9.000000000e-02 9.000000000e-02 1.117132997e-06 -5.000000000e-01 -5.000000000e-01 0.000000000e+00 
d 0.000000000e+00 0.000000000e+00 -9.257093638e-07 8.000000000e-02 8.000000000e-02 9.257093638e-07 -5.000000000e-01 -5.000000000e-01 0.000000000e+00 
d 0.000000000e+00 0.000000000e+00 -7.505187277e-07 7.000000000e-02 7.000000000e-02 7.505187277e-07 -5.000000000e-01 -5.000000000e-01 0.000000000e+00 
d 0.000000000e+00 0.000000000e+00 -5.924359046e-07 6.000000000e-02 6.000000000e-02 5.924359046e-07 -5.000000000e-01 -5.000000000e-01 0.000000000e+00 
d 0.000000000e+00 0.000000000e+00 -4.519325534e-07 5.000000000e-02 5.000000000e-02 4.519325534e-07 -5.000000000e-01 -5.000000000e-01 0.000000000e+00 
d 0.000000000e+00 0.000000000e+00 -3.290748597e-07 4.000000000e-02 4.000000000e-02 3.290748597e-07 -5.000000000e-01 -5.000000000e-01 0.000000000e+00 
d 0.000000000e+00 0.000000000e+00 -2.234855196e-07 3.000000000e-02 3.000000000e-02 2.234855196e-07 -5.000000000e-01 -5.000000000e-01 0.000000000e+00 
d 0.000000000e+00 0.000000000e+00 -1.343299347e-07 2.000000000e-02 2.000000000e-02 1.343299347e-07 -5.000000000e-01 -5.000000000e-01 0.000000000e+00 
d 0.000000000e+00 0.000000000e+00 -6.035897354e-08 1.000000000e-02 1.000000000e-02 6.035897354e-08 -5.000000000e-01 -5.000000000e-01 0.000000000e+00 
d 0.000000000e+00 0.000000000e+00 2.490495080e-22 -2.583138497e-17 -2.583138497e-17 -4.847483334e-22 -5.000000000e-01 -5.000000000e-01 0.000000000e+00 
d 0.000000000e+00 0.000000000e+00 4.851929735e-08 -1.000000000e-02 -1.000000000e-02 -4.851929735e-08 -5.000000000e-01 -5.000000000e-01 0.000000000e+00 
d 0.000000000e+00 0.000000000e+00 8.703602047e-08 -2.000000000e-02 -2.000000000e-02 -8.703602047e-08 -5.000000000e-01 -5.000000000e-01 0.000000000e+00 
d 0.000000000e+00 0.000000000e+00 1.173294124e-07 -3.000000000e-02 -3.000000000e-02 -1.173294124e-07 -5.000000000e-01 -5.000000000e-01 0.000000000e+00 
d 0.000000000e+00 0.000000000e+00 1.410267902e-07 -4.000000000e-02 -4.000000000e-02 -1.410267902e-07 -5.000000000e-01 -5.000000000e-01 0.000000000e+00 
d 0.000000000e+00 0.000000000e+00 1.595128026e-07 -5.000000000e-02 -5.000000000e-02 -1.595128026e-07 -5.000000000e-01 -5.000000000e-01 0.000000000e+00 
d 0.000000000e+00 0.000000000e+00 1.740386889e-07 -6.000000000e-02 -6.000000000e-02 -1.740386889e-07 -5.000000000e-01 -5.000000000e-01 0.000000000e+00 
d 0.000000000e+00 0.000000000e+00 1.855332295e-07 -7.000000000e-02 -7.000000000e-02 -1.855332295e-07 -5.000000000e-01 -5.000000000e-01 0.000000000e+00 
d 0.000000000e+00 0.000000000e+00 1.947494518e-07 -8.000000000e-02 -8.000000000e-02 -1.947494518e-07 -5.000000000e-01 -5.000000000e-01 0.000000000e+00 
d 0.000000000e+00 0.000000000e+00 2.022662038e-07 -9.000000000e-02 -9.000000000e-02 -2.022662038e-07 -5.000000000e-01 -5.000000000e-01 0.000000000e+00 
d 0.000000000e+00 0.000000000e+00 2.085493362e-07 -1.000000000e-01 -1.000000000e-01 -2.085493362e-07 -5.000000000e-01 -5.000000000e-01 0.000000000e+00 
d 0.000000000e+00 0.000000000e+00 2.138657336e-07 -1.100000000e-01 -1.100000000e-01 -2.138657336e-07 -5.000000000e-01 -5.000000000e-01 0.000000000e+00 
d 0.000000000e+00 0.000000000e+00 2.184857532e-07 -1.200000000e-01 -1.200000000e-01 -2.184857532e-07 -5.000000000e-01 -5.000000000e-01 0.000000000e+00 
d 0.000000000e+00 0.000000000e+00 2.225870380e-07 -1.300000000e-01 -1.300000000e-01 -2.225870380e-07 -5.000000000e-01 -5.000000000e-01 0.000000000e+00 
d 0.000000000e+00 0.000000000e+00 2.262982751e-07 -1.400000000e-01 -1.400000000e-01 -2.262982751e-07 -5.000000000e-01 -5.000000000e-01 0.000000000e+00 
d 0.000000000e+00 0.000000000e+00 2.297134564e-07 -1.500000000e-01 -1.500000000e-01 -2.297134564e-07 -5.000000000e-01 -5.000000000e-01 0.000000000e+00 
d 0.000000000e+00 0.000000000e+00 2.329009048e-07 -1.600000000e-01 -1.600000000e-01 -2.329009048e-07 -5.000000000e-01 -5.000000000e-01 0.000000000e+00 
d 0.000000000e+00 0.000000000e+00 2.359108053e-07 -1.700000000e-01 -1.700000000e-01 -2.359108053e-07 -5.000000000e-01 -5.000000000e-01 0.000000000e+00 
d 0.000000000e+00 0.000000000e+00 2.387796900e-07 -1.800000000e-01 -1.800000000e-01 -2.387796900e-07 -5.000000000e-01 -5.000000000e-01 0.000000000e+00 
d 0.000000000e+00 0.000000000e+00 2.415347869e-07 -1.900000000e-01 -1.900000000e-01 -2.415347869e-07 -5.000000000e-01 -5.000000000e-01 0.000000000e+00 
d 0.000000000e+00 0.000000000e+00 2.441961918e-07 -2.000000000e-01 -2.000000000e-01 -2.441961918e-07 -5.000000000e-01 -5.000000000e-01 0.000000000e+00 
d 0.000000000e+00 0.000000000e+00 2.467789855e-07 -2.100000000e-01 -2.100000000e-01 -2.467789855e-07 -5.000000000e-01 -5.000000000e-01 0.000000000e+00 
d 0.000000000e+00 0.000000000e+00 2.492947417e-07 -2.200000000e-01 -2.200000000e-01 -2.492947417e-07 -5.000000000e-01 -5.000000000e-01 0.000000000e+00 
d 0.000000000e+00 0.000000000e+00 2.517523628e-07 -2.300000000e-01 -2.300000000e-01 -2.517523628e-07 -5.000000000e-01 -5.000000000e-01 0.000000000e+00 
d 0.000000000e+00 0.000000000e+00 2.541587475e-07 -2.400000000e-01 -2.400000000e-01 -2.541587475e-07 -5.000000000e-01 -5.000000000e-01 0.000000000e+00 
d 0.000000000e+00 0.000000000e+00 2.565191913e-07 -2.500000000e-01 -2.500000000e-01 -2.565191913e-07 -5.000000000e-01 -5.000000000e-01 0.000000000e+00 
d 0.000000000e+00 0.000000000e+00 2.588383889e-07 -2.600000000e-01 -2.600000000e-01 -2.588383889e-07 -5.000000000e-01 -5.000000000e-01 0.000000000e+00 
d 0.000000000e+00 0.000000000e+00 2.611196807e-07 -2.700000000e-01 -2.700000000e-01 -2.611196807e-07 -5.000000000e-01 -5.000000000e-01 0.000000000e+00 
d 0.000000000e+00 0.000000000e+00 2.633662019e-07 -2.800000000e-01 -2.800000000e-01 -2.633662019e-07 -5.000000000e-01 -5.000000000e-01 0.000000000e+00 
d 0.000000000e+00 0.000000000e+00 2.655804580e-07 -2.900000000e-01 -2.900000000e-01 -2.655804580e-07 -5.000000000e-01 -5.000000000e-01 0.000000000e+00 
d 0.000000000e+00 0.000000000e+00 2.677645825e-07 -3.000000000e-01 -3.000000000e-01 -2.677645825e-07 -5.000000000e-01 -5.000000000e-01 0.000000000e+00 
d 0.000000000e+00 0.000000000e+00 2.699204678e-07 -3.100000000e-01 -3.100000000e-01 -2.699204678e-07 -5.000000000e-01 -5.000000000e-01 0.000000000e+00 
d 0.000000000e+00 0.000000000e+00 2.720497242e-07 -3.200000000e-01 -3.200000000e-01 -2.720497242e-07 -5.000000000e-01 -5.000000000e-01 0.000000000e+00 
d 0.000000000e+00 0.000000000e+00 2.741538962e-07 -3.300000000e-01 -3.300000000e-01 -2.741538962e-07 -5.000000000e-01 -5.000000000e-01 0.000000000e+00 
d 0.000000000e+00 0.000000000e+00 2.762342958e-07 -3.400000000e-01 -3.400000000e-01 -2.762342958e-07 -5.000000000e-01 -5.000000000e-01 0.000000000e+00 
d 0.000000000e+00 0.000000000e+00 2.782919426e-07 -3.500000000e-01 -3.500000000e-01 -2.782919426e-07 -5.000000000e-01 -5.000000000e-01 0.000000000e+00 
d 0.000000000e+00 0.000000000e+00 2.803281172e-07 -3.600000000e-01 -3.600000000e-01 -2.803281172e-07 -5.000000000e-01 -5.000000000e-01 0.000000000e+00 
d 0.000000000e+00 0.000000000e+00 2.823436602e-07 -3.700000000e-01 -3.700000000e-01 -2.823436602e-07 -5.000000000e-01 -5.000000000e-01 0.000000000e+00 
d 0.000000000e+00 0.000000000e+00 2.843393560e-07 -3.800000000e-01 -3.800000000e-01 -2.843393560e-07 -5.000000000e-01 -5.000000000e-01 0.000000000e+00 
d 0.000000000e+00 0.000000000e+00 2.863161477e-07 -3.900000000e-01 -3.900000000e-01 -2.863161477e-07 -5.000000000e-01 -5.000000000e-01 0.000000000e+00 
d 0.000000000e+00 0.000000000e+00 2.882747826e-07 -4.000000000e-01 -4.000000000e-01 -2.882747826e-07 -5.000000000e-01 -5.000000000e-01 0.000000000e+00 
d 0.000000000e+00 0.000000000e+00 2.902159344e-07 -4.100000000e-01 -4.100000000e-01 -2.902159344e-07 -5.000000000e-01 -5.000000000e-01 0.000000000e+00 
d 0.000000000e+00 0.000000000e+00 2.921402825e-07 -4.200000000e-01 -4.200000000e-01 -2.921402825e-07 -5.000000000e-01 -5.000000000e-01 0.000000000e+00 
d 0.000000000e+00 0.000000000e+00 2.940483282e-07 -4.300000000e-01 -4.300000000e-01 -2.940483282e-07 -5.000000000e-01 -5.000000000e-01 0.000000000e+00 
d 0.000000000e+00 0.000000000e+00 2.959405621e-07 -4.400000000e-01 -4.400000000e-01 -2.959405621e-07 -5.000000000e-01 -5.000000000e-01 0.000000000e+00 
d 0.000000000e+00 0.000000000e+00 2.978177840e-07 -4.500000000e-01 -4.500000000e-01 -2.978177840e-07 -5.000000000e-01 -5.000000000e-01 0.000000000e+00 
d 0.000000000e+00 0.000000000e+00 2.996801246e-07 -4.600000000e-01 -4.600000000e-01 -2.996801246e-07 -5.000000000e-01 -5.000000000e-01 0.000000000e+00 
d 0.000000000e+00 0.000000000e+00 3.015284947e-07 -4.700000000e-01 -4.700000000e-01 -3.015284947e-07 -5.000000000e-01 -5.000000000e-01 0.000000000e+00 
d 0.000000000e+00 0.000000000e+00 3.033628524e-07 -4.800000000e-01 -4.800000000e-01 -3.033628524e-07 -5.000000000e-01 -5.000000000e-01 0.000000000e+00 
d 0.000000000e+00 0.000000000e+00 3.051838465e-07 -4.900000000e-01 -4.900000000e-01 -3.051838465e-07 -5.000000000e-01 -5.000000000e-01 0.000000000e+00 
d 0.000000000e+00 0.000000000e+00 3.069918981e-07 -5.000000000e-01 -5.000000000e-01 -3.069918981e-07 -5.000000000e-01 -5.000000000e-01 0.000000000e+00 
d 0.000000000e+00 0.000000000e+00 3.087872943e-07 -5.100000000e-01 -5.100000000e-01 -3.087872943e-07 -5.000000000e-01 -5.000000000e-01 0.000000000e+00 
d 0.000000000e+00 0.000000000e+00 3.105703908e-07 -5.200000000e-01 -5.200000000e-01 -3.105703908e-07 -5.000000000e-01 -5.000000000e-01 0.000000000e+00 
d 0.000000000e+00 0.000000000e+00 3.123414387e-07 -5.300000000e-01 -5.300000000e-01 -3.123414387e-07 -5.000000000e-01 -5.000000000e-01 0.000000000e+00 
d 0.000000000e+00 0.000000000e+00 3.141008376e-07 -5.400000000e-01 -5.400000000e-01 -3.141008376e-07 -5.000000000e-01 -5.000000000e-01 0.000000000e+00 
d 0.000000000e+00 0.000000000e+00 3.158489658e-07 -5.500000000e-01 -5.500000000e-01 -3.158489658e-07 -5.000000000e-01 -5.000000000e-01 0.000000000e+00 
d 0.000000000e+00 0.000000000e+00 3.175858655e-07 -5.600000000e-01 -5.600000000e-01 -3.175858655e-07 -5.000000000e-01 -5.000000000e-01 0.000000000e+00 
d 0.000000000e+00 0.000000000e+00 3.193117908e-07 -5.700000000e-01 -5.700000000e-01 -3.193117908e-07 -5.000000000e-01 -5.000000000e-01 0.000000000e+00 
d 0.000000000e+00 0.000000000e+00 3.210273233e-07 -5.800000000e-01 -5.800000000e-01 -3.210273233e-07 -5.000000000e-01 -5.000000000e-01 0.000000000e+00 
d 0.000000000e+00 0.000000000e+00 3.227322771e-07 -5.900000000e-01 -5.900000000e-01 -3.227322771e-07 -5.000000000e-01 -5.000000000e-01 0.000000000e+00 
d 0.000000000e+00 0.000000000e+00 3.244273141e-07 -6.000000000e-01 -6.000000000e-01 -3.244273141e-07 -5.000000000e-01 -5.000000000e-01 0.000000000e+00 
d 0.000000000e+00 0.000000000e+00 3.261120669e-07 -6.100000000e-01 -6.100000000e-01 -3.261120669e-07 -5.000000000e-01 -5.000000000e-01 0.000000000e+00 
d 0.000000000e+00 0.000000000e+00 3.277874055e-07 -6.200000000e-01 -6.200000000e-01 -3.277874055e-07 -5.000000000e-01 -5.000000000e-01 0.000000000e+00 
d 0.000000000e+00 0.000000000e+00 3.294531856e-07 -6.300000000e-01 -6.300000000e-01 -3.294531856e-07 -5.000000000e-01 -5.000000000e-01 0.000000000e+00 
d 0.000000000e+00 0.000000000e+00 3.311094551e-07 -6.400000000e-01 -6.400000000e-01 -3.311094551e-07 -5.000000000e-01 -5.000000000e-01 0.000000000e+00 
d 0.000000000e+00 0.000000000e+00 3.327566564e-07 -6.500000000e-01 -6.500000000e-01 -3.327566564e-07 -5.000000000e-01 -5.000000000e-01 0.000000000e+00 
d 0.000000000e+00 0.000000000e+00 3.343949293e-07 -6.600000000e-01 -6.600000000e-01 -3.343949293e-07 -5.000000000e-01 -5.000000000e-01 0.000000000e+00 
d 0.000000000e+00 0.000000000e+00 3.360243600e-07 -6.700000000e-01 -6.700000000e-01 -3.360243600e-07 -5.000000000e-01 -5.000000000e-01 0.000000000e+00 
d 0.000000000e+00 0.000000000e+00 3.376452462e-07 -6.800000000e-01 -6.800000000e-01 -3.376452462e-07 -5.000000000e-01 -5.000000000e-01 0.000000000e+00 
d 0.000000000e+00 0.000000000e+00 3.392575829e-07 -6.900000000e-01 -6.900000000e-01 -3.392575829e-07 -5.000000000e-01 -5.000000000e-01 0.000000000e+00 
d 0.000000000e+00 0.000000000e+00 3.408615213e-07 -7.000000000e-01 -7.000000000e-01 -3.408615213e-07 -5.000000000e-01 -5.000000000e-01 0.000000000e+00 
d 0.000000000e+00 0.000000000e+00 3.424573729e-07 -7.100000000e-01 -7.100000000e-01 -3.424573729e-07 -5.000000000e-01 -5.000000000e-01 0.000000000e+00 
d 0.000000000e+00 0.000000000e+00 3.440452173e-07 -7.200000000e-01 -7.200000000e-01 -3.440452173e-07 -5.000000000e-01 -5.000000000e-01 0.000000000e+00 
d 0.000000000e+00 0.000000000e+00 3.456249263e-07 -7.300000000e-01 -7.300000000e-01 -3.456249263e-07 -5.000000000e-01 -5.000000000e-01 0.000000000e+00 
d 0.000000000e+00 0.000000000e+00 3.471967747e-07 -7.400000000e-01 -7.400000000e-01 -3.471967747e-07 -5.000000000e-01 -5.000000000e-01 0.000000000e+00 
d 0.000000000e+00 0.000000000e+00 3.487613149e-07 -7.500000000e-01 -7.500000000e-01 -3.487613149e-07 -5.000000000e-01 -5.000000000e-01 0.000000000e+00 
d 0.000000000e+00 0.000000000e+00 3.503178972e-07 -7.600000000e-01 -7.600000000e-01 -3.503178972e-07 -5.000000000e-01 -5.000000000e-01 0.000000000e+00 
d 0.000000000e+00 0.000000000e+00 3.518671976e-07 -7.700000000e-01 -7.700000000e-01 -3.518671976e-07 -5.000000000e-01 -5.000000000e-01 0.000000000e+00 
d 0.000000000e+00 0.000000000e+00 3.534092297e-07 -7.800000000e-01 -7.800000000e-01 -3.534092297e-07 -5.000000000e-01 -5.000000000e-01 0.000000000e+00 
d 0.000000000e+00 0.000000000e+00 3.549439695e-07 -7.900000000e-01 -7.900000000e-01 -3.549439695e-07 -5.000000000e-01 -5.000000000e-01 0.000000000e+00 
d 0.000000000e+00 0.000000000e+00 3.564715830e-07 -8.000000000e-01 -8.000000000e-01 -3.564715830e-07 -5.000000000e-01 -5.000000000e-01 0.000000000e+00 
