v ATLAS
# This file was created by ATLAS version 5.28.1.R on Mon Jul 28 00:46:27 2025.
#SSF 2.0 generic
##############################################################################
#                    Copyright (c) 1984 - 2019                               #
#                    Silvaco Inc. All rights reserved                        #
#                                                                            #
# This file format and the following Key are copyright Silvaco Inc.          #
# You may not use, this format or key without reproducing this message in    #
# full and obtaining express written permission from Silvaco Inc.            #
#                                                                            #
# To obtain such permission please contact: Silvaco Inc.                     #
#                                           support@silvaco.com              #
#                                                                            #
# KEY=SVC86hn7562asdx                       PROD=345                         #
##############################################################################
y 3 700 711 15
z 0 1e+41 300
f 3 "source" "drain" "gate" 
p 9 2 601 20 3 602 21 4 603 22 
d 0.000000000e+00 0.000000000e+00 -1.759169139e-21 0.000000000e+00 0.000000000e+00 6.194569347e-23 -5.500000000e-01 -5.500000000e-01 0.000000000e+00 
d 0.000000000e+00 0.000000000e+00 -3.518569948e-06 1.000000000e-01 1.000000000e-01 3.518569948e-06 -5.500000000e-01 -5.500000000e-01 0.000000000e+00 
d 0.000000000e+00 0.000000000e+00 -3.057314110e-06 9.000000000e-02 9.000000000e-02 3.057314110e-06 -5.500000000e-01 -5.500000000e-01 0.000000000e+00 
d 0.000000000e+00 0.000000000e+00 -2.622367528e-06 8.000000000e-02 8.000000000e-02 2.622367528e-06 -5.500000000e-01 -5.500000000e-01 0.000000000e+00 
d 0.000000000e+00 0.000000000e+00 -2.212714625e-06 7.000000000e-02 7.000000000e-02 2.212714625e-06 -5.500000000e-01 -5.500000000e-01 0.000000000e+00 
d 0.000000000e+00 0.000000000e+00 -1.827343137e-06 6.000000000e-02 6.000000000e-02 1.827343137e-06 -5.500000000e-01 -5.500000000e-01 0.000000000e+00 
d 0.000000000e+00 0.000000000e+00 -1.465406567e-06 5.000000000e-02 5.000000000e-02 1.465406567e-06 -5.500000000e-01 -5.500000000e-01 0.000000000e+00 
d 0.000000000e+00 0.000000000e+00 -1.126355767e-06 4.000000000e-02 4.000000000e-02 1.126355767e-06 -5.500000000e-01 -5.500000000e-01 0.000000000e+00 
d 0.000000000e+00 0.000000000e+00 -8.100004676e-07 3.000000000e-02 3.000000000e-02 8.100004676e-07 -5.500000000e-01 -5.500000000e-01 0.000000000e+00 
d 0.000000000e+00 0.000000000e+00 -5.165052826e-07 2.000000000e-02 2.000000000e-02 5.165052826e-07 -5.500000000e-01 -5.500000000e-01 0.000000000e+00 
d 0.000000000e+00 0.000000000e+00 -2.463117614e-07 1.000000000e-02 1.000000000e-02 2.463117614e-07 -5.500000000e-01 -5.500000000e-01 0.000000000e+00 
d 0.000000000e+00 0.000000000e+00 2.349589884e-21 -2.583138497e-17 -2.583138497e-17 -7.828375729e-22 -5.500000000e-01 -5.500000000e-01 0.000000000e+00 
d 0.000000000e+00 0.000000000e+00 2.218874458e-07 -1.000000000e-02 -1.000000000e-02 -2.218874458e-07 -5.500000000e-01 -5.500000000e-01 0.000000000e+00 
d 0.000000000e+00 0.000000000e+00 4.190344775e-07 -2.000000000e-02 -2.000000000e-02 -4.190344775e-07 -5.500000000e-01 -5.500000000e-01 0.000000000e+00 
d 0.000000000e+00 0.000000000e+00 5.915253516e-07 -3.000000000e-02 -3.000000000e-02 -5.915253516e-07 -5.500000000e-01 -5.500000000e-01 0.000000000e+00 
d 0.000000000e+00 0.000000000e+00 7.399767029e-07 -4.000000000e-02 -4.000000000e-02 -7.399767029e-07 -5.500000000e-01 -5.500000000e-01 0.000000000e+00 
d 0.000000000e+00 0.000000000e+00 8.656007462e-07 -5.000000000e-02 -5.000000000e-02 -8.656007462e-07 -5.500000000e-01 -5.500000000e-01 0.000000000e+00 
d 0.000000000e+00 0.000000000e+00 9.701826548e-07 -6.000000000e-02 -6.000000000e-02 -9.701826548e-07 -5.500000000e-01 -5.500000000e-01 0.000000000e+00 
d 0.000000000e+00 0.000000000e+00 1.055971122e-06 -7.000000000e-02 -7.000000000e-02 -1.055971122e-06 -5.500000000e-01 -5.500000000e-01 0.000000000e+00 
d 0.000000000e+00 0.000000000e+00 1.125502927e-06 -8.000000000e-02 -8.000000000e-02 -1.125502927e-06 -5.500000000e-01 -5.500000000e-01 0.000000000e+00 
d 0.000000000e+00 0.000000000e+00 1.181401260e-06 -9.000000000e-02 -9.000000000e-02 -1.181401260e-06 -5.500000000e-01 -5.500000000e-01 0.000000000e+00 
d 0.000000000e+00 0.000000000e+00 1.226187976e-06 -1.000000000e-01 -1.000000000e-01 -1.226187976e-06 -5.500000000e-01 -5.500000000e-01 0.000000000e+00 
d 0.000000000e+00 0.000000000e+00 1.262142419e-06 -1.100000000e-01 -1.100000000e-01 -1.262142419e-06 -5.500000000e-01 -5.500000000e-01 0.000000000e+00 
d 0.000000000e+00 0.000000000e+00 1.291220630e-06 -1.200000000e-01 -1.200000000e-01 -1.291220630e-06 -5.500000000e-01 -5.500000000e-01 0.000000000e+00 
d 0.000000000e+00 0.000000000e+00 1.315030491e-06 -1.300000000e-01 -1.300000000e-01 -1.315030491e-06 -5.500000000e-01 -5.500000000e-01 0.000000000e+00 
d 0.000000000e+00 0.000000000e+00 1.334848865e-06 -1.400000000e-01 -1.400000000e-01 -1.334848865e-06 -5.500000000e-01 -5.500000000e-01 0.000000000e+00 
d 0.000000000e+00 0.000000000e+00 1.351662361e-06 -1.500000000e-01 -1.500000000e-01 -1.351662361e-06 -5.500000000e-01 -5.500000000e-01 0.000000000e+00 
d 0.000000000e+00 0.000000000e+00 1.366217982e-06 -1.600000000e-01 -1.600000000e-01 -1.366217982e-06 -5.500000000e-01 -5.500000000e-01 0.000000000e+00 
d 0.000000000e+00 0.000000000e+00 1.379072681e-06 -1.700000000e-01 -1.700000000e-01 -1.379072681e-06 -5.500000000e-01 -5.500000000e-01 0.000000000e+00 
d 0.000000000e+00 0.000000000e+00 1.390638494e-06 -1.800000000e-01 -1.800000000e-01 -1.390638494e-06 -5.500000000e-01 -5.500000000e-01 0.000000000e+00 
d 0.000000000e+00 0.000000000e+00 1.401216547e-06 -1.900000000e-01 -1.900000000e-01 -1.401216547e-06 -5.500000000e-01 -5.500000000e-01 0.000000000e+00 
d 0.000000000e+00 0.000000000e+00 1.411028236e-06 -2.000000000e-01 -2.000000000e-01 -1.411028236e-06 -5.500000000e-01 -5.500000000e-01 0.000000000e+00 
d 0.000000000e+00 0.000000000e+00 1.420234732e-06 -2.100000000e-01 -2.100000000e-01 -1.420234732e-06 -5.500000000e-01 -5.500000000e-01 0.000000000e+00 
d 0.000000000e+00 0.000000000e+00 1.428954333e-06 -2.200000000e-01 -2.200000000e-01 -1.428954333e-06 -5.500000000e-01 -5.500000000e-01 0.000000000e+00 
d 0.000000000e+00 0.000000000e+00 1.437273844e-06 -2.300000000e-01 -2.300000000e-01 -1.437273844e-06 -5.500000000e-01 -5.500000000e-01 0.000000000e+00 
d 0.000000000e+00 0.000000000e+00 1.445258072e-06 -2.400000000e-01 -2.400000000e-01 -1.445258072e-06 -5.500000000e-01 -5.500000000e-01 0.000000000e+00 
d 0.000000000e+00 0.000000000e+00 1.452955049e-06 -2.500000000e-01 -2.500000000e-01 -1.452955049e-06 -5.500000000e-01 -5.500000000e-01 0.000000000e+00 
d 0.000000000e+00 0.000000000e+00 1.460401321e-06 -2.600000000e-01 -2.600000000e-01 -1.460401321e-06 -5.500000000e-01 -5.500000000e-01 0.000000000e+00 
d 0.000000000e+00 0.000000000e+00 1.467685995e-06 -2.700000000e-01 -2.700000000e-01 -1.467685995e-06 -5.500000000e-01 -5.500000000e-01 0.000000000e+00 
d 0.000000000e+00 0.000000000e+00 1.474722176e-06 -2.800000000e-01 -2.800000000e-01 -1.474722176e-06 -5.500000000e-01 -5.500000000e-01 0.000000000e+00 
d 0.000000000e+00 0.000000000e+00 1.481550701e-06 -2.900000000e-01 -2.900000000e-01 -1.481550701e-06 -5.500000000e-01 -5.500000000e-01 0.000000000e+00 
d 0.000000000e+00 0.000000000e+00 1.488218513e-06 -3.000000000e-01 -3.000000000e-01 -1.488218513e-06 -5.500000000e-01 -5.500000000e-01 0.000000000e+00 
d 0.000000000e+00 0.000000000e+00 1.494733743e-06 -3.100000000e-01 -3.100000000e-01 -1.494733743e-06 -5.500000000e-01 -5.500000000e-01 0.000000000e+00 
d 0.000000000e+00 0.000000000e+00 1.501104536e-06 -3.200000000e-01 -3.200000000e-01 -1.501104536e-06 -5.500000000e-01 -5.500000000e-01 0.000000000e+00 
d 0.000000000e+00 0.000000000e+00 1.507339850e-06 -3.300000000e-01 -3.300000000e-01 -1.507339850e-06 -5.500000000e-01 -5.500000000e-01 0.000000000e+00 
d 0.000000000e+00 0.000000000e+00 1.513447284e-06 -3.400000000e-01 -3.400000000e-01 -1.513447284e-06 -5.500000000e-01 -5.500000000e-01 0.000000000e+00 
d 0.000000000e+00 0.000000000e+00 1.519434253e-06 -3.500000000e-01 -3.500000000e-01 -1.519434253e-06 -5.500000000e-01 -5.500000000e-01 0.000000000e+00 
d 0.000000000e+00 0.000000000e+00 1.525306868e-06 -3.600000000e-01 -3.600000000e-01 -1.525306868e-06 -5.500000000e-01 -5.500000000e-01 0.000000000e+00 
d 0.000000000e+00 0.000000000e+00 1.531070024e-06 -3.700000000e-01 -3.700000000e-01 -1.531070024e-06 -5.500000000e-01 -5.500000000e-01 0.000000000e+00 
d 0.000000000e+00 0.000000000e+00 1.536729906e-06 -3.800000000e-01 -3.800000000e-01 -1.536729906e-06 -5.500000000e-01 -5.500000000e-01 0.000000000e+00 
d 0.000000000e+00 0.000000000e+00 1.542290645e-06 -3.900000000e-01 -3.900000000e-01 -1.542290645e-06 -5.500000000e-01 -5.500000000e-01 0.000000000e+00 
d 0.000000000e+00 0.000000000e+00 1.547756307e-06 -4.000000000e-01 -4.000000000e-01 -1.547756307e-06 -5.500000000e-01 -5.500000000e-01 0.000000000e+00 
d 0.000000000e+00 0.000000000e+00 1.553131471e-06 -4.100000000e-01 -4.100000000e-01 -1.553131471e-06 -5.500000000e-01 -5.500000000e-01 0.000000000e+00 
d 0.000000000e+00 0.000000000e+00 1.558420134e-06 -4.200000000e-01 -4.200000000e-01 -1.558420134e-06 -5.500000000e-01 -5.500000000e-01 0.000000000e+00 
d 0.000000000e+00 0.000000000e+00 1.563625570e-06 -4.300000000e-01 -4.300000000e-01 -1.563625570e-06 -5.500000000e-01 -5.500000000e-01 0.000000000e+00 
d 0.000000000e+00 0.000000000e+00 1.568750977e-06 -4.400000000e-01 -4.400000000e-01 -1.568750977e-06 -5.500000000e-01 -5.500000000e-01 0.000000000e+00 
d 0.000000000e+00 0.000000000e+00 1.573799837e-06 -4.500000000e-01 -4.500000000e-01 -1.573799837e-06 -5.500000000e-01 -5.500000000e-01 0.000000000e+00 
d 0.000000000e+00 0.000000000e+00 1.578775752e-06 -4.600000000e-01 -4.600000000e-01 -1.578775752e-06 -5.500000000e-01 -5.500000000e-01 0.000000000e+00 
d 0.000000000e+00 0.000000000e+00 1.583680152e-06 -4.700000000e-01 -4.700000000e-01 -1.583680152e-06 -5.500000000e-01 -5.500000000e-01 0.000000000e+00 
d 0.000000000e+00 0.000000000e+00 1.588517300e-06 -4.800000000e-01 -4.800000000e-01 -1.588517300e-06 -5.500000000e-01 -5.500000000e-01 0.000000000e+00 
d 0.000000000e+00 0.000000000e+00 1.593288283e-06 -4.900000000e-01 -4.900000000e-01 -1.593288283e-06 -5.500000000e-01 -5.500000000e-01 0.000000000e+00 
d 0.000000000e+00 0.000000000e+00 1.597996661e-06 -5.000000000e-01 -5.000000000e-01 -1.597996661e-06 -5.500000000e-01 -5.500000000e-01 0.000000000e+00 
d 0.000000000e+00 0.000000000e+00 1.602644410e-06 -5.100000000e-01 -5.100000000e-01 -1.602644410e-06 -5.500000000e-01 -5.500000000e-01 0.000000000e+00 
d 0.000000000e+00 0.000000000e+00 1.607233553e-06 -5.200000000e-01 -5.200000000e-01 -1.607233553e-06 -5.500000000e-01 -5.500000000e-01 0.000000000e+00 
d 0.000000000e+00 0.000000000e+00 1.611766247e-06 -5.300000000e-01 -5.300000000e-01 -1.611766247e-06 -5.500000000e-01 -5.500000000e-01 0.000000000e+00 
d 0.000000000e+00 0.000000000e+00 1.616244663e-06 -5.400000000e-01 -5.400000000e-01 -1.616244663e-06 -5.500000000e-01 -5.500000000e-01 0.000000000e+00 
d 0.000000000e+00 0.000000000e+00 1.620670854e-06 -5.500000000e-01 -5.500000000e-01 -1.620670854e-06 -5.500000000e-01 -5.500000000e-01 0.000000000e+00 
d 0.000000000e+00 0.000000000e+00 1.625046084e-06 -5.600000000e-01 -5.600000000e-01 -1.625046084e-06 -5.500000000e-01 -5.500000000e-01 0.000000000e+00 
d 0.000000000e+00 0.000000000e+00 1.629373061e-06 -5.700000000e-01 -5.700000000e-01 -1.629373061e-06 -5.500000000e-01 -5.500000000e-01 0.000000000e+00 
d 0.000000000e+00 0.000000000e+00 1.633653203e-06 -5.800000000e-01 -5.800000000e-01 -1.633653203e-06 -5.500000000e-01 -5.500000000e-01 0.000000000e+00 
d 0.000000000e+00 0.000000000e+00 1.637887000e-06 -5.900000000e-01 -5.900000000e-01 -1.637887000e-06 -5.500000000e-01 -5.500000000e-01 0.000000000e+00 
d 0.000000000e+00 0.000000000e+00 1.642077504e-06 -6.000000000e-01 -6.000000000e-01 -1.642077504e-06 -5.500000000e-01 -5.500000000e-01 0.000000000e+00 
d 0.000000000e+00 0.000000000e+00 1.646224987e-06 -6.100000000e-01 -6.100000000e-01 -1.646224987e-06 -5.500000000e-01 -5.500000000e-01 0.000000000e+00 
d 0.000000000e+00 0.000000000e+00 1.650332022e-06 -6.200000000e-01 -6.200000000e-01 -1.650332022e-06 -5.500000000e-01 -5.500000000e-01 0.000000000e+00 
d 0.000000000e+00 0.000000000e+00 1.654397956e-06 -6.300000000e-01 -6.300000000e-01 -1.654397956e-06 -5.500000000e-01 -5.500000000e-01 0.000000000e+00 
d 0.000000000e+00 0.000000000e+00 1.658425998e-06 -6.400000000e-01 -6.400000000e-01 -1.658425998e-06 -5.500000000e-01 -5.500000000e-01 0.000000000e+00 
d 0.000000000e+00 0.000000000e+00 1.662416545e-06 -6.500000000e-01 -6.500000000e-01 -1.662416545e-06 -5.500000000e-01 -5.500000000e-01 0.000000000e+00 
d 0.000000000e+00 0.000000000e+00 1.666370733e-06 -6.600000000e-01 -6.600000000e-01 -1.666370733e-06 -5.500000000e-01 -5.500000000e-01 0.000000000e+00 
d 0.000000000e+00 0.000000000e+00 1.670289203e-06 -6.700000000e-01 -6.700000000e-01 -1.670289203e-06 -5.500000000e-01 -5.500000000e-01 0.000000000e+00 
d 0.000000000e+00 0.000000000e+00 1.674173529e-06 -6.800000000e-01 -6.800000000e-01 -1.674173529e-06 -5.500000000e-01 -5.500000000e-01 0.000000000e+00 
d 0.000000000e+00 0.000000000e+00 1.678024794e-06 -6.900000000e-01 -6.900000000e-01 -1.678024794e-06 -5.500000000e-01 -5.500000000e-01 0.000000000e+00 
d 0.000000000e+00 0.000000000e+00 1.681843968e-06 -7.000000000e-01 -7.000000000e-01 -1.681843968e-06 -5.500000000e-01 -5.500000000e-01 0.000000000e+00 
d 0.000000000e+00 0.000000000e+00 1.685631648e-06 -7.100000000e-01 -7.100000000e-01 -1.685631648e-06 -5.500000000e-01 -5.500000000e-01 0.000000000e+00 
d 0.000000000e+00 0.000000000e+00 1.689388591e-06 -7.200000000e-01 -7.200000000e-01 -1.689388591e-06 -5.500000000e-01 -5.500000000e-01 0.000000000e+00 
d 0.000000000e+00 0.000000000e+00 1.693115876e-06 -7.300000000e-01 -7.300000000e-01 -1.693115876e-06 -5.500000000e-01 -5.500000000e-01 0.000000000e+00 
d 0.000000000e+00 0.000000000e+00 1.696813895e-06 -7.400000000e-01 -7.400000000e-01 -1.696813895e-06 -5.500000000e-01 -5.500000000e-01 0.000000000e+00 
d 0.000000000e+00 0.000000000e+00 1.700484499e-06 -7.500000000e-01 -7.500000000e-01 -1.700484499e-06 -5.500000000e-01 -5.500000000e-01 0.000000000e+00 
d 0.000000000e+00 0.000000000e+00 1.704127367e-06 -7.600000000e-01 -7.600000000e-01 -1.704127367e-06 -5.500000000e-01 -5.500000000e-01 0.000000000e+00 
d 0.000000000e+00 0.000000000e+00 1.707743058e-06 -7.700000000e-01 -7.700000000e-01 -1.707743058e-06 -5.500000000e-01 -5.500000000e-01 0.000000000e+00 
d 0.000000000e+00 0.000000000e+00 1.711333699e-06 -7.800000000e-01 -7.800000000e-01 -1.711333699e-06 -5.500000000e-01 -5.500000000e-01 0.000000000e+00 
d 0.000000000e+00 0.000000000e+00 1.714897574e-06 -7.900000000e-01 -7.900000000e-01 -1.714897574e-06 -5.500000000e-01 -5.500000000e-01 0.000000000e+00 
d 0.000000000e+00 0.000000000e+00 1.718437841e-06 -8.000000000e-01 -8.000000000e-01 -1.718437841e-06 -5.500000000e-01 -5.500000000e-01 0.000000000e+00 
