v ATLAS
# This file was created by ATLAS version 5.28.1.R on Sun Jul 27 20:48:52 2025.
#SSF 2.0 generic
##############################################################################
#                    Copyright (c) 1984 - 2019                               #
#                    Silvaco Inc. All rights reserved                        #
#                                                                            #
# This file format and the following Key are copyright Silvaco Inc.          #
# You may not use, this format or key without reproducing this message in    #
# full and obtaining express written permission from Silvaco Inc.            #
#                                                                            #
# To obtain such permission please contact: Silvaco Inc.                     #
#                                           support@silvaco.com              #
#                                                                            #
# KEY=SVC86hn7562asdx                       PROD=345                         #
##############################################################################
y 3 700 711 15
z 0 1e+41 300
f 3 "source" "drain" "gate" 
p 9 2 601 20 3 602 21 4 603 22 
d 0.000000000e+00 0.000000000e+00 1.014604790e-08 -8.000000000e-01 -8.000000000e-01 -1.014604790e-08 -5.000000000e-01 -5.000000000e-01 0.000000000e+00 
d 0.000000000e+00 0.000000000e+00 -1.758764829e-07 1.000000000e-01 1.000000000e-01 1.758764829e-07 -5.000000000e-01 -5.000000000e-01 0.000000000e+00 
d 0.000000000e+00 0.000000000e+00 -1.300856623e-07 9.000000000e-02 9.000000000e-02 1.300856623e-07 -5.000000000e-01 -5.000000000e-01 0.000000000e+00 
d 0.000000000e+00 0.000000000e+00 -9.443430969e-08 8.000000000e-02 8.000000000e-02 9.443430969e-08 -5.000000000e-01 -5.000000000e-01 0.000000000e+00 
d 0.000000000e+00 0.000000000e+00 -6.718895470e-08 7.000000000e-02 7.000000000e-02 6.718895470e-08 -5.000000000e-01 -5.000000000e-01 0.000000000e+00 
d 0.000000000e+00 0.000000000e+00 -4.673786905e-08 6.000000000e-02 6.000000000e-02 4.673786905e-08 -5.000000000e-01 -5.000000000e-01 0.000000000e+00 
d 0.000000000e+00 0.000000000e+00 -3.162144289e-08 5.000000000e-02 5.000000000e-02 3.162144289e-08 -5.000000000e-01 -5.000000000e-01 0.000000000e+00 
d 0.000000000e+00 0.000000000e+00 -2.059296642e-08 4.000000000e-02 4.000000000e-02 2.059296642e-08 -5.000000000e-01 -5.000000000e-01 0.000000000e+00 
d 0.000000000e+00 0.000000000e+00 -1.263195620e-08 3.000000000e-02 3.000000000e-02 1.263195620e-08 -5.000000000e-01 -5.000000000e-01 0.000000000e+00 
d 0.000000000e+00 0.000000000e+00 -6.932387301e-09 2.000000000e-02 2.000000000e-02 6.932387301e-09 -5.000000000e-01 -5.000000000e-01 0.000000000e+00 
d 0.000000000e+00 0.000000000e+00 -2.876070311e-09 1.000000000e-02 1.000000000e-02 2.876070311e-09 -5.000000000e-01 -5.000000000e-01 0.000000000e+00 
d 0.000000000e+00 0.000000000e+00 -2.654006101e-22 -2.583138497e-17 -2.583138497e-17 -2.051661375e-23 -5.000000000e-01 -5.000000000e-01 0.000000000e+00 
d 0.000000000e+00 0.000000000e+00 2.036100803e-09 -1.000000000e-02 -1.000000000e-02 -2.036100803e-09 -5.000000000e-01 -5.000000000e-01 0.000000000e+00 
d 0.000000000e+00 0.000000000e+00 3.478621124e-09 -2.000000000e-02 -2.000000000e-02 -3.478621124e-09 -5.000000000e-01 -5.000000000e-01 0.000000000e+00 
d 0.000000000e+00 0.000000000e+00 4.503914215e-09 -3.000000000e-02 -3.000000000e-02 -4.503914215e-09 -5.000000000e-01 -5.000000000e-01 0.000000000e+00 
d 0.000000000e+00 0.000000000e+00 5.237083641e-09 -4.000000000e-02 -4.000000000e-02 -5.237083641e-09 -5.000000000e-01 -5.000000000e-01 0.000000000e+00 
d 0.000000000e+00 0.000000000e+00 5.766276839e-09 -5.000000000e-02 -5.000000000e-02 -5.766276839e-09 -5.000000000e-01 -5.000000000e-01 0.000000000e+00 
d 0.000000000e+00 0.000000000e+00 6.153273803e-09 -6.000000000e-02 -6.000000000e-02 -6.153273803e-09 -5.000000000e-01 -5.000000000e-01 0.000000000e+00 
d 0.000000000e+00 0.000000000e+00 6.441210637e-09 -7.000000000e-02 -7.000000000e-02 -6.441210637e-09 -5.000000000e-01 -5.000000000e-01 0.000000000e+00 
d 0.000000000e+00 0.000000000e+00 6.660116044e-09 -8.000000000e-02 -8.000000000e-02 -6.660116044e-09 -5.000000000e-01 -5.000000000e-01 0.000000000e+00 
d 0.000000000e+00 0.000000000e+00 6.830848991e-09 -9.000000000e-02 -9.000000000e-02 -6.830848991e-09 -5.000000000e-01 -5.000000000e-01 0.000000000e+00 
d 0.000000000e+00 0.000000000e+00 6.967890882e-09 -1.000000000e-01 -1.000000000e-01 -6.967890882e-09 -5.000000000e-01 -5.000000000e-01 0.000000000e+00 
d 0.000000000e+00 0.000000000e+00 7.081267838e-09 -1.100000000e-01 -1.100000000e-01 -7.081267838e-09 -5.000000000e-01 -5.000000000e-01 0.000000000e+00 
d 0.000000000e+00 0.000000000e+00 7.177935733e-09 -1.200000000e-01 -1.200000000e-01 -7.177935733e-09 -5.000000000e-01 -5.000000000e-01 0.000000000e+00 
d 0.000000000e+00 0.000000000e+00 7.262723509e-09 -1.300000000e-01 -1.300000000e-01 -7.262723509e-09 -5.000000000e-01 -5.000000000e-01 0.000000000e+00 
d 0.000000000e+00 0.000000000e+00 7.338975935e-09 -1.400000000e-01 -1.400000000e-01 -7.338975935e-09 -5.000000000e-01 -5.000000000e-01 0.000000000e+00 
d 0.000000000e+00 0.000000000e+00 7.409025445e-09 -1.500000000e-01 -1.500000000e-01 -7.409025445e-09 -5.000000000e-01 -5.000000000e-01 0.000000000e+00 
d 0.000000000e+00 0.000000000e+00 7.474484989e-09 -1.600000000e-01 -1.600000000e-01 -7.474484989e-09 -5.000000000e-01 -5.000000000e-01 0.000000000e+00 
d 0.000000000e+00 0.000000000e+00 7.536495781e-09 -1.700000000e-01 -1.700000000e-01 -7.536495781e-09 -5.000000000e-01 -5.000000000e-01 0.000000000e+00 
d 0.000000000e+00 0.000000000e+00 7.595855231e-09 -1.800000000e-01 -1.800000000e-01 -7.595855231e-09 -5.000000000e-01 -5.000000000e-01 0.000000000e+00 
d 0.000000000e+00 0.000000000e+00 7.653124003e-09 -1.900000000e-01 -1.900000000e-01 -7.653124003e-09 -5.000000000e-01 -5.000000000e-01 0.000000000e+00 
d 0.000000000e+00 0.000000000e+00 7.708704501e-09 -2.000000000e-01 -2.000000000e-01 -7.708704501e-09 -5.000000000e-01 -5.000000000e-01 0.000000000e+00 
d 0.000000000e+00 0.000000000e+00 7.762881506e-09 -2.100000000e-01 -2.100000000e-01 -7.762881506e-09 -5.000000000e-01 -5.000000000e-01 0.000000000e+00 
d 0.000000000e+00 0.000000000e+00 7.815874906e-09 -2.200000000e-01 -2.200000000e-01 -7.815874906e-09 -5.000000000e-01 -5.000000000e-01 0.000000000e+00 
d 0.000000000e+00 0.000000000e+00 7.867832449e-09 -2.300000000e-01 -2.300000000e-01 -7.867832449e-09 -5.000000000e-01 -5.000000000e-01 0.000000000e+00 
d 0.000000000e+00 0.000000000e+00 7.918876294e-09 -2.400000000e-01 -2.400000000e-01 -7.918876294e-09 -5.000000000e-01 -5.000000000e-01 0.000000000e+00 
d 0.000000000e+00 0.000000000e+00 7.969095764e-09 -2.500000000e-01 -2.500000000e-01 -7.969095764e-09 -5.000000000e-01 -5.000000000e-01 0.000000000e+00 
d 0.000000000e+00 0.000000000e+00 8.018565327e-09 -2.600000000e-01 -2.600000000e-01 -8.018565327e-09 -5.000000000e-01 -5.000000000e-01 0.000000000e+00 
d 0.000000000e+00 0.000000000e+00 8.067340172e-09 -2.700000000e-01 -2.700000000e-01 -8.067340172e-09 -5.000000000e-01 -5.000000000e-01 0.000000000e+00 
d 0.000000000e+00 0.000000000e+00 8.115465225e-09 -2.800000000e-01 -2.800000000e-01 -8.115465225e-09 -5.000000000e-01 -5.000000000e-01 0.000000000e+00 
d 0.000000000e+00 0.000000000e+00 8.162991066e-09 -2.900000000e-01 -2.900000000e-01 -8.162991066e-09 -5.000000000e-01 -5.000000000e-01 0.000000000e+00 
d 0.000000000e+00 0.000000000e+00 8.209941474e-09 -3.000000000e-01 -3.000000000e-01 -8.209941474e-09 -5.000000000e-01 -5.000000000e-01 0.000000000e+00 
d 0.000000000e+00 0.000000000e+00 8.256348006e-09 -3.100000000e-01 -3.100000000e-01 -8.256348006e-09 -5.000000000e-01 -5.000000000e-01 0.000000000e+00 
d 0.000000000e+00 0.000000000e+00 8.302244678e-09 -3.200000000e-01 -3.200000000e-01 -8.302244678e-09 -5.000000000e-01 -5.000000000e-01 0.000000000e+00 
d 0.000000000e+00 0.000000000e+00 8.347640835e-09 -3.300000000e-01 -3.300000000e-01 -8.347640835e-09 -5.000000000e-01 -5.000000000e-01 0.000000000e+00 
d 0.000000000e+00 0.000000000e+00 8.392571348e-09 -3.400000000e-01 -3.400000000e-01 -8.392571348e-09 -5.000000000e-01 -5.000000000e-01 0.000000000e+00 
d 0.000000000e+00 0.000000000e+00 8.437047684e-09 -3.500000000e-01 -3.500000000e-01 -8.437047684e-09 -5.000000000e-01 -5.000000000e-01 0.000000000e+00 
d 0.000000000e+00 0.000000000e+00 8.481093646e-09 -3.600000000e-01 -3.600000000e-01 -8.481093646e-09 -5.000000000e-01 -5.000000000e-01 0.000000000e+00 
d 0.000000000e+00 0.000000000e+00 8.524728045e-09 -3.700000000e-01 -3.700000000e-01 -8.524728045e-09 -5.000000000e-01 -5.000000000e-01 0.000000000e+00 
d 0.000000000e+00 0.000000000e+00 8.567961946e-09 -3.800000000e-01 -3.800000000e-01 -8.567961946e-09 -5.000000000e-01 -5.000000000e-01 0.000000000e+00 
d 0.000000000e+00 0.000000000e+00 8.610810290e-09 -3.900000000e-01 -3.900000000e-01 -8.610810290e-09 -5.000000000e-01 -5.000000000e-01 0.000000000e+00 
d 0.000000000e+00 0.000000000e+00 8.653288726e-09 -4.000000000e-01 -4.000000000e-01 -8.653288726e-09 -5.000000000e-01 -5.000000000e-01 0.000000000e+00 
d 0.000000000e+00 0.000000000e+00 8.695407058e-09 -4.100000000e-01 -4.100000000e-01 -8.695407058e-09 -5.000000000e-01 -5.000000000e-01 0.000000000e+00 
d 0.000000000e+00 0.000000000e+00 8.737184147e-09 -4.200000000e-01 -4.200000000e-01 -8.737184147e-09 -5.000000000e-01 -5.000000000e-01 0.000000000e+00 
d 0.000000000e+00 0.000000000e+00 8.778636012e-09 -4.300000000e-01 -4.300000000e-01 -8.778636012e-09 -5.000000000e-01 -5.000000000e-01 0.000000000e+00 
d 0.000000000e+00 0.000000000e+00 8.819753302e-09 -4.400000000e-01 -4.400000000e-01 -8.819753302e-09 -5.000000000e-01 -5.000000000e-01 0.000000000e+00 
d 0.000000000e+00 0.000000000e+00 8.860561854e-09 -4.500000000e-01 -4.500000000e-01 -8.860561854e-09 -5.000000000e-01 -5.000000000e-01 0.000000000e+00 
d 0.000000000e+00 0.000000000e+00 8.901075709e-09 -4.600000000e-01 -4.600000000e-01 -8.901075709e-09 -5.000000000e-01 -5.000000000e-01 0.000000000e+00 
d 0.000000000e+00 0.000000000e+00 8.941294359e-09 -4.700000000e-01 -4.700000000e-01 -8.941294359e-09 -5.000000000e-01 -5.000000000e-01 0.000000000e+00 
d 0.000000000e+00 0.000000000e+00 8.981226727e-09 -4.800000000e-01 -4.800000000e-01 -8.981226727e-09 -5.000000000e-01 -5.000000000e-01 0.000000000e+00 
d 0.000000000e+00 0.000000000e+00 9.020881086e-09 -4.900000000e-01 -4.900000000e-01 -9.020881086e-09 -5.000000000e-01 -5.000000000e-01 0.000000000e+00 
d 0.000000000e+00 0.000000000e+00 9.060272583e-09 -5.000000000e-01 -5.000000000e-01 -9.060272583e-09 -5.000000000e-01 -5.000000000e-01 0.000000000e+00 
d 0.000000000e+00 0.000000000e+00 9.099408071e-09 -5.100000000e-01 -5.100000000e-01 -9.099408071e-09 -5.000000000e-01 -5.000000000e-01 0.000000000e+00 
d 0.000000000e+00 0.000000000e+00 9.138289717e-09 -5.200000000e-01 -5.200000000e-01 -9.138289717e-09 -5.000000000e-01 -5.000000000e-01 0.000000000e+00 
d 0.000000000e+00 0.000000000e+00 9.176923440e-09 -5.300000000e-01 -5.300000000e-01 -9.176923440e-09 -5.000000000e-01 -5.000000000e-01 0.000000000e+00 
d 0.000000000e+00 0.000000000e+00 9.215315079e-09 -5.400000000e-01 -5.400000000e-01 -9.215315079e-09 -5.000000000e-01 -5.000000000e-01 0.000000000e+00 
d 0.000000000e+00 0.000000000e+00 9.253476804e-09 -5.500000000e-01 -5.500000000e-01 -9.253476804e-09 -5.000000000e-01 -5.000000000e-01 0.000000000e+00 
d 0.000000000e+00 0.000000000e+00 9.291416839e-09 -5.600000000e-01 -5.600000000e-01 -9.291416839e-09 -5.000000000e-01 -5.000000000e-01 0.000000000e+00 
d 0.000000000e+00 0.000000000e+00 9.329139572e-09 -5.700000000e-01 -5.700000000e-01 -9.329139572e-09 -5.000000000e-01 -5.000000000e-01 0.000000000e+00 
d 0.000000000e+00 0.000000000e+00 9.366641800e-09 -5.800000000e-01 -5.800000000e-01 -9.366641800e-09 -5.000000000e-01 -5.000000000e-01 0.000000000e+00 
d 0.000000000e+00 0.000000000e+00 9.403926844e-09 -5.900000000e-01 -5.900000000e-01 -9.403926844e-09 -5.000000000e-01 -5.000000000e-01 0.000000000e+00 
d 0.000000000e+00 0.000000000e+00 9.441019395e-09 -6.000000000e-01 -6.000000000e-01 -9.441019395e-09 -5.000000000e-01 -5.000000000e-01 0.000000000e+00 
d 0.000000000e+00 0.000000000e+00 9.477906570e-09 -6.100000000e-01 -6.100000000e-01 -9.477906570e-09 -5.000000000e-01 -5.000000000e-01 0.000000000e+00 
d 0.000000000e+00 0.000000000e+00 9.514608864e-09 -6.200000000e-01 -6.200000000e-01 -9.514608864e-09 -5.000000000e-01 -5.000000000e-01 0.000000000e+00 
d 0.000000000e+00 0.000000000e+00 9.551108132e-09 -6.300000000e-01 -6.300000000e-01 -9.551108132e-09 -5.000000000e-01 -5.000000000e-01 0.000000000e+00 
d 0.000000000e+00 0.000000000e+00 9.587433668e-09 -6.400000000e-01 -6.400000000e-01 -9.587433668e-09 -5.000000000e-01 -5.000000000e-01 0.000000000e+00 
d 0.000000000e+00 0.000000000e+00 9.623572606e-09 -6.500000000e-01 -6.500000000e-01 -9.623572606e-09 -5.000000000e-01 -5.000000000e-01 0.000000000e+00 
d 0.000000000e+00 0.000000000e+00 9.659541150e-09 -6.600000000e-01 -6.600000000e-01 -9.659541150e-09 -5.000000000e-01 -5.000000000e-01 0.000000000e+00 
d 0.000000000e+00 0.000000000e+00 9.695318571e-09 -6.700000000e-01 -6.700000000e-01 -9.695318571e-09 -5.000000000e-01 -5.000000000e-01 0.000000000e+00 
d 0.000000000e+00 0.000000000e+00 9.730943693e-09 -6.800000000e-01 -6.800000000e-01 -9.730943693e-09 -5.000000000e-01 -5.000000000e-01 0.000000000e+00 
d 0.000000000e+00 0.000000000e+00 9.766393730e-09 -6.900000000e-01 -6.900000000e-01 -9.766393730e-09 -5.000000000e-01 -5.000000000e-01 0.000000000e+00 
d 0.000000000e+00 0.000000000e+00 9.801681764e-09 -7.000000000e-01 -7.000000000e-01 -9.801681764e-09 -5.000000000e-01 -5.000000000e-01 0.000000000e+00 
d 0.000000000e+00 0.000000000e+00 9.836817882e-09 -7.100000000e-01 -7.100000000e-01 -9.836817882e-09 -5.000000000e-01 -5.000000000e-01 0.000000000e+00 
d 0.000000000e+00 0.000000000e+00 9.871792740e-09 -7.200000000e-01 -7.200000000e-01 -9.871792740e-09 -5.000000000e-01 -5.000000000e-01 0.000000000e+00 
d 0.000000000e+00 0.000000000e+00 9.906606366e-09 -7.300000000e-01 -7.300000000e-01 -9.906606366e-09 -5.000000000e-01 -5.000000000e-01 0.000000000e+00 
d 0.000000000e+00 0.000000000e+00 9.941277022e-09 -7.400000000e-01 -7.400000000e-01 -9.941277022e-09 -5.000000000e-01 -5.000000000e-01 0.000000000e+00 
d 0.000000000e+00 0.000000000e+00 9.975803003e-09 -7.500000000e-01 -7.500000000e-01 -9.975803003e-09 -5.000000000e-01 -5.000000000e-01 0.000000000e+00 
d 0.000000000e+00 0.000000000e+00 1.001018166e-08 -7.600000000e-01 -7.600000000e-01 -1.001018166e-08 -5.000000000e-01 -5.000000000e-01 0.000000000e+00 
d 0.000000000e+00 0.000000000e+00 1.004441442e-08 -7.700000000e-01 -7.700000000e-01 -1.004441442e-08 -5.000000000e-01 -5.000000000e-01 0.000000000e+00 
d 0.000000000e+00 0.000000000e+00 1.007851860e-08 -7.800000000e-01 -7.800000000e-01 -1.007851860e-08 -5.000000000e-01 -5.000000000e-01 0.000000000e+00 
d 0.000000000e+00 0.000000000e+00 1.011248044e-08 -7.900000000e-01 -7.900000000e-01 -1.011248044e-08 -5.000000000e-01 -5.000000000e-01 0.000000000e+00 
d 0.000000000e+00 0.000000000e+00 1.014630394e-08 -8.000000000e-01 -8.000000000e-01 -1.014630394e-08 -5.000000000e-01 -5.000000000e-01 0.000000000e+00 
