v ATLAS
# This file was created by ATLAS version 5.28.1.R on Sun Jul 27 23:07:56 2025.
#SSF 2.0 generic
##############################################################################
#                    Copyright (c) 1984 - 2019                               #
#                    Silvaco Inc. All rights reserved                        #
#                                                                            #
# This file format and the following Key are copyright Silvaco Inc.          #
# You may not use, this format or key without reproducing this message in    #
# full and obtaining express written permission from Silvaco Inc.            #
#                                                                            #
# To obtain such permission please contact: Silvaco Inc.                     #
#                                           support@silvaco.com              #
#                                                                            #
# KEY=SVC86hn7562asdx                       PROD=345                         #
##############################################################################
y 3 700 711 15
z 0 1e+41 300
f 3 "source" "drain" "gate" 
p 9 2 601 20 3 602 21 4 603 22 
d 0.000000000e+00 0.000000000e+00 -1.368372559e-21 0.000000000e+00 0.000000000e+00 -4.865116747e-22 -6.000000000e-01 -6.000000000e-01 0.000000000e+00 
d 0.000000000e+00 0.000000000e+00 -2.909844984e-06 1.000000000e-01 1.000000000e-01 2.909844984e-06 -6.000000000e-01 -6.000000000e-01 0.000000000e+00 
d 0.000000000e+00 0.000000000e+00 -2.562988177e-06 9.000000000e-02 9.000000000e-02 2.562988177e-06 -6.000000000e-01 -6.000000000e-01 0.000000000e+00 
d 0.000000000e+00 0.000000000e+00 -2.227437578e-06 8.000000000e-02 8.000000000e-02 2.227437578e-06 -6.000000000e-01 -6.000000000e-01 0.000000000e+00 
d 0.000000000e+00 0.000000000e+00 -1.903066323e-06 7.000000000e-02 7.000000000e-02 1.903066323e-06 -6.000000000e-01 -6.000000000e-01 0.000000000e+00 
d 0.000000000e+00 0.000000000e+00 -1.589857363e-06 6.000000000e-02 6.000000000e-02 1.589857363e-06 -6.000000000e-01 -6.000000000e-01 0.000000000e+00 
d 0.000000000e+00 0.000000000e+00 -1.288351171e-06 5.000000000e-02 5.000000000e-02 1.288351171e-06 -6.000000000e-01 -6.000000000e-01 0.000000000e+00 
d 0.000000000e+00 0.000000000e+00 -9.995401757e-07 4.000000000e-02 4.000000000e-02 9.995401757e-07 -6.000000000e-01 -6.000000000e-01 0.000000000e+00 
d 0.000000000e+00 0.000000000e+00 -7.247313398e-07 3.000000000e-02 3.000000000e-02 7.247313398e-07 -6.000000000e-01 -6.000000000e-01 0.000000000e+00 
d 0.000000000e+00 0.000000000e+00 -4.654592351e-07 2.000000000e-02 2.000000000e-02 4.654592351e-07 -6.000000000e-01 -6.000000000e-01 0.000000000e+00 
d 0.000000000e+00 0.000000000e+00 -2.233548847e-07 1.000000000e-02 1.000000000e-02 2.233548847e-07 -6.000000000e-01 -6.000000000e-01 0.000000000e+00 
d 0.000000000e+00 0.000000000e+00 1.215041425e-21 -2.583138497e-17 -2.583138497e-17 -2.806170674e-22 -6.000000000e-01 -6.000000000e-01 0.000000000e+00 
d 0.000000000e+00 0.000000000e+00 2.032276315e-07 -1.000000000e-02 -1.000000000e-02 -2.032276315e-07 -6.000000000e-01 -6.000000000e-01 0.000000000e+00 
d 0.000000000e+00 0.000000000e+00 3.853047541e-07 -2.000000000e-02 -2.000000000e-02 -3.853047541e-07 -6.000000000e-01 -6.000000000e-01 0.000000000e+00 
d 0.000000000e+00 0.000000000e+00 5.456903602e-07 -3.000000000e-02 -3.000000000e-02 -5.456903602e-07 -6.000000000e-01 -6.000000000e-01 0.000000000e+00 
d 0.000000000e+00 0.000000000e+00 6.843629080e-07 -4.000000000e-02 -4.000000000e-02 -6.843629080e-07 -6.000000000e-01 -6.000000000e-01 0.000000000e+00 
d 0.000000000e+00 0.000000000e+00 8.019685380e-07 -5.000000000e-02 -5.000000000e-02 -8.019685380e-07 -6.000000000e-01 -6.000000000e-01 0.000000000e+00 
d 0.000000000e+00 0.000000000e+00 8.997392325e-07 -6.000000000e-02 -6.000000000e-02 -8.997392325e-07 -6.000000000e-01 -6.000000000e-01 0.000000000e+00 
d 0.000000000e+00 0.000000000e+00 9.794455668e-07 -7.000000000e-02 -7.000000000e-02 -9.794455668e-07 -6.000000000e-01 -6.000000000e-01 0.000000000e+00 
d 0.000000000e+00 0.000000000e+00 1.043247902e-06 -8.000000000e-02 -8.000000000e-02 -1.043247902e-06 -6.000000000e-01 -6.000000000e-01 0.000000000e+00 
d 0.000000000e+00 0.000000000e+00 1.093516208e-06 -9.000000000e-02 -9.000000000e-02 -1.093516208e-06 -6.000000000e-01 -6.000000000e-01 0.000000000e+00 
d 0.000000000e+00 0.000000000e+00 1.132637998e-06 -1.000000000e-01 -1.000000000e-01 -1.132637998e-06 -6.000000000e-01 -6.000000000e-01 0.000000000e+00 
d 0.000000000e+00 0.000000000e+00 1.162853685e-06 -1.100000000e-01 -1.100000000e-01 -1.162853685e-06 -6.000000000e-01 -6.000000000e-01 0.000000000e+00 
d 0.000000000e+00 0.000000000e+00 1.186140670e-06 -1.200000000e-01 -1.200000000e-01 -1.186140670e-06 -6.000000000e-01 -6.000000000e-01 0.000000000e+00 
d 0.000000000e+00 0.000000000e+00 1.204157151e-06 -1.300000000e-01 -1.300000000e-01 -1.204157151e-06 -6.000000000e-01 -6.000000000e-01 0.000000000e+00 
d 0.000000000e+00 0.000000000e+00 1.218234669e-06 -1.400000000e-01 -1.400000000e-01 -1.218234669e-06 -6.000000000e-01 -6.000000000e-01 0.000000000e+00 
d 0.000000000e+00 0.000000000e+00 1.229406356e-06 -1.500000000e-01 -1.500000000e-01 -1.229406356e-06 -6.000000000e-01 -6.000000000e-01 0.000000000e+00 
d 0.000000000e+00 0.000000000e+00 1.238452309e-06 -1.600000000e-01 -1.600000000e-01 -1.238452309e-06 -6.000000000e-01 -6.000000000e-01 0.000000000e+00 
d 0.000000000e+00 0.000000000e+00 1.245949982e-06 -1.700000000e-01 -1.700000000e-01 -1.245949982e-06 -6.000000000e-01 -6.000000000e-01 0.000000000e+00 
d 0.000000000e+00 0.000000000e+00 1.252320031e-06 -1.800000000e-01 -1.800000000e-01 -1.252320031e-06 -6.000000000e-01 -6.000000000e-01 0.000000000e+00 
d 0.000000000e+00 0.000000000e+00 1.257865697e-06 -1.900000000e-01 -1.900000000e-01 -1.257865697e-06 -6.000000000e-01 -6.000000000e-01 0.000000000e+00 
d 0.000000000e+00 0.000000000e+00 1.262804272e-06 -2.000000000e-01 -2.000000000e-01 -1.262804272e-06 -6.000000000e-01 -6.000000000e-01 0.000000000e+00 
d 0.000000000e+00 0.000000000e+00 1.267290915e-06 -2.100000000e-01 -2.100000000e-01 -1.267290915e-06 -6.000000000e-01 -6.000000000e-01 0.000000000e+00 
d 0.000000000e+00 0.000000000e+00 1.271436234e-06 -2.200000000e-01 -2.200000000e-01 -1.271436234e-06 -6.000000000e-01 -6.000000000e-01 0.000000000e+00 
d 0.000000000e+00 0.000000000e+00 1.275318390e-06 -2.300000000e-01 -2.300000000e-01 -1.275318390e-06 -6.000000000e-01 -6.000000000e-01 0.000000000e+00 
d 0.000000000e+00 0.000000000e+00 1.278994648e-06 -2.400000000e-01 -2.400000000e-01 -1.278994648e-06 -6.000000000e-01 -6.000000000e-01 0.000000000e+00 
d 0.000000000e+00 0.000000000e+00 1.282504920e-06 -2.500000000e-01 -2.500000000e-01 -1.282504920e-06 -6.000000000e-01 -6.000000000e-01 0.000000000e+00 
d 0.000000000e+00 0.000000000e+00 1.285919836e-06 -2.600000000e-01 -2.600000000e-01 -1.285919836e-06 -6.000000000e-01 -6.000000000e-01 0.000000000e+00 
d 0.000000000e+00 0.000000000e+00 1.289189649e-06 -2.700000000e-01 -2.700000000e-01 -1.289189649e-06 -6.000000000e-01 -6.000000000e-01 0.000000000e+00 
d 0.000000000e+00 0.000000000e+00 1.292337972e-06 -2.800000000e-01 -2.800000000e-01 -1.292337972e-06 -6.000000000e-01 -6.000000000e-01 0.000000000e+00 
d 0.000000000e+00 0.000000000e+00 1.295405664e-06 -2.900000000e-01 -2.900000000e-01 -1.295405664e-06 -6.000000000e-01 -6.000000000e-01 0.000000000e+00 
d 0.000000000e+00 0.000000000e+00 1.298397932e-06 -3.000000000e-01 -3.000000000e-01 -1.298397932e-06 -6.000000000e-01 -6.000000000e-01 0.000000000e+00 
d 0.000000000e+00 0.000000000e+00 1.301319121e-06 -3.100000000e-01 -3.100000000e-01 -1.301319121e-06 -6.000000000e-01 -6.000000000e-01 0.000000000e+00 
d 0.000000000e+00 0.000000000e+00 1.304175653e-06 -3.200000000e-01 -3.200000000e-01 -1.304175653e-06 -6.000000000e-01 -6.000000000e-01 0.000000000e+00 
d 0.000000000e+00 0.000000000e+00 1.306971352e-06 -3.300000000e-01 -3.300000000e-01 -1.306971352e-06 -6.000000000e-01 -6.000000000e-01 0.000000000e+00 
d 0.000000000e+00 0.000000000e+00 1.309710022e-06 -3.400000000e-01 -3.400000000e-01 -1.309710022e-06 -6.000000000e-01 -6.000000000e-01 0.000000000e+00 
d 0.000000000e+00 0.000000000e+00 1.312395203e-06 -3.500000000e-01 -3.500000000e-01 -1.312395203e-06 -6.000000000e-01 -6.000000000e-01 0.000000000e+00 
d 0.000000000e+00 0.000000000e+00 1.315029364e-06 -3.600000000e-01 -3.600000000e-01 -1.315029364e-06 -6.000000000e-01 -6.000000000e-01 0.000000000e+00 
d 0.000000000e+00 0.000000000e+00 1.317615224e-06 -3.700000000e-01 -3.700000000e-01 -1.317615224e-06 -6.000000000e-01 -6.000000000e-01 0.000000000e+00 
d 0.000000000e+00 0.000000000e+00 1.320154068e-06 -3.800000000e-01 -3.800000000e-01 -1.320154068e-06 -6.000000000e-01 -6.000000000e-01 0.000000000e+00 
d 0.000000000e+00 0.000000000e+00 1.322648369e-06 -3.900000000e-01 -3.900000000e-01 -1.322648369e-06 -6.000000000e-01 -6.000000000e-01 0.000000000e+00 
d 0.000000000e+00 0.000000000e+00 1.325100040e-06 -4.000000000e-01 -4.000000000e-01 -1.325100040e-06 -6.000000000e-01 -6.000000000e-01 0.000000000e+00 
d 0.000000000e+00 0.000000000e+00 1.327510054e-06 -4.100000000e-01 -4.100000000e-01 -1.327510054e-06 -6.000000000e-01 -6.000000000e-01 0.000000000e+00 
d 0.000000000e+00 0.000000000e+00 1.329880127e-06 -4.200000000e-01 -4.200000000e-01 -1.329880127e-06 -6.000000000e-01 -6.000000000e-01 0.000000000e+00 
d 0.000000000e+00 0.000000000e+00 1.332211733e-06 -4.300000000e-01 -4.300000000e-01 -1.332211733e-06 -6.000000000e-01 -6.000000000e-01 0.000000000e+00 
d 0.000000000e+00 0.000000000e+00 1.334506016e-06 -4.400000000e-01 -4.400000000e-01 -1.334506016e-06 -6.000000000e-01 -6.000000000e-01 0.000000000e+00 
d 0.000000000e+00 0.000000000e+00 1.336764118e-06 -4.500000000e-01 -4.500000000e-01 -1.336764118e-06 -6.000000000e-01 -6.000000000e-01 0.000000000e+00 
d 0.000000000e+00 0.000000000e+00 1.338987468e-06 -4.600000000e-01 -4.600000000e-01 -1.338987468e-06 -6.000000000e-01 -6.000000000e-01 0.000000000e+00 
d 0.000000000e+00 0.000000000e+00 1.341176880e-06 -4.700000000e-01 -4.700000000e-01 -1.341176880e-06 -6.000000000e-01 -6.000000000e-01 0.000000000e+00 
d 0.000000000e+00 0.000000000e+00 1.343334110e-06 -4.800000000e-01 -4.800000000e-01 -1.343334110e-06 -6.000000000e-01 -6.000000000e-01 0.000000000e+00 
d 0.000000000e+00 0.000000000e+00 1.345458851e-06 -4.900000000e-01 -4.900000000e-01 -1.345458851e-06 -6.000000000e-01 -6.000000000e-01 0.000000000e+00 
d 0.000000000e+00 0.000000000e+00 1.347553450e-06 -5.000000000e-01 -5.000000000e-01 -1.347553450e-06 -6.000000000e-01 -6.000000000e-01 0.000000000e+00 
d 0.000000000e+00 0.000000000e+00 1.349617687e-06 -5.100000000e-01 -5.100000000e-01 -1.349617687e-06 -6.000000000e-01 -6.000000000e-01 0.000000000e+00 
d 0.000000000e+00 0.000000000e+00 1.351653431e-06 -5.200000000e-01 -5.200000000e-01 -1.351653431e-06 -6.000000000e-01 -6.000000000e-01 0.000000000e+00 
d 0.000000000e+00 0.000000000e+00 1.353660817e-06 -5.300000000e-01 -5.300000000e-01 -1.353660817e-06 -6.000000000e-01 -6.000000000e-01 0.000000000e+00 
d 0.000000000e+00 0.000000000e+00 1.355640598e-06 -5.400000000e-01 -5.400000000e-01 -1.355640598e-06 -6.000000000e-01 -6.000000000e-01 0.000000000e+00 
d 0.000000000e+00 0.000000000e+00 1.357594083e-06 -5.500000000e-01 -5.500000000e-01 -1.357594083e-06 -6.000000000e-01 -6.000000000e-01 0.000000000e+00 
d 0.000000000e+00 0.000000000e+00 1.359521600e-06 -5.600000000e-01 -5.600000000e-01 -1.359521600e-06 -6.000000000e-01 -6.000000000e-01 0.000000000e+00 
d 0.000000000e+00 0.000000000e+00 1.361424108e-06 -5.700000000e-01 -5.700000000e-01 -1.361424108e-06 -6.000000000e-01 -6.000000000e-01 0.000000000e+00 
d 0.000000000e+00 0.000000000e+00 1.363302466e-06 -5.800000000e-01 -5.800000000e-01 -1.363302466e-06 -6.000000000e-01 -6.000000000e-01 0.000000000e+00 
d 0.000000000e+00 0.000000000e+00 1.365157180e-06 -5.900000000e-01 -5.900000000e-01 -1.365157180e-06 -6.000000000e-01 -6.000000000e-01 0.000000000e+00 
d 0.000000000e+00 0.000000000e+00 1.366988319e-06 -6.000000000e-01 -6.000000000e-01 -1.366988319e-06 -6.000000000e-01 -6.000000000e-01 0.000000000e+00 
d 0.000000000e+00 0.000000000e+00 1.368797256e-06 -6.100000000e-01 -6.100000000e-01 -1.368797256e-06 -6.000000000e-01 -6.000000000e-01 0.000000000e+00 
d 0.000000000e+00 0.000000000e+00 1.370584815e-06 -6.200000000e-01 -6.200000000e-01 -1.370584815e-06 -6.000000000e-01 -6.000000000e-01 0.000000000e+00 
d 0.000000000e+00 0.000000000e+00 1.372350544e-06 -6.300000000e-01 -6.300000000e-01 -1.372350544e-06 -6.000000000e-01 -6.000000000e-01 0.000000000e+00 
d 0.000000000e+00 0.000000000e+00 1.374096638e-06 -6.400000000e-01 -6.400000000e-01 -1.374096638e-06 -6.000000000e-01 -6.000000000e-01 0.000000000e+00 
d 0.000000000e+00 0.000000000e+00 1.375821371e-06 -6.500000000e-01 -6.500000000e-01 -1.375821371e-06 -6.000000000e-01 -6.000000000e-01 0.000000000e+00 
d 0.000000000e+00 0.000000000e+00 1.377527455e-06 -6.600000000e-01 -6.600000000e-01 -1.377527455e-06 -6.000000000e-01 -6.000000000e-01 0.000000000e+00 
d 0.000000000e+00 0.000000000e+00 1.379214508e-06 -6.700000000e-01 -6.700000000e-01 -1.379214508e-06 -6.000000000e-01 -6.000000000e-01 0.000000000e+00 
d 0.000000000e+00 0.000000000e+00 1.380882489e-06 -6.800000000e-01 -6.800000000e-01 -1.380882489e-06 -6.000000000e-01 -6.000000000e-01 0.000000000e+00 
d 0.000000000e+00 0.000000000e+00 1.382532716e-06 -6.900000000e-01 -6.900000000e-01 -1.382532716e-06 -6.000000000e-01 -6.000000000e-01 0.000000000e+00 
d 0.000000000e+00 0.000000000e+00 1.384165444e-06 -7.000000000e-01 -7.000000000e-01 -1.384165444e-06 -6.000000000e-01 -6.000000000e-01 0.000000000e+00 
d 0.000000000e+00 0.000000000e+00 1.385780901e-06 -7.100000000e-01 -7.100000000e-01 -1.385780901e-06 -6.000000000e-01 -6.000000000e-01 0.000000000e+00 
d 0.000000000e+00 0.000000000e+00 1.387379795e-06 -7.200000000e-01 -7.200000000e-01 -1.387379795e-06 -6.000000000e-01 -6.000000000e-01 0.000000000e+00 
d 0.000000000e+00 0.000000000e+00 1.388962393e-06 -7.300000000e-01 -7.300000000e-01 -1.388962393e-06 -6.000000000e-01 -6.000000000e-01 0.000000000e+00 
d 0.000000000e+00 0.000000000e+00 1.390529279e-06 -7.400000000e-01 -7.400000000e-01 -1.390529279e-06 -6.000000000e-01 -6.000000000e-01 0.000000000e+00 
d 0.000000000e+00 0.000000000e+00 1.392080480e-06 -7.500000000e-01 -7.500000000e-01 -1.392080480e-06 -6.000000000e-01 -6.000000000e-01 0.000000000e+00 
d 0.000000000e+00 0.000000000e+00 1.393617103e-06 -7.600000000e-01 -7.600000000e-01 -1.393617103e-06 -6.000000000e-01 -6.000000000e-01 0.000000000e+00 
d 0.000000000e+00 0.000000000e+00 1.395138259e-06 -7.700000000e-01 -7.700000000e-01 -1.395138259e-06 -6.000000000e-01 -6.000000000e-01 0.000000000e+00 
d 0.000000000e+00 0.000000000e+00 1.396645249e-06 -7.800000000e-01 -7.800000000e-01 -1.396645249e-06 -6.000000000e-01 -6.000000000e-01 0.000000000e+00 
d 0.000000000e+00 0.000000000e+00 1.398138938e-06 -7.900000000e-01 -7.900000000e-01 -1.398138938e-06 -6.000000000e-01 -6.000000000e-01 0.000000000e+00 
d 0.000000000e+00 0.000000000e+00 1.399618136e-06 -8.000000000e-01 -8.000000000e-01 -1.399618136e-06 -6.000000000e-01 -6.000000000e-01 0.000000000e+00 
