v ATLAS
# This file was created by ATLAS version 5.28.1.R on Sun Jul 27 21:31:05 2025.
#SSF 2.0 generic
##############################################################################
#                    Copyright (c) 1984 - 2019                               #
#                    Silvaco Inc. All rights reserved                        #
#                                                                            #
# This file format and the following Key are copyright Silvaco Inc.          #
# You may not use, this format or key without reproducing this message in    #
# full and obtaining express written permission from Silvaco Inc.            #
#                                                                            #
# To obtain such permission please contact: Silvaco Inc.                     #
#                                           support@silvaco.com              #
#                                                                            #
# KEY=SVC86hn7562asdx                       PROD=345                         #
##############################################################################
y 3 700 711 15
z 0 1e+41 300
f 3 "source" "drain" "gate" 
p 9 2 601 20 3 602 21 4 603 22 
d 0.000000000e+00 0.000000000e+00 4.996836906e-09 -8.000000000e-01 -8.000000000e-01 -4.996836906e-09 -5.000000000e-01 -5.000000000e-01 0.000000000e+00 
d 0.000000000e+00 0.000000000e+00 -1.358373675e-07 1.000000000e-01 1.000000000e-01 1.358373675e-07 -5.000000000e-01 -5.000000000e-01 0.000000000e+00 
d 0.000000000e+00 0.000000000e+00 -9.845234208e-08 9.000000000e-02 9.000000000e-02 9.845234208e-08 -5.000000000e-01 -5.000000000e-01 0.000000000e+00 
d 0.000000000e+00 0.000000000e+00 -7.003961399e-08 8.000000000e-02 8.000000000e-02 7.003961399e-08 -5.000000000e-01 -5.000000000e-01 0.000000000e+00 
d 0.000000000e+00 0.000000000e+00 -4.886807653e-08 7.000000000e-02 7.000000000e-02 4.886807653e-08 -5.000000000e-01 -5.000000000e-01 0.000000000e+00 
d 0.000000000e+00 0.000000000e+00 -3.336683556e-08 6.000000000e-02 6.000000000e-02 3.336683556e-08 -5.000000000e-01 -5.000000000e-01 0.000000000e+00 
d 0.000000000e+00 0.000000000e+00 -2.218471646e-08 5.000000000e-02 5.000000000e-02 2.218471646e-08 -5.000000000e-01 -5.000000000e-01 0.000000000e+00 
d 0.000000000e+00 0.000000000e+00 -1.421606208e-08 4.000000000e-02 4.000000000e-02 1.421606208e-08 -5.000000000e-01 -5.000000000e-01 0.000000000e+00 
d 0.000000000e+00 0.000000000e+00 -8.591987931e-09 3.000000000e-02 3.000000000e-02 8.591987931e-09 -5.000000000e-01 -5.000000000e-01 0.000000000e+00 
d 0.000000000e+00 0.000000000e+00 -4.651826343e-09 2.000000000e-02 2.000000000e-02 4.651826343e-09 -5.000000000e-01 -5.000000000e-01 0.000000000e+00 
d 0.000000000e+00 0.000000000e+00 -1.906215276e-09 1.000000000e-02 1.000000000e-02 1.906215276e-09 -5.000000000e-01 -5.000000000e-01 0.000000000e+00 
d 0.000000000e+00 0.000000000e+00 -1.133123661e-21 -2.583138497e-17 -2.583138497e-17 1.210761487e-22 -5.000000000e-01 -5.000000000e-01 0.000000000e+00 
d 0.000000000e+00 0.000000000e+00 1.320600164e-09 -1.000000000e-02 -1.000000000e-02 -1.320600164e-09 -5.000000000e-01 -5.000000000e-01 0.000000000e+00 
d 0.000000000e+00 0.000000000e+00 2.234809367e-09 -2.000000000e-02 -2.000000000e-02 -2.234809367e-09 -5.000000000e-01 -5.000000000e-01 0.000000000e+00 
d 0.000000000e+00 0.000000000e+00 2.868096296e-09 -3.000000000e-02 -3.000000000e-02 -2.868096296e-09 -5.000000000e-01 -5.000000000e-01 0.000000000e+00 
d 0.000000000e+00 0.000000000e+00 3.307730657e-09 -4.000000000e-02 -4.000000000e-02 -3.307730657e-09 -5.000000000e-01 -5.000000000e-01 0.000000000e+00 
d 0.000000000e+00 0.000000000e+00 3.614125906e-09 -5.000000000e-02 -5.000000000e-02 -3.614125906e-09 -5.000000000e-01 -5.000000000e-01 0.000000000e+00 
d 0.000000000e+00 0.000000000e+00 3.828955147e-09 -6.000000000e-02 -6.000000000e-02 -3.828955147e-09 -5.000000000e-01 -5.000000000e-01 0.000000000e+00 
d 0.000000000e+00 0.000000000e+00 3.980898063e-09 -7.000000000e-02 -7.000000000e-02 -3.980898063e-09 -5.000000000e-01 -5.000000000e-01 0.000000000e+00 
d 0.000000000e+00 0.000000000e+00 4.089652267e-09 -8.000000000e-02 -8.000000000e-02 -4.089652267e-09 -5.000000000e-01 -5.000000000e-01 0.000000000e+00 
d 0.000000000e+00 0.000000000e+00 4.168727848e-09 -9.000000000e-02 -9.000000000e-02 -4.168727848e-09 -5.000000000e-01 -5.000000000e-01 0.000000000e+00 
d 0.000000000e+00 0.000000000e+00 4.227393477e-09 -1.000000000e-01 -1.000000000e-01 -4.227393477e-09 -5.000000000e-01 -5.000000000e-01 0.000000000e+00 
d 0.000000000e+00 0.000000000e+00 4.271993121e-09 -1.100000000e-01 -1.100000000e-01 -4.271993121e-09 -5.000000000e-01 -5.000000000e-01 0.000000000e+00 
d 0.000000000e+00 0.000000000e+00 4.306876649e-09 -1.200000000e-01 -1.200000000e-01 -4.306876649e-09 -5.000000000e-01 -5.000000000e-01 0.000000000e+00 
d 0.000000000e+00 0.000000000e+00 4.335021362e-09 -1.300000000e-01 -1.300000000e-01 -4.335021362e-09 -5.000000000e-01 -5.000000000e-01 0.000000000e+00 
d 0.000000000e+00 0.000000000e+00 4.358469157e-09 -1.400000000e-01 -1.400000000e-01 -4.358469157e-09 -5.000000000e-01 -5.000000000e-01 0.000000000e+00 
d 0.000000000e+00 0.000000000e+00 4.378621830e-09 -1.500000000e-01 -1.500000000e-01 -4.378621830e-09 -5.000000000e-01 -5.000000000e-01 0.000000000e+00 
d 0.000000000e+00 0.000000000e+00 4.396441303e-09 -1.600000000e-01 -1.600000000e-01 -4.396441303e-09 -5.000000000e-01 -5.000000000e-01 0.000000000e+00 
d 0.000000000e+00 0.000000000e+00 4.412588884e-09 -1.700000000e-01 -1.700000000e-01 -4.412588884e-09 -5.000000000e-01 -5.000000000e-01 0.000000000e+00 
d 0.000000000e+00 0.000000000e+00 4.427518342e-09 -1.800000000e-01 -1.800000000e-01 -4.427518342e-09 -5.000000000e-01 -5.000000000e-01 0.000000000e+00 
d 0.000000000e+00 0.000000000e+00 4.441549754e-09 -1.900000000e-01 -1.900000000e-01 -4.441549754e-09 -5.000000000e-01 -5.000000000e-01 0.000000000e+00 
d 0.000000000e+00 0.000000000e+00 4.454900908e-09 -2.000000000e-01 -2.000000000e-01 -4.454900908e-09 -5.000000000e-01 -5.000000000e-01 0.000000000e+00 
d 0.000000000e+00 0.000000000e+00 4.467723504e-09 -2.100000000e-01 -2.100000000e-01 -4.467723504e-09 -5.000000000e-01 -5.000000000e-01 0.000000000e+00 
d 0.000000000e+00 0.000000000e+00 4.480130701e-09 -2.200000000e-01 -2.200000000e-01 -4.480130701e-09 -5.000000000e-01 -5.000000000e-01 0.000000000e+00 
d 0.000000000e+00 0.000000000e+00 4.492199522e-09 -2.300000000e-01 -2.300000000e-01 -4.492199523e-09 -5.000000000e-01 -5.000000000e-01 0.000000000e+00 
d 0.000000000e+00 0.000000000e+00 4.503982594e-09 -2.400000000e-01 -2.400000000e-01 -4.503982594e-09 -5.000000000e-01 -5.000000000e-01 0.000000000e+00 
d 0.000000000e+00 0.000000000e+00 4.515522194e-09 -2.500000000e-01 -2.500000000e-01 -4.515522194e-09 -5.000000000e-01 -5.000000000e-01 0.000000000e+00 
d 0.000000000e+00 0.000000000e+00 4.526848173e-09 -2.600000000e-01 -2.600000000e-01 -4.526848173e-09 -5.000000000e-01 -5.000000000e-01 0.000000000e+00 
d 0.000000000e+00 0.000000000e+00 4.537984189e-09 -2.700000000e-01 -2.700000000e-01 -4.537984189e-09 -5.000000000e-01 -5.000000000e-01 0.000000000e+00 
d 0.000000000e+00 0.000000000e+00 4.548944808e-09 -2.800000000e-01 -2.800000000e-01 -4.548944808e-09 -5.000000000e-01 -5.000000000e-01 0.000000000e+00 
d 0.000000000e+00 0.000000000e+00 4.559745132e-09 -2.900000000e-01 -2.900000000e-01 -4.559745132e-09 -5.000000000e-01 -5.000000000e-01 0.000000000e+00 
d 0.000000000e+00 0.000000000e+00 4.570397289e-09 -3.000000000e-01 -3.000000000e-01 -4.570397289e-09 -5.000000000e-01 -5.000000000e-01 0.000000000e+00 
d 0.000000000e+00 0.000000000e+00 4.580909241e-09 -3.100000000e-01 -3.100000000e-01 -4.580909241e-09 -5.000000000e-01 -5.000000000e-01 0.000000000e+00 
d 0.000000000e+00 0.000000000e+00 4.591291890e-09 -3.200000000e-01 -3.200000000e-01 -4.591291890e-09 -5.000000000e-01 -5.000000000e-01 0.000000000e+00 
d 0.000000000e+00 0.000000000e+00 4.601545465e-09 -3.300000000e-01 -3.300000000e-01 -4.601545465e-09 -5.000000000e-01 -5.000000000e-01 0.000000000e+00 
d 0.000000000e+00 0.000000000e+00 4.611684872e-09 -3.400000000e-01 -3.400000000e-01 -4.611684872e-09 -5.000000000e-01 -5.000000000e-01 0.000000000e+00 
d 0.000000000e+00 0.000000000e+00 4.621708526e-09 -3.500000000e-01 -3.500000000e-01 -4.621708526e-09 -5.000000000e-01 -5.000000000e-01 0.000000000e+00 
d 0.000000000e+00 0.000000000e+00 4.631621185e-09 -3.600000000e-01 -3.600000000e-01 -4.631621185e-09 -5.000000000e-01 -5.000000000e-01 0.000000000e+00 
d 0.000000000e+00 0.000000000e+00 4.641432914e-09 -3.700000000e-01 -3.700000000e-01 -4.641432914e-09 -5.000000000e-01 -5.000000000e-01 0.000000000e+00 
d 0.000000000e+00 0.000000000e+00 4.651144574e-09 -3.800000000e-01 -3.800000000e-01 -4.651144574e-09 -5.000000000e-01 -5.000000000e-01 0.000000000e+00 
d 0.000000000e+00 0.000000000e+00 4.660760400e-09 -3.900000000e-01 -3.900000000e-01 -4.660760400e-09 -5.000000000e-01 -5.000000000e-01 0.000000000e+00 
d 0.000000000e+00 0.000000000e+00 4.670282401e-09 -4.000000000e-01 -4.000000000e-01 -4.670282401e-09 -5.000000000e-01 -5.000000000e-01 0.000000000e+00 
d 0.000000000e+00 0.000000000e+00 4.679715611e-09 -4.100000000e-01 -4.100000000e-01 -4.679715611e-09 -5.000000000e-01 -5.000000000e-01 0.000000000e+00 
d 0.000000000e+00 0.000000000e+00 4.689060433e-09 -4.200000000e-01 -4.200000000e-01 -4.689060433e-09 -5.000000000e-01 -5.000000000e-01 0.000000000e+00 
d 0.000000000e+00 0.000000000e+00 4.698316807e-09 -4.300000000e-01 -4.300000000e-01 -4.698316807e-09 -5.000000000e-01 -5.000000000e-01 0.000000000e+00 
d 0.000000000e+00 0.000000000e+00 4.707497481e-09 -4.400000000e-01 -4.400000000e-01 -4.707497481e-09 -5.000000000e-01 -5.000000000e-01 0.000000000e+00 
d 0.000000000e+00 0.000000000e+00 4.716592498e-09 -4.500000000e-01 -4.500000000e-01 -4.716592498e-09 -5.000000000e-01 -5.000000000e-01 0.000000000e+00 
d 0.000000000e+00 0.000000000e+00 4.725614788e-09 -4.600000000e-01 -4.600000000e-01 -4.725614788e-09 -5.000000000e-01 -5.000000000e-01 0.000000000e+00 
d 0.000000000e+00 0.000000000e+00 4.734558015e-09 -4.700000000e-01 -4.700000000e-01 -4.734558015e-09 -5.000000000e-01 -5.000000000e-01 0.000000000e+00 
d 0.000000000e+00 0.000000000e+00 4.743432220e-09 -4.800000000e-01 -4.800000000e-01 -4.743432220e-09 -5.000000000e-01 -5.000000000e-01 0.000000000e+00 
d 0.000000000e+00 0.000000000e+00 4.752229179e-09 -4.900000000e-01 -4.900000000e-01 -4.752229179e-09 -5.000000000e-01 -5.000000000e-01 0.000000000e+00 
d 0.000000000e+00 0.000000000e+00 4.760958189e-09 -5.000000000e-01 -5.000000000e-01 -4.760958189e-09 -5.000000000e-01 -5.000000000e-01 0.000000000e+00 
d 0.000000000e+00 0.000000000e+00 4.769622570e-09 -5.100000000e-01 -5.100000000e-01 -4.769622570e-09 -5.000000000e-01 -5.000000000e-01 0.000000000e+00 
d 0.000000000e+00 0.000000000e+00 4.778220300e-09 -5.200000000e-01 -5.200000000e-01 -4.778220300e-09 -5.000000000e-01 -5.000000000e-01 0.000000000e+00 
d 0.000000000e+00 0.000000000e+00 4.786752684e-09 -5.300000000e-01 -5.300000000e-01 -4.786752684e-09 -5.000000000e-01 -5.000000000e-01 0.000000000e+00 
d 0.000000000e+00 0.000000000e+00 4.795221462e-09 -5.400000000e-01 -5.400000000e-01 -4.795221462e-09 -5.000000000e-01 -5.000000000e-01 0.000000000e+00 
d 0.000000000e+00 0.000000000e+00 4.803628692e-09 -5.500000000e-01 -5.500000000e-01 -4.803628692e-09 -5.000000000e-01 -5.000000000e-01 0.000000000e+00 
d 0.000000000e+00 0.000000000e+00 4.811975786e-09 -5.600000000e-01 -5.600000000e-01 -4.811975786e-09 -5.000000000e-01 -5.000000000e-01 0.000000000e+00 
d 0.000000000e+00 0.000000000e+00 4.820260614e-09 -5.700000000e-01 -5.700000000e-01 -4.820260614e-09 -5.000000000e-01 -5.000000000e-01 0.000000000e+00 
d 0.000000000e+00 0.000000000e+00 4.828492673e-09 -5.800000000e-01 -5.800000000e-01 -4.828492673e-09 -5.000000000e-01 -5.000000000e-01 0.000000000e+00 
d 0.000000000e+00 0.000000000e+00 4.836667995e-09 -5.900000000e-01 -5.900000000e-01 -4.836667995e-09 -5.000000000e-01 -5.000000000e-01 0.000000000e+00 
d 0.000000000e+00 0.000000000e+00 4.844787208e-09 -6.000000000e-01 -6.000000000e-01 -4.844787208e-09 -5.000000000e-01 -5.000000000e-01 0.000000000e+00 
d 0.000000000e+00 0.000000000e+00 4.852847271e-09 -6.100000000e-01 -6.100000000e-01 -4.852847271e-09 -5.000000000e-01 -5.000000000e-01 0.000000000e+00 
d 0.000000000e+00 0.000000000e+00 4.860862006e-09 -6.200000000e-01 -6.200000000e-01 -4.860862006e-09 -5.000000000e-01 -5.000000000e-01 0.000000000e+00 
d 0.000000000e+00 0.000000000e+00 4.868818531e-09 -6.300000000e-01 -6.300000000e-01 -4.868818531e-09 -5.000000000e-01 -5.000000000e-01 0.000000000e+00 
d 0.000000000e+00 0.000000000e+00 4.876723687e-09 -6.400000000e-01 -6.400000000e-01 -4.876723687e-09 -5.000000000e-01 -5.000000000e-01 0.000000000e+00 
d 0.000000000e+00 0.000000000e+00 4.884579029e-09 -6.500000000e-01 -6.500000000e-01 -4.884579029e-09 -5.000000000e-01 -5.000000000e-01 0.000000000e+00 
d 0.000000000e+00 0.000000000e+00 4.892388218e-09 -6.600000000e-01 -6.600000000e-01 -4.892388218e-09 -5.000000000e-01 -5.000000000e-01 0.000000000e+00 
d 0.000000000e+00 0.000000000e+00 4.900143598e-09 -6.700000000e-01 -6.700000000e-01 -4.900143598e-09 -5.000000000e-01 -5.000000000e-01 0.000000000e+00 
d 0.000000000e+00 0.000000000e+00 4.907854444e-09 -6.800000000e-01 -6.800000000e-01 -4.907854444e-09 -5.000000000e-01 -5.000000000e-01 0.000000000e+00 
d 0.000000000e+00 0.000000000e+00 4.915514219e-09 -6.900000000e-01 -6.900000000e-01 -4.915514219e-09 -5.000000000e-01 -5.000000000e-01 0.000000000e+00 
d 0.000000000e+00 0.000000000e+00 4.923127485e-09 -7.000000000e-01 -7.000000000e-01 -4.923127485e-09 -5.000000000e-01 -5.000000000e-01 0.000000000e+00 
d 0.000000000e+00 0.000000000e+00 4.930698771e-09 -7.100000000e-01 -7.100000000e-01 -4.930698771e-09 -5.000000000e-01 -5.000000000e-01 0.000000000e+00 
d 0.000000000e+00 0.000000000e+00 4.938225819e-09 -7.200000000e-01 -7.200000000e-01 -4.938225819e-09 -5.000000000e-01 -5.000000000e-01 0.000000000e+00 
d 0.000000000e+00 0.000000000e+00 4.945705979e-09 -7.300000000e-01 -7.300000000e-01 -4.945705979e-09 -5.000000000e-01 -5.000000000e-01 0.000000000e+00 
d 0.000000000e+00 0.000000000e+00 4.953142435e-09 -7.400000000e-01 -7.400000000e-01 -4.953142435e-09 -5.000000000e-01 -5.000000000e-01 0.000000000e+00 
d 0.000000000e+00 0.000000000e+00 4.960536877e-09 -7.500000000e-01 -7.500000000e-01 -4.960536877e-09 -5.000000000e-01 -5.000000000e-01 0.000000000e+00 
d 0.000000000e+00 0.000000000e+00 4.967886490e-09 -7.600000000e-01 -7.600000000e-01 -4.967886490e-09 -5.000000000e-01 -5.000000000e-01 0.000000000e+00 
d 0.000000000e+00 0.000000000e+00 4.975195712e-09 -7.700000000e-01 -7.700000000e-01 -4.975195712e-09 -5.000000000e-01 -5.000000000e-01 0.000000000e+00 
d 0.000000000e+00 0.000000000e+00 4.982467930e-09 -7.800000000e-01 -7.800000000e-01 -4.982467930e-09 -5.000000000e-01 -5.000000000e-01 0.000000000e+00 
d 0.000000000e+00 0.000000000e+00 4.989697183e-09 -7.900000000e-01 -7.900000000e-01 -4.989697183e-09 -5.000000000e-01 -5.000000000e-01 0.000000000e+00 
d 0.000000000e+00 0.000000000e+00 4.996890549e-09 -8.000000000e-01 -8.000000000e-01 -4.996890549e-09 -5.000000000e-01 -5.000000000e-01 0.000000000e+00 
