v ATLAS
# This file was created by ATLAS version 5.28.1.R on Mon Jul 28 00:41:30 2025.
#SSF 2.0 generic
##############################################################################
#                    Copyright (c) 1984 - 2019                               #
#                    Silvaco Inc. All rights reserved                        #
#                                                                            #
# This file format and the following Key are copyright Silvaco Inc.          #
# You may not use, this format or key without reproducing this message in    #
# full and obtaining express written permission from Silvaco Inc.            #
#                                                                            #
# To obtain such permission please contact: Silvaco Inc.                     #
#                                           support@silvaco.com              #
#                                                                            #
# KEY=SVC86hn7562asdx                       PROD=345                         #
##############################################################################
y 3 700 711 15
z 0 1e+41 300
f 3 "source" "drain" "gate" 
p 9 2 601 20 3 602 21 4 603 22 
d 0.000000000e+00 0.000000000e+00 7.566000729e-07 -8.000000000e-01 -8.000000000e-01 -7.566000729e-07 -5.000000000e-01 -5.000000000e-01 0.000000000e+00 
d 0.000000000e+00 0.000000000e+00 -2.263967124e-06 1.000000000e-01 1.000000000e-01 2.263967124e-06 -5.000000000e-01 -5.000000000e-01 0.000000000e+00 
d 0.000000000e+00 0.000000000e+00 -1.942075076e-06 9.000000000e-02 9.000000000e-02 1.942075076e-06 -5.000000000e-01 -5.000000000e-01 0.000000000e+00 
d 0.000000000e+00 0.000000000e+00 -1.641576311e-06 8.000000000e-02 8.000000000e-02 1.641576311e-06 -5.000000000e-01 -5.000000000e-01 0.000000000e+00 
d 0.000000000e+00 0.000000000e+00 -1.362032640e-06 7.000000000e-02 7.000000000e-02 1.362032640e-06 -5.000000000e-01 -5.000000000e-01 0.000000000e+00 
d 0.000000000e+00 0.000000000e+00 -1.103455934e-06 6.000000000e-02 6.000000000e-02 1.103455934e-06 -5.000000000e-01 -5.000000000e-01 0.000000000e+00 
d 0.000000000e+00 0.000000000e+00 -8.656108742e-07 5.000000000e-02 5.000000000e-02 8.656108742e-07 -5.000000000e-01 -5.000000000e-01 0.000000000e+00 
d 0.000000000e+00 0.000000000e+00 -6.492590468e-07 4.000000000e-02 4.000000000e-02 6.492590468e-07 -5.000000000e-01 -5.000000000e-01 0.000000000e+00 
d 0.000000000e+00 0.000000000e+00 -4.543631324e-07 3.000000000e-02 3.000000000e-02 4.543631324e-07 -5.000000000e-01 -5.000000000e-01 0.000000000e+00 
d 0.000000000e+00 0.000000000e+00 -2.813984723e-07 2.000000000e-02 2.000000000e-02 2.813984723e-07 -5.000000000e-01 -5.000000000e-01 0.000000000e+00 
d 0.000000000e+00 0.000000000e+00 -1.300785736e-07 1.000000000e-02 1.000000000e-02 1.300785736e-07 -5.000000000e-01 -5.000000000e-01 0.000000000e+00 
d 0.000000000e+00 0.000000000e+00 2.655465558e-21 -2.583138497e-17 -2.583138497e-17 -6.176054525e-22 -5.000000000e-01 -5.000000000e-01 0.000000000e+00 
d 0.000000000e+00 0.000000000e+00 1.098742793e-07 -1.000000000e-02 -1.000000000e-02 -1.098742793e-07 -5.000000000e-01 -5.000000000e-01 0.000000000e+00 
d 0.000000000e+00 0.000000000e+00 2.010739222e-07 -2.000000000e-02 -2.000000000e-02 -2.010739222e-07 -5.000000000e-01 -5.000000000e-01 0.000000000e+00 
d 0.000000000e+00 0.000000000e+00 2.753819349e-07 -3.000000000e-02 -3.000000000e-02 -2.753819349e-07 -5.000000000e-01 -5.000000000e-01 0.000000000e+00 
d 0.000000000e+00 0.000000000e+00 3.351047223e-07 -4.000000000e-02 -4.000000000e-02 -3.351047223e-07 -5.000000000e-01 -5.000000000e-01 0.000000000e+00 
d 0.000000000e+00 0.000000000e+00 3.824981183e-07 -5.000000000e-02 -5.000000000e-02 -3.824981183e-07 -5.000000000e-01 -5.000000000e-01 0.000000000e+00 
d 0.000000000e+00 0.000000000e+00 4.198041170e-07 -6.000000000e-02 -6.000000000e-02 -4.198041170e-07 -5.000000000e-01 -5.000000000e-01 0.000000000e+00 
d 0.000000000e+00 0.000000000e+00 4.490769605e-07 -7.000000000e-02 -7.000000000e-02 -4.490769605e-07 -5.000000000e-01 -5.000000000e-01 0.000000000e+00 
d 0.000000000e+00 0.000000000e+00 4.720998506e-07 -8.000000000e-02 -8.000000000e-02 -4.720998506e-07 -5.000000000e-01 -5.000000000e-01 0.000000000e+00 
d 0.000000000e+00 0.000000000e+00 4.903527612e-07 -9.000000000e-02 -9.000000000e-02 -4.903527612e-07 -5.000000000e-01 -5.000000000e-01 0.000000000e+00 
d 0.000000000e+00 0.000000000e+00 5.050185702e-07 -1.000000000e-01 -1.000000000e-01 -5.050185702e-07 -5.000000000e-01 -5.000000000e-01 0.000000000e+00 
d 0.000000000e+00 0.000000000e+00 5.170150163e-07 -1.100000000e-01 -1.100000000e-01 -5.170150163e-07 -5.000000000e-01 -5.000000000e-01 0.000000000e+00 
d 0.000000000e+00 0.000000000e+00 5.270378351e-07 -1.200000000e-01 -1.200000000e-01 -5.270378351e-07 -5.000000000e-01 -5.000000000e-01 0.000000000e+00 
d 0.000000000e+00 0.000000000e+00 5.356051195e-07 -1.300000000e-01 -1.300000000e-01 -5.356051195e-07 -5.000000000e-01 -5.000000000e-01 0.000000000e+00 
d 0.000000000e+00 0.000000000e+00 5.430975737e-07 -1.400000000e-01 -1.400000000e-01 -5.430975737e-07 -5.000000000e-01 -5.000000000e-01 0.000000000e+00 
d 0.000000000e+00 0.000000000e+00 5.497926014e-07 -1.500000000e-01 -1.500000000e-01 -5.497926014e-07 -5.000000000e-01 -5.000000000e-01 0.000000000e+00 
d 0.000000000e+00 0.000000000e+00 5.558910925e-07 -1.600000000e-01 -1.600000000e-01 -5.558910925e-07 -5.000000000e-01 -5.000000000e-01 0.000000000e+00 
d 0.000000000e+00 0.000000000e+00 5.615377063e-07 -1.700000000e-01 -1.700000000e-01 -5.615377063e-07 -5.000000000e-01 -5.000000000e-01 0.000000000e+00 
d 0.000000000e+00 0.000000000e+00 5.668370161e-07 -1.800000000e-01 -1.800000000e-01 -5.668370161e-07 -5.000000000e-01 -5.000000000e-01 0.000000000e+00 
d 0.000000000e+00 0.000000000e+00 5.719071910e-07 -1.900000000e-01 -1.900000000e-01 -5.719071910e-07 -5.000000000e-01 -5.000000000e-01 0.000000000e+00 
d 0.000000000e+00 0.000000000e+00 5.767151360e-07 -2.000000000e-01 -2.000000000e-01 -5.767151360e-07 -5.000000000e-01 -5.000000000e-01 0.000000000e+00 
d 0.000000000e+00 0.000000000e+00 5.813412895e-07 -2.100000000e-01 -2.100000000e-01 -5.813412895e-07 -5.000000000e-01 -5.000000000e-01 0.000000000e+00 
d 0.000000000e+00 0.000000000e+00 5.858204124e-07 -2.200000000e-01 -2.200000000e-01 -5.858204124e-07 -5.000000000e-01 -5.000000000e-01 0.000000000e+00 
d 0.000000000e+00 0.000000000e+00 5.901727169e-07 -2.300000000e-01 -2.300000000e-01 -5.901727169e-07 -5.000000000e-01 -5.000000000e-01 0.000000000e+00 
d 0.000000000e+00 0.000000000e+00 5.944133491e-07 -2.400000000e-01 -2.400000000e-01 -5.944133491e-07 -5.000000000e-01 -5.000000000e-01 0.000000000e+00 
d 0.000000000e+00 0.000000000e+00 5.985550010e-07 -2.500000000e-01 -2.500000000e-01 -5.985550010e-07 -5.000000000e-01 -5.000000000e-01 0.000000000e+00 
d 0.000000000e+00 0.000000000e+00 6.026064682e-07 -2.600000000e-01 -2.600000000e-01 -6.026064682e-07 -5.000000000e-01 -5.000000000e-01 0.000000000e+00 
d 0.000000000e+00 0.000000000e+00 6.065756082e-07 -2.700000000e-01 -2.700000000e-01 -6.065756082e-07 -5.000000000e-01 -5.000000000e-01 0.000000000e+00 
d 0.000000000e+00 0.000000000e+00 6.104682439e-07 -2.800000000e-01 -2.800000000e-01 -6.104682439e-07 -5.000000000e-01 -5.000000000e-01 0.000000000e+00 
d 0.000000000e+00 0.000000000e+00 6.142892201e-07 -2.900000000e-01 -2.900000000e-01 -6.142892201e-07 -5.000000000e-01 -5.000000000e-01 0.000000000e+00 
d 0.000000000e+00 0.000000000e+00 6.180427678e-07 -3.000000000e-01 -3.000000000e-01 -6.180427678e-07 -5.000000000e-01 -5.000000000e-01 0.000000000e+00 
d 0.000000000e+00 0.000000000e+00 6.217321828e-07 -3.100000000e-01 -3.100000000e-01 -6.217321828e-07 -5.000000000e-01 -5.000000000e-01 0.000000000e+00 
d 0.000000000e+00 0.000000000e+00 6.253608993e-07 -3.200000000e-01 -3.200000000e-01 -6.253608993e-07 -5.000000000e-01 -5.000000000e-01 0.000000000e+00 
d 0.000000000e+00 0.000000000e+00 6.289314980e-07 -3.300000000e-01 -3.300000000e-01 -6.289314980e-07 -5.000000000e-01 -5.000000000e-01 0.000000000e+00 
d 0.000000000e+00 0.000000000e+00 6.324460747e-07 -3.400000000e-01 -3.400000000e-01 -6.324460747e-07 -5.000000000e-01 -5.000000000e-01 0.000000000e+00 
d 0.000000000e+00 0.000000000e+00 6.359072856e-07 -3.500000000e-01 -3.500000000e-01 -6.359072856e-07 -5.000000000e-01 -5.000000000e-01 0.000000000e+00 
d 0.000000000e+00 0.000000000e+00 6.393164726e-07 -3.600000000e-01 -3.600000000e-01 -6.393164726e-07 -5.000000000e-01 -5.000000000e-01 0.000000000e+00 
d 0.000000000e+00 0.000000000e+00 6.426762604e-07 -3.700000000e-01 -3.700000000e-01 -6.426762604e-07 -5.000000000e-01 -5.000000000e-01 0.000000000e+00 
d 0.000000000e+00 0.000000000e+00 6.459880212e-07 -3.800000000e-01 -3.800000000e-01 -6.459880212e-07 -5.000000000e-01 -5.000000000e-01 0.000000000e+00 
d 0.000000000e+00 0.000000000e+00 6.492534676e-07 -3.900000000e-01 -3.900000000e-01 -6.492534676e-07 -5.000000000e-01 -5.000000000e-01 0.000000000e+00 
d 0.000000000e+00 0.000000000e+00 6.524740534e-07 -4.000000000e-01 -4.000000000e-01 -6.524740534e-07 -5.000000000e-01 -5.000000000e-01 0.000000000e+00 
d 0.000000000e+00 0.000000000e+00 6.556514058e-07 -4.100000000e-01 -4.100000000e-01 -6.556514058e-07 -5.000000000e-01 -5.000000000e-01 0.000000000e+00 
d 0.000000000e+00 0.000000000e+00 6.587869694e-07 -4.200000000e-01 -4.200000000e-01 -6.587869694e-07 -5.000000000e-01 -5.000000000e-01 0.000000000e+00 
d 0.000000000e+00 0.000000000e+00 6.618820511e-07 -4.300000000e-01 -4.300000000e-01 -6.618820511e-07 -5.000000000e-01 -5.000000000e-01 0.000000000e+00 
d 0.000000000e+00 0.000000000e+00 6.649382550e-07 -4.400000000e-01 -4.400000000e-01 -6.649382550e-07 -5.000000000e-01 -5.000000000e-01 0.000000000e+00 
d 0.000000000e+00 0.000000000e+00 6.679560442e-07 -4.500000000e-01 -4.500000000e-01 -6.679560442e-07 -5.000000000e-01 -5.000000000e-01 0.000000000e+00 
d 0.000000000e+00 0.000000000e+00 6.709374744e-07 -4.600000000e-01 -4.600000000e-01 -6.709374744e-07 -5.000000000e-01 -5.000000000e-01 0.000000000e+00 
d 0.000000000e+00 0.000000000e+00 6.738830812e-07 -4.700000000e-01 -4.700000000e-01 -6.738830812e-07 -5.000000000e-01 -5.000000000e-01 0.000000000e+00 
d 0.000000000e+00 0.000000000e+00 6.767941315e-07 -4.800000000e-01 -4.800000000e-01 -6.767941315e-07 -5.000000000e-01 -5.000000000e-01 0.000000000e+00 
d 0.000000000e+00 0.000000000e+00 6.796718468e-07 -4.900000000e-01 -4.900000000e-01 -6.796718468e-07 -5.000000000e-01 -5.000000000e-01 0.000000000e+00 
d 0.000000000e+00 0.000000000e+00 6.825169503e-07 -5.000000000e-01 -5.000000000e-01 -6.825169503e-07 -5.000000000e-01 -5.000000000e-01 0.000000000e+00 
d 0.000000000e+00 0.000000000e+00 6.853306939e-07 -5.100000000e-01 -5.100000000e-01 -6.853306939e-07 -5.000000000e-01 -5.000000000e-01 0.000000000e+00 
d 0.000000000e+00 0.000000000e+00 6.881137753e-07 -5.200000000e-01 -5.200000000e-01 -6.881137753e-07 -5.000000000e-01 -5.000000000e-01 0.000000000e+00 
d 0.000000000e+00 0.000000000e+00 6.908672958e-07 -5.300000000e-01 -5.300000000e-01 -6.908672958e-07 -5.000000000e-01 -5.000000000e-01 0.000000000e+00 
d 0.000000000e+00 0.000000000e+00 6.935920612e-07 -5.400000000e-01 -5.400000000e-01 -6.935920612e-07 -5.000000000e-01 -5.000000000e-01 0.000000000e+00 
d 0.000000000e+00 0.000000000e+00 6.962890413e-07 -5.500000000e-01 -5.500000000e-01 -6.962890413e-07 -5.000000000e-01 -5.000000000e-01 0.000000000e+00 
d 0.000000000e+00 0.000000000e+00 6.989592581e-07 -5.600000000e-01 -5.600000000e-01 -6.989592581e-07 -5.000000000e-01 -5.000000000e-01 0.000000000e+00 
d 0.000000000e+00 0.000000000e+00 7.016027186e-07 -5.700000000e-01 -5.700000000e-01 -7.016027186e-07 -5.000000000e-01 -5.000000000e-01 0.000000000e+00 
d 0.000000000e+00 0.000000000e+00 7.042212310e-07 -5.800000000e-01 -5.800000000e-01 -7.042212310e-07 -5.000000000e-01 -5.000000000e-01 0.000000000e+00 
d 0.000000000e+00 0.000000000e+00 7.068145206e-07 -5.900000000e-01 -5.900000000e-01 -7.068145206e-07 -5.000000000e-01 -5.000000000e-01 0.000000000e+00 
d 0.000000000e+00 0.000000000e+00 7.093842207e-07 -6.000000000e-01 -6.000000000e-01 -7.093842207e-07 -5.000000000e-01 -5.000000000e-01 0.000000000e+00 
d 0.000000000e+00 0.000000000e+00 7.119299721e-07 -6.100000000e-01 -6.100000000e-01 -7.119299721e-07 -5.000000000e-01 -5.000000000e-01 0.000000000e+00 
d 0.000000000e+00 0.000000000e+00 7.144534222e-07 -6.200000000e-01 -6.200000000e-01 -7.144534222e-07 -5.000000000e-01 -5.000000000e-01 0.000000000e+00 
d 0.000000000e+00 0.000000000e+00 7.169548263e-07 -6.300000000e-01 -6.300000000e-01 -7.169548263e-07 -5.000000000e-01 -5.000000000e-01 0.000000000e+00 
d 0.000000000e+00 0.000000000e+00 7.194346352e-07 -6.400000000e-01 -6.400000000e-01 -7.194346352e-07 -5.000000000e-01 -5.000000000e-01 0.000000000e+00 
d 0.000000000e+00 0.000000000e+00 7.218933306e-07 -6.500000000e-01 -6.500000000e-01 -7.218933306e-07 -5.000000000e-01 -5.000000000e-01 0.000000000e+00 
d 0.000000000e+00 0.000000000e+00 7.243317037e-07 -6.600000000e-01 -6.600000000e-01 -7.243317037e-07 -5.000000000e-01 -5.000000000e-01 0.000000000e+00 
d 0.000000000e+00 0.000000000e+00 7.267504226e-07 -6.700000000e-01 -6.700000000e-01 -7.267504226e-07 -5.000000000e-01 -5.000000000e-01 0.000000000e+00 
d 0.000000000e+00 0.000000000e+00 7.291499936e-07 -6.800000000e-01 -6.800000000e-01 -7.291499936e-07 -5.000000000e-01 -5.000000000e-01 0.000000000e+00 
d 0.000000000e+00 0.000000000e+00 7.315309652e-07 -6.900000000e-01 -6.900000000e-01 -7.315309652e-07 -5.000000000e-01 -5.000000000e-01 0.000000000e+00 
d 0.000000000e+00 0.000000000e+00 7.338932621e-07 -7.000000000e-01 -7.000000000e-01 -7.338932621e-07 -5.000000000e-01 -5.000000000e-01 0.000000000e+00 
d 0.000000000e+00 0.000000000e+00 7.362379526e-07 -7.100000000e-01 -7.100000000e-01 -7.362379526e-07 -5.000000000e-01 -5.000000000e-01 0.000000000e+00 
d 0.000000000e+00 0.000000000e+00 7.385651912e-07 -7.200000000e-01 -7.200000000e-01 -7.385651912e-07 -5.000000000e-01 -5.000000000e-01 0.000000000e+00 
d 0.000000000e+00 0.000000000e+00 7.408757903e-07 -7.300000000e-01 -7.300000000e-01 -7.408757903e-07 -5.000000000e-01 -5.000000000e-01 0.000000000e+00 
d 0.000000000e+00 0.000000000e+00 7.431700118e-07 -7.400000000e-01 -7.400000000e-01 -7.431700118e-07 -5.000000000e-01 -5.000000000e-01 0.000000000e+00 
d 0.000000000e+00 0.000000000e+00 7.454476747e-07 -7.500000000e-01 -7.500000000e-01 -7.454476747e-07 -5.000000000e-01 -5.000000000e-01 0.000000000e+00 
d 0.000000000e+00 0.000000000e+00 7.477106066e-07 -7.600000000e-01 -7.600000000e-01 -7.477106066e-07 -5.000000000e-01 -5.000000000e-01 0.000000000e+00 
d 0.000000000e+00 0.000000000e+00 7.499570569e-07 -7.700000000e-01 -7.700000000e-01 -7.499570569e-07 -5.000000000e-01 -5.000000000e-01 0.000000000e+00 
d 0.000000000e+00 0.000000000e+00 7.521896894e-07 -7.800000000e-01 -7.800000000e-01 -7.521896894e-07 -5.000000000e-01 -5.000000000e-01 0.000000000e+00 
d 0.000000000e+00 0.000000000e+00 7.544069233e-07 -7.900000000e-01 -7.900000000e-01 -7.544069233e-07 -5.000000000e-01 -5.000000000e-01 0.000000000e+00 
d 0.000000000e+00 0.000000000e+00 7.566103475e-07 -8.000000000e-01 -8.000000000e-01 -7.566103475e-07 -5.000000000e-01 -5.000000000e-01 0.000000000e+00 
