v ATLAS
# This file was created by ATLAS version 5.28.1.R on Sun Jul 27 23:52:34 2025.
#SSF 2.0 generic
##############################################################################
#                    Copyright (c) 1984 - 2019                               #
#                    Silvaco Inc. All rights reserved                        #
#                                                                            #
# This file format and the following Key are copyright Silvaco Inc.          #
# You may not use, this format or key without reproducing this message in    #
# full and obtaining express written permission from Silvaco Inc.            #
#                                                                            #
# To obtain such permission please contact: Silvaco Inc.                     #
#                                           support@silvaco.com              #
#                                                                            #
# KEY=SVC86hn7562asdx                       PROD=345                         #
##############################################################################
y 3 700 711 15
z 0 1e+41 300
f 3 "source" "drain" "gate" 
p 9 2 601 20 3 602 21 4 603 22 
d 0.000000000e+00 0.000000000e+00 -3.573913051e-22 0.000000000e+00 0.000000000e+00 -1.915401946e-22 -5.500000000e-01 -5.500000000e-01 0.000000000e+00 
d 0.000000000e+00 0.000000000e+00 -3.856932897e-06 1.000000000e-01 1.000000000e-01 3.856932897e-06 -5.500000000e-01 -5.500000000e-01 0.000000000e+00 
d 0.000000000e+00 0.000000000e+00 -3.358242578e-06 9.000000000e-02 9.000000000e-02 3.358242578e-06 -5.500000000e-01 -5.500000000e-01 0.000000000e+00 
d 0.000000000e+00 0.000000000e+00 -2.887215558e-06 8.000000000e-02 8.000000000e-02 2.887215558e-06 -5.500000000e-01 -5.500000000e-01 0.000000000e+00 
d 0.000000000e+00 0.000000000e+00 -2.442683906e-06 7.000000000e-02 7.000000000e-02 2.442683906e-06 -5.500000000e-01 -5.500000000e-01 0.000000000e+00 
d 0.000000000e+00 0.000000000e+00 -2.023548395e-06 6.000000000e-02 6.000000000e-02 2.023548395e-06 -5.500000000e-01 -5.500000000e-01 0.000000000e+00 
d 0.000000000e+00 0.000000000e+00 -1.628735070e-06 5.000000000e-02 5.000000000e-02 1.628735070e-06 -5.500000000e-01 -5.500000000e-01 0.000000000e+00 
d 0.000000000e+00 0.000000000e+00 -1.257379860e-06 4.000000000e-02 4.000000000e-02 1.257379860e-06 -5.500000000e-01 -5.500000000e-01 0.000000000e+00 
d 0.000000000e+00 0.000000000e+00 -9.089162382e-07 3.000000000e-02 3.000000000e-02 9.089162382e-07 -5.500000000e-01 -5.500000000e-01 0.000000000e+00 
d 0.000000000e+00 0.000000000e+00 -5.831125455e-07 2.000000000e-02 2.000000000e-02 5.831125455e-07 -5.500000000e-01 -5.500000000e-01 0.000000000e+00 
d 0.000000000e+00 0.000000000e+00 -2.800433110e-07 1.000000000e-02 1.000000000e-02 2.800433110e-07 -5.500000000e-01 -5.500000000e-01 0.000000000e+00 
d 0.000000000e+00 0.000000000e+00 1.326456377e-21 -2.583138497e-17 -2.583138497e-17 4.472982966e-24 -5.500000000e-01 -5.500000000e-01 0.000000000e+00 
d 0.000000000e+00 0.000000000e+00 2.566450607e-07 -1.000000000e-02 -1.000000000e-02 -2.566450607e-07 -5.500000000e-01 -5.500000000e-01 0.000000000e+00 
d 0.000000000e+00 0.000000000e+00 4.895983583e-07 -2.000000000e-02 -2.000000000e-02 -4.895983583e-07 -5.500000000e-01 -5.500000000e-01 0.000000000e+00 
d 0.000000000e+00 0.000000000e+00 6.988028795e-07 -3.000000000e-02 -3.000000000e-02 -6.988028795e-07 -5.500000000e-01 -5.500000000e-01 0.000000000e+00 
d 0.000000000e+00 0.000000000e+00 8.845684240e-07 -4.000000000e-02 -4.000000000e-02 -8.845684240e-07 -5.500000000e-01 -5.500000000e-01 0.000000000e+00 
d 0.000000000e+00 0.000000000e+00 1.047653451e-06 -5.000000000e-02 -5.000000000e-02 -1.047653451e-06 -5.500000000e-01 -5.500000000e-01 0.000000000e+00 
d 0.000000000e+00 0.000000000e+00 1.189284676e-06 -6.000000000e-02 -6.000000000e-02 -1.189284676e-06 -5.500000000e-01 -5.500000000e-01 0.000000000e+00 
d 0.000000000e+00 0.000000000e+00 1.311112663e-06 -7.000000000e-02 -7.000000000e-02 -1.311112663e-06 -5.500000000e-01 -5.500000000e-01 0.000000000e+00 
d 0.000000000e+00 0.000000000e+00 1.415114774e-06 -8.000000000e-02 -8.000000000e-02 -1.415114774e-06 -5.500000000e-01 -5.500000000e-01 0.000000000e+00 
d 0.000000000e+00 0.000000000e+00 1.503462286e-06 -9.000000000e-02 -9.000000000e-02 -1.503462286e-06 -5.500000000e-01 -5.500000000e-01 0.000000000e+00 
d 0.000000000e+00 0.000000000e+00 1.578380500e-06 -1.000000000e-01 -1.000000000e-01 -1.578380500e-06 -5.500000000e-01 -5.500000000e-01 0.000000000e+00 
d 0.000000000e+00 0.000000000e+00 1.642021190e-06 -1.100000000e-01 -1.100000000e-01 -1.642021190e-06 -5.500000000e-01 -5.500000000e-01 0.000000000e+00 
d 0.000000000e+00 0.000000000e+00 1.696366370e-06 -1.200000000e-01 -1.200000000e-01 -1.696366370e-06 -5.500000000e-01 -5.500000000e-01 0.000000000e+00 
d 0.000000000e+00 0.000000000e+00 1.743167020e-06 -1.300000000e-01 -1.300000000e-01 -1.743167020e-06 -5.500000000e-01 -5.500000000e-01 0.000000000e+00 
d 0.000000000e+00 0.000000000e+00 1.783917349e-06 -1.400000000e-01 -1.400000000e-01 -1.783917349e-06 -5.500000000e-01 -5.500000000e-01 0.000000000e+00 
d 0.000000000e+00 0.000000000e+00 1.819856411e-06 -1.500000000e-01 -1.500000000e-01 -1.819856411e-06 -5.500000000e-01 -5.500000000e-01 0.000000000e+00 
d 0.000000000e+00 0.000000000e+00 1.851987537e-06 -1.600000000e-01 -1.600000000e-01 -1.851987537e-06 -5.500000000e-01 -5.500000000e-01 0.000000000e+00 
d 0.000000000e+00 0.000000000e+00 1.881109705e-06 -1.700000000e-01 -1.700000000e-01 -1.881109705e-06 -5.500000000e-01 -5.500000000e-01 0.000000000e+00 
d 0.000000000e+00 0.000000000e+00 1.907849359e-06 -1.800000000e-01 -1.800000000e-01 -1.907849359e-06 -5.500000000e-01 -5.500000000e-01 0.000000000e+00 
d 0.000000000e+00 0.000000000e+00 1.932693232e-06 -1.900000000e-01 -1.900000000e-01 -1.932693232e-06 -5.500000000e-01 -5.500000000e-01 0.000000000e+00 
d 0.000000000e+00 0.000000000e+00 1.956016941e-06 -2.000000000e-01 -2.000000000e-01 -1.956016941e-06 -5.500000000e-01 -5.500000000e-01 0.000000000e+00 
d 0.000000000e+00 0.000000000e+00 1.978109989e-06 -2.100000000e-01 -2.100000000e-01 -1.978109989e-06 -5.500000000e-01 -5.500000000e-01 0.000000000e+00 
d 0.000000000e+00 0.000000000e+00 1.999194599e-06 -2.200000000e-01 -2.200000000e-01 -1.999194599e-06 -5.500000000e-01 -5.500000000e-01 0.000000000e+00 
d 0.000000000e+00 0.000000000e+00 2.019441822e-06 -2.300000000e-01 -2.300000000e-01 -2.019441822e-06 -5.500000000e-01 -5.500000000e-01 0.000000000e+00 
d 0.000000000e+00 0.000000000e+00 2.038983873e-06 -2.400000000e-01 -2.400000000e-01 -2.038983873e-06 -5.500000000e-01 -5.500000000e-01 0.000000000e+00 
d 0.000000000e+00 0.000000000e+00 2.057923275e-06 -2.500000000e-01 -2.500000000e-01 -2.057923275e-06 -5.500000000e-01 -5.500000000e-01 0.000000000e+00 
d 0.000000000e+00 0.000000000e+00 2.076339455e-06 -2.600000000e-01 -2.600000000e-01 -2.076339455e-06 -5.500000000e-01 -5.500000000e-01 0.000000000e+00 
d 0.000000000e+00 0.000000000e+00 2.094295732e-06 -2.700000000e-01 -2.700000000e-01 -2.094295732e-06 -5.500000000e-01 -5.500000000e-01 0.000000000e+00 
d 0.000000000e+00 0.000000000e+00 2.111841753e-06 -2.800000000e-01 -2.800000000e-01 -2.111841753e-06 -5.500000000e-01 -5.500000000e-01 0.000000000e+00 
d 0.000000000e+00 0.000000000e+00 2.129137347e-06 -2.900000000e-01 -2.900000000e-01 -2.129137347e-06 -5.500000000e-01 -5.500000000e-01 0.000000000e+00 
d 0.000000000e+00 0.000000000e+00 2.145998896e-06 -3.000000000e-01 -3.000000000e-01 -2.145998896e-06 -5.500000000e-01 -5.500000000e-01 0.000000000e+00 
d 0.000000000e+00 0.000000000e+00 2.162502796e-06 -3.100000000e-01 -3.100000000e-01 -2.162502796e-06 -5.500000000e-01 -5.500000000e-01 0.000000000e+00 
d 0.000000000e+00 0.000000000e+00 2.178728720e-06 -3.200000000e-01 -3.200000000e-01 -2.178728720e-06 -5.500000000e-01 -5.500000000e-01 0.000000000e+00 
d 0.000000000e+00 0.000000000e+00 2.194689837e-06 -3.300000000e-01 -3.300000000e-01 -2.194689837e-06 -5.500000000e-01 -5.500000000e-01 0.000000000e+00 
d 0.000000000e+00 0.000000000e+00 2.210397401e-06 -3.400000000e-01 -3.400000000e-01 -2.210397401e-06 -5.500000000e-01 -5.500000000e-01 0.000000000e+00 
d 0.000000000e+00 0.000000000e+00 2.225865928e-06 -3.500000000e-01 -3.500000000e-01 -2.225865928e-06 -5.500000000e-01 -5.500000000e-01 0.000000000e+00 
d 0.000000000e+00 0.000000000e+00 2.241107657e-06 -3.600000000e-01 -3.600000000e-01 -2.241107657e-06 -5.500000000e-01 -5.500000000e-01 0.000000000e+00 
d 0.000000000e+00 0.000000000e+00 2.256134884e-06 -3.700000000e-01 -3.700000000e-01 -2.256134884e-06 -5.500000000e-01 -5.500000000e-01 0.000000000e+00 
d 0.000000000e+00 0.000000000e+00 2.270955969e-06 -3.800000000e-01 -3.800000000e-01 -2.270955969e-06 -5.500000000e-01 -5.500000000e-01 0.000000000e+00 
d 0.000000000e+00 0.000000000e+00 2.285581470e-06 -3.900000000e-01 -3.900000000e-01 -2.285581470e-06 -5.500000000e-01 -5.500000000e-01 0.000000000e+00 
d 0.000000000e+00 0.000000000e+00 2.300018746e-06 -4.000000000e-01 -4.000000000e-01 -2.300018746e-06 -5.500000000e-01 -5.500000000e-01 0.000000000e+00 
d 0.000000000e+00 0.000000000e+00 2.314275456e-06 -4.100000000e-01 -4.100000000e-01 -2.314275456e-06 -5.500000000e-01 -5.500000000e-01 0.000000000e+00 
d 0.000000000e+00 0.000000000e+00 2.328358692e-06 -4.200000000e-01 -4.200000000e-01 -2.328358692e-06 -5.500000000e-01 -5.500000000e-01 0.000000000e+00 
d 0.000000000e+00 0.000000000e+00 2.342274811e-06 -4.300000000e-01 -4.300000000e-01 -2.342274811e-06 -5.500000000e-01 -5.500000000e-01 0.000000000e+00 
d 0.000000000e+00 0.000000000e+00 2.356029676e-06 -4.400000000e-01 -4.400000000e-01 -2.356029676e-06 -5.500000000e-01 -5.500000000e-01 0.000000000e+00 
d 0.000000000e+00 0.000000000e+00 2.369628445e-06 -4.500000000e-01 -4.500000000e-01 -2.369628445e-06 -5.500000000e-01 -5.500000000e-01 0.000000000e+00 
d 0.000000000e+00 0.000000000e+00 2.383076499e-06 -4.600000000e-01 -4.600000000e-01 -2.383076499e-06 -5.500000000e-01 -5.500000000e-01 0.000000000e+00 
d 0.000000000e+00 0.000000000e+00 2.396378969e-06 -4.700000000e-01 -4.700000000e-01 -2.396378969e-06 -5.500000000e-01 -5.500000000e-01 0.000000000e+00 
d 0.000000000e+00 0.000000000e+00 2.409539615e-06 -4.800000000e-01 -4.800000000e-01 -2.409539615e-06 -5.500000000e-01 -5.500000000e-01 0.000000000e+00 
d 0.000000000e+00 0.000000000e+00 2.422563531e-06 -4.900000000e-01 -4.900000000e-01 -2.422563531e-06 -5.500000000e-01 -5.500000000e-01 0.000000000e+00 
d 0.000000000e+00 0.000000000e+00 2.435453817e-06 -5.000000000e-01 -5.000000000e-01 -2.435453817e-06 -5.500000000e-01 -5.500000000e-01 0.000000000e+00 
d 0.000000000e+00 0.000000000e+00 2.448214231e-06 -5.100000000e-01 -5.100000000e-01 -2.448214231e-06 -5.500000000e-01 -5.500000000e-01 0.000000000e+00 
d 0.000000000e+00 0.000000000e+00 2.460849287e-06 -5.200000000e-01 -5.200000000e-01 -2.460849287e-06 -5.500000000e-01 -5.500000000e-01 0.000000000e+00 
d 0.000000000e+00 0.000000000e+00 2.473361684e-06 -5.300000000e-01 -5.300000000e-01 -2.473361684e-06 -5.500000000e-01 -5.500000000e-01 0.000000000e+00 
d 0.000000000e+00 0.000000000e+00 2.485754543e-06 -5.400000000e-01 -5.400000000e-01 -2.485754543e-06 -5.500000000e-01 -5.500000000e-01 0.000000000e+00 
d 0.000000000e+00 0.000000000e+00 2.498031223e-06 -5.500000000e-01 -5.500000000e-01 -2.498031223e-06 -5.500000000e-01 -5.500000000e-01 0.000000000e+00 
d 0.000000000e+00 0.000000000e+00 2.510194828e-06 -5.600000000e-01 -5.600000000e-01 -2.510194828e-06 -5.500000000e-01 -5.500000000e-01 0.000000000e+00 
d 0.000000000e+00 0.000000000e+00 2.522248283e-06 -5.700000000e-01 -5.700000000e-01 -2.522248283e-06 -5.500000000e-01 -5.500000000e-01 0.000000000e+00 
d 0.000000000e+00 0.000000000e+00 2.534194294e-06 -5.800000000e-01 -5.800000000e-01 -2.534194294e-06 -5.500000000e-01 -5.500000000e-01 0.000000000e+00 
d 0.000000000e+00 0.000000000e+00 2.546035046e-06 -5.900000000e-01 -5.900000000e-01 -2.546035046e-06 -5.500000000e-01 -5.500000000e-01 0.000000000e+00 
d 0.000000000e+00 0.000000000e+00 2.557773792e-06 -6.000000000e-01 -6.000000000e-01 -2.557773792e-06 -5.500000000e-01 -5.500000000e-01 0.000000000e+00 
d 0.000000000e+00 0.000000000e+00 2.569413130e-06 -6.100000000e-01 -6.100000000e-01 -2.569413130e-06 -5.500000000e-01 -5.500000000e-01 0.000000000e+00 
d 0.000000000e+00 0.000000000e+00 2.580954953e-06 -6.200000000e-01 -6.200000000e-01 -2.580954953e-06 -5.500000000e-01 -5.500000000e-01 0.000000000e+00 
d 0.000000000e+00 0.000000000e+00 2.592402061e-06 -6.300000000e-01 -6.300000000e-01 -2.592402061e-06 -5.500000000e-01 -5.500000000e-01 0.000000000e+00 
d 0.000000000e+00 0.000000000e+00 2.603756862e-06 -6.400000000e-01 -6.400000000e-01 -2.603756862e-06 -5.500000000e-01 -5.500000000e-01 0.000000000e+00 
d 0.000000000e+00 0.000000000e+00 2.615020641e-06 -6.500000000e-01 -6.500000000e-01 -2.615020641e-06 -5.500000000e-01 -5.500000000e-01 0.000000000e+00 
d 0.000000000e+00 0.000000000e+00 2.626196773e-06 -6.600000000e-01 -6.600000000e-01 -2.626196773e-06 -5.500000000e-01 -5.500000000e-01 0.000000000e+00 
d 0.000000000e+00 0.000000000e+00 2.637286574e-06 -6.700000000e-01 -6.700000000e-01 -2.637286574e-06 -5.500000000e-01 -5.500000000e-01 0.000000000e+00 
d 0.000000000e+00 0.000000000e+00 2.648292178e-06 -6.800000000e-01 -6.800000000e-01 -2.648292178e-06 -5.500000000e-01 -5.500000000e-01 0.000000000e+00 
d 0.000000000e+00 0.000000000e+00 2.659215445e-06 -6.900000000e-01 -6.900000000e-01 -2.659215445e-06 -5.500000000e-01 -5.500000000e-01 0.000000000e+00 
d 0.000000000e+00 0.000000000e+00 2.670057944e-06 -7.000000000e-01 -7.000000000e-01 -2.670057944e-06 -5.500000000e-01 -5.500000000e-01 0.000000000e+00 
d 0.000000000e+00 0.000000000e+00 2.680822035e-06 -7.100000000e-01 -7.100000000e-01 -2.680822035e-06 -5.500000000e-01 -5.500000000e-01 0.000000000e+00 
d 0.000000000e+00 0.000000000e+00 2.691508675e-06 -7.200000000e-01 -7.200000000e-01 -2.691508675e-06 -5.500000000e-01 -5.500000000e-01 0.000000000e+00 
d 0.000000000e+00 0.000000000e+00 2.702119973e-06 -7.300000000e-01 -7.300000000e-01 -2.702119973e-06 -5.500000000e-01 -5.500000000e-01 0.000000000e+00 
d 0.000000000e+00 0.000000000e+00 2.712657631e-06 -7.400000000e-01 -7.400000000e-01 -2.712657631e-06 -5.500000000e-01 -5.500000000e-01 0.000000000e+00 
d 0.000000000e+00 0.000000000e+00 2.723123868e-06 -7.500000000e-01 -7.500000000e-01 -2.723123868e-06 -5.500000000e-01 -5.500000000e-01 0.000000000e+00 
d 0.000000000e+00 0.000000000e+00 2.733518560e-06 -7.600000000e-01 -7.600000000e-01 -2.733518560e-06 -5.500000000e-01 -5.500000000e-01 0.000000000e+00 
d 0.000000000e+00 0.000000000e+00 2.743844223e-06 -7.700000000e-01 -7.700000000e-01 -2.743844223e-06 -5.500000000e-01 -5.500000000e-01 0.000000000e+00 
d 0.000000000e+00 0.000000000e+00 2.754102779e-06 -7.800000000e-01 -7.800000000e-01 -2.754102779e-06 -5.500000000e-01 -5.500000000e-01 0.000000000e+00 
d 0.000000000e+00 0.000000000e+00 2.764293989e-06 -7.900000000e-01 -7.900000000e-01 -2.764293989e-06 -5.500000000e-01 -5.500000000e-01 0.000000000e+00 
d 0.000000000e+00 0.000000000e+00 2.774420985e-06 -8.000000000e-01 -8.000000000e-01 -2.774420985e-06 -5.500000000e-01 -5.500000000e-01 0.000000000e+00 
