v ATLAS
# This file was created by ATLAS version 5.28.1.R on Sun Jul 27 23:03:46 2025.
#SSF 2.0 generic
##############################################################################
#                    Copyright (c) 1984 - 2019                               #
#                    Silvaco Inc. All rights reserved                        #
#                                                                            #
# This file format and the following Key are copyright Silvaco Inc.          #
# You may not use, this format or key without reproducing this message in    #
# full and obtaining express written permission from Silvaco Inc.            #
#                                                                            #
# To obtain such permission please contact: Silvaco Inc.                     #
#                                           support@silvaco.com              #
#                                                                            #
# KEY=SVC86hn7562asdx                       PROD=345                         #
##############################################################################
y 3 700 711 15
z 0 1e+41 300
f 3 "source" "drain" "gate" 
p 9 2 601 20 3 602 21 4 603 22 
d 0.000000000e+00 0.000000000e+00 -4.426548460e-22 0.000000000e+00 0.000000000e+00 2.813896815e-22 -5.500000000e-01 -5.500000000e-01 0.000000000e+00 
d 0.000000000e+00 0.000000000e+00 -2.020667319e-06 1.000000000e-01 1.000000000e-01 2.020667319e-06 -5.500000000e-01 -5.500000000e-01 0.000000000e+00 
d 0.000000000e+00 0.000000000e+00 -1.750523047e-06 9.000000000e-02 9.000000000e-02 1.750523047e-06 -5.500000000e-01 -5.500000000e-01 0.000000000e+00 
d 0.000000000e+00 0.000000000e+00 -1.492469707e-06 8.000000000e-02 8.000000000e-02 1.492469707e-06 -5.500000000e-01 -5.500000000e-01 0.000000000e+00 
d 0.000000000e+00 0.000000000e+00 -1.247616692e-06 7.000000000e-02 7.000000000e-02 1.247616692e-06 -5.500000000e-01 -5.500000000e-01 0.000000000e+00 
d 0.000000000e+00 0.000000000e+00 -1.017025152e-06 6.000000000e-02 6.000000000e-02 1.017025152e-06 -5.500000000e-01 -5.500000000e-01 0.000000000e+00 
d 0.000000000e+00 0.000000000e+00 -8.020927481e-07 5.000000000e-02 5.000000000e-02 8.020927481e-07 -5.500000000e-01 -5.500000000e-01 0.000000000e+00 
d 0.000000000e+00 0.000000000e+00 -6.041177334e-07 4.000000000e-02 4.000000000e-02 6.041177334e-07 -5.500000000e-01 -5.500000000e-01 0.000000000e+00 
d 0.000000000e+00 0.000000000e+00 -4.242614201e-07 3.000000000e-02 3.000000000e-02 4.242614201e-07 -5.500000000e-01 -5.500000000e-01 0.000000000e+00 
d 0.000000000e+00 0.000000000e+00 -2.633987387e-07 2.000000000e-02 2.000000000e-02 2.633987387e-07 -5.500000000e-01 -5.500000000e-01 0.000000000e+00 
d 0.000000000e+00 0.000000000e+00 -1.219929680e-07 1.000000000e-02 1.000000000e-02 1.219929680e-07 -5.500000000e-01 -5.500000000e-01 0.000000000e+00 
d 0.000000000e+00 0.000000000e+00 5.155695502e-22 -2.583138497e-17 -2.583138497e-17 -2.209255869e-22 -5.500000000e-01 -5.500000000e-01 0.000000000e+00 
d 0.000000000e+00 0.000000000e+00 1.031801278e-07 -1.000000000e-02 -1.000000000e-02 -1.031801278e-07 -5.500000000e-01 -5.500000000e-01 0.000000000e+00 
d 0.000000000e+00 0.000000000e+00 1.886893077e-07 -2.000000000e-02 -2.000000000e-02 -1.886893077e-07 -5.500000000e-01 -5.500000000e-01 0.000000000e+00 
d 0.000000000e+00 0.000000000e+00 2.581340393e-07 -3.000000000e-02 -3.000000000e-02 -2.581340393e-07 -5.500000000e-01 -5.500000000e-01 0.000000000e+00 
d 0.000000000e+00 0.000000000e+00 3.133699865e-07 -4.000000000e-02 -4.000000000e-02 -3.133699865e-07 -5.500000000e-01 -5.500000000e-01 0.000000000e+00 
d 0.000000000e+00 0.000000000e+00 3.566444898e-07 -5.000000000e-02 -5.000000000e-02 -3.566444898e-07 -5.500000000e-01 -5.500000000e-01 0.000000000e+00 
d 0.000000000e+00 0.000000000e+00 3.900404015e-07 -6.000000000e-02 -6.000000000e-02 -3.900404015e-07 -5.500000000e-01 -5.500000000e-01 0.000000000e+00 
d 0.000000000e+00 0.000000000e+00 4.155523346e-07 -7.000000000e-02 -7.000000000e-02 -4.155523346e-07 -5.500000000e-01 -5.500000000e-01 0.000000000e+00 
d 0.000000000e+00 0.000000000e+00 4.349373817e-07 -8.000000000e-02 -8.000000000e-02 -4.349373817e-07 -5.500000000e-01 -5.500000000e-01 0.000000000e+00 
d 0.000000000e+00 0.000000000e+00 4.496671926e-07 -9.000000000e-02 -9.000000000e-02 -4.496671926e-07 -5.500000000e-01 -5.500000000e-01 0.000000000e+00 
d 0.000000000e+00 0.000000000e+00 4.609237476e-07 -1.000000000e-01 -1.000000000e-01 -4.609237476e-07 -5.500000000e-01 -5.500000000e-01 0.000000000e+00 
d 0.000000000e+00 0.000000000e+00 4.696245715e-07 -1.100000000e-01 -1.100000000e-01 -4.696245715e-07 -5.500000000e-01 -5.500000000e-01 0.000000000e+00 
d 0.000000000e+00 0.000000000e+00 4.764634147e-07 -1.200000000e-01 -1.200000000e-01 -4.764634147e-07 -5.500000000e-01 -5.500000000e-01 0.000000000e+00 
d 0.000000000e+00 0.000000000e+00 4.819541759e-07 -1.300000000e-01 -1.300000000e-01 -4.819541759e-07 -5.500000000e-01 -5.500000000e-01 0.000000000e+00 
d 0.000000000e+00 0.000000000e+00 4.864712423e-07 -1.400000000e-01 -1.400000000e-01 -4.864712423e-07 -5.500000000e-01 -5.500000000e-01 0.000000000e+00 
d 0.000000000e+00 0.000000000e+00 4.902851435e-07 -1.500000000e-01 -1.500000000e-01 -4.902851435e-07 -5.500000000e-01 -5.500000000e-01 0.000000000e+00 
d 0.000000000e+00 0.000000000e+00 4.935889863e-07 -1.600000000e-01 -1.600000000e-01 -4.935889863e-07 -5.500000000e-01 -5.500000000e-01 0.000000000e+00 
d 0.000000000e+00 0.000000000e+00 4.965204587e-07 -1.700000000e-01 -1.700000000e-01 -4.965204587e-07 -5.500000000e-01 -5.500000000e-01 0.000000000e+00 
d 0.000000000e+00 0.000000000e+00 4.992140786e-07 -1.800000000e-01 -1.800000000e-01 -4.992140786e-07 -5.500000000e-01 -5.500000000e-01 0.000000000e+00 
d 0.000000000e+00 0.000000000e+00 5.016627360e-07 -1.900000000e-01 -1.900000000e-01 -5.016627360e-07 -5.500000000e-01 -5.500000000e-01 0.000000000e+00 
d 0.000000000e+00 0.000000000e+00 5.039529205e-07 -2.000000000e-01 -2.000000000e-01 -5.039529205e-07 -5.500000000e-01 -5.500000000e-01 0.000000000e+00 
d 0.000000000e+00 0.000000000e+00 5.061245045e-07 -2.100000000e-01 -2.100000000e-01 -5.061245045e-07 -5.500000000e-01 -5.500000000e-01 0.000000000e+00 
d 0.000000000e+00 0.000000000e+00 5.082016081e-07 -2.200000000e-01 -2.200000000e-01 -5.082016081e-07 -5.500000000e-01 -5.500000000e-01 0.000000000e+00 
d 0.000000000e+00 0.000000000e+00 5.102020951e-07 -2.300000000e-01 -2.300000000e-01 -5.102020951e-07 -5.500000000e-01 -5.500000000e-01 0.000000000e+00 
d 0.000000000e+00 0.000000000e+00 5.121389394e-07 -2.400000000e-01 -2.400000000e-01 -5.121389394e-07 -5.500000000e-01 -5.500000000e-01 0.000000000e+00 
d 0.000000000e+00 0.000000000e+00 5.140217241e-07 -2.500000000e-01 -2.500000000e-01 -5.140217241e-07 -5.500000000e-01 -5.500000000e-01 0.000000000e+00 
d 0.000000000e+00 0.000000000e+00 5.158574377e-07 -2.600000000e-01 -2.600000000e-01 -5.158574377e-07 -5.500000000e-01 -5.500000000e-01 0.000000000e+00 
d 0.000000000e+00 0.000000000e+00 5.176515798e-07 -2.700000000e-01 -2.700000000e-01 -5.176515798e-07 -5.500000000e-01 -5.500000000e-01 0.000000000e+00 
d 0.000000000e+00 0.000000000e+00 5.194082238e-07 -2.800000000e-01 -2.800000000e-01 -5.194082238e-07 -5.500000000e-01 -5.500000000e-01 0.000000000e+00 
d 0.000000000e+00 0.000000000e+00 5.211303134e-07 -2.900000000e-01 -2.900000000e-01 -5.211303134e-07 -5.500000000e-01 -5.500000000e-01 0.000000000e+00 
d 0.000000000e+00 0.000000000e+00 5.228207553e-07 -3.000000000e-01 -3.000000000e-01 -5.228207553e-07 -5.500000000e-01 -5.500000000e-01 0.000000000e+00 
d 0.000000000e+00 0.000000000e+00 5.244812114e-07 -3.100000000e-01 -3.100000000e-01 -5.244812114e-07 -5.500000000e-01 -5.500000000e-01 0.000000000e+00 
d 0.000000000e+00 0.000000000e+00 5.261136597e-07 -3.200000000e-01 -3.200000000e-01 -5.261136597e-07 -5.500000000e-01 -5.500000000e-01 0.000000000e+00 
d 0.000000000e+00 0.000000000e+00 5.277195441e-07 -3.300000000e-01 -3.300000000e-01 -5.277195441e-07 -5.500000000e-01 -5.500000000e-01 0.000000000e+00 
d 0.000000000e+00 0.000000000e+00 5.293002481e-07 -3.400000000e-01 -3.400000000e-01 -5.293002481e-07 -5.500000000e-01 -5.500000000e-01 0.000000000e+00 
d 0.000000000e+00 0.000000000e+00 5.308566335e-07 -3.500000000e-01 -3.500000000e-01 -5.308566335e-07 -5.500000000e-01 -5.500000000e-01 0.000000000e+00 
d 0.000000000e+00 0.000000000e+00 5.323896522e-07 -3.600000000e-01 -3.600000000e-01 -5.323896522e-07 -5.500000000e-01 -5.500000000e-01 0.000000000e+00 
d 0.000000000e+00 0.000000000e+00 5.339000901e-07 -3.700000000e-01 -3.700000000e-01 -5.339000901e-07 -5.500000000e-01 -5.500000000e-01 0.000000000e+00 
d 0.000000000e+00 0.000000000e+00 5.353891452e-07 -3.800000000e-01 -3.800000000e-01 -5.353891452e-07 -5.500000000e-01 -5.500000000e-01 0.000000000e+00 
d 0.000000000e+00 0.000000000e+00 5.368570535e-07 -3.900000000e-01 -3.900000000e-01 -5.368570535e-07 -5.500000000e-01 -5.500000000e-01 0.000000000e+00 
d 0.000000000e+00 0.000000000e+00 5.383045602e-07 -4.000000000e-01 -4.000000000e-01 -5.383045602e-07 -5.500000000e-01 -5.500000000e-01 0.000000000e+00 
d 0.000000000e+00 0.000000000e+00 5.397324420e-07 -4.100000000e-01 -4.100000000e-01 -5.397324420e-07 -5.500000000e-01 -5.500000000e-01 0.000000000e+00 
d 0.000000000e+00 0.000000000e+00 5.411411954e-07 -4.200000000e-01 -4.200000000e-01 -5.411411954e-07 -5.500000000e-01 -5.500000000e-01 0.000000000e+00 
d 0.000000000e+00 0.000000000e+00 5.425314421e-07 -4.300000000e-01 -4.300000000e-01 -5.425314421e-07 -5.500000000e-01 -5.500000000e-01 0.000000000e+00 
d 0.000000000e+00 0.000000000e+00 5.439036725e-07 -4.400000000e-01 -4.400000000e-01 -5.439036725e-07 -5.500000000e-01 -5.500000000e-01 0.000000000e+00 
d 0.000000000e+00 0.000000000e+00 5.452585017e-07 -4.500000000e-01 -4.500000000e-01 -5.452585017e-07 -5.500000000e-01 -5.500000000e-01 0.000000000e+00 
d 0.000000000e+00 0.000000000e+00 5.465961382e-07 -4.600000000e-01 -4.600000000e-01 -5.465961382e-07 -5.500000000e-01 -5.500000000e-01 0.000000000e+00 
d 0.000000000e+00 0.000000000e+00 5.479170341e-07 -4.700000000e-01 -4.700000000e-01 -5.479170341e-07 -5.500000000e-01 -5.500000000e-01 0.000000000e+00 
d 0.000000000e+00 0.000000000e+00 5.492220228e-07 -4.800000000e-01 -4.800000000e-01 -5.492220228e-07 -5.500000000e-01 -5.500000000e-01 0.000000000e+00 
d 0.000000000e+00 0.000000000e+00 5.505111097e-07 -4.900000000e-01 -4.900000000e-01 -5.505111097e-07 -5.500000000e-01 -5.500000000e-01 0.000000000e+00 
d 0.000000000e+00 0.000000000e+00 5.517848271e-07 -5.000000000e-01 -5.000000000e-01 -5.517848271e-07 -5.500000000e-01 -5.500000000e-01 0.000000000e+00 
d 0.000000000e+00 0.000000000e+00 5.530437311e-07 -5.100000000e-01 -5.100000000e-01 -5.530437311e-07 -5.500000000e-01 -5.500000000e-01 0.000000000e+00 
d 0.000000000e+00 0.000000000e+00 5.542879646e-07 -5.200000000e-01 -5.200000000e-01 -5.542879646e-07 -5.500000000e-01 -5.500000000e-01 0.000000000e+00 
d 0.000000000e+00 0.000000000e+00 5.555177742e-07 -5.300000000e-01 -5.300000000e-01 -5.555177742e-07 -5.500000000e-01 -5.500000000e-01 0.000000000e+00 
d 0.000000000e+00 0.000000000e+00 5.567337680e-07 -5.400000000e-01 -5.400000000e-01 -5.567337680e-07 -5.500000000e-01 -5.500000000e-01 0.000000000e+00 
d 0.000000000e+00 0.000000000e+00 5.579360438e-07 -5.500000000e-01 -5.500000000e-01 -5.579360438e-07 -5.500000000e-01 -5.500000000e-01 0.000000000e+00 
d 0.000000000e+00 0.000000000e+00 5.591251063e-07 -5.600000000e-01 -5.600000000e-01 -5.591251063e-07 -5.500000000e-01 -5.500000000e-01 0.000000000e+00 
d 0.000000000e+00 0.000000000e+00 5.603010434e-07 -5.700000000e-01 -5.700000000e-01 -5.603010434e-07 -5.500000000e-01 -5.500000000e-01 0.000000000e+00 
d 0.000000000e+00 0.000000000e+00 5.614645781e-07 -5.800000000e-01 -5.800000000e-01 -5.614645781e-07 -5.500000000e-01 -5.500000000e-01 0.000000000e+00 
d 0.000000000e+00 0.000000000e+00 5.626157496e-07 -5.900000000e-01 -5.900000000e-01 -5.626157496e-07 -5.500000000e-01 -5.500000000e-01 0.000000000e+00 
d 0.000000000e+00 0.000000000e+00 5.637546604e-07 -6.000000000e-01 -6.000000000e-01 -5.637546604e-07 -5.500000000e-01 -5.500000000e-01 0.000000000e+00 
d 0.000000000e+00 0.000000000e+00 5.648821033e-07 -6.100000000e-01 -6.100000000e-01 -5.648821033e-07 -5.500000000e-01 -5.500000000e-01 0.000000000e+00 
d 0.000000000e+00 0.000000000e+00 5.659975263e-07 -6.200000000e-01 -6.200000000e-01 -5.659975263e-07 -5.500000000e-01 -5.500000000e-01 0.000000000e+00 
d 0.000000000e+00 0.000000000e+00 5.671021625e-07 -6.300000000e-01 -6.300000000e-01 -5.671021625e-07 -5.500000000e-01 -5.500000000e-01 0.000000000e+00 
d 0.000000000e+00 0.000000000e+00 5.681956826e-07 -6.400000000e-01 -6.400000000e-01 -5.681956826e-07 -5.500000000e-01 -5.500000000e-01 0.000000000e+00 
d 0.000000000e+00 0.000000000e+00 5.692781175e-07 -6.500000000e-01 -6.500000000e-01 -5.692781175e-07 -5.500000000e-01 -5.500000000e-01 0.000000000e+00 
d 0.000000000e+00 0.000000000e+00 5.703502716e-07 -6.600000000e-01 -6.600000000e-01 -5.703502716e-07 -5.500000000e-01 -5.500000000e-01 0.000000000e+00 
d 0.000000000e+00 0.000000000e+00 5.714121536e-07 -6.700000000e-01 -6.700000000e-01 -5.714121536e-07 -5.500000000e-01 -5.500000000e-01 0.000000000e+00 
d 0.000000000e+00 0.000000000e+00 5.724640279e-07 -6.800000000e-01 -6.800000000e-01 -5.724640279e-07 -5.500000000e-01 -5.500000000e-01 0.000000000e+00 
d 0.000000000e+00 0.000000000e+00 5.735059416e-07 -6.900000000e-01 -6.900000000e-01 -5.735059416e-07 -5.500000000e-01 -5.500000000e-01 0.000000000e+00 
d 0.000000000e+00 0.000000000e+00 5.745381564e-07 -7.000000000e-01 -7.000000000e-01 -5.745381564e-07 -5.500000000e-01 -5.500000000e-01 0.000000000e+00 
d 0.000000000e+00 0.000000000e+00 5.755607898e-07 -7.100000000e-01 -7.100000000e-01 -5.755607898e-07 -5.500000000e-01 -5.500000000e-01 0.000000000e+00 
d 0.000000000e+00 0.000000000e+00 5.765743470e-07 -7.200000000e-01 -7.200000000e-01 -5.765743470e-07 -5.500000000e-01 -5.500000000e-01 0.000000000e+00 
d 0.000000000e+00 0.000000000e+00 5.775788690e-07 -7.300000000e-01 -7.300000000e-01 -5.775788690e-07 -5.500000000e-01 -5.500000000e-01 0.000000000e+00 
d 0.000000000e+00 0.000000000e+00 5.785746010e-07 -7.400000000e-01 -7.400000000e-01 -5.785746010e-07 -5.500000000e-01 -5.500000000e-01 0.000000000e+00 
d 0.000000000e+00 0.000000000e+00 5.795618294e-07 -7.500000000e-01 -7.500000000e-01 -5.795618294e-07 -5.500000000e-01 -5.500000000e-01 0.000000000e+00 
d 0.000000000e+00 0.000000000e+00 5.805401344e-07 -7.600000000e-01 -7.600000000e-01 -5.805401344e-07 -5.500000000e-01 -5.500000000e-01 0.000000000e+00 
d 0.000000000e+00 0.000000000e+00 5.815104321e-07 -7.700000000e-01 -7.700000000e-01 -5.815104321e-07 -5.500000000e-01 -5.500000000e-01 0.000000000e+00 
d 0.000000000e+00 0.000000000e+00 5.824727137e-07 -7.800000000e-01 -7.800000000e-01 -5.824727137e-07 -5.500000000e-01 -5.500000000e-01 0.000000000e+00 
d 0.000000000e+00 0.000000000e+00 5.834268106e-07 -7.900000000e-01 -7.900000000e-01 -5.834268106e-07 -5.500000000e-01 -5.500000000e-01 0.000000000e+00 
d 0.000000000e+00 0.000000000e+00 5.843733629e-07 -8.000000000e-01 -8.000000000e-01 -5.843733629e-07 -5.500000000e-01 -5.500000000e-01 0.000000000e+00 
