v ATLAS
# This file was created by ATLAS version 5.28.1.R on Mon Jul 28 00:51:39 2025.
#SSF 2.0 generic
##############################################################################
#                    Copyright (c) 1984 - 2019                               #
#                    Silvaco Inc. All rights reserved                        #
#                                                                            #
# This file format and the following Key are copyright Silvaco Inc.          #
# You may not use, this format or key without reproducing this message in    #
# full and obtaining express written permission from Silvaco Inc.            #
#                                                                            #
# To obtain such permission please contact: Silvaco Inc.                     #
#                                           support@silvaco.com              #
#                                                                            #
# KEY=SVC86hn7562asdx                       PROD=345                         #
##############################################################################
y 3 700 711 15
z 0 1e+41 300
f 3 "source" "drain" "gate" 
p 9 2 601 20 3 602 21 4 603 22 
d 0.000000000e+00 0.000000000e+00 -2.112061390e-21 0.000000000e+00 0.000000000e+00 -6.310350715e-22 -6.000000000e-01 -6.000000000e-01 0.000000000e+00 
d 0.000000000e+00 0.000000000e+00 -4.949633016e-06 1.000000000e-01 1.000000000e-01 4.949633016e-06 -6.000000000e-01 -6.000000000e-01 0.000000000e+00 
d 0.000000000e+00 0.000000000e+00 -4.320733290e-06 9.000000000e-02 9.000000000e-02 4.320733290e-06 -6.000000000e-01 -6.000000000e-01 0.000000000e+00 
d 0.000000000e+00 0.000000000e+00 -3.723369288e-06 8.000000000e-02 8.000000000e-02 3.723369288e-06 -6.000000000e-01 -6.000000000e-01 0.000000000e+00 
d 0.000000000e+00 0.000000000e+00 -3.157286174e-06 7.000000000e-02 7.000000000e-02 3.157286174e-06 -6.000000000e-01 -6.000000000e-01 0.000000000e+00 
d 0.000000000e+00 0.000000000e+00 -2.621959671e-06 6.000000000e-02 6.000000000e-02 2.621959671e-06 -6.000000000e-01 -6.000000000e-01 0.000000000e+00 
d 0.000000000e+00 0.000000000e+00 -2.116488877e-06 5.000000000e-02 5.000000000e-02 2.116488877e-06 -6.000000000e-01 -6.000000000e-01 0.000000000e+00 
d 0.000000000e+00 0.000000000e+00 -1.639767656e-06 4.000000000e-02 4.000000000e-02 1.639767656e-06 -6.000000000e-01 -6.000000000e-01 0.000000000e+00 
d 0.000000000e+00 0.000000000e+00 -1.190641655e-06 3.000000000e-02 3.000000000e-02 1.190641655e-06 -6.000000000e-01 -6.000000000e-01 0.000000000e+00 
d 0.000000000e+00 0.000000000e+00 -7.680801736e-07 2.000000000e-02 2.000000000e-02 7.680801736e-07 -6.000000000e-01 -6.000000000e-01 0.000000000e+00 
d 0.000000000e+00 0.000000000e+00 -3.713271702e-07 1.000000000e-02 1.000000000e-02 3.713271702e-07 -6.000000000e-01 -6.000000000e-01 0.000000000e+00 
d 0.000000000e+00 0.000000000e+00 2.323745631e-21 -2.583138497e-17 -2.583138497e-17 -8.130301839e-22 -6.000000000e-01 -6.000000000e-01 0.000000000e+00 
d 0.000000000e+00 0.000000000e+00 3.458834860e-07 -1.000000000e-02 -1.000000000e-02 -3.458834860e-07 -6.000000000e-01 -6.000000000e-01 0.000000000e+00 
d 0.000000000e+00 0.000000000e+00 6.659567766e-07 -2.000000000e-02 -2.000000000e-02 -6.659567766e-07 -6.000000000e-01 -6.000000000e-01 0.000000000e+00 
d 0.000000000e+00 0.000000000e+00 9.596283809e-07 -3.000000000e-02 -3.000000000e-02 -9.596283809e-07 -6.000000000e-01 -6.000000000e-01 0.000000000e+00 
d 0.000000000e+00 0.000000000e+00 1.226259437e-06 -4.000000000e-02 -4.000000000e-02 -1.226259437e-06 -6.000000000e-01 -6.000000000e-01 0.000000000e+00 
d 0.000000000e+00 0.000000000e+00 1.465369283e-06 -5.000000000e-02 -5.000000000e-02 -1.465369283e-06 -6.000000000e-01 -6.000000000e-01 0.000000000e+00 
d 0.000000000e+00 0.000000000e+00 1.676840751e-06 -6.000000000e-02 -6.000000000e-02 -1.676840751e-06 -6.000000000e-01 -6.000000000e-01 0.000000000e+00 
d 0.000000000e+00 0.000000000e+00 1.861089153e-06 -7.000000000e-02 -7.000000000e-02 -1.861089153e-06 -6.000000000e-01 -6.000000000e-01 0.000000000e+00 
d 0.000000000e+00 0.000000000e+00 2.019164433e-06 -8.000000000e-02 -8.000000000e-02 -2.019164433e-06 -6.000000000e-01 -6.000000000e-01 0.000000000e+00 
d 0.000000000e+00 0.000000000e+00 2.152762143e-06 -9.000000000e-02 -9.000000000e-02 -2.152762143e-06 -6.000000000e-01 -6.000000000e-01 0.000000000e+00 
d 0.000000000e+00 0.000000000e+00 2.264140429e-06 -1.000000000e-01 -1.000000000e-01 -2.264140429e-06 -6.000000000e-01 -6.000000000e-01 0.000000000e+00 
d 0.000000000e+00 0.000000000e+00 2.355955357e-06 -1.100000000e-01 -1.100000000e-01 -2.355955357e-06 -6.000000000e-01 -6.000000000e-01 0.000000000e+00 
d 0.000000000e+00 0.000000000e+00 2.431052098e-06 -1.200000000e-01 -1.200000000e-01 -2.431052098e-06 -6.000000000e-01 -6.000000000e-01 0.000000000e+00 
d 0.000000000e+00 0.000000000e+00 2.491818870e-06 -1.300000000e-01 -1.300000000e-01 -2.491818870e-06 -6.000000000e-01 -6.000000000e-01 0.000000000e+00 
d 0.000000000e+00 0.000000000e+00 2.541744307e-06 -1.400000000e-01 -1.400000000e-01 -2.541744307e-06 -6.000000000e-01 -6.000000000e-01 0.000000000e+00 
d 0.000000000e+00 0.000000000e+00 2.582739656e-06 -1.500000000e-01 -1.500000000e-01 -2.582739656e-06 -6.000000000e-01 -6.000000000e-01 0.000000000e+00 
d 0.000000000e+00 0.000000000e+00 2.616765898e-06 -1.600000000e-01 -1.600000000e-01 -2.616765898e-06 -6.000000000e-01 -6.000000000e-01 0.000000000e+00 
d 0.000000000e+00 0.000000000e+00 2.645774567e-06 -1.700000000e-01 -1.700000000e-01 -2.645774567e-06 -6.000000000e-01 -6.000000000e-01 0.000000000e+00 
d 0.000000000e+00 0.000000000e+00 2.670225774e-06 -1.800000000e-01 -1.800000000e-01 -2.670225774e-06 -6.000000000e-01 -6.000000000e-01 0.000000000e+00 
d 0.000000000e+00 0.000000000e+00 2.691491610e-06 -1.900000000e-01 -1.900000000e-01 -2.691491610e-06 -6.000000000e-01 -6.000000000e-01 0.000000000e+00 
d 0.000000000e+00 0.000000000e+00 2.710320808e-06 -2.000000000e-01 -2.000000000e-01 -2.710320808e-06 -6.000000000e-01 -6.000000000e-01 0.000000000e+00 
d 0.000000000e+00 0.000000000e+00 2.727263808e-06 -2.100000000e-01 -2.100000000e-01 -2.727263808e-06 -6.000000000e-01 -6.000000000e-01 0.000000000e+00 
d 0.000000000e+00 0.000000000e+00 2.742736866e-06 -2.200000000e-01 -2.200000000e-01 -2.742736866e-06 -6.000000000e-01 -6.000000000e-01 0.000000000e+00 
d 0.000000000e+00 0.000000000e+00 2.757049275e-06 -2.300000000e-01 -2.300000000e-01 -2.757049275e-06 -6.000000000e-01 -6.000000000e-01 0.000000000e+00 
d 0.000000000e+00 0.000000000e+00 2.770431336e-06 -2.400000000e-01 -2.400000000e-01 -2.770431336e-06 -6.000000000e-01 -6.000000000e-01 0.000000000e+00 
d 0.000000000e+00 0.000000000e+00 2.783054984e-06 -2.500000000e-01 -2.500000000e-01 -2.783054984e-06 -6.000000000e-01 -6.000000000e-01 0.000000000e+00 
d 0.000000000e+00 0.000000000e+00 2.795049354e-06 -2.600000000e-01 -2.600000000e-01 -2.795049354e-06 -6.000000000e-01 -6.000000000e-01 0.000000000e+00 
d 0.000000000e+00 0.000000000e+00 2.806511809e-06 -2.700000000e-01 -2.700000000e-01 -2.806511809e-06 -6.000000000e-01 -6.000000000e-01 0.000000000e+00 
d 0.000000000e+00 0.000000000e+00 2.817517064e-06 -2.800000000e-01 -2.800000000e-01 -2.817517064e-06 -6.000000000e-01 -6.000000000e-01 0.000000000e+00 
d 0.000000000e+00 0.000000000e+00 2.828123685e-06 -2.900000000e-01 -2.900000000e-01 -2.828123685e-06 -6.000000000e-01 -6.000000000e-01 0.000000000e+00 
d 0.000000000e+00 0.000000000e+00 2.838377037e-06 -3.000000000e-01 -3.000000000e-01 -2.838377037e-06 -6.000000000e-01 -6.000000000e-01 0.000000000e+00 
d 0.000000000e+00 0.000000000e+00 2.848314579e-06 -3.100000000e-01 -3.100000000e-01 -2.848314579e-06 -6.000000000e-01 -6.000000000e-01 0.000000000e+00 
d 0.000000000e+00 0.000000000e+00 2.857965898e-06 -3.200000000e-01 -3.200000000e-01 -2.857965898e-06 -6.000000000e-01 -6.000000000e-01 0.000000000e+00 
d 0.000000000e+00 0.000000000e+00 2.867356340e-06 -3.300000000e-01 -3.300000000e-01 -2.867356340e-06 -6.000000000e-01 -6.000000000e-01 0.000000000e+00 
d 0.000000000e+00 0.000000000e+00 2.876577735e-06 -3.400000000e-01 -3.400000000e-01 -2.876577735e-06 -6.000000000e-01 -6.000000000e-01 0.000000000e+00 
d 0.000000000e+00 0.000000000e+00 2.885455504e-06 -3.500000000e-01 -3.500000000e-01 -2.885455504e-06 -6.000000000e-01 -6.000000000e-01 0.000000000e+00 
d 0.000000000e+00 0.000000000e+00 2.894204495e-06 -3.600000000e-01 -3.600000000e-01 -2.894204495e-06 -6.000000000e-01 -6.000000000e-01 0.000000000e+00 
d 0.000000000e+00 0.000000000e+00 2.902784265e-06 -3.700000000e-01 -3.700000000e-01 -2.902784265e-06 -6.000000000e-01 -6.000000000e-01 0.000000000e+00 
d 0.000000000e+00 0.000000000e+00 2.911132873e-06 -3.800000000e-01 -3.800000000e-01 -2.911132873e-06 -6.000000000e-01 -6.000000000e-01 0.000000000e+00 
d 0.000000000e+00 0.000000000e+00 2.919302988e-06 -3.900000000e-01 -3.900000000e-01 -2.919302988e-06 -6.000000000e-01 -6.000000000e-01 0.000000000e+00 
d 0.000000000e+00 0.000000000e+00 2.927325705e-06 -4.000000000e-01 -4.000000000e-01 -2.927325705e-06 -6.000000000e-01 -6.000000000e-01 0.000000000e+00 
d 0.000000000e+00 0.000000000e+00 2.935198921e-06 -4.100000000e-01 -4.100000000e-01 -2.935198921e-06 -6.000000000e-01 -6.000000000e-01 0.000000000e+00 
d 0.000000000e+00 0.000000000e+00 2.942929527e-06 -4.200000000e-01 -4.200000000e-01 -2.942929527e-06 -6.000000000e-01 -6.000000000e-01 0.000000000e+00 
d 0.000000000e+00 0.000000000e+00 2.950524959e-06 -4.300000000e-01 -4.300000000e-01 -2.950524959e-06 -6.000000000e-01 -6.000000000e-01 0.000000000e+00 
d 0.000000000e+00 0.000000000e+00 2.957992446e-06 -4.400000000e-01 -4.400000000e-01 -2.957992446e-06 -6.000000000e-01 -6.000000000e-01 0.000000000e+00 
d 0.000000000e+00 0.000000000e+00 2.965337768e-06 -4.500000000e-01 -4.500000000e-01 -2.965337768e-06 -6.000000000e-01 -6.000000000e-01 0.000000000e+00 
d 0.000000000e+00 0.000000000e+00 2.972566702e-06 -4.600000000e-01 -4.600000000e-01 -2.972566702e-06 -6.000000000e-01 -6.000000000e-01 0.000000000e+00 
d 0.000000000e+00 0.000000000e+00 2.979684214e-06 -4.700000000e-01 -4.700000000e-01 -2.979684214e-06 -6.000000000e-01 -6.000000000e-01 0.000000000e+00 
d 0.000000000e+00 0.000000000e+00 2.986695438e-06 -4.800000000e-01 -4.800000000e-01 -2.986695438e-06 -6.000000000e-01 -6.000000000e-01 0.000000000e+00 
d 0.000000000e+00 0.000000000e+00 2.993605269e-06 -4.900000000e-01 -4.900000000e-01 -2.993605269e-06 -6.000000000e-01 -6.000000000e-01 0.000000000e+00 
d 0.000000000e+00 0.000000000e+00 3.000417192e-06 -5.000000000e-01 -5.000000000e-01 -3.000417192e-06 -6.000000000e-01 -6.000000000e-01 0.000000000e+00 
d 0.000000000e+00 0.000000000e+00 3.007136285e-06 -5.100000000e-01 -5.100000000e-01 -3.007136285e-06 -6.000000000e-01 -6.000000000e-01 0.000000000e+00 
d 0.000000000e+00 0.000000000e+00 3.013765841e-06 -5.200000000e-01 -5.200000000e-01 -3.013765841e-06 -6.000000000e-01 -6.000000000e-01 0.000000000e+00 
d 0.000000000e+00 0.000000000e+00 3.020309217e-06 -5.300000000e-01 -5.300000000e-01 -3.020309217e-06 -6.000000000e-01 -6.000000000e-01 0.000000000e+00 
d 0.000000000e+00 0.000000000e+00 3.026770014e-06 -5.400000000e-01 -5.400000000e-01 -3.026770014e-06 -6.000000000e-01 -6.000000000e-01 0.000000000e+00 
d 0.000000000e+00 0.000000000e+00 3.033151451e-06 -5.500000000e-01 -5.500000000e-01 -3.033151451e-06 -6.000000000e-01 -6.000000000e-01 0.000000000e+00 
d 0.000000000e+00 0.000000000e+00 3.039456990e-06 -5.600000000e-01 -5.600000000e-01 -3.039456990e-06 -6.000000000e-01 -6.000000000e-01 0.000000000e+00 
d 0.000000000e+00 0.000000000e+00 3.045689060e-06 -5.700000000e-01 -5.700000000e-01 -3.045689060e-06 -6.000000000e-01 -6.000000000e-01 0.000000000e+00 
d 0.000000000e+00 0.000000000e+00 3.051850042e-06 -5.800000000e-01 -5.800000000e-01 -3.051850042e-06 -6.000000000e-01 -6.000000000e-01 0.000000000e+00 
d 0.000000000e+00 0.000000000e+00 3.057943307e-06 -5.900000000e-01 -5.900000000e-01 -3.057943307e-06 -6.000000000e-01 -6.000000000e-01 0.000000000e+00 
d 0.000000000e+00 0.000000000e+00 3.063970936e-06 -6.000000000e-01 -6.000000000e-01 -3.063970936e-06 -6.000000000e-01 -6.000000000e-01 0.000000000e+00 
d 0.000000000e+00 0.000000000e+00 3.069935582e-06 -6.100000000e-01 -6.100000000e-01 -3.069935582e-06 -6.000000000e-01 -6.000000000e-01 0.000000000e+00 
d 0.000000000e+00 0.000000000e+00 3.075837740e-06 -6.200000000e-01 -6.200000000e-01 -3.075837740e-06 -6.000000000e-01 -6.000000000e-01 0.000000000e+00 
d 0.000000000e+00 0.000000000e+00 3.081682146e-06 -6.300000000e-01 -6.300000000e-01 -3.081682146e-06 -6.000000000e-01 -6.000000000e-01 0.000000000e+00 
d 0.000000000e+00 0.000000000e+00 3.087468038e-06 -6.400000000e-01 -6.400000000e-01 -3.087468038e-06 -6.000000000e-01 -6.000000000e-01 0.000000000e+00 
d 0.000000000e+00 0.000000000e+00 3.093198927e-06 -6.500000000e-01 -6.500000000e-01 -3.093198927e-06 -6.000000000e-01 -6.000000000e-01 0.000000000e+00 
d 0.000000000e+00 0.000000000e+00 3.098875944e-06 -6.600000000e-01 -6.600000000e-01 -3.098875944e-06 -6.000000000e-01 -6.000000000e-01 0.000000000e+00 
d 0.000000000e+00 0.000000000e+00 3.104500182e-06 -6.700000000e-01 -6.700000000e-01 -3.104500182e-06 -6.000000000e-01 -6.000000000e-01 0.000000000e+00 
d 0.000000000e+00 0.000000000e+00 3.110073851e-06 -6.800000000e-01 -6.800000000e-01 -3.110073851e-06 -6.000000000e-01 -6.000000000e-01 0.000000000e+00 
d 0.000000000e+00 0.000000000e+00 3.115598544e-06 -6.900000000e-01 -6.900000000e-01 -3.115598544e-06 -6.000000000e-01 -6.000000000e-01 0.000000000e+00 
d 0.000000000e+00 0.000000000e+00 3.121075112e-06 -7.000000000e-01 -7.000000000e-01 -3.121075112e-06 -6.000000000e-01 -6.000000000e-01 0.000000000e+00 
d 0.000000000e+00 0.000000000e+00 3.126505122e-06 -7.100000000e-01 -7.100000000e-01 -3.126505122e-06 -6.000000000e-01 -6.000000000e-01 0.000000000e+00 
d 0.000000000e+00 0.000000000e+00 3.131889824e-06 -7.200000000e-01 -7.200000000e-01 -3.131889824e-06 -6.000000000e-01 -6.000000000e-01 0.000000000e+00 
d 0.000000000e+00 0.000000000e+00 3.137230489e-06 -7.300000000e-01 -7.300000000e-01 -3.137230489e-06 -6.000000000e-01 -6.000000000e-01 0.000000000e+00 
d 0.000000000e+00 0.000000000e+00 3.142528547e-06 -7.400000000e-01 -7.400000000e-01 -3.142528547e-06 -6.000000000e-01 -6.000000000e-01 0.000000000e+00 
d 0.000000000e+00 0.000000000e+00 3.147784941e-06 -7.500000000e-01 -7.500000000e-01 -3.147784941e-06 -6.000000000e-01 -6.000000000e-01 0.000000000e+00 
d 0.000000000e+00 0.000000000e+00 3.152999322e-06 -7.600000000e-01 -7.600000000e-01 -3.152999322e-06 -6.000000000e-01 -6.000000000e-01 0.000000000e+00 
d 0.000000000e+00 0.000000000e+00 3.158174738e-06 -7.700000000e-01 -7.700000000e-01 -3.158174738e-06 -6.000000000e-01 -6.000000000e-01 0.000000000e+00 
d 0.000000000e+00 0.000000000e+00 3.163311139e-06 -7.800000000e-01 -7.800000000e-01 -3.163311139e-06 -6.000000000e-01 -6.000000000e-01 0.000000000e+00 
d 0.000000000e+00 0.000000000e+00 3.168409371e-06 -7.900000000e-01 -7.900000000e-01 -3.168409371e-06 -6.000000000e-01 -6.000000000e-01 0.000000000e+00 
d 0.000000000e+00 0.000000000e+00 3.173470087e-06 -8.000000000e-01 -8.000000000e-01 -3.173470087e-06 -6.000000000e-01 -6.000000000e-01 0.000000000e+00 
