v ATLAS
# This file was created by ATLAS version 5.28.1.R on Sun Jul 27 23:38:47 2025.
#SSF 2.0 generic
##############################################################################
#                    Copyright (c) 1984 - 2019                               #
#                    Silvaco Inc. All rights reserved                        #
#                                                                            #
# This file format and the following Key are copyright Silvaco Inc.          #
# You may not use, this format or key without reproducing this message in    #
# full and obtaining express written permission from Silvaco Inc.            #
#                                                                            #
# To obtain such permission please contact: Silvaco Inc.                     #
#                                           support@silvaco.com              #
#                                                                            #
# KEY=SVC86hn7562asdx                       PROD=345                         #
##############################################################################
y 3 700 711 15
z 0 1e+41 300
f 3 "source" "drain" "gate" 
p 9 2 601 20 3 602 21 4 603 22 
d 0.000000000e+00 0.000000000e+00 5.829403320e-13 -6.000000000e-01 -6.000000000e-01 -5.829403395e-13 0.000000000e+00 0.000000000e+00 0.000000000e+00 
d 0.000000000e+00 0.000000000e+00 2.064229502e-14 -6.000000000e-01 -6.000000000e-01 -2.064229979e-14 1.000000000e-01 1.000000000e-01 0.000000000e+00 
d 0.000000000e+00 0.000000000e+00 2.878072642e-14 -6.000000000e-01 -6.000000000e-01 -2.878073104e-14 9.000000000e-02 9.000000000e-02 0.000000000e+00 
d 0.000000000e+00 0.000000000e+00 4.015562181e-14 -6.000000000e-01 -6.000000000e-01 -4.015562929e-14 8.000000000e-02 8.000000000e-02 0.000000000e+00 
d 0.000000000e+00 0.000000000e+00 5.604895626e-14 -6.000000000e-01 -6.000000000e-01 -5.604896456e-14 7.000000000e-02 7.000000000e-02 0.000000000e+00 
d 0.000000000e+00 0.000000000e+00 7.826210545e-14 -6.000000000e-01 -6.000000000e-01 -7.826211270e-14 6.000000000e-02 6.000000000e-02 0.000000000e+00 
d 0.000000000e+00 0.000000000e+00 1.093144460e-13 -6.000000000e-01 -6.000000000e-01 -1.093144514e-13 5.000000000e-02 5.000000000e-02 0.000000000e+00 
d 0.000000000e+00 0.000000000e+00 1.527296133e-13 -6.000000000e-01 -6.000000000e-01 -1.527296185e-13 4.000000000e-02 4.000000000e-02 0.000000000e+00 
d 0.000000000e+00 0.000000000e+00 2.134348855e-13 -6.000000000e-01 -6.000000000e-01 -2.134348917e-13 3.000000000e-02 3.000000000e-02 0.000000000e+00 
d 0.000000000e+00 0.000000000e+00 2.983190731e-13 -6.000000000e-01 -6.000000000e-01 -2.983190795e-13 2.000000000e-02 2.000000000e-02 0.000000000e+00 
d 0.000000000e+00 0.000000000e+00 4.170125784e-13 -6.000000000e-01 -6.000000000e-01 -4.170125864e-13 1.000000000e-02 1.000000000e-02 0.000000000e+00 
d 0.000000000e+00 0.000000000e+00 5.829733891e-13 -6.000000000e-01 -6.000000000e-01 -5.829733993e-13 -2.583138497e-17 -2.583138497e-17 0.000000000e+00 
d 0.000000000e+00 0.000000000e+00 8.150070240e-13 -6.000000000e-01 -6.000000000e-01 -8.150070319e-13 -1.000000000e-02 -1.000000000e-02 0.000000000e+00 
d 0.000000000e+00 0.000000000e+00 1.139378325e-12 -6.000000000e-01 -6.000000000e-01 -1.139378332e-12 -2.000000000e-02 -2.000000000e-02 0.000000000e+00 
d 0.000000000e+00 0.000000000e+00 1.592763991e-12 -6.000000000e-01 -6.000000000e-01 -1.592763998e-12 -3.000000000e-02 -3.000000000e-02 0.000000000e+00 
d 0.000000000e+00 0.000000000e+00 2.226353708e-12 -6.000000000e-01 -6.000000000e-01 -2.226353714e-12 -4.000000000e-02 -4.000000000e-02 0.000000000e+00 
d 0.000000000e+00 0.000000000e+00 3.111573706e-12 -6.000000000e-01 -6.000000000e-01 -3.111573713e-12 -5.000000000e-02 -5.000000000e-02 0.000000000e+00 
d 0.000000000e+00 0.000000000e+00 4.348026705e-12 -6.000000000e-01 -6.000000000e-01 -4.348026716e-12 -6.000000000e-02 -6.000000000e-02 0.000000000e+00 
d 0.000000000e+00 0.000000000e+00 6.074564089e-12 -6.000000000e-01 -6.000000000e-01 -6.074564099e-12 -7.000000000e-02 -7.000000000e-02 0.000000000e+00 
d 0.000000000e+00 0.000000000e+00 8.484616808e-12 -6.000000000e-01 -6.000000000e-01 -8.484616822e-12 -8.000000000e-02 -8.000000000e-02 0.000000000e+00 
d 0.000000000e+00 0.000000000e+00 1.184753722e-11 -6.000000000e-01 -6.000000000e-01 -1.184753723e-11 -9.000000000e-02 -9.000000000e-02 0.000000000e+00 
d 0.000000000e+00 0.000000000e+00 1.653812248e-11 -6.000000000e-01 -6.000000000e-01 -1.653812248e-11 -1.000000000e-01 -1.000000000e-01 0.000000000e+00 
d 0.000000000e+00 0.000000000e+00 2.307757042e-11 -6.000000000e-01 -6.000000000e-01 -2.307757042e-11 -1.100000000e-01 -1.100000000e-01 0.000000000e+00 
d 0.000000000e+00 0.000000000e+00 3.219012075e-11 -6.000000000e-01 -6.000000000e-01 -3.219012076e-11 -1.200000000e-01 -1.200000000e-01 0.000000000e+00 
d 0.000000000e+00 0.000000000e+00 4.488136910e-11 -6.000000000e-01 -6.000000000e-01 -4.488136912e-11 -1.300000000e-01 -1.300000000e-01 0.000000000e+00 
d 0.000000000e+00 0.000000000e+00 6.254631292e-11 -6.000000000e-01 -6.000000000e-01 -6.254631293e-11 -1.400000000e-01 -1.400000000e-01 0.000000000e+00 
d 0.000000000e+00 0.000000000e+00 8.711823030e-11 -6.000000000e-01 -6.000000000e-01 -8.711823030e-11 -1.500000000e-01 -1.500000000e-01 0.000000000e+00 
d 0.000000000e+00 0.000000000e+00 1.212736080e-10 -6.000000000e-01 -6.000000000e-01 -1.212736080e-10 -1.600000000e-01 -1.600000000e-01 0.000000000e+00 
d 0.000000000e+00 0.000000000e+00 1.687138073e-10 -6.000000000e-01 -6.000000000e-01 -1.687138073e-10 -1.700000000e-01 -1.700000000e-01 0.000000000e+00 
d 0.000000000e+00 0.000000000e+00 2.345498072e-10 -6.000000000e-01 -6.000000000e-01 -2.345498072e-10 -1.800000000e-01 -1.800000000e-01 0.000000000e+00 
d 0.000000000e+00 0.000000000e+00 3.258299423e-10 -6.000000000e-01 -6.000000000e-01 -3.258299423e-10 -1.900000000e-01 -1.900000000e-01 0.000000000e+00 
d 0.000000000e+00 0.000000000e+00 4.522567875e-10 -6.000000000e-01 -6.000000000e-01 -4.522567875e-10 -2.000000000e-01 -2.000000000e-01 0.000000000e+00 
d 0.000000000e+00 0.000000000e+00 6.271635343e-10 -6.000000000e-01 -6.000000000e-01 -6.271635343e-10 -2.100000000e-01 -2.100000000e-01 0.000000000e+00 
d 0.000000000e+00 0.000000000e+00 8.688294298e-10 -6.000000000e-01 -6.000000000e-01 -8.688294298e-10 -2.200000000e-01 -2.200000000e-01 0.000000000e+00 
d 0.000000000e+00 0.000000000e+00 1.202257009e-09 -6.000000000e-01 -6.000000000e-01 -1.202257009e-09 -2.300000000e-01 -2.300000000e-01 0.000000000e+00 
d 0.000000000e+00 0.000000000e+00 1.661541316e-09 -6.000000000e-01 -6.000000000e-01 -1.661541316e-09 -2.400000000e-01 -2.400000000e-01 0.000000000e+00 
d 0.000000000e+00 0.000000000e+00 2.293027349e-09 -6.000000000e-01 -6.000000000e-01 -2.293027349e-09 -2.500000000e-01 -2.500000000e-01 0.000000000e+00 
d 0.000000000e+00 0.000000000e+00 3.159449525e-09 -6.000000000e-01 -6.000000000e-01 -3.159449525e-09 -2.600000000e-01 -2.600000000e-01 0.000000000e+00 
d 0.000000000e+00 0.000000000e+00 4.345351844e-09 -6.000000000e-01 -6.000000000e-01 -4.345351844e-09 -2.700000000e-01 -2.700000000e-01 0.000000000e+00 
d 0.000000000e+00 0.000000000e+00 5.964028538e-09 -6.000000000e-01 -6.000000000e-01 -5.964028538e-09 -2.800000000e-01 -2.800000000e-01 0.000000000e+00 
d 0.000000000e+00 0.000000000e+00 8.166316196e-09 -6.000000000e-01 -6.000000000e-01 -8.166316196e-09 -2.900000000e-01 -2.900000000e-01 0.000000000e+00 
d 0.000000000e+00 0.000000000e+00 1.115146344e-08 -6.000000000e-01 -6.000000000e-01 -1.115146344e-08 -3.000000000e-01 -3.000000000e-01 0.000000000e+00 
d 0.000000000e+00 0.000000000e+00 1.518026220e-08 -6.000000000e-01 -6.000000000e-01 -1.518026220e-08 -3.100000000e-01 -3.100000000e-01 0.000000000e+00 
d 0.000000000e+00 0.000000000e+00 2.059030350e-08 -6.000000000e-01 -6.000000000e-01 -2.059030350e-08 -3.200000000e-01 -3.200000000e-01 0.000000000e+00 
d 0.000000000e+00 0.000000000e+00 2.781292968e-08 -6.000000000e-01 -6.000000000e-01 -2.781292968e-08 -3.300000000e-01 -3.300000000e-01 0.000000000e+00 
d 0.000000000e+00 0.000000000e+00 3.738567639e-08 -6.000000000e-01 -6.000000000e-01 -3.738567639e-08 -3.400000000e-01 -3.400000000e-01 0.000000000e+00 
d 0.000000000e+00 0.000000000e+00 4.998740541e-08 -6.000000000e-01 -6.000000000e-01 -4.998740541e-08 -3.500000000e-01 -3.500000000e-01 0.000000000e+00 
d 0.000000000e+00 0.000000000e+00 6.642606674e-08 -6.000000000e-01 -6.000000000e-01 -6.642606674e-08 -3.600000000e-01 -3.600000000e-01 0.000000000e+00 
d 0.000000000e+00 0.000000000e+00 8.766032929e-08 -6.000000000e-01 -6.000000000e-01 -8.766032929e-08 -3.700000000e-01 -3.700000000e-01 0.000000000e+00 
d 0.000000000e+00 0.000000000e+00 1.147923075e-07 -6.000000000e-01 -6.000000000e-01 -1.147923075e-07 -3.800000000e-01 -3.800000000e-01 0.000000000e+00 
d 0.000000000e+00 0.000000000e+00 1.490507990e-07 -6.000000000e-01 -6.000000000e-01 -1.490507990e-07 -3.900000000e-01 -3.900000000e-01 0.000000000e+00 
d 0.000000000e+00 0.000000000e+00 1.917598018e-07 -6.000000000e-01 -6.000000000e-01 -1.917598018e-07 -4.000000000e-01 -4.000000000e-01 0.000000000e+00 
d 0.000000000e+00 0.000000000e+00 2.442938448e-07 -6.000000000e-01 -6.000000000e-01 -2.442938448e-07 -4.100000000e-01 -4.100000000e-01 0.000000000e+00 
d 0.000000000e+00 0.000000000e+00 3.080233324e-07 -6.000000000e-01 -6.000000000e-01 -3.080233324e-07 -4.200000000e-01 -4.200000000e-01 0.000000000e+00 
d 0.000000000e+00 0.000000000e+00 3.842572155e-07 -6.000000000e-01 -6.000000000e-01 -3.842572155e-07 -4.300000000e-01 -4.300000000e-01 0.000000000e+00 
d 0.000000000e+00 0.000000000e+00 4.741897165e-07 -6.000000000e-01 -6.000000000e-01 -4.741897165e-07 -4.400000000e-01 -4.400000000e-01 0.000000000e+00 
d 0.000000000e+00 0.000000000e+00 5.788581461e-07 -6.000000000e-01 -6.000000000e-01 -5.788581461e-07 -4.500000000e-01 -4.500000000e-01 0.000000000e+00 
d 0.000000000e+00 0.000000000e+00 6.991209540e-07 -6.000000000e-01 -6.000000000e-01 -6.991209540e-07 -4.600000000e-01 -4.600000000e-01 0.000000000e+00 
d 0.000000000e+00 0.000000000e+00 8.356515355e-07 -6.000000000e-01 -6.000000000e-01 -8.356515355e-07 -4.700000000e-01 -4.700000000e-01 0.000000000e+00 
d 0.000000000e+00 0.000000000e+00 9.889574573e-07 -6.000000000e-01 -6.000000000e-01 -9.889574573e-07 -4.800000000e-01 -4.800000000e-01 0.000000000e+00 
d 0.000000000e+00 0.000000000e+00 1.159411859e-06 -6.000000000e-01 -6.000000000e-01 -1.159411859e-06 -4.900000000e-01 -4.900000000e-01 0.000000000e+00 
d 0.000000000e+00 0.000000000e+00 1.347298523e-06 -6.000000000e-01 -6.000000000e-01 -1.347298523e-06 -5.000000000e-01 -5.000000000e-01 0.000000000e+00 
d 0.000000000e+00 0.000000000e+00 1.552860566e-06 -6.000000000e-01 -6.000000000e-01 -1.552860566e-06 -5.100000000e-01 -5.100000000e-01 0.000000000e+00 
d 0.000000000e+00 0.000000000e+00 1.776351746e-06 -6.000000000e-01 -6.000000000e-01 -1.776351746e-06 -5.200000000e-01 -5.200000000e-01 0.000000000e+00 
d 0.000000000e+00 0.000000000e+00 2.018075727e-06 -6.000000000e-01 -6.000000000e-01 -2.018075727e-06 -5.300000000e-01 -5.300000000e-01 0.000000000e+00 
d 0.000000000e+00 0.000000000e+00 2.278419880e-06 -6.000000000e-01 -6.000000000e-01 -2.278419880e-06 -5.400000000e-01 -5.400000000e-01 0.000000000e+00 
d 0.000000000e+00 0.000000000e+00 2.557869044e-06 -6.000000000e-01 -6.000000000e-01 -2.557869044e-06 -5.500000000e-01 -5.500000000e-01 0.000000000e+00 
d 0.000000000e+00 0.000000000e+00 2.857009820e-06 -6.000000000e-01 -6.000000000e-01 -2.857009820e-06 -5.600000000e-01 -5.600000000e-01 0.000000000e+00 
d 0.000000000e+00 0.000000000e+00 3.176516212e-06 -6.000000000e-01 -6.000000000e-01 -3.176516212e-06 -5.700000000e-01 -5.700000000e-01 0.000000000e+00 
d 0.000000000e+00 0.000000000e+00 3.517124783e-06 -6.000000000e-01 -6.000000000e-01 -3.517124783e-06 -5.800000000e-01 -5.800000000e-01 0.000000000e+00 
d 0.000000000e+00 0.000000000e+00 3.879602893e-06 -6.000000000e-01 -6.000000000e-01 -3.879602893e-06 -5.900000000e-01 -5.900000000e-01 0.000000000e+00 
d 0.000000000e+00 0.000000000e+00 4.264713018e-06 -6.000000000e-01 -6.000000000e-01 -4.264713018e-06 -6.000000000e-01 -6.000000000e-01 0.000000000e+00 
d 0.000000000e+00 0.000000000e+00 4.673174539e-06 -6.000000000e-01 -6.000000000e-01 -4.673174539e-06 -6.100000000e-01 -6.100000000e-01 0.000000000e+00 
d 0.000000000e+00 0.000000000e+00 5.105633963e-06 -6.000000000e-01 -6.000000000e-01 -5.105633963e-06 -6.200000000e-01 -6.200000000e-01 0.000000000e+00 
d 0.000000000e+00 0.000000000e+00 5.562636483e-06 -6.000000000e-01 -6.000000000e-01 -5.562636483e-06 -6.300000000e-01 -6.300000000e-01 0.000000000e+00 
d 0.000000000e+00 0.000000000e+00 6.044605559e-06 -6.000000000e-01 -6.000000000e-01 -6.044605559e-06 -6.400000000e-01 -6.400000000e-01 0.000000000e+00 
d 0.000000000e+00 0.000000000e+00 6.551837730e-06 -6.000000000e-01 -6.000000000e-01 -6.551837730e-06 -6.500000000e-01 -6.500000000e-01 0.000000000e+00 
d 0.000000000e+00 0.000000000e+00 7.084489254e-06 -6.000000000e-01 -6.000000000e-01 -7.084489254e-06 -6.600000000e-01 -6.600000000e-01 0.000000000e+00 
d 0.000000000e+00 0.000000000e+00 7.642587172e-06 -6.000000000e-01 -6.000000000e-01 -7.642587172e-06 -6.700000000e-01 -6.700000000e-01 0.000000000e+00 
d 0.000000000e+00 0.000000000e+00 8.226027397e-06 -6.000000000e-01 -6.000000000e-01 -8.226027397e-06 -6.800000000e-01 -6.800000000e-01 0.000000000e+00 
d 0.000000000e+00 0.000000000e+00 8.834593016e-06 -6.000000000e-01 -6.000000000e-01 -8.834593016e-06 -6.900000000e-01 -6.900000000e-01 0.000000000e+00 
d 0.000000000e+00 0.000000000e+00 9.467958427e-06 -6.000000000e-01 -6.000000000e-01 -9.467958427e-06 -7.000000000e-01 -7.000000000e-01 0.000000000e+00 
d 0.000000000e+00 0.000000000e+00 1.012571127e-05 -6.000000000e-01 -6.000000000e-01 -1.012571127e-05 -7.100000000e-01 -7.100000000e-01 0.000000000e+00 
d 0.000000000e+00 0.000000000e+00 1.080735479e-05 -6.000000000e-01 -6.000000000e-01 -1.080735479e-05 -7.200000000e-01 -7.200000000e-01 0.000000000e+00 
d 0.000000000e+00 0.000000000e+00 1.151233320e-05 -6.000000000e-01 -6.000000000e-01 -1.151233320e-05 -7.300000000e-01 -7.300000000e-01 0.000000000e+00 
d 0.000000000e+00 0.000000000e+00 1.224003074e-05 -6.000000000e-01 -6.000000000e-01 -1.224003074e-05 -7.400000000e-01 -7.400000000e-01 0.000000000e+00 
d 0.000000000e+00 0.000000000e+00 1.298979452e-05 -6.000000000e-01 -6.000000000e-01 -1.298979452e-05 -7.500000000e-01 -7.500000000e-01 0.000000000e+00 
d 0.000000000e+00 0.000000000e+00 1.376093323e-05 -6.000000000e-01 -6.000000000e-01 -1.376093323e-05 -7.600000000e-01 -7.600000000e-01 0.000000000e+00 
d 0.000000000e+00 0.000000000e+00 1.455273549e-05 -6.000000000e-01 -6.000000000e-01 -1.455273549e-05 -7.700000000e-01 -7.700000000e-01 0.000000000e+00 
d 0.000000000e+00 0.000000000e+00 1.536447069e-05 -6.000000000e-01 -6.000000000e-01 -1.536447069e-05 -7.800000000e-01 -7.800000000e-01 0.000000000e+00 
d 0.000000000e+00 0.000000000e+00 1.619539948e-05 -6.000000000e-01 -6.000000000e-01 -1.619539948e-05 -7.900000000e-01 -7.900000000e-01 0.000000000e+00 
d 0.000000000e+00 0.000000000e+00 1.704478249e-05 -6.000000000e-01 -6.000000000e-01 -1.704478249e-05 -8.000000000e-01 -8.000000000e-01 0.000000000e+00 
