v ATLAS
# This file was created by ATLAS version 5.28.1.R on Sun Jul 27 21:23:08 2025.
#SSF 2.0 generic
##############################################################################
#                    Copyright (c) 1984 - 2019                               #
#                    Silvaco Inc. All rights reserved                        #
#                                                                            #
# This file format and the following Key are copyright Silvaco Inc.          #
# You may not use, this format or key without reproducing this message in    #
# full and obtaining express written permission from Silvaco Inc.            #
#                                                                            #
# To obtain such permission please contact: Silvaco Inc.                     #
#                                           support@silvaco.com              #
#                                                                            #
# KEY=SVC86hn7562asdx                       PROD=345                         #
##############################################################################
y 3 700 711 15
z 0 1e+41 300
f 3 "source" "drain" "gate" 
p 9 2 601 20 3 602 21 4 603 22 
d 0.000000000e+00 0.000000000e+00 2.750130889e-17 -6.000000000e-01 -6.000000000e-01 -2.750091136e-17 0.000000000e+00 0.000000000e+00 0.000000000e+00 
d 0.000000000e+00 0.000000000e+00 6.030764693e-19 -6.000000000e-01 -6.000000000e-01 -6.037801962e-19 1.000000000e-01 1.000000000e-01 0.000000000e+00 
d 0.000000000e+00 0.000000000e+00 8.831887604e-19 -6.000000000e-01 -6.000000000e-01 -8.847703472e-19 9.000000000e-02 9.000000000e-02 0.000000000e+00 
d 0.000000000e+00 0.000000000e+00 1.294964619e-18 -6.000000000e-01 -6.000000000e-01 -1.296302446e-18 8.000000000e-02 8.000000000e-02 0.000000000e+00 
d 0.000000000e+00 0.000000000e+00 1.899199063e-18 -6.000000000e-01 -6.000000000e-01 -1.899463788e-18 7.000000000e-02 7.000000000e-02 0.000000000e+00 
d 0.000000000e+00 0.000000000e+00 2.780727548e-18 -6.000000000e-01 -6.000000000e-01 -2.782688863e-18 6.000000000e-02 6.000000000e-02 0.000000000e+00 
d 0.000000000e+00 0.000000000e+00 4.075656054e-18 -6.000000000e-01 -6.000000000e-01 -4.076551494e-18 5.000000000e-02 5.000000000e-02 0.000000000e+00 
d 0.000000000e+00 0.000000000e+00 5.972852484e-18 -6.000000000e-01 -6.000000000e-01 -5.972556997e-18 4.000000000e-02 4.000000000e-02 0.000000000e+00 
d 0.000000000e+00 0.000000000e+00 8.747408839e-18 -6.000000000e-01 -6.000000000e-01 -8.748650862e-18 3.000000000e-02 3.000000000e-02 0.000000000e+00 
d 0.000000000e+00 0.000000000e+00 1.281579330e-17 -6.000000000e-01 -6.000000000e-01 -1.281656017e-17 2.000000000e-02 2.000000000e-02 0.000000000e+00 
d 0.000000000e+00 0.000000000e+00 1.877653021e-17 -6.000000000e-01 -6.000000000e-01 -1.877452229e-17 1.000000000e-02 1.000000000e-02 0.000000000e+00 
d 0.000000000e+00 0.000000000e+00 2.750159156e-17 -6.000000000e-01 -6.000000000e-01 -2.750102106e-17 -2.583138497e-17 -2.583138497e-17 0.000000000e+00 
d 0.000000000e+00 0.000000000e+00 4.027938843e-17 -6.000000000e-01 -6.000000000e-01 -4.028248220e-17 -1.000000000e-02 -1.000000000e-02 0.000000000e+00 
d 0.000000000e+00 0.000000000e+00 5.900178181e-17 -6.000000000e-01 -6.000000000e-01 -5.900299831e-17 -2.000000000e-02 -2.000000000e-02 0.000000000e+00 
d 0.000000000e+00 0.000000000e+00 8.642137023e-17 -6.000000000e-01 -6.000000000e-01 -8.642016983e-17 -3.000000000e-02 -3.000000000e-02 0.000000000e+00 
d 0.000000000e+00 0.000000000e+00 1.265742278e-16 -6.000000000e-01 -6.000000000e-01 -1.265738610e-16 -4.000000000e-02 -4.000000000e-02 0.000000000e+00 
d 0.000000000e+00 0.000000000e+00 1.853776308e-16 -6.000000000e-01 -6.000000000e-01 -1.853776847e-16 -5.000000000e-02 -5.000000000e-02 0.000000000e+00 
d 0.000000000e+00 0.000000000e+00 2.714926596e-16 -6.000000000e-01 -6.000000000e-01 -2.714908378e-16 -6.000000000e-02 -6.000000000e-02 0.000000000e+00 
d 0.000000000e+00 0.000000000e+00 3.975920507e-16 -6.000000000e-01 -6.000000000e-01 -3.975920755e-16 -7.000000000e-02 -7.000000000e-02 0.000000000e+00 
d 0.000000000e+00 0.000000000e+00 5.822437958e-16 -6.000000000e-01 -6.000000000e-01 -5.822430774e-16 -8.000000000e-02 -8.000000000e-02 0.000000000e+00 
d 0.000000000e+00 0.000000000e+00 8.526182390e-16 -6.000000000e-01 -6.000000000e-01 -8.526190786e-16 -9.000000000e-02 -9.000000000e-02 0.000000000e+00 
d 0.000000000e+00 0.000000000e+00 1.248498857e-15 -6.000000000e-01 -6.000000000e-01 -1.248499721e-15 -1.000000000e-01 -1.000000000e-01 0.000000000e+00 
d 0.000000000e+00 0.000000000e+00 1.828119841e-15 -6.000000000e-01 -6.000000000e-01 -1.828120167e-15 -1.100000000e-01 -1.100000000e-01 0.000000000e+00 
d 0.000000000e+00 0.000000000e+00 2.676721122e-15 -6.000000000e-01 -6.000000000e-01 -2.676721312e-15 -1.200000000e-01 -1.200000000e-01 0.000000000e+00 
d 0.000000000e+00 0.000000000e+00 3.919065863e-15 -6.000000000e-01 -6.000000000e-01 -3.919063805e-15 -1.300000000e-01 -1.300000000e-01 0.000000000e+00 
d 0.000000000e+00 0.000000000e+00 5.737766525e-15 -6.000000000e-01 -6.000000000e-01 -5.737768020e-15 -1.400000000e-01 -1.400000000e-01 0.000000000e+00 
d 0.000000000e+00 0.000000000e+00 8.400079384e-15 -6.000000000e-01 -6.000000000e-01 -8.400078351e-15 -1.500000000e-01 -1.500000000e-01 0.000000000e+00 
d 0.000000000e+00 0.000000000e+00 1.229711201e-14 -6.000000000e-01 -6.000000000e-01 -1.229711278e-14 -1.600000000e-01 -1.600000000e-01 0.000000000e+00 
d 0.000000000e+00 0.000000000e+00 1.800122379e-14 -6.000000000e-01 -6.000000000e-01 -1.800122397e-14 -1.700000000e-01 -1.700000000e-01 0.000000000e+00 
d 0.000000000e+00 0.000000000e+00 2.634983803e-14 -6.000000000e-01 -6.000000000e-01 -2.634983817e-14 -1.800000000e-01 -1.800000000e-01 0.000000000e+00 
d 0.000000000e+00 0.000000000e+00 3.856839911e-14 -6.000000000e-01 -6.000000000e-01 -3.856839926e-14 -1.900000000e-01 -1.900000000e-01 0.000000000e+00 
d 0.000000000e+00 0.000000000e+00 5.644955811e-14 -6.000000000e-01 -6.000000000e-01 -5.644955536e-14 -2.000000000e-01 -2.000000000e-01 0.000000000e+00 
d 0.000000000e+00 0.000000000e+00 8.261606420e-14 -6.000000000e-01 -6.000000000e-01 -8.261606336e-14 -2.100000000e-01 -2.100000000e-01 0.000000000e+00 
d 0.000000000e+00 0.000000000e+00 1.209044749e-13 -6.000000000e-01 -6.000000000e-01 -1.209044742e-13 -2.200000000e-01 -2.200000000e-01 0.000000000e+00 
d 0.000000000e+00 0.000000000e+00 1.769262541e-13 -6.000000000e-01 -6.000000000e-01 -1.769262527e-13 -2.300000000e-01 -2.300000000e-01 0.000000000e+00 
d 0.000000000e+00 0.000000000e+00 2.588892540e-13 -6.000000000e-01 -6.000000000e-01 -2.588892544e-13 -2.400000000e-01 -2.400000000e-01 0.000000000e+00 
d 0.000000000e+00 0.000000000e+00 3.787964282e-13 -6.000000000e-01 -6.000000000e-01 -3.787964315e-13 -2.500000000e-01 -2.500000000e-01 0.000000000e+00 
d 0.000000000e+00 0.000000000e+00 5.541977688e-13 -6.000000000e-01 -6.000000000e-01 -5.541977713e-13 -2.600000000e-01 -2.600000000e-01 0.000000000e+00 
d 0.000000000e+00 0.000000000e+00 8.107572296e-13 -6.000000000e-01 -6.000000000e-01 -8.107572307e-13 -2.700000000e-01 -2.700000000e-01 0.000000000e+00 
d 0.000000000e+00 0.000000000e+00 1.185992587e-12 -6.000000000e-01 -6.000000000e-01 -1.185992587e-12 -2.800000000e-01 -2.800000000e-01 0.000000000e+00 
d 0.000000000e+00 0.000000000e+00 1.734742546e-12 -6.000000000e-01 -6.000000000e-01 -1.734742549e-12 -2.900000000e-01 -2.900000000e-01 0.000000000e+00 
d 0.000000000e+00 0.000000000e+00 2.537162397e-12 -6.000000000e-01 -6.000000000e-01 -2.537162398e-12 -3.000000000e-01 -3.000000000e-01 0.000000000e+00 
d 0.000000000e+00 0.000000000e+00 3.710380321e-12 -6.000000000e-01 -6.000000000e-01 -3.710380324e-12 -3.100000000e-01 -3.100000000e-01 0.000000000e+00 
d 0.000000000e+00 0.000000000e+00 5.425548623e-12 -6.000000000e-01 -6.000000000e-01 -5.425548628e-12 -3.200000000e-01 -3.200000000e-01 0.000000000e+00 
d 0.000000000e+00 0.000000000e+00 7.932674064e-12 -6.000000000e-01 -6.000000000e-01 -7.932674064e-12 -3.300000000e-01 -3.300000000e-01 0.000000000e+00 
d 0.000000000e+00 0.000000000e+00 1.159693098e-11 -6.000000000e-01 -6.000000000e-01 -1.159693098e-11 -3.400000000e-01 -3.400000000e-01 0.000000000e+00 
d 0.000000000e+00 0.000000000e+00 1.695154745e-11 -6.000000000e-01 -6.000000000e-01 -1.695154746e-11 -3.500000000e-01 -3.500000000e-01 0.000000000e+00 
d 0.000000000e+00 0.000000000e+00 2.477493933e-11 -6.000000000e-01 -6.000000000e-01 -2.477493934e-11 -3.600000000e-01 -3.600000000e-01 0.000000000e+00 
d 0.000000000e+00 0.000000000e+00 3.620322222e-11 -6.000000000e-01 -6.000000000e-01 -3.620322222e-11 -3.700000000e-01 -3.700000000e-01 0.000000000e+00 
d 0.000000000e+00 0.000000000e+00 5.289389656e-11 -6.000000000e-01 -6.000000000e-01 -5.289389656e-11 -3.800000000e-01 -3.800000000e-01 0.000000000e+00 
d 0.000000000e+00 0.000000000e+00 7.726405323e-11 -6.000000000e-01 -6.000000000e-01 -7.726405323e-11 -3.900000000e-01 -3.900000000e-01 0.000000000e+00 
d 0.000000000e+00 0.000000000e+00 1.128370127e-10 -6.000000000e-01 -6.000000000e-01 -1.128370127e-10 -4.000000000e-01 -4.000000000e-01 0.000000000e+00 
d 0.000000000e+00 0.000000000e+00 1.647453901e-10 -6.000000000e-01 -6.000000000e-01 -1.647453901e-10 -4.100000000e-01 -4.100000000e-01 0.000000000e+00 
d 0.000000000e+00 0.000000000e+00 2.404611930e-10 -6.000000000e-01 -6.000000000e-01 -2.404611930e-10 -4.200000000e-01 -4.200000000e-01 0.000000000e+00 
d 0.000000000e+00 0.000000000e+00 3.508516788e-10 -6.000000000e-01 -6.000000000e-01 -3.508516788e-10 -4.300000000e-01 -4.300000000e-01 0.000000000e+00 
d 0.000000000e+00 0.000000000e+00 5.117031452e-10 -6.000000000e-01 -6.000000000e-01 -5.117031452e-10 -4.400000000e-01 -4.400000000e-01 0.000000000e+00 
d 0.000000000e+00 0.000000000e+00 7.459179462e-10 -6.000000000e-01 -6.000000000e-01 -7.459179462e-10 -4.500000000e-01 -4.500000000e-01 0.000000000e+00 
d 0.000000000e+00 0.000000000e+00 1.086654834e-09 -6.000000000e-01 -6.000000000e-01 -1.086654834e-09 -4.600000000e-01 -4.600000000e-01 0.000000000e+00 
d 0.000000000e+00 0.000000000e+00 1.581804358e-09 -6.000000000e-01 -6.000000000e-01 -1.581804358e-09 -4.700000000e-01 -4.700000000e-01 0.000000000e+00 
d 0.000000000e+00 0.000000000e+00 2.300319498e-09 -6.000000000e-01 -6.000000000e-01 -2.300319498e-09 -4.800000000e-01 -4.800000000e-01 0.000000000e+00 
d 0.000000000e+00 0.000000000e+00 3.341034370e-09 -6.000000000e-01 -6.000000000e-01 -3.341034370e-09 -4.900000000e-01 -4.900000000e-01 0.000000000e+00 
d 0.000000000e+00 0.000000000e+00 4.844858704e-09 -6.000000000e-01 -6.000000000e-01 -4.844858704e-09 -5.000000000e-01 -5.000000000e-01 0.000000000e+00 
d 0.000000000e+00 0.000000000e+00 7.011142168e-09 -6.000000000e-01 -6.000000000e-01 -7.011142168e-09 -5.100000000e-01 -5.100000000e-01 0.000000000e+00 
d 0.000000000e+00 0.000000000e+00 1.011922576e-08 -6.000000000e-01 -6.000000000e-01 -1.011922576e-08 -5.200000000e-01 -5.200000000e-01 0.000000000e+00 
d 0.000000000e+00 0.000000000e+00 1.455548295e-08 -6.000000000e-01 -6.000000000e-01 -1.455548295e-08 -5.300000000e-01 -5.300000000e-01 0.000000000e+00 
d 0.000000000e+00 0.000000000e+00 2.084549121e-08 -6.000000000e-01 -6.000000000e-01 -2.084549121e-08 -5.400000000e-01 -5.400000000e-01 0.000000000e+00 
d 0.000000000e+00 0.000000000e+00 2.968909338e-08 -6.000000000e-01 -6.000000000e-01 -2.968909338e-08 -5.500000000e-01 -5.500000000e-01 0.000000000e+00 
d 0.000000000e+00 0.000000000e+00 4.199308852e-08 -6.000000000e-01 -6.000000000e-01 -4.199308852e-08 -5.600000000e-01 -5.600000000e-01 0.000000000e+00 
d 0.000000000e+00 0.000000000e+00 5.889406117e-08 -6.000000000e-01 -6.000000000e-01 -5.889406117e-08 -5.700000000e-01 -5.700000000e-01 0.000000000e+00 
d 0.000000000e+00 0.000000000e+00 8.175968962e-08 -6.000000000e-01 -6.000000000e-01 -8.175968962e-08 -5.800000000e-01 -5.800000000e-01 0.000000000e+00 
d 0.000000000e+00 0.000000000e+00 1.121587328e-07 -6.000000000e-01 -6.000000000e-01 -1.121587328e-07 -5.900000000e-01 -5.900000000e-01 0.000000000e+00 
d 0.000000000e+00 0.000000000e+00 1.517937739e-07 -6.000000000e-01 -6.000000000e-01 -1.517937739e-07 -6.000000000e-01 -6.000000000e-01 0.000000000e+00 
d 0.000000000e+00 0.000000000e+00 2.023989315e-07 -6.000000000e-01 -6.000000000e-01 -2.023989315e-07 -6.100000000e-01 -6.100000000e-01 0.000000000e+00 
d 0.000000000e+00 0.000000000e+00 2.656169749e-07 -6.000000000e-01 -6.000000000e-01 -2.656169749e-07 -6.200000000e-01 -6.200000000e-01 0.000000000e+00 
d 0.000000000e+00 0.000000000e+00 3.428763589e-07 -6.000000000e-01 -6.000000000e-01 -3.428763589e-07 -6.300000000e-01 -6.300000000e-01 0.000000000e+00 
d 0.000000000e+00 0.000000000e+00 4.352898154e-07 -6.000000000e-01 -6.000000000e-01 -4.352898154e-07 -6.400000000e-01 -6.400000000e-01 0.000000000e+00 
d 0.000000000e+00 0.000000000e+00 5.433228475e-07 -6.000000000e-01 -6.000000000e-01 -5.433228475e-07 -6.500000000e-01 -6.500000000e-01 0.000000000e+00 
d 0.000000000e+00 0.000000000e+00 6.677553658e-07 -6.000000000e-01 -6.000000000e-01 -6.677553658e-07 -6.600000000e-01 -6.600000000e-01 0.000000000e+00 
d 0.000000000e+00 0.000000000e+00 8.083837347e-07 -6.000000000e-01 -6.000000000e-01 -8.083837347e-07 -6.700000000e-01 -6.700000000e-01 0.000000000e+00 
d 0.000000000e+00 0.000000000e+00 9.648568196e-07 -6.000000000e-01 -6.000000000e-01 -9.648568196e-07 -6.800000000e-01 -6.800000000e-01 0.000000000e+00 
d 0.000000000e+00 0.000000000e+00 1.136549367e-06 -6.000000000e-01 -6.000000000e-01 -1.136549367e-06 -6.900000000e-01 -6.900000000e-01 0.000000000e+00 
d 0.000000000e+00 0.000000000e+00 1.322628402e-06 -6.000000000e-01 -6.000000000e-01 -1.322628402e-06 -7.000000000e-01 -7.000000000e-01 0.000000000e+00 
d 0.000000000e+00 0.000000000e+00 1.522120128e-06 -6.000000000e-01 -6.000000000e-01 -1.522120128e-06 -7.100000000e-01 -7.100000000e-01 0.000000000e+00 
d 0.000000000e+00 0.000000000e+00 1.733965606e-06 -6.000000000e-01 -6.000000000e-01 -1.733965606e-06 -7.200000000e-01 -7.200000000e-01 0.000000000e+00 
d 0.000000000e+00 0.000000000e+00 1.957071721e-06 -6.000000000e-01 -6.000000000e-01 -1.957071721e-06 -7.300000000e-01 -7.300000000e-01 0.000000000e+00 
d 0.000000000e+00 0.000000000e+00 2.190349110e-06 -6.000000000e-01 -6.000000000e-01 -2.190349110e-06 -7.400000000e-01 -7.400000000e-01 0.000000000e+00 
d 0.000000000e+00 0.000000000e+00 2.432747073e-06 -6.000000000e-01 -6.000000000e-01 -2.432747073e-06 -7.500000000e-01 -7.500000000e-01 0.000000000e+00 
d 0.000000000e+00 0.000000000e+00 2.683275851e-06 -6.000000000e-01 -6.000000000e-01 -2.683275851e-06 -7.600000000e-01 -7.600000000e-01 0.000000000e+00 
d 0.000000000e+00 0.000000000e+00 2.941020879e-06 -6.000000000e-01 -6.000000000e-01 -2.941020879e-06 -7.700000000e-01 -7.700000000e-01 0.000000000e+00 
d 0.000000000e+00 0.000000000e+00 3.205157318e-06 -6.000000000e-01 -6.000000000e-01 -3.205157318e-06 -7.800000000e-01 -7.800000000e-01 0.000000000e+00 
d 0.000000000e+00 0.000000000e+00 3.474954611e-06 -6.000000000e-01 -6.000000000e-01 -3.474954611e-06 -7.900000000e-01 -7.900000000e-01 0.000000000e+00 
d 0.000000000e+00 0.000000000e+00 3.749780891e-06 -6.000000000e-01 -6.000000000e-01 -3.749780891e-06 -8.000000000e-01 -8.000000000e-01 0.000000000e+00 
