v ATLAS
# This file was created by ATLAS version 5.28.1.R on Sun Jul 27 22:07:21 2025.
#SSF 2.0 generic
##############################################################################
#                    Copyright (c) 1984 - 2019                               #
#                    Silvaco Inc. All rights reserved                        #
#                                                                            #
# This file format and the following Key are copyright Silvaco Inc.          #
# You may not use, this format or key without reproducing this message in    #
# full and obtaining express written permission from Silvaco Inc.            #
#                                                                            #
# To obtain such permission please contact: Silvaco Inc.                     #
#                                           support@silvaco.com              #
#                                                                            #
# KEY=SVC86hn7562asdx                       PROD=345                         #
##############################################################################
y 3 700 711 15
z 0 1e+41 300
f 3 "source" "drain" "gate" 
p 9 2 601 20 3 602 21 4 603 22 
d 0.000000000e+00 0.000000000e+00 1.441000187e-14 -6.000000000e-01 -6.000000000e-01 -1.441000699e-14 0.000000000e+00 0.000000000e+00 0.000000000e+00 
d 0.000000000e+00 0.000000000e+00 3.937699632e-16 -6.000000000e-01 -6.000000000e-01 -3.937704775e-16 1.000000000e-01 1.000000000e-01 0.000000000e+00 
d 0.000000000e+00 0.000000000e+00 5.645859134e-16 -6.000000000e-01 -6.000000000e-01 -5.645877650e-16 9.000000000e-02 9.000000000e-02 0.000000000e+00 
d 0.000000000e+00 0.000000000e+00 8.095107190e-16 -6.000000000e-01 -6.000000000e-01 -8.095147820e-16 8.000000000e-02 8.000000000e-02 0.000000000e+00 
d 0.000000000e+00 0.000000000e+00 1.160589929e-15 -6.000000000e-01 -6.000000000e-01 -1.160592339e-15 7.000000000e-02 7.000000000e-02 0.000000000e+00 
d 0.000000000e+00 0.000000000e+00 1.663796198e-15 -6.000000000e-01 -6.000000000e-01 -1.663798544e-15 6.000000000e-02 6.000000000e-02 0.000000000e+00 
d 0.000000000e+00 0.000000000e+00 2.384969453e-15 -6.000000000e-01 -6.000000000e-01 -2.384973496e-15 5.000000000e-02 5.000000000e-02 0.000000000e+00 
d 0.000000000e+00 0.000000000e+00 3.418406141e-15 -6.000000000e-01 -6.000000000e-01 -3.418412290e-15 4.000000000e-02 4.000000000e-02 0.000000000e+00 
d 0.000000000e+00 0.000000000e+00 4.899126510e-15 -6.000000000e-01 -6.000000000e-01 -4.899128764e-15 3.000000000e-02 3.000000000e-02 0.000000000e+00 
d 0.000000000e+00 0.000000000e+00 7.020392538e-15 -6.000000000e-01 -6.000000000e-01 -7.020398507e-15 2.000000000e-02 2.000000000e-02 0.000000000e+00 
d 0.000000000e+00 0.000000000e+00 1.005886072e-14 -6.000000000e-01 -6.000000000e-01 -1.005886456e-14 1.000000000e-02 1.000000000e-02 0.000000000e+00 
d 0.000000000e+00 0.000000000e+00 1.441042834e-14 -6.000000000e-01 -6.000000000e-01 -1.441043373e-14 -2.583138497e-17 -2.583138497e-17 0.000000000e+00 
d 0.000000000e+00 0.000000000e+00 2.064145931e-14 -6.000000000e-01 -6.000000000e-01 -2.064146306e-14 -1.000000000e-02 -1.000000000e-02 0.000000000e+00 
d 0.000000000e+00 0.000000000e+00 2.956215760e-14 -6.000000000e-01 -6.000000000e-01 -2.956216112e-14 -2.000000000e-02 -2.000000000e-02 0.000000000e+00 
d 0.000000000e+00 0.000000000e+00 4.233110698e-14 -6.000000000e-01 -6.000000000e-01 -4.233111151e-14 -3.000000000e-02 -3.000000000e-02 0.000000000e+00 
d 0.000000000e+00 0.000000000e+00 6.060479272e-14 -6.000000000e-01 -6.000000000e-01 -6.060479623e-14 -4.000000000e-02 -4.000000000e-02 0.000000000e+00 
d 0.000000000e+00 0.000000000e+00 8.675086746e-14 -6.000000000e-01 -6.000000000e-01 -8.675087143e-14 -5.000000000e-02 -5.000000000e-02 0.000000000e+00 
d 0.000000000e+00 0.000000000e+00 1.241526848e-13 -6.000000000e-01 -6.000000000e-01 -1.241526907e-13 -6.000000000e-02 -6.000000000e-02 0.000000000e+00 
d 0.000000000e+00 0.000000000e+00 1.776434254e-13 -6.000000000e-01 -6.000000000e-01 -1.776434279e-13 -7.000000000e-02 -7.000000000e-02 0.000000000e+00 
d 0.000000000e+00 0.000000000e+00 2.541261242e-13 -6.000000000e-01 -6.000000000e-01 -2.541261270e-13 -8.000000000e-02 -8.000000000e-02 0.000000000e+00 
d 0.000000000e+00 0.000000000e+00 3.634552720e-13 -6.000000000e-01 -6.000000000e-01 -3.634552779e-13 -9.000000000e-02 -9.000000000e-02 0.000000000e+00 
d 0.000000000e+00 0.000000000e+00 5.196968276e-13 -6.000000000e-01 -6.000000000e-01 -5.196968322e-13 -1.000000000e-01 -1.000000000e-01 0.000000000e+00 
d 0.000000000e+00 0.000000000e+00 7.429188927e-13 -6.000000000e-01 -6.000000000e-01 -7.429188997e-13 -1.100000000e-01 -1.100000000e-01 0.000000000e+00 
d 0.000000000e+00 0.000000000e+00 1.061742861e-12 -6.000000000e-01 -6.000000000e-01 -1.061742863e-12 -1.200000000e-01 -1.200000000e-01 0.000000000e+00 
d 0.000000000e+00 0.000000000e+00 1.516977178e-12 -6.000000000e-01 -6.000000000e-01 -1.516977182e-12 -1.300000000e-01 -1.300000000e-01 0.000000000e+00 
d 0.000000000e+00 0.000000000e+00 2.166775452e-12 -6.000000000e-01 -6.000000000e-01 -2.166775457e-12 -1.400000000e-01 -1.400000000e-01 0.000000000e+00 
d 0.000000000e+00 0.000000000e+00 3.093983994e-12 -6.000000000e-01 -6.000000000e-01 -3.093984000e-12 -1.500000000e-01 -1.500000000e-01 0.000000000e+00 
d 0.000000000e+00 0.000000000e+00 4.416562072e-12 -6.000000000e-01 -6.000000000e-01 -4.416562076e-12 -1.600000000e-01 -1.600000000e-01 0.000000000e+00 
d 0.000000000e+00 0.000000000e+00 6.302392883e-12 -6.000000000e-01 -6.000000000e-01 -6.302392888e-12 -1.700000000e-01 -1.700000000e-01 0.000000000e+00 
d 0.000000000e+00 0.000000000e+00 8.990293758e-12 -6.000000000e-01 -6.000000000e-01 -8.990293765e-12 -1.800000000e-01 -1.800000000e-01 0.000000000e+00 
d 0.000000000e+00 0.000000000e+00 1.281977106e-11 -6.000000000e-01 -6.000000000e-01 -1.281977106e-11 -1.900000000e-01 -1.900000000e-01 0.000000000e+00 
d 0.000000000e+00 0.000000000e+00 1.827324006e-11 -6.000000000e-01 -6.000000000e-01 -1.827324006e-11 -2.000000000e-01 -2.000000000e-01 0.000000000e+00 
d 0.000000000e+00 0.000000000e+00 2.603565726e-11 -6.000000000e-01 -6.000000000e-01 -2.603565726e-11 -2.100000000e-01 -2.100000000e-01 0.000000000e+00 
d 0.000000000e+00 0.000000000e+00 3.707892361e-11 -6.000000000e-01 -6.000000000e-01 -3.707892362e-11 -2.200000000e-01 -2.200000000e-01 0.000000000e+00 
d 0.000000000e+00 0.000000000e+00 5.278109379e-11 -6.000000000e-01 -6.000000000e-01 -5.278109380e-11 -2.300000000e-01 -2.300000000e-01 0.000000000e+00 
d 0.000000000e+00 0.000000000e+00 7.509425836e-11 -6.000000000e-01 -6.000000000e-01 -7.509425837e-11 -2.400000000e-01 -2.400000000e-01 0.000000000e+00 
d 0.000000000e+00 0.000000000e+00 1.067810993e-10 -6.000000000e-01 -6.000000000e-01 -1.067810993e-10 -2.500000000e-01 -2.500000000e-01 0.000000000e+00 
d 0.000000000e+00 0.000000000e+00 1.517475124e-10 -6.000000000e-01 -6.000000000e-01 -1.517475124e-10 -2.600000000e-01 -2.600000000e-01 0.000000000e+00 
d 0.000000000e+00 0.000000000e+00 2.155088934e-10 -6.000000000e-01 -6.000000000e-01 -2.155088934e-10 -2.700000000e-01 -2.700000000e-01 0.000000000e+00 
d 0.000000000e+00 0.000000000e+00 3.058420297e-10 -6.000000000e-01 -6.000000000e-01 -3.058420297e-10 -2.800000000e-01 -2.800000000e-01 0.000000000e+00 
d 0.000000000e+00 0.000000000e+00 4.336956688e-10 -6.000000000e-01 -6.000000000e-01 -4.336956689e-10 -2.900000000e-01 -2.900000000e-01 0.000000000e+00 
d 0.000000000e+00 0.000000000e+00 6.144547597e-10 -6.000000000e-01 -6.000000000e-01 -6.144547597e-10 -3.000000000e-01 -3.000000000e-01 0.000000000e+00 
d 0.000000000e+00 0.000000000e+00 8.696926312e-10 -6.000000000e-01 -6.000000000e-01 -8.696926312e-10 -3.100000000e-01 -3.100000000e-01 0.000000000e+00 
d 0.000000000e+00 0.000000000e+00 1.229580346e-09 -6.000000000e-01 -6.000000000e-01 -1.229580346e-09 -3.200000000e-01 -3.200000000e-01 0.000000000e+00 
d 0.000000000e+00 0.000000000e+00 1.736180041e-09 -6.000000000e-01 -6.000000000e-01 -1.736180041e-09 -3.300000000e-01 -3.300000000e-01 0.000000000e+00 
d 0.000000000e+00 0.000000000e+00 2.447916290e-09 -6.000000000e-01 -6.000000000e-01 -2.447916290e-09 -3.400000000e-01 -3.400000000e-01 0.000000000e+00 
d 0.000000000e+00 0.000000000e+00 3.445580807e-09 -6.000000000e-01 -6.000000000e-01 -3.445580807e-09 -3.500000000e-01 -3.500000000e-01 0.000000000e+00 
d 0.000000000e+00 0.000000000e+00 4.840257055e-09 -6.000000000e-01 -6.000000000e-01 -4.840257055e-09 -3.600000000e-01 -3.600000000e-01 0.000000000e+00 
d 0.000000000e+00 0.000000000e+00 6.783694796e-09 -6.000000000e-01 -6.000000000e-01 -6.783694796e-09 -3.700000000e-01 -3.700000000e-01 0.000000000e+00 
d 0.000000000e+00 0.000000000e+00 9.481456594e-09 -6.000000000e-01 -6.000000000e-01 -9.481456594e-09 -3.800000000e-01 -3.800000000e-01 0.000000000e+00 
d 0.000000000e+00 0.000000000e+00 1.320919831e-08 -6.000000000e-01 -6.000000000e-01 -1.320919831e-08 -3.900000000e-01 -3.900000000e-01 0.000000000e+00 
d 0.000000000e+00 0.000000000e+00 1.833208765e-08 -6.000000000e-01 -6.000000000e-01 -1.833208765e-08 -4.000000000e-01 -4.000000000e-01 0.000000000e+00 
d 0.000000000e+00 0.000000000e+00 2.532657577e-08 -6.000000000e-01 -6.000000000e-01 -2.532657577e-08 -4.100000000e-01 -4.100000000e-01 0.000000000e+00 
d 0.000000000e+00 0.000000000e+00 3.480324835e-08 -6.000000000e-01 -6.000000000e-01 -3.480324835e-08 -4.200000000e-01 -4.200000000e-01 0.000000000e+00 
d 0.000000000e+00 0.000000000e+00 4.752761540e-08 -6.000000000e-01 -6.000000000e-01 -4.752761540e-08 -4.300000000e-01 -4.300000000e-01 0.000000000e+00 
d 0.000000000e+00 0.000000000e+00 6.443499007e-08 -6.000000000e-01 -6.000000000e-01 -6.443499007e-08 -4.400000000e-01 -4.400000000e-01 0.000000000e+00 
d 0.000000000e+00 0.000000000e+00 8.663405354e-08 -6.000000000e-01 -6.000000000e-01 -8.663405354e-08 -4.500000000e-01 -4.500000000e-01 0.000000000e+00 
d 0.000000000e+00 0.000000000e+00 1.153934893e-07 -6.000000000e-01 -6.000000000e-01 -1.153934893e-07 -4.600000000e-01 -4.600000000e-01 0.000000000e+00 
d 0.000000000e+00 0.000000000e+00 1.520818742e-07 -6.000000000e-01 -6.000000000e-01 -1.520818742e-07 -4.700000000e-01 -4.700000000e-01 0.000000000e+00 
d 0.000000000e+00 0.000000000e+00 1.982025928e-07 -6.000000000e-01 -6.000000000e-01 -1.982025928e-07 -4.800000000e-01 -4.800000000e-01 0.000000000e+00 
d 0.000000000e+00 0.000000000e+00 2.551953204e-07 -6.000000000e-01 -6.000000000e-01 -2.551953204e-07 -4.900000000e-01 -4.900000000e-01 0.000000000e+00 
d 0.000000000e+00 0.000000000e+00 3.244272431e-07 -6.000000000e-01 -6.000000000e-01 -3.244272431e-07 -5.000000000e-01 -5.000000000e-01 0.000000000e+00 
d 0.000000000e+00 0.000000000e+00 4.070927959e-07 -6.000000000e-01 -6.000000000e-01 -4.070927959e-07 -5.100000000e-01 -5.100000000e-01 0.000000000e+00 
d 0.000000000e+00 0.000000000e+00 5.041453749e-07 -6.000000000e-01 -6.000000000e-01 -5.041453749e-07 -5.200000000e-01 -5.200000000e-01 0.000000000e+00 
d 0.000000000e+00 0.000000000e+00 6.162495591e-07 -6.000000000e-01 -6.000000000e-01 -6.162495591e-07 -5.300000000e-01 -5.300000000e-01 0.000000000e+00 
d 0.000000000e+00 0.000000000e+00 7.437638728e-07 -6.000000000e-01 -6.000000000e-01 -7.437638728e-07 -5.400000000e-01 -5.400000000e-01 0.000000000e+00 
d 0.000000000e+00 0.000000000e+00 8.867482305e-07 -6.000000000e-01 -6.000000000e-01 -8.867482305e-07 -5.500000000e-01 -5.500000000e-01 0.000000000e+00 
d 0.000000000e+00 0.000000000e+00 1.044995393e-06 -6.000000000e-01 -6.000000000e-01 -1.044995393e-06 -5.600000000e-01 -5.600000000e-01 0.000000000e+00 
d 0.000000000e+00 0.000000000e+00 1.218083045e-06 -6.000000000e-01 -6.000000000e-01 -1.218083045e-06 -5.700000000e-01 -5.700000000e-01 0.000000000e+00 
d 0.000000000e+00 0.000000000e+00 1.405434754e-06 -6.000000000e-01 -6.000000000e-01 -1.405434754e-06 -5.800000000e-01 -5.800000000e-01 0.000000000e+00 
d 0.000000000e+00 0.000000000e+00 1.606389763e-06 -6.000000000e-01 -6.000000000e-01 -1.606389763e-06 -5.900000000e-01 -5.900000000e-01 0.000000000e+00 
d 0.000000000e+00 0.000000000e+00 1.820271796e-06 -6.000000000e-01 -6.000000000e-01 -1.820271796e-06 -6.000000000e-01 -6.000000000e-01 0.000000000e+00 
d 0.000000000e+00 0.000000000e+00 2.046614489e-06 -6.000000000e-01 -6.000000000e-01 -2.046614489e-06 -6.100000000e-01 -6.100000000e-01 0.000000000e+00 
d 0.000000000e+00 0.000000000e+00 2.284616718e-06 -6.000000000e-01 -6.000000000e-01 -2.284616718e-06 -6.200000000e-01 -6.200000000e-01 0.000000000e+00 
d 0.000000000e+00 0.000000000e+00 2.534016867e-06 -6.000000000e-01 -6.000000000e-01 -2.534016867e-06 -6.300000000e-01 -6.300000000e-01 0.000000000e+00 
d 0.000000000e+00 0.000000000e+00 2.794753881e-06 -6.000000000e-01 -6.000000000e-01 -2.794753881e-06 -6.400000000e-01 -6.400000000e-01 0.000000000e+00 
d 0.000000000e+00 0.000000000e+00 3.066905509e-06 -6.000000000e-01 -6.000000000e-01 -3.066905509e-06 -6.500000000e-01 -6.500000000e-01 0.000000000e+00 
d 0.000000000e+00 0.000000000e+00 3.350781353e-06 -6.000000000e-01 -6.000000000e-01 -3.350781353e-06 -6.600000000e-01 -6.600000000e-01 0.000000000e+00 
d 0.000000000e+00 0.000000000e+00 3.646921197e-06 -6.000000000e-01 -6.000000000e-01 -3.646921197e-06 -6.700000000e-01 -6.700000000e-01 0.000000000e+00 
d 0.000000000e+00 0.000000000e+00 3.956061005e-06 -6.000000000e-01 -6.000000000e-01 -3.956061005e-06 -6.800000000e-01 -6.800000000e-01 0.000000000e+00 
d 0.000000000e+00 0.000000000e+00 4.279090270e-06 -6.000000000e-01 -6.000000000e-01 -4.279090270e-06 -6.900000000e-01 -6.900000000e-01 0.000000000e+00 
d 0.000000000e+00 0.000000000e+00 4.616287650e-06 -6.000000000e-01 -6.000000000e-01 -4.616287650e-06 -7.000000000e-01 -7.000000000e-01 0.000000000e+00 
d 0.000000000e+00 0.000000000e+00 4.969985737e-06 -6.000000000e-01 -6.000000000e-01 -4.969985737e-06 -7.100000000e-01 -7.100000000e-01 0.000000000e+00 
d 0.000000000e+00 0.000000000e+00 5.340709518e-06 -6.000000000e-01 -6.000000000e-01 -5.340709518e-06 -7.200000000e-01 -7.200000000e-01 0.000000000e+00 
d 0.000000000e+00 0.000000000e+00 5.729463178e-06 -6.000000000e-01 -6.000000000e-01 -5.729463178e-06 -7.300000000e-01 -7.300000000e-01 0.000000000e+00 
d 0.000000000e+00 0.000000000e+00 6.137211443e-06 -6.000000000e-01 -6.000000000e-01 -6.137211443e-06 -7.400000000e-01 -7.400000000e-01 0.000000000e+00 
d 0.000000000e+00 0.000000000e+00 6.564811493e-06 -6.000000000e-01 -6.000000000e-01 -6.564811493e-06 -7.500000000e-01 -7.500000000e-01 0.000000000e+00 
d 0.000000000e+00 0.000000000e+00 7.012998550e-06 -6.000000000e-01 -6.000000000e-01 -7.012998550e-06 -7.600000000e-01 -7.600000000e-01 0.000000000e+00 
d 0.000000000e+00 0.000000000e+00 7.482378482e-06 -6.000000000e-01 -6.000000000e-01 -7.482378482e-06 -7.700000000e-01 -7.700000000e-01 0.000000000e+00 
d 0.000000000e+00 0.000000000e+00 7.973421744e-06 -6.000000000e-01 -6.000000000e-01 -7.973421744e-06 -7.800000000e-01 -7.800000000e-01 0.000000000e+00 
d 0.000000000e+00 0.000000000e+00 8.486461607e-06 -6.000000000e-01 -6.000000000e-01 -8.486461607e-06 -7.900000000e-01 -7.900000000e-01 0.000000000e+00 
d 0.000000000e+00 0.000000000e+00 9.021704690e-06 -6.000000000e-01 -6.000000000e-01 -9.021704690e-06 -8.000000000e-01 -8.000000000e-01 0.000000000e+00 
