v ATLAS
# This file was created by ATLAS version 5.28.1.R on Sun Jul 27 20:41:32 2025.
#SSF 2.0 generic
##############################################################################
#                    Copyright (c) 1984 - 2019                               #
#                    Silvaco Inc. All rights reserved                        #
#                                                                            #
# This file format and the following Key are copyright Silvaco Inc.          #
# You may not use, this format or key without reproducing this message in    #
# full and obtaining express written permission from Silvaco Inc.            #
#                                                                            #
# To obtain such permission please contact: Silvaco Inc.                     #
#                                           support@silvaco.com              #
#                                                                            #
# KEY=SVC86hn7562asdx                       PROD=345                         #
##############################################################################
y 3 700 711 15
z 0 1e+41 300
f 3 "source" "drain" "gate" 
p 9 2 601 20 3 602 21 4 603 22 
d 0.000000000e+00 0.000000000e+00 8.948509045e-17 -6.000000000e-01 -6.000000000e-01 -8.948620787e-17 0.000000000e+00 0.000000000e+00 0.000000000e+00 
d 0.000000000e+00 0.000000000e+00 2.112068664e-18 -6.000000000e-01 -6.000000000e-01 -2.111719484e-18 1.000000000e-01 1.000000000e-01 0.000000000e+00 
d 0.000000000e+00 0.000000000e+00 3.074919102e-18 -6.000000000e-01 -6.000000000e-01 -3.072761998e-18 9.000000000e-02 9.000000000e-02 0.000000000e+00 
d 0.000000000e+00 0.000000000e+00 4.472185890e-18 -6.000000000e-01 -6.000000000e-01 -4.470389952e-18 8.000000000e-02 8.000000000e-02 0.000000000e+00 
d 0.000000000e+00 0.000000000e+00 6.504553222e-18 -6.000000000e-01 -6.000000000e-01 -6.503237919e-18 7.000000000e-02 7.000000000e-02 0.000000000e+00 
d 0.000000000e+00 0.000000000e+00 9.459211258e-18 -6.000000000e-01 -6.000000000e-01 -9.459799900e-18 6.000000000e-02 6.000000000e-02 0.000000000e+00 
d 0.000000000e+00 0.000000000e+00 1.375921930e-17 -6.000000000e-01 -6.000000000e-01 -1.376020087e-17 5.000000000e-02 5.000000000e-02 0.000000000e+00 
d 0.000000000e+00 0.000000000e+00 2.001540507e-17 -6.000000000e-01 -6.000000000e-01 -2.001275052e-17 4.000000000e-02 4.000000000e-02 0.000000000e+00 
d 0.000000000e+00 0.000000000e+00 2.910683044e-17 -6.000000000e-01 -6.000000000e-01 -2.910528665e-17 3.000000000e-02 3.000000000e-02 0.000000000e+00 
d 0.000000000e+00 0.000000000e+00 4.232401831e-17 -6.000000000e-01 -6.000000000e-01 -4.232547201e-17 2.000000000e-02 2.000000000e-02 0.000000000e+00 
d 0.000000000e+00 0.000000000e+00 6.154558965e-17 -6.000000000e-01 -6.000000000e-01 -6.154584680e-17 1.000000000e-02 1.000000000e-02 0.000000000e+00 
d 0.000000000e+00 0.000000000e+00 8.948807390e-17 -6.000000000e-01 -6.000000000e-01 -8.948774910e-17 -2.583138497e-17 -2.583138497e-17 0.000000000e+00 
d 0.000000000e+00 0.000000000e+00 1.301050801e-16 -6.000000000e-01 -6.000000000e-01 -1.301055095e-16 -1.000000000e-02 -1.000000000e-02 0.000000000e+00 
d 0.000000000e+00 0.000000000e+00 1.891433675e-16 -6.000000000e-01 -6.000000000e-01 -1.891436974e-16 -2.000000000e-02 -2.000000000e-02 0.000000000e+00 
d 0.000000000e+00 0.000000000e+00 2.749481019e-16 -6.000000000e-01 -6.000000000e-01 -2.749487623e-16 -3.000000000e-02 -3.000000000e-02 0.000000000e+00 
d 0.000000000e+00 0.000000000e+00 3.996438370e-16 -6.000000000e-01 -6.000000000e-01 -3.996462143e-16 -4.000000000e-02 -4.000000000e-02 0.000000000e+00 
d 0.000000000e+00 0.000000000e+00 5.808458880e-16 -6.000000000e-01 -6.000000000e-01 -5.808464174e-16 -5.000000000e-02 -5.000000000e-02 0.000000000e+00 
d 0.000000000e+00 0.000000000e+00 8.441244541e-16 -6.000000000e-01 -6.000000000e-01 -8.441261335e-16 -6.000000000e-02 -6.000000000e-02 0.000000000e+00 
d 0.000000000e+00 0.000000000e+00 1.226631689e-15 -6.000000000e-01 -6.000000000e-01 -1.226631437e-15 -7.000000000e-02 -7.000000000e-02 0.000000000e+00 
d 0.000000000e+00 0.000000000e+00 1.782293687e-15 -6.000000000e-01 -6.000000000e-01 -1.782294382e-15 -8.000000000e-02 -8.000000000e-02 0.000000000e+00 
d 0.000000000e+00 0.000000000e+00 2.589419526e-15 -6.000000000e-01 -6.000000000e-01 -2.589419754e-15 -9.000000000e-02 -9.000000000e-02 0.000000000e+00 
d 0.000000000e+00 0.000000000e+00 3.761675171e-15 -6.000000000e-01 -6.000000000e-01 -3.761676192e-15 -1.000000000e-01 -1.000000000e-01 0.000000000e+00 
d 0.000000000e+00 0.000000000e+00 5.464046315e-15 -6.000000000e-01 -6.000000000e-01 -5.464047878e-15 -1.100000000e-01 -1.100000000e-01 0.000000000e+00 
d 0.000000000e+00 0.000000000e+00 7.935995018e-15 -6.000000000e-01 -6.000000000e-01 -7.935995841e-15 -1.200000000e-01 -1.200000000e-01 0.000000000e+00 
d 0.000000000e+00 0.000000000e+00 1.152498516e-14 -6.000000000e-01 -6.000000000e-01 -1.152498767e-14 -1.300000000e-01 -1.300000000e-01 0.000000000e+00 
d 0.000000000e+00 0.000000000e+00 1.673511696e-14 -6.000000000e-01 -6.000000000e-01 -1.673511662e-14 -1.400000000e-01 -1.400000000e-01 0.000000000e+00 
d 0.000000000e+00 0.000000000e+00 2.429774404e-14 -6.000000000e-01 -6.000000000e-01 -2.429774590e-14 -1.500000000e-01 -1.500000000e-01 0.000000000e+00 
d 0.000000000e+00 0.000000000e+00 3.527358027e-14 -6.000000000e-01 -6.000000000e-01 -3.527358174e-14 -1.600000000e-01 -1.600000000e-01 0.000000000e+00 
d 0.000000000e+00 0.000000000e+00 5.120088810e-14 -6.000000000e-01 -6.000000000e-01 -5.120089043e-14 -1.700000000e-01 -1.700000000e-01 0.000000000e+00 
d 0.000000000e+00 0.000000000e+00 7.431014068e-14 -6.000000000e-01 -6.000000000e-01 -7.431014269e-14 -1.800000000e-01 -1.800000000e-01 0.000000000e+00 
d 0.000000000e+00 0.000000000e+00 1.078347487e-13 -6.000000000e-01 -6.000000000e-01 -1.078347510e-13 -1.900000000e-01 -1.900000000e-01 0.000000000e+00 
d 0.000000000e+00 0.000000000e+00 1.564613409e-13 -6.000000000e-01 -6.000000000e-01 -1.564613440e-13 -2.000000000e-01 -2.000000000e-01 0.000000000e+00 
d 0.000000000e+00 0.000000000e+00 2.269817123e-13 -6.000000000e-01 -6.000000000e-01 -2.269817161e-13 -2.100000000e-01 -2.100000000e-01 0.000000000e+00 
d 0.000000000e+00 0.000000000e+00 3.292351350e-13 -6.000000000e-01 -6.000000000e-01 -3.292351391e-13 -2.200000000e-01 -2.200000000e-01 0.000000000e+00 
d 0.000000000e+00 0.000000000e+00 4.774758359e-13 -6.000000000e-01 -6.000000000e-01 -4.774758407e-13 -2.300000000e-01 -2.300000000e-01 0.000000000e+00 
d 0.000000000e+00 0.000000000e+00 6.923451191e-13 -6.000000000e-01 -6.000000000e-01 -6.923451236e-13 -2.400000000e-01 -2.400000000e-01 0.000000000e+00 
d 0.000000000e+00 0.000000000e+00 1.003728364e-12 -6.000000000e-01 -6.000000000e-01 -1.003728369e-12 -2.500000000e-01 -2.500000000e-01 0.000000000e+00 
d 0.000000000e+00 0.000000000e+00 1.454882992e-12 -6.000000000e-01 -6.000000000e-01 -1.454882999e-12 -2.600000000e-01 -2.600000000e-01 0.000000000e+00 
d 0.000000000e+00 0.000000000e+00 2.108408601e-12 -6.000000000e-01 -6.000000000e-01 -2.108408606e-12 -2.700000000e-01 -2.700000000e-01 0.000000000e+00 
d 0.000000000e+00 0.000000000e+00 3.054860308e-12 -6.000000000e-01 -6.000000000e-01 -3.054860313e-12 -2.800000000e-01 -2.800000000e-01 0.000000000e+00 
d 0.000000000e+00 0.000000000e+00 4.425184238e-12 -6.000000000e-01 -6.000000000e-01 -4.425184246e-12 -2.900000000e-01 -2.900000000e-01 0.000000000e+00 
d 0.000000000e+00 0.000000000e+00 6.408717114e-12 -6.000000000e-01 -6.000000000e-01 -6.408717120e-12 -3.000000000e-01 -3.000000000e-01 0.000000000e+00 
d 0.000000000e+00 0.000000000e+00 9.279029577e-12 -6.000000000e-01 -6.000000000e-01 -9.279029581e-12 -3.100000000e-01 -3.100000000e-01 0.000000000e+00 
d 0.000000000e+00 0.000000000e+00 1.343135392e-11 -6.000000000e-01 -6.000000000e-01 -1.343135392e-11 -3.200000000e-01 -3.200000000e-01 0.000000000e+00 
d 0.000000000e+00 0.000000000e+00 1.943627305e-11 -6.000000000e-01 -6.000000000e-01 -1.943627305e-11 -3.300000000e-01 -3.300000000e-01 0.000000000e+00 
d 0.000000000e+00 0.000000000e+00 2.811732784e-11 -6.000000000e-01 -6.000000000e-01 -2.811732785e-11 -3.400000000e-01 -3.400000000e-01 0.000000000e+00 
d 0.000000000e+00 0.000000000e+00 4.066228351e-11 -6.000000000e-01 -6.000000000e-01 -4.066228352e-11 -3.500000000e-01 -3.500000000e-01 0.000000000e+00 
d 0.000000000e+00 0.000000000e+00 5.878311297e-11 -6.000000000e-01 -6.000000000e-01 -5.878311298e-11 -3.600000000e-01 -3.600000000e-01 0.000000000e+00 
d 0.000000000e+00 0.000000000e+00 8.494593503e-11 -6.000000000e-01 -6.000000000e-01 -8.494593503e-11 -3.700000000e-01 -3.700000000e-01 0.000000000e+00 
d 0.000000000e+00 0.000000000e+00 1.226999826e-10 -6.000000000e-01 -6.000000000e-01 -1.226999826e-10 -3.800000000e-01 -3.800000000e-01 0.000000000e+00 
d 0.000000000e+00 0.000000000e+00 1.771480315e-10 -6.000000000e-01 -6.000000000e-01 -1.771480315e-10 -3.900000000e-01 -3.900000000e-01 0.000000000e+00 
d 0.000000000e+00 0.000000000e+00 2.556192695e-10 -6.000000000e-01 -6.000000000e-01 -2.556192695e-10 -4.000000000e-01 -4.000000000e-01 0.000000000e+00 
d 0.000000000e+00 0.000000000e+00 3.686254128e-10 -6.000000000e-01 -6.000000000e-01 -3.686254128e-10 -4.100000000e-01 -4.100000000e-01 0.000000000e+00 
d 0.000000000e+00 0.000000000e+00 5.312200467e-10 -6.000000000e-01 -6.000000000e-01 -5.312200467e-10 -4.200000000e-01 -4.200000000e-01 0.000000000e+00 
d 0.000000000e+00 0.000000000e+00 7.649185884e-10 -6.000000000e-01 -6.000000000e-01 -7.649185884e-10 -4.300000000e-01 -4.300000000e-01 0.000000000e+00 
d 0.000000000e+00 0.000000000e+00 1.100398631e-09 -6.000000000e-01 -6.000000000e-01 -1.100398631e-09 -4.400000000e-01 -4.400000000e-01 0.000000000e+00 
d 0.000000000e+00 0.000000000e+00 1.581269229e-09 -6.000000000e-01 -6.000000000e-01 -1.581269229e-09 -4.500000000e-01 -4.500000000e-01 0.000000000e+00 
d 0.000000000e+00 0.000000000e+00 2.269312081e-09 -6.000000000e-01 -6.000000000e-01 -2.269312081e-09 -4.600000000e-01 -4.600000000e-01 0.000000000e+00 
d 0.000000000e+00 0.000000000e+00 3.251640936e-09 -6.000000000e-01 -6.000000000e-01 -3.251640936e-09 -4.700000000e-01 -4.700000000e-01 0.000000000e+00 
d 0.000000000e+00 0.000000000e+00 4.650371145e-09 -6.000000000e-01 -6.000000000e-01 -4.650371145e-09 -4.800000000e-01 -4.800000000e-01 0.000000000e+00 
d 0.000000000e+00 0.000000000e+00 6.635499224e-09 -6.000000000e-01 -6.000000000e-01 -6.635499224e-09 -4.900000000e-01 -4.900000000e-01 0.000000000e+00 
d 0.000000000e+00 0.000000000e+00 9.441450032e-09 -6.000000000e-01 -6.000000000e-01 -9.441450032e-09 -5.000000000e-01 -5.000000000e-01 0.000000000e+00 
d 0.000000000e+00 0.000000000e+00 1.338785832e-08 -6.000000000e-01 -6.000000000e-01 -1.338785832e-08 -5.100000000e-01 -5.100000000e-01 0.000000000e+00 
d 0.000000000e+00 0.000000000e+00 1.890421357e-08 -6.000000000e-01 -6.000000000e-01 -1.890421357e-08 -5.200000000e-01 -5.200000000e-01 0.000000000e+00 
d 0.000000000e+00 0.000000000e+00 2.655748499e-08 -6.000000000e-01 -6.000000000e-01 -2.655748499e-08 -5.300000000e-01 -5.300000000e-01 0.000000000e+00 
d 0.000000000e+00 0.000000000e+00 3.707950041e-08 -6.000000000e-01 -6.000000000e-01 -3.707950041e-08 -5.400000000e-01 -5.400000000e-01 0.000000000e+00 
d 0.000000000e+00 0.000000000e+00 5.138985720e-08 -6.000000000e-01 -6.000000000e-01 -5.138985720e-08 -5.500000000e-01 -5.500000000e-01 0.000000000e+00 
d 0.000000000e+00 0.000000000e+00 7.060739557e-08 -6.000000000e-01 -6.000000000e-01 -7.060739557e-08 -5.600000000e-01 -5.600000000e-01 0.000000000e+00 
d 0.000000000e+00 0.000000000e+00 9.604216168e-08 -6.000000000e-01 -6.000000000e-01 -9.604216168e-08 -5.700000000e-01 -5.700000000e-01 0.000000000e+00 
d 0.000000000e+00 0.000000000e+00 1.291617109e-07 -6.000000000e-01 -6.000000000e-01 -1.291617109e-07 -5.800000000e-01 -5.800000000e-01 0.000000000e+00 
d 0.000000000e+00 0.000000000e+00 1.715285759e-07 -6.000000000e-01 -6.000000000e-01 -1.715285759e-07 -5.900000000e-01 -5.900000000e-01 0.000000000e+00 
d 0.000000000e+00 0.000000000e+00 2.247130780e-07 -6.000000000e-01 -6.000000000e-01 -2.247130780e-07 -6.000000000e-01 -6.000000000e-01 0.000000000e+00 
d 0.000000000e+00 0.000000000e+00 2.901920449e-07 -6.000000000e-01 -6.000000000e-01 -2.901920449e-07 -6.100000000e-01 -6.100000000e-01 0.000000000e+00 
d 0.000000000e+00 0.000000000e+00 3.692487770e-07 -6.000000000e-01 -6.000000000e-01 -3.692487770e-07 -6.200000000e-01 -6.200000000e-01 0.000000000e+00 
d 0.000000000e+00 0.000000000e+00 4.628905665e-07 -6.000000000e-01 -6.000000000e-01 -4.628905665e-07 -6.300000000e-01 -6.300000000e-01 0.000000000e+00 
d 0.000000000e+00 0.000000000e+00 5.717954325e-07 -6.000000000e-01 -6.000000000e-01 -5.717954325e-07 -6.400000000e-01 -6.400000000e-01 0.000000000e+00 
d 0.000000000e+00 0.000000000e+00 6.962932249e-07 -6.000000000e-01 -6.000000000e-01 -6.962932249e-07 -6.500000000e-01 -6.500000000e-01 0.000000000e+00 
d 0.000000000e+00 0.000000000e+00 8.360377526e-07 -6.000000000e-01 -6.000000000e-01 -8.360377526e-07 -6.600000000e-01 -6.600000000e-01 0.000000000e+00 
d 0.000000000e+00 0.000000000e+00 9.913508627e-07 -6.000000000e-01 -6.000000000e-01 -9.913508627e-07 -6.700000000e-01 -6.700000000e-01 0.000000000e+00 
d 0.000000000e+00 0.000000000e+00 1.161398231e-06 -6.000000000e-01 -6.000000000e-01 -1.161398231e-06 -6.800000000e-01 -6.800000000e-01 0.000000000e+00 
d 0.000000000e+00 0.000000000e+00 1.345426623e-06 -6.000000000e-01 -6.000000000e-01 -1.345426623e-06 -6.900000000e-01 -6.900000000e-01 0.000000000e+00 
d 0.000000000e+00 0.000000000e+00 1.542534680e-06 -6.000000000e-01 -6.000000000e-01 -1.542534680e-06 -7.000000000e-01 -7.000000000e-01 0.000000000e+00 
d 0.000000000e+00 0.000000000e+00 1.751729735e-06 -6.000000000e-01 -6.000000000e-01 -1.751729735e-06 -7.100000000e-01 -7.100000000e-01 0.000000000e+00 
d 0.000000000e+00 0.000000000e+00 1.971973305e-06 -6.000000000e-01 -6.000000000e-01 -1.971973305e-06 -7.200000000e-01 -7.200000000e-01 0.000000000e+00 
d 0.000000000e+00 0.000000000e+00 2.202218752e-06 -6.000000000e-01 -6.000000000e-01 -2.202218752e-06 -7.300000000e-01 -7.300000000e-01 0.000000000e+00 
d 0.000000000e+00 0.000000000e+00 2.441446852e-06 -6.000000000e-01 -6.000000000e-01 -2.441446852e-06 -7.400000000e-01 -7.400000000e-01 0.000000000e+00 
d 0.000000000e+00 0.000000000e+00 2.688690369e-06 -6.000000000e-01 -6.000000000e-01 -2.688690369e-06 -7.500000000e-01 -7.500000000e-01 0.000000000e+00 
d 0.000000000e+00 0.000000000e+00 2.942809316e-06 -6.000000000e-01 -6.000000000e-01 -2.942809316e-06 -7.600000000e-01 -7.600000000e-01 0.000000000e+00 
d 0.000000000e+00 0.000000000e+00 3.203762099e-06 -6.000000000e-01 -6.000000000e-01 -3.203762099e-06 -7.700000000e-01 -7.700000000e-01 0.000000000e+00 
d 0.000000000e+00 0.000000000e+00 3.469576399e-06 -6.000000000e-01 -6.000000000e-01 -3.469576399e-06 -7.800000000e-01 -7.800000000e-01 0.000000000e+00 
d 0.000000000e+00 0.000000000e+00 3.740834186e-06 -6.000000000e-01 -6.000000000e-01 -3.740834186e-06 -7.900000000e-01 -7.900000000e-01 0.000000000e+00 
d 0.000000000e+00 0.000000000e+00 4.016501045e-06 -6.000000000e-01 -6.000000000e-01 -4.016501045e-06 -8.000000000e-01 -8.000000000e-01 0.000000000e+00 
