v ATLAS
# This file was created by ATLAS version 5.28.1.R on Mon Jul 28 00:31:41 2025.
#SSF 2.0 generic
##############################################################################
#                    Copyright (c) 1984 - 2019                               #
#                    Silvaco Inc. All rights reserved                        #
#                                                                            #
# This file format and the following Key are copyright Silvaco Inc.          #
# You may not use, this format or key without reproducing this message in    #
# full and obtaining express written permission from Silvaco Inc.            #
#                                                                            #
# To obtain such permission please contact: Silvaco Inc.                     #
#                                           support@silvaco.com              #
#                                                                            #
# KEY=SVC86hn7562asdx                       PROD=345                         #
##############################################################################
y 3 700 711 15
z 0 1e+41 300
f 3 "source" "drain" "gate" 
p 9 2 601 20 3 602 21 4 603 22 
d 0.000000000e+00 0.000000000e+00 3.860157329e-14 -6.000000000e-01 -6.000000000e-01 -3.860158059e-14 0.000000000e+00 0.000000000e+00 0.000000000e+00 
d 0.000000000e+00 0.000000000e+00 1.022772156e-15 -6.000000000e-01 -6.000000000e-01 -1.022774989e-15 1.000000000e-01 1.000000000e-01 0.000000000e+00 
d 0.000000000e+00 0.000000000e+00 1.471335374e-15 -6.000000000e-01 -6.000000000e-01 -1.471343886e-15 9.000000000e-02 9.000000000e-02 0.000000000e+00 
d 0.000000000e+00 0.000000000e+00 2.116530718e-15 -6.000000000e-01 -6.000000000e-01 -2.116541261e-15 8.000000000e-02 8.000000000e-02 0.000000000e+00 
d 0.000000000e+00 0.000000000e+00 3.044192027e-15 -6.000000000e-01 -6.000000000e-01 -3.044202589e-15 7.000000000e-02 7.000000000e-02 0.000000000e+00 
d 0.000000000e+00 0.000000000e+00 4.377815657e-15 -6.000000000e-01 -6.000000000e-01 -4.377821111e-15 6.000000000e-02 6.000000000e-02 0.000000000e+00 
d 0.000000000e+00 0.000000000e+00 6.294782035e-15 -6.000000000e-01 -6.000000000e-01 -6.294786762e-15 5.000000000e-02 5.000000000e-02 0.000000000e+00 
d 0.000000000e+00 0.000000000e+00 9.049854164e-15 -6.000000000e-01 -6.000000000e-01 -9.049862001e-15 4.000000000e-02 4.000000000e-02 0.000000000e+00 
d 0.000000000e+00 0.000000000e+00 1.300882230e-14 -6.000000000e-01 -6.000000000e-01 -1.300883051e-14 3.000000000e-02 3.000000000e-02 0.000000000e+00 
d 0.000000000e+00 0.000000000e+00 1.869679936e-14 -6.000000000e-01 -6.000000000e-01 -1.869680840e-14 2.000000000e-02 2.000000000e-02 0.000000000e+00 
d 0.000000000e+00 0.000000000e+00 2.686755462e-14 -6.000000000e-01 -6.000000000e-01 -2.686756415e-14 1.000000000e-02 1.000000000e-02 0.000000000e+00 
d 0.000000000e+00 0.000000000e+00 3.860263571e-14 -6.000000000e-01 -6.000000000e-01 -3.860264145e-14 -2.583138497e-17 -2.583138497e-17 0.000000000e+00 
d 0.000000000e+00 0.000000000e+00 5.545382025e-14 -6.000000000e-01 -6.000000000e-01 -5.545383004e-14 -1.000000000e-02 -1.000000000e-02 0.000000000e+00 
d 0.000000000e+00 0.000000000e+00 7.964703637e-14 -6.000000000e-01 -6.000000000e-01 -7.964704293e-14 -2.000000000e-02 -2.000000000e-02 0.000000000e+00 
d 0.000000000e+00 0.000000000e+00 1.143741409e-13 -6.000000000e-01 -6.000000000e-01 -1.143741504e-13 -3.000000000e-02 -3.000000000e-02 0.000000000e+00 
d 0.000000000e+00 0.000000000e+00 1.642116698e-13 -6.000000000e-01 -6.000000000e-01 -1.642116782e-13 -4.000000000e-02 -4.000000000e-02 0.000000000e+00 
d 0.000000000e+00 0.000000000e+00 2.357189246e-13 -6.000000000e-01 -6.000000000e-01 -2.357189356e-13 -5.000000000e-02 -5.000000000e-02 0.000000000e+00 
d 0.000000000e+00 0.000000000e+00 3.382956608e-13 -6.000000000e-01 -6.000000000e-01 -3.382956720e-13 -6.000000000e-02 -6.000000000e-02 0.000000000e+00 
d 0.000000000e+00 0.000000000e+00 4.854075856e-13 -6.000000000e-01 -6.000000000e-01 -4.854075954e-13 -7.000000000e-02 -7.000000000e-02 0.000000000e+00 
d 0.000000000e+00 0.000000000e+00 6.963383223e-13 -6.000000000e-01 -6.000000000e-01 -6.963383333e-13 -8.000000000e-02 -8.000000000e-02 0.000000000e+00 
d 0.000000000e+00 0.000000000e+00 9.987006884e-13 -6.000000000e-01 -6.000000000e-01 -9.987006917e-13 -9.000000000e-02 -9.000000000e-02 0.000000000e+00 
d 0.000000000e+00 0.000000000e+00 1.432010206e-12 -6.000000000e-01 -6.000000000e-01 -1.432010215e-12 -1.000000000e-01 -1.000000000e-01 0.000000000e+00 
d 0.000000000e+00 0.000000000e+00 2.052812324e-12 -6.000000000e-01 -6.000000000e-01 -2.052812333e-12 -1.100000000e-01 -1.100000000e-01 0.000000000e+00 
d 0.000000000e+00 0.000000000e+00 2.941977721e-12 -6.000000000e-01 -6.000000000e-01 -2.941977728e-12 -1.200000000e-01 -1.200000000e-01 0.000000000e+00 
d 0.000000000e+00 0.000000000e+00 4.215130990e-12 -6.000000000e-01 -6.000000000e-01 -4.215130997e-12 -1.300000000e-01 -1.300000000e-01 0.000000000e+00 
d 0.000000000e+00 0.000000000e+00 6.037524662e-12 -6.000000000e-01 -6.000000000e-01 -6.037524672e-12 -1.400000000e-01 -1.400000000e-01 0.000000000e+00 
d 0.000000000e+00 0.000000000e+00 8.645231738e-12 -6.000000000e-01 -6.000000000e-01 -8.645231746e-12 -1.500000000e-01 -1.500000000e-01 0.000000000e+00 
d 0.000000000e+00 0.000000000e+00 1.237534669e-11 -6.000000000e-01 -6.000000000e-01 -1.237534669e-11 -1.600000000e-01 -1.600000000e-01 0.000000000e+00 
d 0.000000000e+00 0.000000000e+00 1.770898521e-11 -6.000000000e-01 -6.000000000e-01 -1.770898522e-11 -1.700000000e-01 -1.700000000e-01 0.000000000e+00 
d 0.000000000e+00 0.000000000e+00 2.533241281e-11 -6.000000000e-01 -6.000000000e-01 -2.533241282e-11 -1.800000000e-01 -1.800000000e-01 0.000000000e+00 
d 0.000000000e+00 0.000000000e+00 3.622403154e-11 -6.000000000e-01 -6.000000000e-01 -3.622403154e-11 -1.900000000e-01 -1.900000000e-01 0.000000000e+00 
d 0.000000000e+00 0.000000000e+00 5.177776094e-11 -6.000000000e-01 -6.000000000e-01 -5.177776095e-11 -2.000000000e-01 -2.000000000e-01 0.000000000e+00 
d 0.000000000e+00 0.000000000e+00 7.397820238e-11 -6.000000000e-01 -6.000000000e-01 -7.397820239e-11 -2.100000000e-01 -2.100000000e-01 0.000000000e+00 
d 0.000000000e+00 0.000000000e+00 1.056488003e-10 -6.000000000e-01 -6.000000000e-01 -1.056488003e-10 -2.200000000e-01 -2.200000000e-01 0.000000000e+00 
d 0.000000000e+00 0.000000000e+00 1.508022535e-10 -6.000000000e-01 -6.000000000e-01 -1.508022535e-10 -2.300000000e-01 -2.300000000e-01 0.000000000e+00 
d 0.000000000e+00 0.000000000e+00 2.151369081e-10 -6.000000000e-01 -6.000000000e-01 -2.151369081e-10 -2.400000000e-01 -2.400000000e-01 0.000000000e+00 
d 0.000000000e+00 0.000000000e+00 3.067345335e-10 -6.000000000e-01 -6.000000000e-01 -3.067345335e-10 -2.500000000e-01 -2.500000000e-01 0.000000000e+00 
d 0.000000000e+00 0.000000000e+00 4.370410263e-10 -6.000000000e-01 -6.000000000e-01 -4.370410263e-10 -2.600000000e-01 -2.600000000e-01 0.000000000e+00 
d 0.000000000e+00 0.000000000e+00 6.222438542e-10 -6.000000000e-01 -6.000000000e-01 -6.222438542e-10 -2.700000000e-01 -2.700000000e-01 0.000000000e+00 
d 0.000000000e+00 0.000000000e+00 8.851919399e-10 -6.000000000e-01 -6.000000000e-01 -8.851919399e-10 -2.800000000e-01 -2.800000000e-01 0.000000000e+00 
d 0.000000000e+00 0.000000000e+00 1.258062089e-09 -6.000000000e-01 -6.000000000e-01 -1.258062089e-09 -2.900000000e-01 -2.900000000e-01 0.000000000e+00 
d 0.000000000e+00 0.000000000e+00 1.786046175e-09 -6.000000000e-01 -6.000000000e-01 -1.786046175e-09 -3.000000000e-01 -3.000000000e-01 0.000000000e+00 
d 0.000000000e+00 0.000000000e+00 2.532401529e-09 -6.000000000e-01 -6.000000000e-01 -2.532401529e-09 -3.100000000e-01 -3.100000000e-01 0.000000000e+00 
d 0.000000000e+00 0.000000000e+00 3.585310400e-09 -6.000000000e-01 -6.000000000e-01 -3.585310400e-09 -3.200000000e-01 -3.200000000e-01 0.000000000e+00 
d 0.000000000e+00 0.000000000e+00 5.067078060e-09 -6.000000000e-01 -6.000000000e-01 -5.067078060e-09 -3.300000000e-01 -3.300000000e-01 0.000000000e+00 
d 0.000000000e+00 0.000000000e+00 7.145760157e-09 -6.000000000e-01 -6.000000000e-01 -7.145760157e-09 -3.400000000e-01 -3.400000000e-01 0.000000000e+00 
d 0.000000000e+00 0.000000000e+00 1.005245946e-08 -6.000000000e-01 -6.000000000e-01 -1.005245946e-08 -3.500000000e-01 -3.500000000e-01 0.000000000e+00 
d 0.000000000e+00 0.000000000e+00 1.409876588e-08 -6.000000000e-01 -6.000000000e-01 -1.409876588e-08 -3.600000000e-01 -3.600000000e-01 0.000000000e+00 
d 0.000000000e+00 0.000000000e+00 1.970160750e-08 -6.000000000e-01 -6.000000000e-01 -1.970160750e-08 -3.700000000e-01 -3.700000000e-01 0.000000000e+00 
d 0.000000000e+00 0.000000000e+00 2.741004909e-08 -6.000000000e-01 -6.000000000e-01 -2.741004909e-08 -3.800000000e-01 -3.800000000e-01 0.000000000e+00 
d 0.000000000e+00 0.000000000e+00 3.793374589e-08 -6.000000000e-01 -6.000000000e-01 -3.793374589e-08 -3.900000000e-01 -3.900000000e-01 0.000000000e+00 
d 0.000000000e+00 0.000000000e+00 5.216903048e-08 -6.000000000e-01 -6.000000000e-01 -5.216903048e-08 -4.000000000e-01 -4.000000000e-01 0.000000000e+00 
d 0.000000000e+00 0.000000000e+00 7.121775923e-08 -6.000000000e-01 -6.000000000e-01 -7.121775923e-08 -4.100000000e-01 -4.100000000e-01 0.000000000e+00 
d 0.000000000e+00 0.000000000e+00 9.639131284e-08 -6.000000000e-01 -6.000000000e-01 -9.639131284e-08 -4.200000000e-01 -4.200000000e-01 0.000000000e+00 
d 0.000000000e+00 0.000000000e+00 1.291928441e-07 -6.000000000e-01 -6.000000000e-01 -1.291928441e-07 -4.300000000e-01 -4.300000000e-01 0.000000000e+00 
d 0.000000000e+00 0.000000000e+00 1.712730434e-07 -6.000000000e-01 -6.000000000e-01 -1.712730434e-07 -4.400000000e-01 -4.400000000e-01 0.000000000e+00 
d 0.000000000e+00 0.000000000e+00 2.243597191e-07 -6.000000000e-01 -6.000000000e-01 -2.243597191e-07 -4.500000000e-01 -4.500000000e-01 0.000000000e+00 
d 0.000000000e+00 0.000000000e+00 2.901667399e-07 -6.000000000e-01 -6.000000000e-01 -2.901667399e-07 -4.600000000e-01 -4.600000000e-01 0.000000000e+00 
d 0.000000000e+00 0.000000000e+00 3.702982046e-07 -6.000000000e-01 -6.000000000e-01 -3.702982046e-07 -4.700000000e-01 -4.700000000e-01 0.000000000e+00 
d 0.000000000e+00 0.000000000e+00 4.661615779e-07 -6.000000000e-01 -6.000000000e-01 -4.661615779e-07 -4.800000000e-01 -4.800000000e-01 0.000000000e+00 
d 0.000000000e+00 0.000000000e+00 5.789054235e-07 -6.000000000e-01 -6.000000000e-01 -5.789054235e-07 -4.900000000e-01 -4.900000000e-01 0.000000000e+00 
d 0.000000000e+00 0.000000000e+00 7.093943978e-07 -6.000000000e-01 -6.000000000e-01 -7.093943978e-07 -5.000000000e-01 -5.000000000e-01 0.000000000e+00 
d 0.000000000e+00 0.000000000e+00 8.582181572e-07 -6.000000000e-01 -6.000000000e-01 -8.582181572e-07 -5.100000000e-01 -5.100000000e-01 0.000000000e+00 
d 0.000000000e+00 0.000000000e+00 1.025737646e-06 -6.000000000e-01 -6.000000000e-01 -1.025737646e-06 -5.200000000e-01 -5.200000000e-01 0.000000000e+00 
d 0.000000000e+00 0.000000000e+00 1.212152741e-06 -6.000000000e-01 -6.000000000e-01 -1.212152741e-06 -5.300000000e-01 -5.300000000e-01 0.000000000e+00 
d 0.000000000e+00 0.000000000e+00 1.417583812e-06 -6.000000000e-01 -6.000000000e-01 -1.417583812e-06 -5.400000000e-01 -5.400000000e-01 0.000000000e+00 
d 0.000000000e+00 0.000000000e+00 1.642156206e-06 -6.000000000e-01 -6.000000000e-01 -1.642156206e-06 -5.500000000e-01 -5.500000000e-01 0.000000000e+00 
d 0.000000000e+00 0.000000000e+00 1.886071982e-06 -6.000000000e-01 -6.000000000e-01 -1.886071982e-06 -5.600000000e-01 -5.600000000e-01 0.000000000e+00 
d 0.000000000e+00 0.000000000e+00 2.149662352e-06 -6.000000000e-01 -6.000000000e-01 -2.149662352e-06 -5.700000000e-01 -5.700000000e-01 0.000000000e+00 
d 0.000000000e+00 0.000000000e+00 2.433419576e-06 -6.000000000e-01 -6.000000000e-01 -2.433419576e-06 -5.800000000e-01 -5.800000000e-01 0.000000000e+00 
d 0.000000000e+00 0.000000000e+00 2.737993198e-06 -6.000000000e-01 -6.000000000e-01 -2.737993198e-06 -5.900000000e-01 -5.900000000e-01 0.000000000e+00 
d 0.000000000e+00 0.000000000e+00 3.064167853e-06 -6.000000000e-01 -6.000000000e-01 -3.064167853e-06 -6.000000000e-01 -6.000000000e-01 0.000000000e+00 
d 0.000000000e+00 0.000000000e+00 3.412819354e-06 -6.000000000e-01 -6.000000000e-01 -3.412819354e-06 -6.100000000e-01 -6.100000000e-01 0.000000000e+00 
d 0.000000000e+00 0.000000000e+00 3.784856656e-06 -6.000000000e-01 -6.000000000e-01 -3.784856656e-06 -6.200000000e-01 -6.200000000e-01 0.000000000e+00 
d 0.000000000e+00 0.000000000e+00 4.181167185e-06 -6.000000000e-01 -6.000000000e-01 -4.181167185e-06 -6.300000000e-01 -6.300000000e-01 0.000000000e+00 
d 0.000000000e+00 0.000000000e+00 4.602562043e-06 -6.000000000e-01 -6.000000000e-01 -4.602562043e-06 -6.400000000e-01 -6.400000000e-01 0.000000000e+00 
d 0.000000000e+00 0.000000000e+00 5.049733327e-06 -6.000000000e-01 -6.000000000e-01 -5.049733327e-06 -6.500000000e-01 -6.500000000e-01 0.000000000e+00 
d 0.000000000e+00 0.000000000e+00 5.523226879e-06 -6.000000000e-01 -6.000000000e-01 -5.523226879e-06 -6.600000000e-01 -6.600000000e-01 0.000000000e+00 
d 0.000000000e+00 0.000000000e+00 6.023423166e-06 -6.000000000e-01 -6.000000000e-01 -6.023423166e-06 -6.700000000e-01 -6.700000000e-01 0.000000000e+00 
d 0.000000000e+00 0.000000000e+00 6.550540834e-06 -6.000000000e-01 -6.000000000e-01 -6.550540834e-06 -6.800000000e-01 -6.800000000e-01 0.000000000e+00 
d 0.000000000e+00 0.000000000e+00 7.104633786e-06 -6.000000000e-01 -6.000000000e-01 -7.104633786e-06 -6.900000000e-01 -6.900000000e-01 0.000000000e+00 
d 0.000000000e+00 0.000000000e+00 7.685612762e-06 -6.000000000e-01 -6.000000000e-01 -7.685612762e-06 -7.000000000e-01 -7.000000000e-01 0.000000000e+00 
d 0.000000000e+00 0.000000000e+00 8.292354329e-06 -6.000000000e-01 -6.000000000e-01 -8.292354329e-06 -7.100000000e-01 -7.100000000e-01 0.000000000e+00 
d 0.000000000e+00 0.000000000e+00 8.927092427e-06 -6.000000000e-01 -6.000000000e-01 -8.927092427e-06 -7.200000000e-01 -7.200000000e-01 0.000000000e+00 
d 0.000000000e+00 0.000000000e+00 9.586176246e-06 -6.000000000e-01 -6.000000000e-01 -9.586176246e-06 -7.300000000e-01 -7.300000000e-01 0.000000000e+00 
d 0.000000000e+00 0.000000000e+00 1.027211174e-05 -6.000000000e-01 -6.000000000e-01 -1.027211174e-05 -7.400000000e-01 -7.400000000e-01 0.000000000e+00 
d 0.000000000e+00 0.000000000e+00 1.098150822e-05 -6.000000000e-01 -6.000000000e-01 -1.098150822e-05 -7.500000000e-01 -7.500000000e-01 0.000000000e+00 
d 0.000000000e+00 0.000000000e+00 1.171628276e-05 -6.000000000e-01 -6.000000000e-01 -1.171628276e-05 -7.600000000e-01 -7.600000000e-01 0.000000000e+00 
d 0.000000000e+00 0.000000000e+00 1.247354319e-05 -6.000000000e-01 -6.000000000e-01 -1.247354319e-05 -7.700000000e-01 -7.700000000e-01 0.000000000e+00 
d 0.000000000e+00 0.000000000e+00 1.325440806e-05 -6.000000000e-01 -6.000000000e-01 -1.325440806e-05 -7.800000000e-01 -7.800000000e-01 0.000000000e+00 
d 0.000000000e+00 0.000000000e+00 1.405676006e-05 -6.000000000e-01 -6.000000000e-01 -1.405676006e-05 -7.900000000e-01 -7.900000000e-01 0.000000000e+00 
d 0.000000000e+00 0.000000000e+00 1.488075933e-05 -6.000000000e-01 -6.000000000e-01 -1.488075933e-05 -8.000000000e-01 -8.000000000e-01 0.000000000e+00 
