v ATLAS
# This file was created by ATLAS version 5.28.1.R on Sun Jul 27 22:51:09 2025.
#SSF 2.0 generic
##############################################################################
#                    Copyright (c) 1984 - 2019                               #
#                    Silvaco Inc. All rights reserved                        #
#                                                                            #
# This file format and the following Key are copyright Silvaco Inc.          #
# You may not use, this format or key without reproducing this message in    #
# full and obtaining express written permission from Silvaco Inc.            #
#                                                                            #
# To obtain such permission please contact: Silvaco Inc.                     #
#                                           support@silvaco.com              #
#                                                                            #
# KEY=SVC86hn7562asdx                       PROD=345                         #
##############################################################################
y 3 700 711 15
z 0 1e+41 300
f 3 "source" "drain" "gate" 
p 9 2 601 20 3 602 21 4 603 22 
d 0.000000000e+00 0.000000000e+00 2.116690492e-15 -6.000000000e-01 -6.000000000e-01 -2.116688085e-15 0.000000000e+00 0.000000000e+00 0.000000000e+00 
d 0.000000000e+00 0.000000000e+00 5.003688954e-17 -6.000000000e-01 -6.000000000e-01 -5.003752073e-17 1.000000000e-01 1.000000000e-01 0.000000000e+00 
d 0.000000000e+00 0.000000000e+00 7.279047355e-17 -6.000000000e-01 -6.000000000e-01 -7.279062040e-17 9.000000000e-02 9.000000000e-02 0.000000000e+00 
d 0.000000000e+00 0.000000000e+00 1.058845504e-16 -6.000000000e-01 -6.000000000e-01 -1.058854713e-16 8.000000000e-02 8.000000000e-02 0.000000000e+00 
d 0.000000000e+00 0.000000000e+00 1.540118336e-16 -6.000000000e-01 -6.000000000e-01 -1.540123710e-16 7.000000000e-02 7.000000000e-02 0.000000000e+00 
d 0.000000000e+00 0.000000000e+00 2.239960505e-16 -6.000000000e-01 -6.000000000e-01 -2.239978648e-16 6.000000000e-02 6.000000000e-02 0.000000000e+00 
d 0.000000000e+00 0.000000000e+00 3.257612925e-16 -6.000000000e-01 -6.000000000e-01 -3.257622839e-16 5.000000000e-02 5.000000000e-02 0.000000000e+00 
d 0.000000000e+00 0.000000000e+00 4.737223199e-16 -6.000000000e-01 -6.000000000e-01 -4.737228952e-16 4.000000000e-02 4.000000000e-02 0.000000000e+00 
d 0.000000000e+00 0.000000000e+00 6.888279646e-16 -6.000000000e-01 -6.000000000e-01 -6.888308521e-16 3.000000000e-02 3.000000000e-02 0.000000000e+00 
d 0.000000000e+00 0.000000000e+00 1.001534089e-15 -6.000000000e-01 -6.000000000e-01 -1.001533358e-15 2.000000000e-02 2.000000000e-02 0.000000000e+00 
d 0.000000000e+00 0.000000000e+00 1.456072404e-15 -6.000000000e-01 -6.000000000e-01 -1.456073226e-15 1.000000000e-02 1.000000000e-02 0.000000000e+00 
d 0.000000000e+00 0.000000000e+00 2.116716320e-15 -6.000000000e-01 -6.000000000e-01 -2.116717529e-15 -2.583138497e-17 -2.583138497e-17 0.000000000e+00 
d 0.000000000e+00 0.000000000e+00 3.076839900e-15 -6.000000000e-01 -6.000000000e-01 -3.076841094e-15 -1.000000000e-02 -1.000000000e-02 0.000000000e+00 
d 0.000000000e+00 0.000000000e+00 4.472063237e-15 -6.000000000e-01 -6.000000000e-01 -4.472063885e-15 -2.000000000e-02 -2.000000000e-02 0.000000000e+00 
d 0.000000000e+00 0.000000000e+00 6.499349325e-15 -6.000000000e-01 -6.000000000e-01 -6.499351381e-15 -3.000000000e-02 -3.000000000e-02 0.000000000e+00 
d 0.000000000e+00 0.000000000e+00 9.444772901e-15 -6.000000000e-01 -6.000000000e-01 -9.444774137e-15 -4.000000000e-02 -4.000000000e-02 0.000000000e+00 
d 0.000000000e+00 0.000000000e+00 1.372363334e-14 -6.000000000e-01 -6.000000000e-01 -1.372363524e-14 -5.000000000e-02 -5.000000000e-02 0.000000000e+00 
d 0.000000000e+00 0.000000000e+00 1.993900347e-14 -6.000000000e-01 -6.000000000e-01 -1.993900706e-14 -6.000000000e-02 -6.000000000e-02 0.000000000e+00 
d 0.000000000e+00 0.000000000e+00 2.896622597e-14 -6.000000000e-01 -6.000000000e-01 -2.896622926e-14 -7.000000000e-02 -7.000000000e-02 0.000000000e+00 
d 0.000000000e+00 0.000000000e+00 4.207594123e-14 -6.000000000e-01 -6.000000000e-01 -4.207594443e-14 -8.000000000e-02 -8.000000000e-02 0.000000000e+00 
d 0.000000000e+00 0.000000000e+00 6.111205647e-14 -6.000000000e-01 -6.000000000e-01 -6.111205987e-14 -9.000000000e-02 -9.000000000e-02 0.000000000e+00 
d 0.000000000e+00 0.000000000e+00 8.875031642e-14 -6.000000000e-01 -6.000000000e-01 -8.875032009e-14 -1.000000000e-01 -1.000000000e-01 0.000000000e+00 
d 0.000000000e+00 0.000000000e+00 1.288727437e-13 -6.000000000e-01 -6.000000000e-01 -1.288727472e-13 -1.100000000e-01 -1.100000000e-01 0.000000000e+00 
d 0.000000000e+00 0.000000000e+00 1.871102612e-13 -6.000000000e-01 -6.000000000e-01 -1.871102644e-13 -1.200000000e-01 -1.200000000e-01 0.000000000e+00 
d 0.000000000e+00 0.000000000e+00 2.716304309e-13 -6.000000000e-01 -6.000000000e-01 -2.716304337e-13 -1.300000000e-01 -1.300000000e-01 0.000000000e+00 
d 0.000000000e+00 0.000000000e+00 3.942773500e-13 -6.000000000e-01 -6.000000000e-01 -3.942773547e-13 -1.400000000e-01 -1.400000000e-01 0.000000000e+00 
d 0.000000000e+00 0.000000000e+00 5.722207350e-13 -6.000000000e-01 -6.000000000e-01 -5.722207402e-13 -1.500000000e-01 -1.500000000e-01 0.000000000e+00 
d 0.000000000e+00 0.000000000e+00 8.303518604e-13 -6.000000000e-01 -6.000000000e-01 -8.303518673e-13 -1.600000000e-01 -1.600000000e-01 0.000000000e+00 
d 0.000000000e+00 0.000000000e+00 1.204743873e-12 -6.000000000e-01 -6.000000000e-01 -1.204743879e-12 -1.700000000e-01 -1.700000000e-01 0.000000000e+00 
d 0.000000000e+00 0.000000000e+00 1.747664702e-12 -6.000000000e-01 -6.000000000e-01 -1.747664707e-12 -1.800000000e-01 -1.800000000e-01 0.000000000e+00 
d 0.000000000e+00 0.000000000e+00 2.534830780e-12 -6.000000000e-01 -6.000000000e-01 -2.534830787e-12 -1.900000000e-01 -1.900000000e-01 0.000000000e+00 
d 0.000000000e+00 0.000000000e+00 3.675894720e-12 -6.000000000e-01 -6.000000000e-01 -3.675894726e-12 -2.000000000e-01 -2.000000000e-01 0.000000000e+00 
d 0.000000000e+00 0.000000000e+00 5.329623915e-12 -6.000000000e-01 -6.000000000e-01 -5.329623920e-12 -2.100000000e-01 -2.100000000e-01 0.000000000e+00 
d 0.000000000e+00 0.000000000e+00 7.725829770e-12 -6.000000000e-01 -6.000000000e-01 -7.725829775e-12 -2.200000000e-01 -2.200000000e-01 0.000000000e+00 
d 0.000000000e+00 0.000000000e+00 1.119701844e-11 -6.000000000e-01 -6.000000000e-01 -1.119701844e-11 -2.300000000e-01 -2.300000000e-01 0.000000000e+00 
d 0.000000000e+00 0.000000000e+00 1.622420571e-11 -6.000000000e-01 -6.000000000e-01 -1.622420572e-11 -2.400000000e-01 -2.400000000e-01 0.000000000e+00 
d 0.000000000e+00 0.000000000e+00 2.350289663e-11 -6.000000000e-01 -6.000000000e-01 -2.350289663e-11 -2.500000000e-01 -2.500000000e-01 0.000000000e+00 
d 0.000000000e+00 0.000000000e+00 3.403829747e-11 -6.000000000e-01 -6.000000000e-01 -3.403829747e-11 -2.600000000e-01 -2.600000000e-01 0.000000000e+00 
d 0.000000000e+00 0.000000000e+00 4.928266788e-11 -6.000000000e-01 -6.000000000e-01 -4.928266788e-11 -2.700000000e-01 -2.700000000e-01 0.000000000e+00 
d 0.000000000e+00 0.000000000e+00 7.133293043e-11 -6.000000000e-01 -6.000000000e-01 -7.133293043e-11 -2.800000000e-01 -2.800000000e-01 0.000000000e+00 
d 0.000000000e+00 0.000000000e+00 1.032149590e-10 -6.000000000e-01 -6.000000000e-01 -1.032149590e-10 -2.900000000e-01 -2.900000000e-01 0.000000000e+00 
d 0.000000000e+00 0.000000000e+00 1.492918336e-10 -6.000000000e-01 -6.000000000e-01 -1.492918337e-10 -3.000000000e-01 -3.000000000e-01 0.000000000e+00 
d 0.000000000e+00 0.000000000e+00 2.158500975e-10 -6.000000000e-01 -6.000000000e-01 -2.158500975e-10 -3.100000000e-01 -3.100000000e-01 0.000000000e+00 
d 0.000000000e+00 0.000000000e+00 3.119385560e-10 -6.000000000e-01 -6.000000000e-01 -3.119385560e-10 -3.200000000e-01 -3.200000000e-01 0.000000000e+00 
d 0.000000000e+00 0.000000000e+00 4.505653615e-10 -6.000000000e-01 -6.000000000e-01 -4.505653615e-10 -3.300000000e-01 -3.300000000e-01 0.000000000e+00 
d 0.000000000e+00 0.000000000e+00 6.504040053e-10 -6.000000000e-01 -6.000000000e-01 -6.504040053e-10 -3.400000000e-01 -3.400000000e-01 0.000000000e+00 
d 0.000000000e+00 0.000000000e+00 9.382143651e-10 -6.000000000e-01 -6.000000000e-01 -9.382143651e-10 -3.500000000e-01 -3.500000000e-01 0.000000000e+00 
d 0.000000000e+00 0.000000000e+00 1.352250055e-09 -6.000000000e-01 -6.000000000e-01 -1.352250055e-09 -3.600000000e-01 -3.600000000e-01 0.000000000e+00 
d 0.000000000e+00 0.000000000e+00 1.947050876e-09 -6.000000000e-01 -6.000000000e-01 -1.947050876e-09 -3.700000000e-01 -3.700000000e-01 0.000000000e+00 
d 0.000000000e+00 0.000000000e+00 2.800074973e-09 -6.000000000e-01 -6.000000000e-01 -2.800074973e-09 -3.800000000e-01 -3.800000000e-01 0.000000000e+00 
d 0.000000000e+00 0.000000000e+00 4.020843829e-09 -6.000000000e-01 -6.000000000e-01 -4.020843829e-09 -3.900000000e-01 -3.900000000e-01 0.000000000e+00 
d 0.000000000e+00 0.000000000e+00 5.763259023e-09 -6.000000000e-01 -6.000000000e-01 -5.763259023e-09 -4.000000000e-01 -4.000000000e-01 0.000000000e+00 
d 0.000000000e+00 0.000000000e+00 8.241964505e-09 -6.000000000e-01 -6.000000000e-01 -8.241964505e-09 -4.100000000e-01 -4.100000000e-01 0.000000000e+00 
d 0.000000000e+00 0.000000000e+00 1.175333979e-08 -6.000000000e-01 -6.000000000e-01 -1.175333979e-08 -4.200000000e-01 -4.200000000e-01 0.000000000e+00 
d 0.000000000e+00 0.000000000e+00 1.670146779e-08 -6.000000000e-01 -6.000000000e-01 -1.670146779e-08 -4.300000000e-01 -4.300000000e-01 0.000000000e+00 
d 0.000000000e+00 0.000000000e+00 2.362735667e-08 -6.000000000e-01 -6.000000000e-01 -2.362735667e-08 -4.400000000e-01 -4.400000000e-01 0.000000000e+00 
d 0.000000000e+00 0.000000000e+00 3.324577010e-08 -6.000000000e-01 -6.000000000e-01 -3.324577010e-08 -4.500000000e-01 -4.500000000e-01 0.000000000e+00 
d 0.000000000e+00 0.000000000e+00 4.647002139e-08 -6.000000000e-01 -6.000000000e-01 -4.647002139e-08 -4.600000000e-01 -4.600000000e-01 0.000000000e+00 
d 0.000000000e+00 0.000000000e+00 6.443654163e-08 -6.000000000e-01 -6.000000000e-01 -6.443654163e-08 -4.700000000e-01 -4.700000000e-01 0.000000000e+00 
d 0.000000000e+00 0.000000000e+00 8.850701038e-08 -6.000000000e-01 -6.000000000e-01 -8.850701038e-08 -4.800000000e-01 -4.800000000e-01 0.000000000e+00 
d 0.000000000e+00 0.000000000e+00 1.202426318e-07 -6.000000000e-01 -6.000000000e-01 -1.202426318e-07 -4.900000000e-01 -4.900000000e-01 0.000000000e+00 
d 0.000000000e+00 0.000000000e+00 1.613446870e-07 -6.000000000e-01 -6.000000000e-01 -1.613446870e-07 -5.000000000e-01 -5.000000000e-01 0.000000000e+00 
d 0.000000000e+00 0.000000000e+00 2.135619087e-07 -6.000000000e-01 -6.000000000e-01 -2.135619087e-07 -5.100000000e-01 -5.100000000e-01 0.000000000e+00 
d 0.000000000e+00 0.000000000e+00 2.785743051e-07 -6.000000000e-01 -6.000000000e-01 -2.785743051e-07 -5.200000000e-01 -5.200000000e-01 0.000000000e+00 
d 0.000000000e+00 0.000000000e+00 3.578734994e-07 -6.000000000e-01 -6.000000000e-01 -3.578734994e-07 -5.300000000e-01 -5.300000000e-01 0.000000000e+00 
d 0.000000000e+00 0.000000000e+00 4.526581599e-07 -6.000000000e-01 -6.000000000e-01 -4.526581599e-07 -5.400000000e-01 -5.400000000e-01 0.000000000e+00 
d 0.000000000e+00 0.000000000e+00 5.637629852e-07 -6.000000000e-01 -6.000000000e-01 -5.637629852e-07 -5.500000000e-01 -5.500000000e-01 0.000000000e+00 
d 0.000000000e+00 0.000000000e+00 6.916283474e-07 -6.000000000e-01 -6.000000000e-01 -6.916283474e-07 -5.600000000e-01 -5.600000000e-01 0.000000000e+00 
d 0.000000000e+00 0.000000000e+00 8.363097525e-07 -6.000000000e-01 -6.000000000e-01 -8.363097525e-07 -5.700000000e-01 -5.700000000e-01 0.000000000e+00 
d 0.000000000e+00 0.000000000e+00 9.975202875e-07 -6.000000000e-01 -6.000000000e-01 -9.975202875e-07 -5.800000000e-01 -5.800000000e-01 0.000000000e+00 
d 0.000000000e+00 0.000000000e+00 1.174700492e-06 -6.000000000e-01 -6.000000000e-01 -1.174700492e-06 -5.900000000e-01 -5.900000000e-01 0.000000000e+00 
d 0.000000000e+00 0.000000000e+00 1.367098259e-06 -6.000000000e-01 -6.000000000e-01 -1.367098259e-06 -6.000000000e-01 -6.000000000e-01 0.000000000e+00 
d 0.000000000e+00 0.000000000e+00 1.573857492e-06 -6.000000000e-01 -6.000000000e-01 -1.573857492e-06 -6.100000000e-01 -6.100000000e-01 0.000000000e+00 
d 0.000000000e+00 0.000000000e+00 1.794106789e-06 -6.000000000e-01 -6.000000000e-01 -1.794106789e-06 -6.200000000e-01 -6.200000000e-01 0.000000000e+00 
d 0.000000000e+00 0.000000000e+00 2.027040198e-06 -6.000000000e-01 -6.000000000e-01 -2.027040198e-06 -6.300000000e-01 -6.300000000e-01 0.000000000e+00 
d 0.000000000e+00 0.000000000e+00 2.272002744e-06 -6.000000000e-01 -6.000000000e-01 -2.272002744e-06 -6.400000000e-01 -6.400000000e-01 0.000000000e+00 
d 0.000000000e+00 0.000000000e+00 2.528556713e-06 -6.000000000e-01 -6.000000000e-01 -2.528556713e-06 -6.500000000e-01 -6.500000000e-01 0.000000000e+00 
d 0.000000000e+00 0.000000000e+00 2.796410983e-06 -6.000000000e-01 -6.000000000e-01 -2.796410983e-06 -6.600000000e-01 -6.600000000e-01 0.000000000e+00 
d 0.000000000e+00 0.000000000e+00 3.075749597e-06 -6.000000000e-01 -6.000000000e-01 -3.075749597e-06 -6.700000000e-01 -6.700000000e-01 0.000000000e+00 
d 0.000000000e+00 0.000000000e+00 3.366969739e-06 -6.000000000e-01 -6.000000000e-01 -3.366969739e-06 -6.800000000e-01 -6.800000000e-01 0.000000000e+00 
d 0.000000000e+00 0.000000000e+00 3.670720042e-06 -6.000000000e-01 -6.000000000e-01 -3.670720042e-06 -6.900000000e-01 -6.900000000e-01 0.000000000e+00 
d 0.000000000e+00 0.000000000e+00 3.987916337e-06 -6.000000000e-01 -6.000000000e-01 -3.987916337e-06 -7.000000000e-01 -7.000000000e-01 0.000000000e+00 
d 0.000000000e+00 0.000000000e+00 4.319059065e-06 -6.000000000e-01 -6.000000000e-01 -4.319059065e-06 -7.100000000e-01 -7.100000000e-01 0.000000000e+00 
d 0.000000000e+00 0.000000000e+00 4.666389674e-06 -6.000000000e-01 -6.000000000e-01 -4.666389674e-06 -7.200000000e-01 -7.200000000e-01 0.000000000e+00 
d 0.000000000e+00 0.000000000e+00 5.030723286e-06 -6.000000000e-01 -6.000000000e-01 -5.030723286e-06 -7.300000000e-01 -7.300000000e-01 0.000000000e+00 
d 0.000000000e+00 0.000000000e+00 5.413320235e-06 -6.000000000e-01 -6.000000000e-01 -5.413320235e-06 -7.400000000e-01 -7.400000000e-01 0.000000000e+00 
d 0.000000000e+00 0.000000000e+00 5.815321043e-06 -6.000000000e-01 -6.000000000e-01 -5.815321043e-06 -7.500000000e-01 -7.500000000e-01 0.000000000e+00 
d 0.000000000e+00 0.000000000e+00 6.237740620e-06 -6.000000000e-01 -6.000000000e-01 -6.237740620e-06 -7.600000000e-01 -7.600000000e-01 0.000000000e+00 
d 0.000000000e+00 0.000000000e+00 6.681440640e-06 -6.000000000e-01 -6.000000000e-01 -6.681440640e-06 -7.700000000e-01 -7.700000000e-01 0.000000000e+00 
d 0.000000000e+00 0.000000000e+00 7.147112372e-06 -6.000000000e-01 -6.000000000e-01 -7.147112372e-06 -7.800000000e-01 -7.800000000e-01 0.000000000e+00 
d 0.000000000e+00 0.000000000e+00 7.635283256e-06 -6.000000000e-01 -6.000000000e-01 -7.635283256e-06 -7.900000000e-01 -7.900000000e-01 0.000000000e+00 
d 0.000000000e+00 0.000000000e+00 8.146318443e-06 -6.000000000e-01 -6.000000000e-01 -8.146318443e-06 -8.000000000e-01 -8.000000000e-01 0.000000000e+00 
